[2024-07-14T16:14:02.751-0300] {local_task_job_runner.py:120} INFO - ::group::Pre task execution logs
[2024-07-14T16:14:02.782-0300] {taskinstance.py:2076} INFO - Dependencies all met for dep_context=non-requeueable deps ti=<TaskInstance: backfill_dag.download_file scheduled__2024-07-10T00:00:00+00:00 [queued]>
[2024-07-14T16:14:02.790-0300] {taskinstance.py:2076} INFO - Dependencies all met for dep_context=requeueable deps ti=<TaskInstance: backfill_dag.download_file scheduled__2024-07-10T00:00:00+00:00 [queued]>
[2024-07-14T16:14:02.790-0300] {taskinstance.py:2306} INFO - Starting attempt 1 of 2
[2024-07-14T16:14:02.806-0300] {taskinstance.py:2330} INFO - Executing <Task(BashOperator): download_file> on 2024-07-10 00:00:00+00:00
[2024-07-14T16:14:02.811-0300] {standard_task_runner.py:63} INFO - Started process 87217 to run task
[2024-07-14T16:14:02.817-0300] {standard_task_runner.py:90} INFO - Running: ['airflow', 'tasks', 'run', 'backfill_dag', 'download_file', 'scheduled__2024-07-10T00:00:00+00:00', '--job-id', '19', '--raw', '--subdir', 'DAGS_FOLDER/5_backfill.py', '--cfg-path', '/var/folders/g0/jqvp4xxs5pn4cds1xb9339xm0000gn/T/tmpzq5m_enj']
[2024-07-14T16:14:02.822-0300] {standard_task_runner.py:91} INFO - Job 19: Subtask download_file
[2024-07-14T16:14:02.877-0300] {task_command.py:426} INFO - Running <TaskInstance: backfill_dag.download_file scheduled__2024-07-10T00:00:00+00:00 [running]> on host axels-personal-mac.local
[2024-07-14T16:14:02.959-0300] {taskinstance.py:2648} INFO - Exporting env vars: AIRFLOW_CTX_DAG_OWNER='airflow' AIRFLOW_CTX_DAG_ID='backfill_dag' AIRFLOW_CTX_TASK_ID='download_file' AIRFLOW_CTX_EXECUTION_DATE='2024-07-10T00:00:00+00:00' AIRFLOW_CTX_TRY_NUMBER='1' AIRFLOW_CTX_DAG_RUN_ID='scheduled__2024-07-10T00:00:00+00:00'
[2024-07-14T16:14:02.961-0300] {taskinstance.py:430} INFO - ::endgroup::
[2024-07-14T16:14:02.962-0300] {subprocess.py:63} INFO - Tmp dir root location: /var/folders/g0/jqvp4xxs5pn4cds1xb9339xm0000gn/T
[2024-07-14T16:14:02.963-0300] {subprocess.py:75} INFO - Running command: ['/bin/bash', '-c', 'mkdir -p ${AIRFLOW_HOME}/downloads && wget -O ${AIRFLOW_HOME}/downloads/yelp.csv https://www.dropbox.com/scl/fi/2k8im8ftu9yk8mnqhops9/yelp.csv?rlkey=52dzmxgys0su77wb6o75vb5ab&st=lmz21rpk&dl=0']
[2024-07-14T16:14:02.972-0300] {subprocess.py:86} INFO - Output:
[2024-07-14T16:14:02.996-0300] {subprocess.py:93} INFO - --2024-07-14 16:14:02--  https://www.dropbox.com/scl/fi/2k8im8ftu9yk8mnqhops9/yelp.csv?rlkey=52dzmxgys0su77wb6o75vb5ab
[2024-07-14T16:14:03.108-0300] {subprocess.py:93} INFO - Resolving www.dropbox.com (www.dropbox.com)... 2620:100:601d:18::a27d:512, 162.125.5.18
[2024-07-14T16:14:03.237-0300] {subprocess.py:93} INFO - Connecting to www.dropbox.com (www.dropbox.com)|2620:100:601d:18::a27d:512|:443... connected.
[2024-07-14T16:14:04.073-0300] {subprocess.py:93} INFO - HTTP request sent, awaiting response... 302 Found
[2024-07-14T16:14:04.074-0300] {subprocess.py:93} INFO - Location: https://uc337a2e65d7798a72c7c5f4a315.dl.dropboxusercontent.com/cd/0/inline/CWvBP_cjEawc6PKthxLMPH-imrXpJYVnEjTvr14Tk-GihtyIR04qG-leYPOgq9GsOpDSkyEoukDlOY3eAwg9mZlTYasismwJ3gWXQD8C5C8NL2TdCACEOA49TNBY1BiZwZNHYoa-qw80PhaoHeSDCNjF/file# [following]
[2024-07-14T16:14:04.075-0300] {subprocess.py:93} INFO - --2024-07-14 16:14:04--  https://uc337a2e65d7798a72c7c5f4a315.dl.dropboxusercontent.com/cd/0/inline/CWvBP_cjEawc6PKthxLMPH-imrXpJYVnEjTvr14Tk-GihtyIR04qG-leYPOgq9GsOpDSkyEoukDlOY3eAwg9mZlTYasismwJ3gWXQD8C5C8NL2TdCACEOA49TNBY1BiZwZNHYoa-qw80PhaoHeSDCNjF/file
[2024-07-14T16:14:04.217-0300] {subprocess.py:93} INFO - Resolving uc337a2e65d7798a72c7c5f4a315.dl.dropboxusercontent.com (uc337a2e65d7798a72c7c5f4a315.dl.dropboxusercontent.com)... 2620:100:601d:15::a27d:50f, 162.125.5.15
[2024-07-14T16:14:04.347-0300] {subprocess.py:93} INFO - Connecting to uc337a2e65d7798a72c7c5f4a315.dl.dropboxusercontent.com (uc337a2e65d7798a72c7c5f4a315.dl.dropboxusercontent.com)|2620:100:601d:15::a27d:50f|:443... connected.
[2024-07-14T16:14:05.201-0300] {subprocess.py:93} INFO - HTTP request sent, awaiting response... 200 OK
[2024-07-14T16:14:05.202-0300] {subprocess.py:93} INFO - Length: 8091185 (7.7M) [text/plain]
[2024-07-14T16:14:05.203-0300] {subprocess.py:93} INFO - Saving to: ‘/Users/axelsirota/repos/up_running_apache_airflow/downloads/yelp.csv’
[2024-07-14T16:14:05.203-0300] {subprocess.py:93} INFO - 
[2024-07-14T16:14:05.510-0300] {subprocess.py:93} INFO -      0K .......... .......... .......... .......... ..........  0%  162K 48s
[2024-07-14T16:14:05.637-0300] {subprocess.py:93} INFO -     50K .......... .......... .......... .......... ..........  1%  394K 34s
[2024-07-14T16:14:05.698-0300] {subprocess.py:93} INFO -    100K .......... .......... .......... .......... ..........  1%  817K 26s
[2024-07-14T16:14:05.760-0300] {subprocess.py:93} INFO -    150K .......... .......... .......... .......... ..........  2%  807K 21s
[2024-07-14T16:14:05.811-0300] {subprocess.py:93} INFO -    200K .......... .......... .......... .......... ..........  3%  972K 19s
[2024-07-14T16:14:05.853-0300] {subprocess.py:93} INFO -    250K .......... .......... .......... .......... ..........  3% 1.17M 17s
[2024-07-14T16:14:05.905-0300] {subprocess.py:93} INFO -    300K .......... .......... .......... .......... ..........  4%  965K 15s
[2024-07-14T16:14:05.933-0300] {subprocess.py:93} INFO -    350K .......... .......... .......... .......... ..........  5% 2.42M 14s
[2024-07-14T16:14:05.955-0300] {subprocess.py:93} INFO -    400K .......... .......... .......... .......... ..........  5% 1.65M 12s
[2024-07-14T16:14:05.976-0300] {subprocess.py:93} INFO -    450K .......... .......... .......... .......... ..........  6% 2.30M 11s
[2024-07-14T16:14:05.989-0300] {subprocess.py:93} INFO -    500K .......... .......... .......... .......... ..........  6% 3.59M 11s
[2024-07-14T16:14:06.004-0300] {subprocess.py:93} INFO -    550K .......... .......... .......... .......... ..........  7% 3.24M 10s
[2024-07-14T16:14:06.027-0300] {subprocess.py:93} INFO -    600K .......... .......... .......... .......... ..........  8% 2.13M 9s
[2024-07-14T16:14:06.054-0300] {subprocess.py:93} INFO -    650K .......... .......... .......... .......... ..........  8% 1.80M 9s
[2024-07-14T16:14:06.064-0300] {subprocess.py:93} INFO -    700K .......... .......... .......... .......... ..........  9% 4.96M 8s
[2024-07-14T16:14:06.088-0300] {subprocess.py:93} INFO -    750K .......... .......... .......... .......... .......... 10% 3.76M 8s
[2024-07-14T16:14:06.100-0300] {subprocess.py:93} INFO -    800K .......... .......... .......... .......... .......... 10% 2.11M 7s
[2024-07-14T16:14:06.110-0300] {subprocess.py:93} INFO -    850K .......... .......... .......... .......... .......... 11% 5.39M 7s
[2024-07-14T16:14:06.129-0300] {subprocess.py:93} INFO -    900K .......... .......... .......... .......... .......... 12% 2.46M 7s
[2024-07-14T16:14:06.142-0300] {subprocess.py:93} INFO -    950K .......... .......... .......... .......... .......... 12% 3.77M 6s
[2024-07-14T16:14:06.160-0300] {subprocess.py:93} INFO -   1000K .......... .......... .......... .......... .......... 13% 2.82M 6s
[2024-07-14T16:14:06.181-0300] {subprocess.py:93} INFO -   1050K .......... .......... .......... .......... .......... 13% 2.24M 6s
[2024-07-14T16:14:06.194-0300] {subprocess.py:93} INFO -   1100K .......... .......... .......... .......... .......... 14% 3.79M 6s
[2024-07-14T16:14:06.204-0300] {subprocess.py:93} INFO -   1150K .......... .......... .......... .......... .......... 15% 32.9M 6s
[2024-07-14T16:14:06.205-0300] {subprocess.py:93} INFO -   1200K .......... .......... .......... .......... .......... 15% 5.03M 5s
[2024-07-14T16:14:06.214-0300] {subprocess.py:93} INFO -   1250K .......... .......... .......... .......... .......... 16% 5.62M 5s
[2024-07-14T16:14:06.215-0300] {subprocess.py:93} INFO -   1300K .......... .......... .......... .......... .......... 17% 95.2M 5s
[2024-07-14T16:14:06.222-0300] {subprocess.py:93} INFO -   1350K .......... .......... .......... .......... .......... 17% 6.85M 5s
[2024-07-14T16:14:06.233-0300] {subprocess.py:93} INFO -   1400K .......... .......... .......... .......... .......... 18% 4.27M 5s
[2024-07-14T16:14:06.244-0300] {subprocess.py:93} INFO -   1450K .......... .......... .......... .......... .......... 18% 4.63M 4s
[2024-07-14T16:14:06.244-0300] {subprocess.py:93} INFO -   1500K .......... .......... .......... .......... .......... 19%  270M 4s
[2024-07-14T16:14:06.255-0300] {subprocess.py:93} INFO -   1550K .......... .......... .......... .......... .......... 20% 4.55M 4s
[2024-07-14T16:14:06.265-0300] {subprocess.py:93} INFO -   1600K .......... .......... .......... .......... .......... 20% 4.93M 4s
[2024-07-14T16:14:06.265-0300] {subprocess.py:93} INFO -   1650K .......... .......... .......... .......... .......... 21% 56.1M 4s
[2024-07-14T16:14:06.276-0300] {subprocess.py:93} INFO -   1700K .......... .......... .......... .......... .......... 22% 4.70M 4s
[2024-07-14T16:14:06.286-0300] {subprocess.py:93} INFO -   1750K .......... .......... .......... .......... .......... 22% 4.72M 4s
[2024-07-14T16:14:06.287-0300] {subprocess.py:93} INFO -   1800K .......... .......... .......... .......... .......... 23%  164M 4s
[2024-07-14T16:14:06.297-0300] {subprocess.py:93} INFO -   1850K .......... .......... .......... .......... .......... 24% 4.49M 3s
[2024-07-14T16:14:06.304-0300] {subprocess.py:93} INFO -   1900K .......... .......... .......... .......... .......... 24% 6.92M 3s
[2024-07-14T16:14:06.305-0300] {subprocess.py:93} INFO -   1950K .......... .......... .......... .......... .......... 25% 48.4M 3s
[2024-07-14T16:14:06.316-0300] {subprocess.py:93} INFO -   2000K .......... .......... .......... .......... .......... 25% 4.61M 3s
[2024-07-14T16:14:06.326-0300] {subprocess.py:93} INFO -   2050K .......... .......... .......... .......... .......... 26% 4.67M 3s
[2024-07-14T16:14:06.327-0300] {subprocess.py:93} INFO -   2100K .......... .......... .......... .......... .......... 27%  228M 3s
[2024-07-14T16:14:06.337-0300] {subprocess.py:93} INFO -   2150K .......... .......... .......... .......... .......... 27% 4.69M 3s
[2024-07-14T16:14:06.347-0300] {subprocess.py:93} INFO -   2200K .......... .......... .......... .......... .......... 28% 4.95M 3s
[2024-07-14T16:14:06.348-0300] {subprocess.py:93} INFO -   2250K .......... .......... .......... .......... .......... 29% 68.0M 3s
[2024-07-14T16:14:06.359-0300] {subprocess.py:93} INFO -   2300K .......... .......... .......... .......... .......... 29% 4.46M 3s
[2024-07-14T16:14:06.366-0300] {subprocess.py:93} INFO -   2350K .......... .......... .......... .......... .......... 30%  238M 3s
[2024-07-14T16:14:06.367-0300] {subprocess.py:93} INFO -   2400K .......... .......... .......... .......... .......... 31% 6.37M 3s
[2024-07-14T16:14:06.378-0300] {subprocess.py:93} INFO -   2450K .......... .......... .......... .......... .......... 31% 4.27M 3s
[2024-07-14T16:14:06.389-0300] {subprocess.py:93} INFO -   2500K .......... .......... .......... .......... .......... 32% 4.48M 2s
[2024-07-14T16:14:06.389-0300] {subprocess.py:93} INFO -   2550K .......... .......... .......... .......... .......... 32%  234M 2s
[2024-07-14T16:14:06.400-0300] {subprocess.py:93} INFO -   2600K .......... .......... .......... .......... .......... 33% 4.53M 2s
[2024-07-14T16:14:06.400-0300] {subprocess.py:93} INFO -   2650K .......... .......... .......... .......... .......... 34% 90.9M 2s
[2024-07-14T16:14:06.431-0300] {subprocess.py:93} INFO -   2700K .......... .......... .......... .......... .......... 34% 1.61M 2s
[2024-07-14T16:14:06.438-0300] {subprocess.py:93} INFO -   2750K .......... .......... .......... .......... .......... 35% 7.13M 2s
[2024-07-14T16:14:06.439-0300] {subprocess.py:93} INFO -   2800K .......... .......... .......... .......... .......... 36% 53.8M 2s
[2024-07-14T16:14:06.448-0300] {subprocess.py:93} INFO -   2850K .......... .......... .......... .......... .......... 36% 4.84M 2s
[2024-07-14T16:14:06.459-0300] {subprocess.py:93} INFO -   2900K .......... .......... .......... .......... .......... 37% 4.49M 2s
[2024-07-14T16:14:06.460-0300] {subprocess.py:93} INFO -   2950K .......... .......... .......... .......... .......... 37%  248M 2s
[2024-07-14T16:14:06.470-0300] {subprocess.py:93} INFO -   3000K .......... .......... .......... .......... .......... 38% 4.64M 2s
[2024-07-14T16:14:06.480-0300] {subprocess.py:93} INFO -   3050K .......... .......... .......... .......... .......... 39% 4.82M 2s
[2024-07-14T16:14:06.481-0300] {subprocess.py:93} INFO -   3100K .......... .......... .......... .......... .......... 39% 50.0M 2s
[2024-07-14T16:14:06.491-0300] {subprocess.py:93} INFO -   3150K .......... .......... .......... .......... .......... 40% 4.77M 2s
[2024-07-14T16:14:06.502-0300] {subprocess.py:93} INFO -   3200K .......... .......... .......... .......... .......... 41% 4.59M 2s
[2024-07-14T16:14:06.503-0300] {subprocess.py:93} INFO -   3250K .......... .......... .......... .......... .......... 41%  301M 2s
[2024-07-14T16:14:06.510-0300] {subprocess.py:93} INFO -   3300K .......... .......... .......... .......... .......... 42% 6.18M 2s
[2024-07-14T16:14:06.521-0300] {subprocess.py:93} INFO -   3350K .......... .......... .......... .......... .......... 43% 4.56M 2s
[2024-07-14T16:14:06.522-0300] {subprocess.py:93} INFO -   3400K .......... .......... .......... .......... .......... 43% 61.1M 2s
[2024-07-14T16:14:06.532-0300] {subprocess.py:93} INFO -   3450K .......... .......... .......... .......... .......... 44% 4.92M 2s
[2024-07-14T16:14:06.541-0300] {subprocess.py:93} INFO -   3500K .......... .......... .......... .......... .......... 44% 5.01M 2s
[2024-07-14T16:14:06.543-0300] {subprocess.py:93} INFO -   3550K .......... .......... .......... .......... .......... 45% 41.0M 2s
[2024-07-14T16:14:06.553-0300] {subprocess.py:93} INFO -   3600K .......... .......... .......... .......... .......... 46% 4.70M 2s
[2024-07-14T16:14:06.564-0300] {subprocess.py:93} INFO -   3650K .......... .......... .......... .......... .......... 46% 4.60M 2s
[2024-07-14T16:14:06.564-0300] {subprocess.py:93} INFO -   3700K .......... .......... .......... .......... .......... 47%  132M 2s
[2024-07-14T16:14:06.574-0300] {subprocess.py:93} INFO -   3750K .......... .......... .......... .......... .......... 48% 4.68M 1s
[2024-07-14T16:14:06.581-0300] {subprocess.py:93} INFO -   3800K .......... .......... .......... .......... .......... 48% 7.24M 1s
[2024-07-14T16:14:06.582-0300] {subprocess.py:93} INFO -   3850K .......... .......... .......... .......... .......... 49% 36.6M 1s
[2024-07-14T16:14:06.593-0300] {subprocess.py:93} INFO -   3900K .......... .......... .......... .......... .......... 49% 4.46M 1s
[2024-07-14T16:14:06.604-0300] {subprocess.py:93} INFO -   3950K .......... .......... .......... .......... .......... 50% 56.3M 1s
[2024-07-14T16:14:06.604-0300] {subprocess.py:93} INFO -   4000K .......... .......... .......... .......... .......... 51% 4.89M 1s
[2024-07-14T16:14:06.614-0300] {subprocess.py:93} INFO -   4050K .......... .......... .......... .......... .......... 51% 5.07M 1s
[2024-07-14T16:14:06.624-0300] {subprocess.py:93} INFO -   4100K .......... .......... .......... .......... .......... 52% 4.61M 1s
[2024-07-14T16:14:06.625-0300] {subprocess.py:93} INFO -   4150K .......... .......... .......... .......... .......... 53%  198M 1s
[2024-07-14T16:14:06.635-0300] {subprocess.py:93} INFO -   4200K .......... .......... .......... .......... .......... 53% 4.50M 1s
[2024-07-14T16:14:06.636-0300] {subprocess.py:93} INFO -   4250K .......... .......... .......... .......... .......... 54%  191M 1s
[2024-07-14T16:14:06.646-0300] {subprocess.py:93} INFO -   4300K .......... .......... .......... .......... .......... 55% 4.75M 1s
[2024-07-14T16:14:06.654-0300] {subprocess.py:93} INFO -   4350K .......... .......... .......... .......... .......... 55% 6.18M 1s
[2024-07-14T16:14:06.659-0300] {subprocess.py:93} INFO -   4400K .......... .......... .......... .......... .......... 56% 9.33M 1s
[2024-07-14T16:14:06.660-0300] {subprocess.py:93} INFO -   4450K .......... .......... .......... .......... .......... 56% 47.8M 1s
[2024-07-14T16:14:06.665-0300] {subprocess.py:93} INFO -   4500K .......... .......... .......... .......... .......... 57% 11.1M 1s
[2024-07-14T16:14:06.665-0300] {subprocess.py:93} INFO -   4550K .......... .......... .......... .......... .......... 58% 92.3M 1s
[2024-07-14T16:14:06.670-0300] {subprocess.py:93} INFO -   4600K .......... .......... .......... .......... .......... 58% 9.34M 1s
[2024-07-14T16:14:06.675-0300] {subprocess.py:93} INFO -   4650K .......... .......... .......... .......... .......... 59% 10.2M 1s
[2024-07-14T16:14:06.676-0300] {subprocess.py:93} INFO -   4700K .......... .......... .......... .......... .......... 60%  245M 1s
[2024-07-14T16:14:06.687-0300] {subprocess.py:93} INFO -   4750K .......... .......... .......... .......... .......... 60% 4.68M 1s
[2024-07-14T16:14:06.697-0300] {subprocess.py:93} INFO -   4800K .......... .......... .......... .......... .......... 61% 4.42M 1s
[2024-07-14T16:14:06.698-0300] {subprocess.py:93} INFO -   4850K .......... .......... .......... .......... .......... 62% 37.6M 1s
[2024-07-14T16:14:06.714-0300] {subprocess.py:93} INFO -   4900K .......... .......... .......... .......... .......... 62% 3.16M 1s
[2024-07-14T16:14:06.714-0300] {subprocess.py:93} INFO -   4950K .......... .......... .......... .......... .......... 63% 59.5M 1s
[2024-07-14T16:14:06.715-0300] {subprocess.py:93} INFO -   5000K .......... .......... .......... .......... .......... 63%  286M 1s
[2024-07-14T16:14:06.724-0300] {subprocess.py:93} INFO -   5050K .......... .......... .......... .......... .......... 64% 5.14M 1s
[2024-07-14T16:14:06.736-0300] {subprocess.py:93} INFO -   5100K .......... .......... .......... .......... .......... 65% 3.94M 1s
[2024-07-14T16:14:06.737-0300] {subprocess.py:93} INFO -   5150K .......... .......... .......... .......... .......... 65% 58.7M 1s
[2024-07-14T16:14:06.738-0300] {subprocess.py:93} INFO -   5200K .......... .......... .......... .......... .......... 66% 58.5M 1s
[2024-07-14T16:14:06.739-0300] {subprocess.py:93} INFO -   5250K .......... .......... .......... .......... .......... 67% 42.1M 1s
[2024-07-14T16:14:06.740-0300] {subprocess.py:93} INFO -   5300K .......... .......... .......... .......... .......... 67%  289M 1s
[2024-07-14T16:14:06.742-0300] {subprocess.py:93} INFO -   5350K .......... .......... .......... .......... .......... 68% 18.6M 1s
[2024-07-14T16:14:06.743-0300] {subprocess.py:93} INFO -   5400K .......... .......... .......... .......... .......... 68%  254M 1s
[2024-07-14T16:14:06.747-0300] {subprocess.py:93} INFO -   5450K .......... .......... .......... .......... .......... 69% 9.35M 1s
[2024-07-14T16:14:06.752-0300] {subprocess.py:93} INFO -   5500K .......... .......... .......... .......... .......... 70% 9.83M 1s
[2024-07-14T16:14:06.758-0300] {subprocess.py:93} INFO -   5550K .......... .......... .......... .......... .......... 70% 69.6M 1s
[2024-07-14T16:14:06.758-0300] {subprocess.py:93} INFO -   5600K .......... .......... .......... .......... .......... 71% 9.98M 1s
[2024-07-14T16:14:06.763-0300] {subprocess.py:93} INFO -   5650K .......... .......... .......... .......... .......... 72% 8.92M 1s
[2024-07-14T16:14:06.764-0300] {subprocess.py:93} INFO -   5700K .......... .......... .......... .......... .......... 72%  211M 1s
[2024-07-14T16:14:06.768-0300] {subprocess.py:93} INFO -   5750K .......... .......... .......... .......... .......... 73% 11.1M 1s
[2024-07-14T16:14:06.779-0300] {subprocess.py:93} INFO -   5800K .......... .......... .......... .......... .......... 74% 4.44M 1s
[2024-07-14T16:14:06.780-0300] {subprocess.py:93} INFO -   5850K .......... .......... .......... .......... .......... 74%  223M 1s
[2024-07-14T16:14:06.785-0300] {subprocess.py:93} INFO -   5900K .......... .......... .......... .......... .......... 75% 8.78M 1s
[2024-07-14T16:14:06.798-0300] {subprocess.py:93} INFO -   5950K .......... .......... .......... .......... .......... 75% 4.09M 1s
[2024-07-14T16:14:06.799-0300] {subprocess.py:93} INFO -   6000K .......... .......... .......... .......... .......... 76% 20.8M 0s
[2024-07-14T16:14:06.800-0300] {subprocess.py:93} INFO -   6050K .......... .......... .......... .......... .......... 77%  277M 0s
[2024-07-14T16:14:06.803-0300] {subprocess.py:93} INFO -   6100K .......... .......... .......... .......... .......... 77% 15.3M 0s
[2024-07-14T16:14:06.804-0300] {subprocess.py:93} INFO -   6150K .......... .......... .......... .......... .......... 78% 37.0M 0s
[2024-07-14T16:14:06.809-0300] {subprocess.py:93} INFO -   6200K .......... .......... .......... .......... .......... 79% 10.4M 0s
[2024-07-14T16:14:06.809-0300] {subprocess.py:93} INFO -   6250K .......... .......... .......... .......... .......... 79% 78.8M 0s
[2024-07-14T16:14:06.814-0300] {subprocess.py:93} INFO -   6300K .......... .......... .......... .......... .......... 80% 9.83M 0s
[2024-07-14T16:14:06.820-0300] {subprocess.py:93} INFO -   6350K .......... .......... .......... .......... .......... 80% 8.79M 0s
[2024-07-14T16:14:06.821-0300] {subprocess.py:93} INFO -   6400K .......... .......... .......... .......... .......... 81% 37.1M 0s
[2024-07-14T16:14:06.826-0300] {subprocess.py:93} INFO -   6450K .......... .......... .......... .......... .......... 82% 10.5M 0s
[2024-07-14T16:14:06.831-0300] {subprocess.py:93} INFO -   6500K .......... .......... .......... .......... .......... 82% 9.86M 0s
[2024-07-14T16:14:06.831-0300] {subprocess.py:93} INFO -   6550K .......... .......... .......... .......... .......... 83%  184M 0s
[2024-07-14T16:14:06.836-0300] {subprocess.py:93} INFO -   6600K .......... .......... .......... .......... .......... 84% 9.85M 0s
[2024-07-14T16:14:06.839-0300] {subprocess.py:93} INFO -   6650K .......... .......... .......... .......... .......... 84% 13.3M 0s
[2024-07-14T16:14:06.841-0300] {subprocess.py:93} INFO -   6700K .......... .......... .......... .......... .......... 85% 31.4M 0s
[2024-07-14T16:14:06.846-0300] {subprocess.py:93} INFO -   6750K .......... .......... .......... .......... .......... 86% 9.68M 0s
[2024-07-14T16:14:06.850-0300] {subprocess.py:93} INFO -   6800K .......... .......... .......... .......... .......... 86% 12.1M 0s
[2024-07-14T16:14:06.851-0300] {subprocess.py:93} INFO -   6850K .......... .......... .......... .......... .......... 87% 38.8M 0s
[2024-07-14T16:14:06.857-0300] {subprocess.py:93} INFO -   6900K .......... .......... .......... .......... .......... 87% 9.47M 0s
[2024-07-14T16:14:06.862-0300] {subprocess.py:93} INFO -   6950K .......... .......... .......... .......... .......... 88% 9.79M 0s
[2024-07-14T16:14:06.863-0300] {subprocess.py:93} INFO -   7000K .......... .......... .......... .......... .......... 89% 31.9M 0s
[2024-07-14T16:14:06.870-0300] {subprocess.py:93} INFO -   7050K .......... .......... .......... .......... .......... 89% 7.18M 0s
[2024-07-14T16:14:06.873-0300] {subprocess.py:93} INFO -   7100K .......... .......... .......... .......... .......... 90% 18.5M 0s
[2024-07-14T16:14:06.874-0300] {subprocess.py:93} INFO -   7150K .......... .......... .......... .......... .......... 91% 83.5M 0s
[2024-07-14T16:14:06.874-0300] {subprocess.py:93} INFO -   7200K .......... .......... .......... .......... .......... 91% 42.5M 0s
[2024-07-14T16:14:06.875-0300] {subprocess.py:93} INFO -   7250K .......... .......... .......... .......... .......... 92%  236M 0s
[2024-07-14T16:14:06.880-0300] {subprocess.py:93} INFO -   7300K .......... .......... .......... .......... .......... 93% 8.35M 0s
[2024-07-14T16:14:06.882-0300] {subprocess.py:93} INFO -   7350K .......... .......... .......... .......... .......... 93% 26.5M 0s
[2024-07-14T16:14:06.883-0300] {subprocess.py:93} INFO -   7400K .......... .......... .......... .......... .......... 94%  265M 0s
[2024-07-14T16:14:06.884-0300] {subprocess.py:93} INFO -   7450K .......... .......... .......... .......... .......... 94% 25.3M 0s
[2024-07-14T16:14:06.885-0300] {subprocess.py:93} INFO -   7500K .......... .......... .......... .......... .......... 95% 74.5M 0s
[2024-07-14T16:14:06.891-0300] {subprocess.py:93} INFO -   7550K .......... .......... .......... .......... .......... 96%  109M 0s
[2024-07-14T16:14:06.892-0300] {subprocess.py:93} INFO -   7600K .......... .......... .......... .......... .......... 96% 7.74M 0s
[2024-07-14T16:14:06.894-0300] {subprocess.py:93} INFO -   7650K .......... .......... .......... .......... .......... 97% 17.7M 0s
[2024-07-14T16:14:06.895-0300] {subprocess.py:93} INFO -   7700K .......... .......... .......... .......... .......... 98%  101M 0s
[2024-07-14T16:14:06.896-0300] {subprocess.py:93} INFO -   7750K .......... .......... .......... .......... .......... 98% 82.6M 0s
[2024-07-14T16:14:06.896-0300] {subprocess.py:93} INFO -   7800K .......... .......... .......... .......... .......... 99% 93.7M 0s
[2024-07-14T16:14:06.901-0300] {subprocess.py:93} INFO -   7850K .......... .......... .......... .......... .......... 99% 9.62M 0s
[2024-07-14T16:14:06.902-0300] {subprocess.py:93} INFO -   7900K .                                                     100% 31.0K=1.7s
[2024-07-14T16:14:06.902-0300] {subprocess.py:93} INFO - 
[2024-07-14T16:14:06.903-0300] {subprocess.py:93} INFO - 2024-07-14 16:14:06 (4.54 MB/s) - ‘/Users/axelsirota/repos/up_running_apache_airflow/downloads/yelp.csv’ saved [8091185/8091185]
[2024-07-14T16:14:06.903-0300] {subprocess.py:93} INFO - 
[2024-07-14T16:14:06.907-0300] {subprocess.py:97} INFO - Command exited with return code 0
[2024-07-14T16:14:06.908-0300] {taskinstance.py:441} INFO - ::group::Post task execution logs
[2024-07-14T16:14:06.932-0300] {taskinstance.py:1206} INFO - Marking task as SUCCESS. dag_id=backfill_dag, task_id=download_file, run_id=scheduled__2024-07-10T00:00:00+00:00, execution_date=20240710T000000, start_date=20240714T191402, end_date=20240714T191406
[2024-07-14T16:14:06.991-0300] {local_task_job_runner.py:240} INFO - Task exited with return code 0
[2024-07-14T16:14:07.020-0300] {taskinstance.py:3503} INFO - 1 downstream tasks scheduled from follow-on schedule check
[2024-07-14T16:14:07.022-0300] {local_task_job_runner.py:222} INFO - ::endgroup::
