[2024-07-14T16:14:31.422-0300] {local_task_job_runner.py:120} INFO - ::group::Pre task execution logs
[2024-07-14T16:14:31.461-0300] {taskinstance.py:2076} INFO - Dependencies all met for dep_context=non-requeueable deps ti=<TaskInstance: backfill_dag.download_file scheduled__2024-07-12T00:00:00+00:00 [queued]>
[2024-07-14T16:14:31.470-0300] {taskinstance.py:2076} INFO - Dependencies all met for dep_context=requeueable deps ti=<TaskInstance: backfill_dag.download_file scheduled__2024-07-12T00:00:00+00:00 [queued]>
[2024-07-14T16:14:31.470-0300] {taskinstance.py:2306} INFO - Starting attempt 1 of 2
[2024-07-14T16:14:31.486-0300] {taskinstance.py:2330} INFO - Executing <Task(BashOperator): download_file> on 2024-07-12 00:00:00+00:00
[2024-07-14T16:14:31.490-0300] {standard_task_runner.py:63} INFO - Started process 87255 to run task
[2024-07-14T16:14:31.497-0300] {standard_task_runner.py:90} INFO - Running: ['airflow', 'tasks', 'run', 'backfill_dag', 'download_file', 'scheduled__2024-07-12T00:00:00+00:00', '--job-id', '23', '--raw', '--subdir', 'DAGS_FOLDER/5_backfill.py', '--cfg-path', '/var/folders/g0/jqvp4xxs5pn4cds1xb9339xm0000gn/T/tmpwhckqt0n']
[2024-07-14T16:14:31.502-0300] {standard_task_runner.py:91} INFO - Job 23: Subtask download_file
[2024-07-14T16:14:31.557-0300] {task_command.py:426} INFO - Running <TaskInstance: backfill_dag.download_file scheduled__2024-07-12T00:00:00+00:00 [running]> on host axels-personal-mac.local
[2024-07-14T16:14:31.640-0300] {taskinstance.py:2648} INFO - Exporting env vars: AIRFLOW_CTX_DAG_OWNER='airflow' AIRFLOW_CTX_DAG_ID='backfill_dag' AIRFLOW_CTX_TASK_ID='download_file' AIRFLOW_CTX_EXECUTION_DATE='2024-07-12T00:00:00+00:00' AIRFLOW_CTX_TRY_NUMBER='1' AIRFLOW_CTX_DAG_RUN_ID='scheduled__2024-07-12T00:00:00+00:00'
[2024-07-14T16:14:31.642-0300] {taskinstance.py:430} INFO - ::endgroup::
[2024-07-14T16:14:31.643-0300] {subprocess.py:63} INFO - Tmp dir root location: /var/folders/g0/jqvp4xxs5pn4cds1xb9339xm0000gn/T
[2024-07-14T16:14:31.644-0300] {subprocess.py:75} INFO - Running command: ['/bin/bash', '-c', 'mkdir -p ${AIRFLOW_HOME}/downloads && wget -O ${AIRFLOW_HOME}/downloads/yelp.csv https://www.dropbox.com/scl/fi/2k8im8ftu9yk8mnqhops9/yelp.csv?rlkey=52dzmxgys0su77wb6o75vb5ab&st=lmz21rpk&dl=0']
[2024-07-14T16:14:31.652-0300] {subprocess.py:86} INFO - Output:
[2024-07-14T16:14:31.678-0300] {subprocess.py:93} INFO - --2024-07-14 16:14:31--  https://www.dropbox.com/scl/fi/2k8im8ftu9yk8mnqhops9/yelp.csv?rlkey=52dzmxgys0su77wb6o75vb5ab
[2024-07-14T16:14:31.697-0300] {subprocess.py:93} INFO - Resolving www.dropbox.com (www.dropbox.com)... 162.125.5.18, 2620:100:601d:18::a27d:512
[2024-07-14T16:14:31.835-0300] {subprocess.py:93} INFO - Connecting to www.dropbox.com (www.dropbox.com)|162.125.5.18|:443... connected.
[2024-07-14T16:14:32.644-0300] {subprocess.py:93} INFO - HTTP request sent, awaiting response... 302 Found
[2024-07-14T16:14:32.645-0300] {subprocess.py:93} INFO - Location: https://uc9e7b4cf1148887e41cd7b8a520.dl.dropboxusercontent.com/cd/0/inline/CWval-BLrRj7FCVGU1BO4AFK6XhAAhHZyCA15fFWO6Lj0bwjkC0PcYIB-jQQxDgXOgMXO6RI8FnmLKxyLuBVXxzRfk9wbbVBbxalQ9YdnSEKen4JSc4LEUOG-4rpAdpxX4CLm4PLFx4Kjah1EQAEWndD/file# [following]
[2024-07-14T16:14:32.645-0300] {subprocess.py:93} INFO - --2024-07-14 16:14:32--  https://uc9e7b4cf1148887e41cd7b8a520.dl.dropboxusercontent.com/cd/0/inline/CWval-BLrRj7FCVGU1BO4AFK6XhAAhHZyCA15fFWO6Lj0bwjkC0PcYIB-jQQxDgXOgMXO6RI8FnmLKxyLuBVXxzRfk9wbbVBbxalQ9YdnSEKen4JSc4LEUOG-4rpAdpxX4CLm4PLFx4Kjah1EQAEWndD/file
[2024-07-14T16:14:32.740-0300] {subprocess.py:93} INFO - Resolving uc9e7b4cf1148887e41cd7b8a520.dl.dropboxusercontent.com (uc9e7b4cf1148887e41cd7b8a520.dl.dropboxusercontent.com)... 162.125.5.15, 2620:100:601d:15::a27d:50f
[2024-07-14T16:14:32.871-0300] {subprocess.py:93} INFO - Connecting to uc9e7b4cf1148887e41cd7b8a520.dl.dropboxusercontent.com (uc9e7b4cf1148887e41cd7b8a520.dl.dropboxusercontent.com)|162.125.5.15|:443... connected.
[2024-07-14T16:14:33.769-0300] {subprocess.py:93} INFO - HTTP request sent, awaiting response... 200 OK
[2024-07-14T16:14:33.770-0300] {subprocess.py:93} INFO - Length: 8091185 (7.7M) [text/plain]
[2024-07-14T16:14:33.770-0300] {subprocess.py:93} INFO - Saving to: ‘/Users/axelsirota/repos/up_running_apache_airflow/downloads/yelp.csv’
[2024-07-14T16:14:33.771-0300] {subprocess.py:93} INFO - 
[2024-07-14T16:14:34.072-0300] {subprocess.py:93} INFO -      0K .......... .......... .......... .......... ..........  0%  165K 47s
[2024-07-14T16:14:34.215-0300] {subprocess.py:93} INFO -     50K .......... .......... .......... .......... ..........  1%  350K 35s
[2024-07-14T16:14:34.281-0300] {subprocess.py:93} INFO -    100K .......... .......... .......... .......... ..........  1%  760K 26s
[2024-07-14T16:14:34.345-0300] {subprocess.py:93} INFO -    150K .......... .......... .......... .......... ..........  2%  784K 22s
[2024-07-14T16:14:34.395-0300] {subprocess.py:93} INFO -    200K .......... .......... .......... .......... ..........  3%  983K 19s
[2024-07-14T16:14:34.432-0300] {subprocess.py:93} INFO -    250K .......... .......... .......... .......... ..........  3% 1.34M 17s
[2024-07-14T16:14:34.461-0300] {subprocess.py:93} INFO -    300K .......... .......... .......... .......... ..........  4% 1.69M 15s
[2024-07-14T16:14:34.493-0300] {subprocess.py:93} INFO -    350K .......... .......... .......... .......... ..........  5% 1.51M 14s
[2024-07-14T16:14:34.516-0300] {subprocess.py:93} INFO -    400K .......... .......... .......... .......... ..........  5% 2.18M 12s
[2024-07-14T16:14:34.535-0300] {subprocess.py:93} INFO -    450K .......... .......... .......... .......... ..........  6% 2.50M 11s
[2024-07-14T16:14:34.554-0300] {subprocess.py:93} INFO -    500K .......... .......... .......... .......... ..........  6% 2.56M 10s
[2024-07-14T16:14:34.575-0300] {subprocess.py:93} INFO -    550K .......... .......... .......... .......... ..........  7% 2.30M 10s
[2024-07-14T16:14:34.591-0300] {subprocess.py:93} INFO -    600K .......... .......... .......... .......... ..........  8% 3.07M 9s
[2024-07-14T16:14:34.607-0300] {subprocess.py:93} INFO -    650K .......... .......... .......... .......... ..........  8% 3.01M 9s
[2024-07-14T16:14:34.623-0300] {subprocess.py:93} INFO -    700K .......... .......... .......... .......... ..........  9% 3.09M 8s
[2024-07-14T16:14:34.646-0300] {subprocess.py:93} INFO -    750K .......... .......... .......... .......... .......... 10% 2.15M 8s
[2024-07-14T16:14:34.661-0300] {subprocess.py:93} INFO -    800K .......... .......... .......... .......... .......... 10% 3.17M 7s
[2024-07-14T16:14:34.671-0300] {subprocess.py:93} INFO -    850K .......... .......... .......... .......... .......... 11% 4.96M 7s
[2024-07-14T16:14:34.683-0300] {subprocess.py:93} INFO -    900K .......... .......... .......... .......... .......... 12% 4.02M 7s
[2024-07-14T16:14:34.699-0300] {subprocess.py:93} INFO -    950K .......... .......... .......... .......... .......... 12% 3.11M 6s
[2024-07-14T16:14:34.707-0300] {subprocess.py:93} INFO -   1000K .......... .......... .......... .......... .......... 13% 6.05M 6s
[2024-07-14T16:14:34.716-0300] {subprocess.py:93} INFO -   1050K .......... .......... .......... .......... .......... 13% 5.82M 6s
[2024-07-14T16:14:34.728-0300] {subprocess.py:93} INFO -   1100K .......... .......... .......... .......... .......... 14% 3.89M 6s
[2024-07-14T16:14:34.739-0300] {subprocess.py:93} INFO -   1150K .......... .......... .......... .......... .......... 15% 4.53M 5s
[2024-07-14T16:14:34.747-0300] {subprocess.py:93} INFO -   1200K .......... .......... .......... .......... .......... 15% 5.81M 5s
[2024-07-14T16:14:34.763-0300] {subprocess.py:93} INFO -   1250K .......... .......... .......... .......... .......... 16% 3.05M 5s
[2024-07-14T16:14:34.775-0300] {subprocess.py:93} INFO -   1300K .......... .......... .......... .......... .......... 17% 4.21M 5s
[2024-07-14T16:14:34.789-0300] {subprocess.py:93} INFO -   1350K .......... .......... .......... .......... .......... 17% 3.52M 5s
[2024-07-14T16:14:34.797-0300] {subprocess.py:93} INFO -   1400K .......... .......... .......... .......... .......... 18% 5.86M 5s
[2024-07-14T16:14:34.807-0300] {subprocess.py:93} INFO -   1450K .......... .......... .......... .......... .......... 18% 4.86M 4s
[2024-07-14T16:14:34.816-0300] {subprocess.py:93} INFO -   1500K .......... .......... .......... .......... .......... 19% 5.38M 4s
[2024-07-14T16:14:34.830-0300] {subprocess.py:93} INFO -   1550K .......... .......... .......... .......... .......... 20% 3.57M 4s
[2024-07-14T16:14:34.841-0300] {subprocess.py:93} INFO -   1600K .......... .......... .......... .......... .......... 20% 4.54M 4s
[2024-07-14T16:14:34.855-0300] {subprocess.py:93} INFO -   1650K .......... .......... .......... .......... .......... 21% 3.34M 4s
[2024-07-14T16:14:34.867-0300] {subprocess.py:93} INFO -   1700K .......... .......... .......... .......... .......... 22% 4.10M 4s
[2024-07-14T16:14:34.883-0300] {subprocess.py:93} INFO -   1750K .......... .......... .......... .......... .......... 22% 3.04M 4s
[2024-07-14T16:14:34.891-0300] {subprocess.py:93} INFO -   1800K .......... .......... .......... .......... .......... 23% 6.07M 4s
[2024-07-14T16:14:34.899-0300] {subprocess.py:93} INFO -   1850K .......... .......... .......... .......... .......... 24% 5.93M 4s
[2024-07-14T16:14:34.908-0300] {subprocess.py:93} INFO -   1900K .......... .......... .......... .......... .......... 24% 5.83M 3s
[2024-07-14T16:14:34.927-0300] {subprocess.py:93} INFO -   1950K .......... .......... .......... .......... .......... 25% 2.53M 3s
[2024-07-14T16:14:34.943-0300] {subprocess.py:93} INFO -   2000K .......... .......... .......... .......... .......... 25% 3.04M 3s
[2024-07-14T16:14:34.953-0300] {subprocess.py:93} INFO -   2050K .......... .......... .......... .......... .......... 26% 5.12M 3s
[2024-07-14T16:14:34.964-0300] {subprocess.py:93} INFO -   2100K .......... .......... .......... .......... .......... 27% 4.28M 3s
[2024-07-14T16:14:34.975-0300] {subprocess.py:93} INFO -   2150K .......... .......... .......... .......... .......... 27% 4.47M 3s
[2024-07-14T16:14:34.987-0300] {subprocess.py:93} INFO -   2200K .......... .......... .......... .......... .......... 28% 4.07M 3s
[2024-07-14T16:14:35.003-0300] {subprocess.py:93} INFO -   2250K .......... .......... .......... .......... .......... 29% 3.01M 3s
[2024-07-14T16:14:35.018-0300] {subprocess.py:93} INFO -   2300K .......... .......... .......... .......... .......... 29% 3.37M 3s
[2024-07-14T16:14:35.042-0300] {subprocess.py:93} INFO -   2350K .......... .......... .......... .......... .......... 30% 2.03M 3s
[2024-07-14T16:14:35.057-0300] {subprocess.py:93} INFO -   2400K .......... .......... .......... .......... .......... 31% 3.32M 3s
[2024-07-14T16:14:35.073-0300] {subprocess.py:93} INFO -   2450K .......... .......... .......... .......... .......... 31% 2.97M 3s
[2024-07-14T16:14:35.088-0300] {subprocess.py:93} INFO -   2500K .......... .......... .......... .......... .......... 32% 3.29M 3s
[2024-07-14T16:14:35.102-0300] {subprocess.py:93} INFO -   2550K .......... .......... .......... .......... .......... 32% 3.50M 3s
[2024-07-14T16:14:35.364-0300] {subprocess.py:93} INFO -   2600K .......... .......... .......... .......... .......... 33%  191K 3s
[2024-07-14T16:14:35.364-0300] {subprocess.py:93} INFO -   2650K .......... .......... .......... .......... .......... 34%  258M 3s
[2024-07-14T16:14:35.365-0300] {subprocess.py:93} INFO -   2700K .......... .......... .......... .......... .......... 34%  319M 3s
[2024-07-14T16:14:35.371-0300] {subprocess.py:93} INFO -   2750K .......... .......... .......... .......... .......... 35% 7.16M 3s
[2024-07-14T16:14:35.375-0300] {subprocess.py:93} INFO -   2800K .......... .......... .......... .......... .......... 36% 10.5M 3s
[2024-07-14T16:14:35.381-0300] {subprocess.py:93} INFO -   2850K .......... .......... .......... .......... .......... 36% 8.88M 3s
[2024-07-14T16:14:35.382-0300] {subprocess.py:93} INFO -   2900K .......... .......... .......... .......... .......... 37%  281M 3s
[2024-07-14T16:14:35.383-0300] {subprocess.py:93} INFO -   2950K .......... .......... .......... .......... .......... 37%  334M 3s
[2024-07-14T16:14:35.383-0300] {subprocess.py:93} INFO -   3000K .......... .......... .......... .......... .......... 38%  127M 3s
[2024-07-14T16:14:35.400-0300] {subprocess.py:93} INFO -   3050K .......... .......... .......... .......... .......... 39% 2.66M 3s
[2024-07-14T16:14:35.406-0300] {subprocess.py:93} INFO -   3100K .......... .......... .......... .......... .......... 39% 8.01M 2s
[2024-07-14T16:14:35.414-0300] {subprocess.py:93} INFO -   3150K .......... .......... .......... .......... .......... 40% 6.00M 2s
[2024-07-14T16:14:35.416-0300] {subprocess.py:93} INFO -   3200K .......... .......... .......... .......... .......... 41% 25.3M 2s
[2024-07-14T16:14:35.424-0300] {subprocess.py:93} INFO -   3250K .......... .......... .......... .......... .......... 41% 6.13M 2s
[2024-07-14T16:14:35.429-0300] {subprocess.py:93} INFO -   3300K .......... .......... .......... .......... .......... 42% 10.6M 2s
[2024-07-14T16:14:35.431-0300] {subprocess.py:93} INFO -   3350K .......... .......... .......... .......... .......... 43% 20.2M 2s
[2024-07-14T16:14:35.432-0300] {subprocess.py:93} INFO -   3400K .......... .......... .......... .......... .......... 43%  112M 2s
[2024-07-14T16:14:35.439-0300] {subprocess.py:93} INFO -   3450K .......... .......... .......... .......... .......... 44% 6.56M 2s
[2024-07-14T16:14:35.443-0300] {subprocess.py:93} INFO -   3500K .......... .......... .......... .......... .......... 44% 11.1M 2s
[2024-07-14T16:14:35.444-0300] {subprocess.py:93} INFO -   3550K .......... .......... .......... .......... .......... 45% 71.4M 2s
[2024-07-14T16:14:35.447-0300] {subprocess.py:93} INFO -   3600K .......... .......... .......... .......... .......... 46% 14.8M 2s
[2024-07-14T16:14:35.452-0300] {subprocess.py:93} INFO -   3650K .......... .......... .......... .......... .......... 46% 11.0M 2s
[2024-07-14T16:14:35.457-0300] {subprocess.py:93} INFO -   3700K .......... .......... .......... .......... .......... 47% 9.14M 2s
[2024-07-14T16:14:35.459-0300] {subprocess.py:93} INFO -   3750K .......... .......... .......... .......... .......... 48% 26.3M 2s
[2024-07-14T16:14:35.459-0300] {subprocess.py:93} INFO -   3800K .......... .......... .......... .......... .......... 48%  218M 2s
[2024-07-14T16:14:35.460-0300] {subprocess.py:93} INFO -   3850K .......... .......... .......... .......... .......... 49%  319M 2s
[2024-07-14T16:14:35.460-0300] {subprocess.py:93} INFO -   3900K .......... .......... .......... .......... .......... 49%  334M 2s
[2024-07-14T16:14:35.461-0300] {subprocess.py:93} INFO -   3950K .......... .......... .......... .......... .......... 50%  244M 2s
[2024-07-14T16:14:35.461-0300] {subprocess.py:93} INFO -   4000K .......... .......... .......... .......... .......... 51%  341M 2s
[2024-07-14T16:14:35.462-0300] {subprocess.py:93} INFO -   4050K .......... .......... .......... .......... .......... 51%  317M 2s
[2024-07-14T16:14:35.462-0300] {subprocess.py:93} INFO -   4100K .......... .......... .......... .......... .......... 52%  270M 2s
[2024-07-14T16:14:35.463-0300] {subprocess.py:93} INFO -   4150K .......... .......... .......... .......... .......... 53%  202M 1s
[2024-07-14T16:14:35.463-0300] {subprocess.py:93} INFO -   4200K .......... .......... .......... .......... .......... 53%  315M 1s
[2024-07-14T16:14:35.464-0300] {subprocess.py:93} INFO -   4250K .......... .......... .......... .......... .......... 54%  326M 1s
[2024-07-14T16:14:35.464-0300] {subprocess.py:93} INFO -   4300K .......... .......... .......... .......... .......... 55%  326M 1s
[2024-07-14T16:14:35.464-0300] {subprocess.py:93} INFO -   4350K .......... .......... .......... .......... .......... 55%  237M 1s
[2024-07-14T16:14:35.465-0300] {subprocess.py:93} INFO -   4400K .......... .......... .......... .......... .......... 56%  313M 1s
[2024-07-14T16:14:35.466-0300] {subprocess.py:93} INFO -   4450K .......... .......... .......... .......... .......... 56%  300M 1s
[2024-07-14T16:14:35.466-0300] {subprocess.py:93} INFO -   4500K .......... .......... .......... .......... .......... 57% 13.0M 1s
[2024-07-14T16:14:35.474-0300] {subprocess.py:93} INFO -   4550K .......... .......... .......... .......... .......... 58% 5.61M 1s
[2024-07-14T16:14:35.481-0300] {subprocess.py:93} INFO -   4600K .......... .......... .......... .......... .......... 58% 6.96M 1s
[2024-07-14T16:14:35.490-0300] {subprocess.py:93} INFO -   4650K .......... .......... .......... .......... .......... 59% 5.31M 1s
[2024-07-14T16:14:35.499-0300] {subprocess.py:93} INFO -   4700K .......... .......... .......... .......... .......... 60% 5.43M 1s
[2024-07-14T16:14:35.513-0300] {subprocess.py:93} INFO -   4750K .......... .......... .......... .......... .......... 60% 3.58M 1s
[2024-07-14T16:14:35.521-0300] {subprocess.py:93} INFO -   4800K .......... .......... .......... .......... .......... 61% 6.23M 1s
[2024-07-14T16:14:35.532-0300] {subprocess.py:93} INFO -   4850K .......... .......... .......... .......... .......... 62% 4.34M 1s
[2024-07-14T16:14:35.541-0300] {subprocess.py:93} INFO -   4900K .......... .......... .......... .......... .......... 62% 5.31M 1s
[2024-07-14T16:14:35.550-0300] {subprocess.py:93} INFO -   4950K .......... .......... .......... .......... .......... 63% 5.51M 1s
[2024-07-14T16:14:35.559-0300] {subprocess.py:93} INFO -   5000K .......... .......... .......... .......... .......... 63% 5.32M 1s
[2024-07-14T16:14:35.567-0300] {subprocess.py:93} INFO -   5050K .......... .......... .......... .......... .......... 64% 6.09M 1s
[2024-07-14T16:14:35.575-0300] {subprocess.py:93} INFO -   5100K .......... .......... .......... .......... .......... 65% 6.08M 1s
[2024-07-14T16:14:35.590-0300] {subprocess.py:93} INFO -   5150K .......... .......... .......... .......... .......... 65% 3.33M 1s
[2024-07-14T16:14:35.599-0300] {subprocess.py:93} INFO -   5200K .......... .......... .......... .......... .......... 66% 5.21M 1s
[2024-07-14T16:14:35.611-0300] {subprocess.py:93} INFO -   5250K .......... .......... .......... .......... .......... 67% 4.13M 1s
[2024-07-14T16:14:35.623-0300] {subprocess.py:93} INFO -   5300K .......... .......... .......... .......... .......... 67% 3.98M 1s
[2024-07-14T16:14:35.632-0300] {subprocess.py:93} INFO -   5350K .......... .......... .......... .......... .......... 68% 5.41M 1s
[2024-07-14T16:14:35.643-0300] {subprocess.py:93} INFO -   5400K .......... .......... .......... .......... .......... 68% 4.67M 1s
[2024-07-14T16:14:35.655-0300] {subprocess.py:93} INFO -   5450K .......... .......... .......... .......... .......... 69% 3.95M 1s
[2024-07-14T16:14:35.666-0300] {subprocess.py:93} INFO -   5500K .......... .......... .......... .......... .......... 70% 4.51M 1s
[2024-07-14T16:14:35.681-0300] {subprocess.py:93} INFO -   5550K .......... .......... .......... .......... .......... 70% 3.33M 1s
[2024-07-14T16:14:35.693-0300] {subprocess.py:93} INFO -   5600K .......... .......... .......... .......... .......... 71% 4.02M 1s
[2024-07-14T16:14:35.701-0300] {subprocess.py:93} INFO -   5650K .......... .......... .......... .......... .......... 72% 5.94M 1s
[2024-07-14T16:14:35.709-0300] {subprocess.py:93} INFO -   5700K .......... .......... .......... .......... .......... 72% 6.14M 1s
[2024-07-14T16:14:35.719-0300] {subprocess.py:93} INFO -   5750K .......... .......... .......... .......... .......... 73% 4.81M 1s
[2024-07-14T16:14:35.728-0300] {subprocess.py:93} INFO -   5800K .......... .......... .......... .......... .......... 74% 5.50M 1s
[2024-07-14T16:14:35.736-0300] {subprocess.py:93} INFO -   5850K .......... .......... .......... .......... .......... 74% 6.12M 1s
[2024-07-14T16:14:35.743-0300] {subprocess.py:93} INFO -   5900K .......... .......... .......... .......... .......... 75% 6.50M 1s
[2024-07-14T16:14:36.039-0300] {subprocess.py:93} INFO -   5950K .......... .......... .......... .......... .......... 75%  169K 1s
[2024-07-14T16:14:36.045-0300] {subprocess.py:93} INFO -   6000K .......... .......... .......... .......... .......... 76% 8.16M 1s
[2024-07-14T16:14:36.048-0300] {subprocess.py:93} INFO -   6050K .......... .......... .......... .......... .......... 77% 16.2M 1s
[2024-07-14T16:14:36.060-0300] {subprocess.py:93} INFO -   6100K .......... .......... .......... .......... .......... 77% 3.89M 1s
[2024-07-14T16:14:36.065-0300] {subprocess.py:93} INFO -   6150K .......... .......... .......... .......... .......... 78% 10.9M 1s
[2024-07-14T16:14:36.067-0300] {subprocess.py:93} INFO -   6200K .......... .......... .......... .......... .......... 79% 20.3M 1s
[2024-07-14T16:14:36.075-0300] {subprocess.py:93} INFO -   6250K .......... .......... .......... .......... .......... 79% 6.21M 1s
[2024-07-14T16:14:36.076-0300] {subprocess.py:93} INFO -   6300K .......... .......... .......... .......... .......... 80%  180M 1s
[2024-07-14T16:14:36.076-0300] {subprocess.py:93} INFO -   6350K .......... .......... .......... .......... .......... 80%  243M 1s
[2024-07-14T16:14:36.077-0300] {subprocess.py:93} INFO -   6400K .......... .......... .......... .......... .......... 81%  330M 1s
[2024-07-14T16:14:36.077-0300] {subprocess.py:93} INFO -   6450K .......... .......... .......... .......... .......... 82%  332M 0s
[2024-07-14T16:14:36.078-0300] {subprocess.py:93} INFO -   6500K .......... .......... .......... .......... .......... 82%  298M 0s
[2024-07-14T16:14:36.078-0300] {subprocess.py:93} INFO -   6550K .......... .......... .......... .......... .......... 83%  330M 0s
[2024-07-14T16:14:36.079-0300] {subprocess.py:93} INFO -   6600K .......... .......... .......... .......... .......... 84%  313M 0s
[2024-07-14T16:14:36.079-0300] {subprocess.py:93} INFO -   6650K .......... .......... .......... .......... .......... 84%  319M 0s
[2024-07-14T16:14:36.080-0300] {subprocess.py:93} INFO -   6700K .......... .......... .......... .......... .......... 85%  313M 0s
[2024-07-14T16:14:36.080-0300] {subprocess.py:93} INFO -   6750K .......... .......... .......... .......... .......... 86%  247M 0s
[2024-07-14T16:14:36.081-0300] {subprocess.py:93} INFO -   6800K .......... .......... .......... .......... .......... 86%  311M 0s
[2024-07-14T16:14:36.082-0300] {subprocess.py:93} INFO -   6850K .......... .......... .......... .......... .......... 87%  317M 0s
[2024-07-14T16:14:36.082-0300] {subprocess.py:93} INFO -   6900K .......... .......... .......... .......... .......... 87%  321M 0s
[2024-07-14T16:14:36.083-0300] {subprocess.py:93} INFO -   6950K .......... .......... .......... .......... .......... 88%  319M 0s
[2024-07-14T16:14:36.083-0300] {subprocess.py:93} INFO -   7000K .......... .......... .......... .......... .......... 89%  317M 0s
[2024-07-14T16:14:36.084-0300] {subprocess.py:93} INFO -   7050K .......... .......... .......... .......... .......... 89%  143M 0s
[2024-07-14T16:14:36.129-0300] {subprocess.py:93} INFO -   7100K .......... .......... .......... .......... .......... 90%  992K 0s
[2024-07-14T16:14:36.140-0300] {subprocess.py:93} INFO -   7150K .......... .......... .......... .......... .......... 91% 4.13M 0s
[2024-07-14T16:14:36.144-0300] {subprocess.py:93} INFO -   7200K .......... .......... .......... .......... .......... 91% 13.5M 0s
[2024-07-14T16:14:36.157-0300] {subprocess.py:93} INFO -   7250K .......... .......... .......... .......... .......... 92% 3.87M 0s
[2024-07-14T16:14:36.170-0300] {subprocess.py:93} INFO -   7300K .......... .......... .......... .......... .......... 93% 3.60M 0s
[2024-07-14T16:14:36.178-0300] {subprocess.py:93} INFO -   7350K .......... .......... .......... .......... .......... 93% 6.04M 0s
[2024-07-14T16:14:36.186-0300] {subprocess.py:93} INFO -   7400K .......... .......... .......... .......... .......... 94% 6.12M 0s
[2024-07-14T16:14:36.193-0300] {subprocess.py:93} INFO -   7450K .......... .......... .......... .......... .......... 94% 7.29M 0s
[2024-07-14T16:14:36.193-0300] {subprocess.py:93} INFO -   7500K .......... .......... .......... .......... .......... 95%  237M 0s
[2024-07-14T16:14:36.194-0300] {subprocess.py:93} INFO -   7550K .......... .......... .......... .......... .......... 96%  252M 0s
[2024-07-14T16:14:36.194-0300] {subprocess.py:93} INFO -   7600K .......... .......... .......... .......... .......... 96%  330M 0s
[2024-07-14T16:14:36.195-0300] {subprocess.py:93} INFO -   7650K .......... .......... .......... .......... .......... 97%  317M 0s
[2024-07-14T16:14:36.196-0300] {subprocess.py:93} INFO -   7700K .......... .......... .......... .......... .......... 98%  337M 0s
[2024-07-14T16:14:36.196-0300] {subprocess.py:93} INFO -   7750K .......... .......... .......... .......... .......... 98%  341M 0s
[2024-07-14T16:14:36.197-0300] {subprocess.py:93} INFO -   7800K .......... .......... .......... .......... .......... 99%  344M 0s
[2024-07-14T16:14:36.197-0300] {subprocess.py:93} INFO -   7850K .......... .......... .......... .......... .......... 99%  274M 0s
[2024-07-14T16:14:36.197-0300] {subprocess.py:93} INFO -   7900K .                                                     100% 31.0K=2.4s
[2024-07-14T16:14:36.198-0300] {subprocess.py:93} INFO - 
[2024-07-14T16:14:36.199-0300] {subprocess.py:93} INFO - 2024-07-14 16:14:36 (3.18 MB/s) - ‘/Users/axelsirota/repos/up_running_apache_airflow/downloads/yelp.csv’ saved [8091185/8091185]
[2024-07-14T16:14:36.200-0300] {subprocess.py:93} INFO - 
[2024-07-14T16:14:36.200-0300] {subprocess.py:97} INFO - Command exited with return code 0
[2024-07-14T16:14:36.201-0300] {taskinstance.py:441} INFO - ::group::Post task execution logs
[2024-07-14T16:14:36.225-0300] {taskinstance.py:1206} INFO - Marking task as SUCCESS. dag_id=backfill_dag, task_id=download_file, run_id=scheduled__2024-07-12T00:00:00+00:00, execution_date=20240712T000000, start_date=20240714T191431, end_date=20240714T191436
[2024-07-14T16:14:36.276-0300] {local_task_job_runner.py:240} INFO - Task exited with return code 0
[2024-07-14T16:14:36.304-0300] {taskinstance.py:3503} INFO - 1 downstream tasks scheduled from follow-on schedule check
[2024-07-14T16:14:36.306-0300] {local_task_job_runner.py:222} INFO - ::endgroup::
