[2024-07-14T16:14:18.764-0300] {local_task_job_runner.py:120} INFO - ::group::Pre task execution logs
[2024-07-14T16:14:18.794-0300] {taskinstance.py:2076} INFO - Dependencies all met for dep_context=non-requeueable deps ti=<TaskInstance: backfill_dag.download_file scheduled__2024-07-11T00:00:00+00:00 [queued]>
[2024-07-14T16:14:18.802-0300] {taskinstance.py:2076} INFO - Dependencies all met for dep_context=requeueable deps ti=<TaskInstance: backfill_dag.download_file scheduled__2024-07-11T00:00:00+00:00 [queued]>
[2024-07-14T16:14:18.802-0300] {taskinstance.py:2306} INFO - Starting attempt 1 of 2
[2024-07-14T16:14:18.817-0300] {taskinstance.py:2330} INFO - Executing <Task(BashOperator): download_file> on 2024-07-11 00:00:00+00:00
[2024-07-14T16:14:18.821-0300] {standard_task_runner.py:63} INFO - Started process 87236 to run task
[2024-07-14T16:14:18.828-0300] {standard_task_runner.py:90} INFO - Running: ['airflow', 'tasks', 'run', 'backfill_dag', 'download_file', 'scheduled__2024-07-11T00:00:00+00:00', '--job-id', '21', '--raw', '--subdir', 'DAGS_FOLDER/5_backfill.py', '--cfg-path', '/var/folders/g0/jqvp4xxs5pn4cds1xb9339xm0000gn/T/tmpiyoywofi']
[2024-07-14T16:14:18.832-0300] {standard_task_runner.py:91} INFO - Job 21: Subtask download_file
[2024-07-14T16:14:18.887-0300] {task_command.py:426} INFO - Running <TaskInstance: backfill_dag.download_file scheduled__2024-07-11T00:00:00+00:00 [running]> on host axels-personal-mac.local
[2024-07-14T16:14:18.969-0300] {taskinstance.py:2648} INFO - Exporting env vars: AIRFLOW_CTX_DAG_OWNER='airflow' AIRFLOW_CTX_DAG_ID='backfill_dag' AIRFLOW_CTX_TASK_ID='download_file' AIRFLOW_CTX_EXECUTION_DATE='2024-07-11T00:00:00+00:00' AIRFLOW_CTX_TRY_NUMBER='1' AIRFLOW_CTX_DAG_RUN_ID='scheduled__2024-07-11T00:00:00+00:00'
[2024-07-14T16:14:18.971-0300] {taskinstance.py:430} INFO - ::endgroup::
[2024-07-14T16:14:18.972-0300] {subprocess.py:63} INFO - Tmp dir root location: /var/folders/g0/jqvp4xxs5pn4cds1xb9339xm0000gn/T
[2024-07-14T16:14:18.973-0300] {subprocess.py:75} INFO - Running command: ['/bin/bash', '-c', 'mkdir -p ${AIRFLOW_HOME}/downloads && wget -O ${AIRFLOW_HOME}/downloads/yelp.csv https://www.dropbox.com/scl/fi/2k8im8ftu9yk8mnqhops9/yelp.csv?rlkey=52dzmxgys0su77wb6o75vb5ab&st=lmz21rpk&dl=0']
[2024-07-14T16:14:18.981-0300] {subprocess.py:86} INFO - Output:
[2024-07-14T16:14:19.006-0300] {subprocess.py:93} INFO - --2024-07-14 16:14:19--  https://www.dropbox.com/scl/fi/2k8im8ftu9yk8mnqhops9/yelp.csv?rlkey=52dzmxgys0su77wb6o75vb5ab
[2024-07-14T16:14:19.025-0300] {subprocess.py:93} INFO - Resolving www.dropbox.com (www.dropbox.com)... 2620:100:601d:18::a27d:512, 162.125.5.18
[2024-07-14T16:14:19.156-0300] {subprocess.py:93} INFO - Connecting to www.dropbox.com (www.dropbox.com)|2620:100:601d:18::a27d:512|:443... connected.
[2024-07-14T16:14:20.051-0300] {subprocess.py:93} INFO - HTTP request sent, awaiting response... 302 Found
[2024-07-14T16:14:20.052-0300] {subprocess.py:93} INFO - Location: https://uc80bbf3d844dc4c9ab0142416be.dl.dropboxusercontent.com/cd/0/inline/CWvmpYj4qEFznvz7RC7ze2Net30hzQIlS1Eu0y4SbIuydm7-Mq8gRS6HIA4bdwiCaSdrsIAeJZIEeYXmH1kl6-ShOi05471fHJEHQ_bwMggbObUzRYXqXGZ_B8kU6l2-kvYVqEk81N9u39kt2O08JcAw/file# [following]
[2024-07-14T16:14:20.053-0300] {subprocess.py:93} INFO - --2024-07-14 16:14:20--  https://uc80bbf3d844dc4c9ab0142416be.dl.dropboxusercontent.com/cd/0/inline/CWvmpYj4qEFznvz7RC7ze2Net30hzQIlS1Eu0y4SbIuydm7-Mq8gRS6HIA4bdwiCaSdrsIAeJZIEeYXmH1kl6-ShOi05471fHJEHQ_bwMggbObUzRYXqXGZ_B8kU6l2-kvYVqEk81N9u39kt2O08JcAw/file
[2024-07-14T16:14:20.199-0300] {subprocess.py:93} INFO - Resolving uc80bbf3d844dc4c9ab0142416be.dl.dropboxusercontent.com (uc80bbf3d844dc4c9ab0142416be.dl.dropboxusercontent.com)... 2620:100:601d:15::a27d:50f, 162.125.5.15
[2024-07-14T16:14:20.352-0300] {subprocess.py:93} INFO - Connecting to uc80bbf3d844dc4c9ab0142416be.dl.dropboxusercontent.com (uc80bbf3d844dc4c9ab0142416be.dl.dropboxusercontent.com)|2620:100:601d:15::a27d:50f|:443... connected.
[2024-07-14T16:14:21.260-0300] {subprocess.py:93} INFO - HTTP request sent, awaiting response... 200 OK
[2024-07-14T16:14:21.261-0300] {subprocess.py:93} INFO - Length: 8091185 (7.7M) [text/plain]
[2024-07-14T16:14:21.262-0300] {subprocess.py:93} INFO - Saving to: ‘/Users/axelsirota/repos/up_running_apache_airflow/downloads/yelp.csv’
[2024-07-14T16:14:21.263-0300] {subprocess.py:93} INFO - 
[2024-07-14T16:14:21.540-0300] {subprocess.py:93} INFO -      0K .......... .......... .......... .......... ..........  0%  179K 44s
[2024-07-14T16:14:21.657-0300] {subprocess.py:93} INFO -     50K .......... .......... .......... .......... ..........  1%  429K 31s
[2024-07-14T16:14:21.712-0300] {subprocess.py:93} INFO -    100K .......... .......... .......... .......... ..........  1%  897K 23s
[2024-07-14T16:14:21.778-0300] {subprocess.py:93} INFO -    150K .......... .......... .......... .......... ..........  2%  760K 20s
[2024-07-14T16:14:21.816-0300] {subprocess.py:93} INFO -    200K .......... .......... .......... .......... ..........  3% 1.29M 17s
[2024-07-14T16:14:21.853-0300] {subprocess.py:93} INFO -    250K .......... .......... .......... .......... ..........  3% 1.32M 15s
[2024-07-14T16:14:21.877-0300] {subprocess.py:93} INFO -    300K .......... .......... .......... .......... ..........  4% 2.04M 13s
[2024-07-14T16:14:21.929-0300] {subprocess.py:93} INFO -    350K .......... .......... .......... .......... ..........  5% 1.65M 12s
[2024-07-14T16:14:21.953-0300] {subprocess.py:93} INFO -    400K .......... .......... .......... .......... ..........  5% 1.05M 11s
[2024-07-14T16:14:21.969-0300] {subprocess.py:93} INFO -    450K .......... .......... .......... .......... ..........  6% 3.04M 10s
[2024-07-14T16:14:21.982-0300] {subprocess.py:93} INFO -    500K .......... .......... .......... .......... ..........  6% 3.79M 10s
[2024-07-14T16:14:22.000-0300] {subprocess.py:93} INFO -    550K .......... .......... .......... .......... ..........  7% 2.69M 9s
[2024-07-14T16:14:22.015-0300] {subprocess.py:93} INFO -    600K .......... .......... .......... .......... ..........  8% 3.30M 8s
[2024-07-14T16:14:22.026-0300] {subprocess.py:93} INFO -    650K .......... .......... .......... .......... ..........  8% 4.36M 8s
[2024-07-14T16:14:22.037-0300] {subprocess.py:93} INFO -    700K .......... .......... .......... .......... ..........  9% 4.48M 7s
[2024-07-14T16:14:22.055-0300] {subprocess.py:93} INFO -    750K .......... .......... .......... .......... .......... 10% 3.99M 7s
[2024-07-14T16:14:22.069-0300] {subprocess.py:93} INFO -    800K .......... .......... .......... .......... .......... 10% 2.48M 7s
[2024-07-14T16:14:22.081-0300] {subprocess.py:93} INFO -    850K .......... .......... .......... .......... .......... 11% 4.02M 6s
[2024-07-14T16:14:22.095-0300] {subprocess.py:93} INFO -    900K .......... .......... .......... .......... .......... 12% 3.59M 6s
[2024-07-14T16:14:22.105-0300] {subprocess.py:93} INFO -    950K .......... .......... .......... .......... .......... 12% 4.77M 6s
[2024-07-14T16:14:22.114-0300] {subprocess.py:93} INFO -   1000K .......... .......... .......... .......... .......... 13% 5.40M 6s
[2024-07-14T16:14:22.125-0300] {subprocess.py:93} INFO -   1050K .......... .......... .......... .......... .......... 13% 4.39M 5s
[2024-07-14T16:14:22.146-0300] {subprocess.py:93} INFO -   1100K .......... .......... .......... .......... .......... 14% 2.32M 5s
[2024-07-14T16:14:22.159-0300] {subprocess.py:93} INFO -   1150K .......... .......... .......... .......... .......... 15% 3.80M 5s
[2024-07-14T16:14:22.165-0300] {subprocess.py:93} INFO -   1200K .......... .......... .......... .......... .......... 15% 7.91M 5s
[2024-07-14T16:14:22.174-0300] {subprocess.py:93} INFO -   1250K .......... .......... .......... .......... .......... 16% 5.51M 5s
[2024-07-14T16:14:22.178-0300] {subprocess.py:93} INFO -   1300K .......... .......... .......... .......... .......... 17% 11.6M 4s
[2024-07-14T16:14:22.186-0300] {subprocess.py:93} INFO -   1350K .......... .......... .......... .......... .......... 17% 6.31M 4s
[2024-07-14T16:14:22.191-0300] {subprocess.py:93} INFO -   1400K .......... .......... .......... .......... .......... 18% 9.42M 4s
[2024-07-14T16:14:22.198-0300] {subprocess.py:93} INFO -   1450K .......... .......... .......... .......... .......... 18% 6.95M 4s
[2024-07-14T16:14:22.202-0300] {subprocess.py:93} INFO -   1500K .......... .......... .......... .......... .......... 19% 13.0M 4s
[2024-07-14T16:14:22.211-0300] {subprocess.py:93} INFO -   1550K .......... .......... .......... .......... .......... 20% 6.54M 4s
[2024-07-14T16:14:22.214-0300] {subprocess.py:93} INFO -   1600K .......... .......... .......... .......... .......... 20% 10.5M 4s
[2024-07-14T16:14:22.222-0300] {subprocess.py:93} INFO -   1650K .......... .......... .......... .......... .......... 21% 6.17M 4s
[2024-07-14T16:14:22.225-0300] {subprocess.py:93} INFO -   1700K .......... .......... .......... .......... .......... 22% 15.0M 3s
[2024-07-14T16:14:22.229-0300] {subprocess.py:93} INFO -   1750K .......... .......... .......... .......... .......... 22% 12.2M 3s
[2024-07-14T16:14:22.234-0300] {subprocess.py:93} INFO -   1800K .......... .......... .......... .......... .......... 23% 10.3M 3s
[2024-07-14T16:14:22.242-0300] {subprocess.py:93} INFO -   1850K .......... .......... .......... .......... .......... 24% 5.94M 3s
[2024-07-14T16:14:22.245-0300] {subprocess.py:93} INFO -   1900K .......... .......... .......... .......... .......... 24% 15.2M 3s
[2024-07-14T16:14:22.258-0300] {subprocess.py:93} INFO -   1950K .......... .......... .......... .......... .......... 25% 8.90M 3s
[2024-07-14T16:14:22.271-0300] {subprocess.py:93} INFO -   2000K .......... .......... .......... .......... .......... 25% 2.43M 3s
[2024-07-14T16:14:22.285-0300] {subprocess.py:93} INFO -   2050K .......... .......... .......... .......... .......... 26% 3.48M 3s
[2024-07-14T16:14:22.310-0300] {subprocess.py:93} INFO -   2100K .......... .......... .......... .......... .......... 27% 1.94M 3s
[2024-07-14T16:14:22.334-0300] {subprocess.py:93} INFO -   2150K .......... .......... .......... .......... .......... 27% 2.03M 3s
[2024-07-14T16:14:22.353-0300] {subprocess.py:93} INFO -   2200K .......... .......... .......... .......... .......... 28% 2.59M 3s
[2024-07-14T16:14:22.365-0300] {subprocess.py:93} INFO -   2250K .......... .......... .......... .......... .......... 29% 4.24M 3s
[2024-07-14T16:14:22.377-0300] {subprocess.py:93} INFO -   2300K .......... .......... .......... .......... .......... 29% 3.96M 3s
[2024-07-14T16:14:22.389-0300] {subprocess.py:93} INFO -   2350K .......... .......... .......... .......... .......... 30% 6.05M 3s
[2024-07-14T16:14:22.401-0300] {subprocess.py:93} INFO -   2400K .......... .......... .......... .......... .......... 31% 3.07M 3s
[2024-07-14T16:14:22.413-0300] {subprocess.py:93} INFO -   2450K .......... .......... .......... .......... .......... 31% 4.01M 2s
[2024-07-14T16:14:22.425-0300] {subprocess.py:93} INFO -   2500K .......... .......... .......... .......... .......... 32% 4.13M 2s
[2024-07-14T16:14:22.432-0300] {subprocess.py:93} INFO -   2550K .......... .......... .......... .......... .......... 32% 7.23M 2s
[2024-07-14T16:14:22.437-0300] {subprocess.py:93} INFO -   2600K .......... .......... .......... .......... .......... 33% 9.35M 2s
[2024-07-14T16:14:22.442-0300] {subprocess.py:93} INFO -   2650K .......... .......... .......... .......... .......... 34% 9.67M 2s
[2024-07-14T16:14:22.447-0300] {subprocess.py:93} INFO -   2700K .......... .......... .......... .......... .......... 34% 10.0M 2s
[2024-07-14T16:14:22.455-0300] {subprocess.py:93} INFO -   2750K .......... .......... .......... .......... .......... 35% 6.58M 2s
[2024-07-14T16:14:22.458-0300] {subprocess.py:93} INFO -   2800K .......... .......... .......... .......... .......... 36% 12.3M 2s
[2024-07-14T16:14:22.463-0300] {subprocess.py:93} INFO -   2850K .......... .......... .......... .......... .......... 36% 9.26M 2s
[2024-07-14T16:14:22.465-0300] {subprocess.py:93} INFO -   2900K .......... .......... .......... .......... .......... 37% 23.3M 2s
[2024-07-14T16:14:22.471-0300] {subprocess.py:93} INFO -   2950K .......... .......... .......... .......... .......... 37% 8.35M 2s
[2024-07-14T16:14:22.476-0300] {subprocess.py:93} INFO -   3000K .......... .......... .......... .......... .......... 38% 10.8M 2s
[2024-07-14T16:14:22.478-0300] {subprocess.py:93} INFO -   3050K .......... .......... .......... .......... .......... 39% 20.7M 2s
[2024-07-14T16:14:22.480-0300] {subprocess.py:93} INFO -   3100K .......... .......... .......... .......... .......... 39% 28.8M 2s
[2024-07-14T16:14:22.488-0300] {subprocess.py:93} INFO -   3150K .......... .......... .......... .......... .......... 40% 7.89M 2s
[2024-07-14T16:14:22.490-0300] {subprocess.py:93} INFO -   3200K .......... .......... .......... .......... .......... 41% 13.1M 2s
[2024-07-14T16:14:22.494-0300] {subprocess.py:93} INFO -   3250K .......... .......... .......... .......... .......... 41% 11.1M 2s
[2024-07-14T16:14:22.496-0300] {subprocess.py:93} INFO -   3300K .......... .......... .......... .......... .......... 42% 25.7M 2s
[2024-07-14T16:14:22.505-0300] {subprocess.py:93} INFO -   3350K .......... .......... .......... .......... .......... 43% 5.72M 2s
[2024-07-14T16:14:22.509-0300] {subprocess.py:93} INFO -   3400K .......... .......... .......... .......... .......... 43% 12.5M 2s
[2024-07-14T16:14:22.514-0300] {subprocess.py:93} INFO -   3450K .......... .......... .......... .......... .......... 44% 8.71M 2s
[2024-07-14T16:14:22.522-0300] {subprocess.py:93} INFO -   3500K .......... .......... .......... .......... .......... 44% 6.46M 2s
[2024-07-14T16:14:22.523-0300] {subprocess.py:93} INFO -   3550K .......... .......... .......... .......... .......... 45% 43.1M 2s
[2024-07-14T16:14:22.529-0300] {subprocess.py:93} INFO -   3600K .......... .......... .......... .......... .......... 46% 7.57M 1s
[2024-07-14T16:14:22.531-0300] {subprocess.py:93} INFO -   3650K .......... .......... .......... .......... .......... 46% 26.7M 1s
[2024-07-14T16:14:22.533-0300] {subprocess.py:93} INFO -   3700K .......... .......... .......... .......... .......... 47% 26.5M 1s
[2024-07-14T16:14:22.539-0300] {subprocess.py:93} INFO -   3750K .......... .......... .......... .......... .......... 48% 8.13M 1s
[2024-07-14T16:14:22.545-0300] {subprocess.py:93} INFO -   3800K .......... .......... .......... .......... .......... 48% 8.44M 1s
[2024-07-14T16:14:22.548-0300] {subprocess.py:93} INFO -   3850K .......... .......... .......... .......... .......... 49% 13.8M 1s
[2024-07-14T16:14:22.549-0300] {subprocess.py:93} INFO -   3900K .......... .......... .......... .......... .......... 49%  216M 1s
[2024-07-14T16:14:22.555-0300] {subprocess.py:93} INFO -   3950K .......... .......... .......... .......... .......... 50% 11.6M 1s
[2024-07-14T16:14:22.562-0300] {subprocess.py:93} INFO -   4000K .......... .......... .......... .......... .......... 51% 5.42M 1s
[2024-07-14T16:14:22.564-0300] {subprocess.py:93} INFO -   4050K .......... .......... .......... .......... .......... 51% 27.9M 1s
[2024-07-14T16:14:22.565-0300] {subprocess.py:93} INFO -   4100K .......... .......... .......... .......... .......... 52% 30.0M 1s
[2024-07-14T16:14:22.569-0300] {subprocess.py:93} INFO -   4150K .......... .......... .......... .......... .......... 53% 12.9M 1s
[2024-07-14T16:14:22.571-0300] {subprocess.py:93} INFO -   4200K .......... .......... .......... .......... .......... 53% 22.5M 1s
[2024-07-14T16:14:22.578-0300] {subprocess.py:93} INFO -   4250K .......... .......... .......... .......... .......... 54% 6.80M 1s
[2024-07-14T16:14:22.579-0300] {subprocess.py:93} INFO -   4300K .......... .......... .......... .......... .......... 55%  130M 1s
[2024-07-14T16:14:22.585-0300] {subprocess.py:93} INFO -   4350K .......... .......... .......... .......... .......... 55% 7.58M 1s
[2024-07-14T16:14:22.586-0300] {subprocess.py:93} INFO -   4400K .......... .......... .......... .......... .......... 56%  191M 1s
[2024-07-14T16:14:22.586-0300] {subprocess.py:93} INFO -   4450K .......... .......... .......... .......... .......... 56%  173M 1s
[2024-07-14T16:14:22.590-0300] {subprocess.py:93} INFO -   4500K .......... .......... .......... .......... .......... 57% 10.9M 1s
[2024-07-14T16:14:22.591-0300] {subprocess.py:93} INFO -   4550K .......... .......... .......... .......... .......... 58%  138M 1s
[2024-07-14T16:14:22.593-0300] {subprocess.py:93} INFO -   4600K .......... .......... .......... .......... .......... 58% 19.8M 1s
[2024-07-14T16:14:22.593-0300] {subprocess.py:93} INFO -   4650K .......... .......... .......... .......... .......... 59%  313M 1s
[2024-07-14T16:14:22.599-0300] {subprocess.py:93} INFO -   4700K .......... .......... .......... .......... .......... 60% 8.56M 1s
[2024-07-14T16:14:22.607-0300] {subprocess.py:93} INFO -   4750K .......... .......... .......... .......... .......... 60% 8.10M 1s
[2024-07-14T16:14:22.613-0300] {subprocess.py:93} INFO -   4800K .......... .......... .......... .......... .......... 61% 6.03M 1s
[2024-07-14T16:14:22.617-0300] {subprocess.py:93} INFO -   4850K .......... .......... .......... .......... .......... 62% 12.7M 1s
[2024-07-14T16:14:22.623-0300] {subprocess.py:93} INFO -   4900K .......... .......... .......... .......... .......... 62% 7.93M 1s
[2024-07-14T16:14:22.626-0300] {subprocess.py:93} INFO -   4950K .......... .......... .......... .......... .......... 63% 14.1M 1s
[2024-07-14T16:14:22.627-0300] {subprocess.py:93} INFO -   5000K .......... .......... .......... .......... .......... 63% 93.4M 1s
[2024-07-14T16:14:22.632-0300] {subprocess.py:93} INFO -   5050K .......... .......... .......... .......... .......... 64% 8.78M 1s
[2024-07-14T16:14:22.633-0300] {subprocess.py:93} INFO -   5100K .......... .......... .......... .......... .......... 65% 53.1M 1s
[2024-07-14T16:14:22.634-0300] {subprocess.py:93} INFO -   5150K .......... .......... .......... .......... .......... 65% 73.3M 1s
[2024-07-14T16:14:22.637-0300] {subprocess.py:93} INFO -   5200K .......... .......... .......... .......... .......... 66% 17.5M 1s
[2024-07-14T16:14:22.641-0300] {subprocess.py:93} INFO -   5250K .......... .......... .......... .......... .......... 67% 11.6M 1s
[2024-07-14T16:14:22.646-0300] {subprocess.py:93} INFO -   5300K .......... .......... .......... .......... .......... 67% 9.68M 1s
[2024-07-14T16:14:22.648-0300] {subprocess.py:93} INFO -   5350K .......... .......... .......... .......... .......... 68% 23.5M 1s
[2024-07-14T16:14:22.649-0300] {subprocess.py:93} INFO -   5400K .......... .......... .......... .......... .......... 68% 53.2M 1s
[2024-07-14T16:14:22.658-0300] {subprocess.py:93} INFO -   5450K .......... .......... .......... .......... .......... 69% 5.33M 1s
[2024-07-14T16:14:22.659-0300] {subprocess.py:93} INFO -   5500K .......... .......... .......... .......... .......... 70% 66.8M 1s
[2024-07-14T16:14:22.666-0300] {subprocess.py:93} INFO -   5550K .......... .......... .......... .......... .......... 70% 8.09M 1s
[2024-07-14T16:14:22.668-0300] {subprocess.py:93} INFO -   5600K .......... .......... .......... .......... .......... 71% 14.0M 1s
[2024-07-14T16:14:22.676-0300] {subprocess.py:93} INFO -   5650K .......... .......... .......... .......... .......... 72% 6.84M 1s
[2024-07-14T16:14:22.682-0300] {subprocess.py:93} INFO -   5700K .......... .......... .......... .......... .......... 72% 7.29M 1s
[2024-07-14T16:14:22.684-0300] {subprocess.py:93} INFO -   5750K .......... .......... .......... .......... .......... 73% 25.0M 1s
[2024-07-14T16:14:22.685-0300] {subprocess.py:93} INFO -   5800K .......... .......... .......... .......... .......... 74% 69.1M 0s
[2024-07-14T16:14:22.691-0300] {subprocess.py:93} INFO -   5850K .......... .......... .......... .......... .......... 74% 8.47M 0s
[2024-07-14T16:14:22.693-0300] {subprocess.py:93} INFO -   5900K .......... .......... .......... .......... .......... 75% 26.1M 0s
[2024-07-14T16:14:22.694-0300] {subprocess.py:93} INFO -   5950K .......... .......... .......... .......... .......... 75%  105M 0s
[2024-07-14T16:14:22.699-0300] {subprocess.py:93} INFO -   6000K .......... .......... .......... .......... .......... 76% 8.23M 0s
[2024-07-14T16:14:22.703-0300] {subprocess.py:93} INFO -   6050K .......... .......... .......... .......... .......... 77% 12.9M 0s
[2024-07-14T16:14:22.706-0300] {subprocess.py:93} INFO -   6100K .......... .......... .......... .......... .......... 77% 15.9M 0s
[2024-07-14T16:14:22.709-0300] {subprocess.py:93} INFO -   6150K .......... .......... .......... .......... .......... 78% 18.3M 0s
[2024-07-14T16:14:22.709-0300] {subprocess.py:93} INFO -   6200K .......... .......... .......... .......... .......... 79% 81.1M 0s
[2024-07-14T16:14:22.714-0300] {subprocess.py:93} INFO -   6250K .......... .......... .......... .......... .......... 79% 10.5M 0s
[2024-07-14T16:14:22.717-0300] {subprocess.py:93} INFO -   6300K .......... .......... .......... .......... .......... 80% 16.7M 0s
[2024-07-14T16:14:22.724-0300] {subprocess.py:93} INFO -   6350K .......... .......... .......... .......... .......... 80% 6.54M 0s
[2024-07-14T16:14:22.725-0300] {subprocess.py:93} INFO -   6400K .......... .......... .......... .......... .......... 81% 60.6M 0s
[2024-07-14T16:14:22.729-0300] {subprocess.py:93} INFO -   6450K .......... .......... .......... .......... .......... 82% 12.3M 0s
[2024-07-14T16:14:22.738-0300] {subprocess.py:93} INFO -   6500K .......... .......... .......... .......... .......... 82% 5.47M 0s
[2024-07-14T16:14:22.745-0300] {subprocess.py:93} INFO -   6550K .......... .......... .......... .......... .......... 83% 6.90M 0s
[2024-07-14T16:14:22.757-0300] {subprocess.py:93} INFO -   6600K .......... .......... .......... .......... .......... 84% 4.08M 0s
[2024-07-14T16:14:22.765-0300] {subprocess.py:93} INFO -   6650K .......... .......... .......... .......... .......... 84% 6.18M 0s
[2024-07-14T16:14:22.778-0300] {subprocess.py:93} INFO -   6700K .......... .......... .......... .......... .......... 85% 3.71M 0s
[2024-07-14T16:14:22.789-0300] {subprocess.py:93} INFO -   6750K .......... .......... .......... .......... .......... 86% 6.39M 0s
[2024-07-14T16:14:22.797-0300] {subprocess.py:93} INFO -   6800K .......... .......... .......... .......... .......... 86% 4.37M 0s
[2024-07-14T16:14:22.805-0300] {subprocess.py:93} INFO -   6850K .......... .......... .......... .......... .......... 87% 5.87M 0s
[2024-07-14T16:14:22.812-0300] {subprocess.py:93} INFO -   6900K .......... .......... .......... .......... .......... 87% 7.24M 0s
[2024-07-14T16:14:22.818-0300] {subprocess.py:93} INFO -   6950K .......... .......... .......... .......... .......... 88% 8.01M 0s
[2024-07-14T16:14:22.827-0300] {subprocess.py:93} INFO -   7000K .......... .......... .......... .......... .......... 89% 5.61M 0s
[2024-07-14T16:14:22.833-0300] {subprocess.py:93} INFO -   7050K .......... .......... .......... .......... .......... 89% 7.97M 0s
[2024-07-14T16:14:22.842-0300] {subprocess.py:93} INFO -   7100K .......... .......... .......... .......... .......... 90% 5.44M 0s
[2024-07-14T16:14:22.850-0300] {subprocess.py:93} INFO -   7150K .......... .......... .......... .......... .......... 91% 7.12M 0s
[2024-07-14T16:14:22.859-0300] {subprocess.py:93} INFO -   7200K .......... .......... .......... .......... .......... 91% 4.83M 0s
[2024-07-14T16:14:22.867-0300] {subprocess.py:93} INFO -   7250K .......... .......... .......... .......... .......... 92% 5.62M 0s
[2024-07-14T16:14:22.873-0300] {subprocess.py:93} INFO -   7300K .......... .......... .......... .......... .......... 93% 8.59M 0s
[2024-07-14T16:14:22.875-0300] {subprocess.py:93} INFO -   7350K .......... .......... .......... .......... .......... 93% 26.7M 0s
[2024-07-14T16:14:22.878-0300] {subprocess.py:93} INFO -   7400K .......... .......... .......... .......... .......... 94% 16.8M 0s
[2024-07-14T16:14:22.886-0300] {subprocess.py:93} INFO -   7450K .......... .......... .......... .......... .......... 94% 6.13M 0s
[2024-07-14T16:14:22.889-0300] {subprocess.py:93} INFO -   7500K .......... .......... .......... .......... .......... 95% 14.5M 0s
[2024-07-14T16:14:22.894-0300] {subprocess.py:93} INFO -   7550K .......... .......... .......... .......... .......... 96% 9.89M 0s
[2024-07-14T16:14:22.899-0300] {subprocess.py:93} INFO -   7600K .......... .......... .......... .......... .......... 96% 9.12M 0s
[2024-07-14T16:14:22.900-0300] {subprocess.py:93} INFO -   7650K .......... .......... .......... .......... .......... 97%  101M 0s
[2024-07-14T16:14:22.902-0300] {subprocess.py:93} INFO -   7700K .......... .......... .......... .......... .......... 98% 22.3M 0s
[2024-07-14T16:14:22.909-0300] {subprocess.py:93} INFO -   7750K .......... .......... .......... .......... .......... 98% 7.08M 0s
[2024-07-14T16:14:22.915-0300] {subprocess.py:93} INFO -   7800K .......... .......... .......... .......... .......... 99% 8.61M 0s
[2024-07-14T16:14:22.918-0300] {subprocess.py:93} INFO -   7850K .......... .......... .......... .......... .......... 99% 15.4M 0s
[2024-07-14T16:14:22.918-0300] {subprocess.py:93} INFO -   7900K .                                                     100% 31.0K=1.7s
[2024-07-14T16:14:22.919-0300] {subprocess.py:93} INFO - 
[2024-07-14T16:14:22.919-0300] {subprocess.py:93} INFO - 2024-07-14 16:14:22 (4.66 MB/s) - ‘/Users/axelsirota/repos/up_running_apache_airflow/downloads/yelp.csv’ saved [8091185/8091185]
[2024-07-14T16:14:22.920-0300] {subprocess.py:93} INFO - 
[2024-07-14T16:14:22.928-0300] {subprocess.py:97} INFO - Command exited with return code 0
[2024-07-14T16:14:22.929-0300] {taskinstance.py:441} INFO - ::group::Post task execution logs
[2024-07-14T16:14:22.952-0300] {taskinstance.py:1206} INFO - Marking task as SUCCESS. dag_id=backfill_dag, task_id=download_file, run_id=scheduled__2024-07-11T00:00:00+00:00, execution_date=20240711T000000, start_date=20240714T191418, end_date=20240714T191422
[2024-07-14T16:14:22.996-0300] {local_task_job_runner.py:240} INFO - Task exited with return code 0
[2024-07-14T16:14:23.025-0300] {taskinstance.py:3503} INFO - 1 downstream tasks scheduled from follow-on schedule check
[2024-07-14T16:14:23.027-0300] {local_task_job_runner.py:222} INFO - ::endgroup::
