[2024-07-14T16:19:45.855-0300] {local_task_job_runner.py:120} INFO - ::group::Pre task execution logs
[2024-07-14T16:19:45.886-0300] {taskinstance.py:2076} INFO - Dependencies all met for dep_context=non-requeueable deps ti=<TaskInstance: schedule_dag.download_file scheduled__2024-07-11T00:00:00+00:00 [queued]>
[2024-07-14T16:19:45.893-0300] {taskinstance.py:2076} INFO - Dependencies all met for dep_context=requeueable deps ti=<TaskInstance: schedule_dag.download_file scheduled__2024-07-11T00:00:00+00:00 [queued]>
[2024-07-14T16:19:45.893-0300] {taskinstance.py:2306} INFO - Starting attempt 1 of 2
[2024-07-14T16:19:45.911-0300] {taskinstance.py:2330} INFO - Executing <Task(BashOperator): download_file> on 2024-07-11 00:00:00+00:00
[2024-07-14T16:19:45.915-0300] {standard_task_runner.py:63} INFO - Started process 87575 to run task
[2024-07-14T16:19:45.922-0300] {standard_task_runner.py:90} INFO - Running: ['airflow', 'tasks', 'run', 'schedule_dag', 'download_file', 'scheduled__2024-07-11T00:00:00+00:00', '--job-id', '37', '--raw', '--subdir', 'DAGS_FOLDER/6_backfill_with_schedule.py', '--cfg-path', '/var/folders/g0/jqvp4xxs5pn4cds1xb9339xm0000gn/T/tmp9tra6phz']
[2024-07-14T16:19:45.927-0300] {standard_task_runner.py:91} INFO - Job 37: Subtask download_file
[2024-07-14T16:19:46.011-0300] {task_command.py:426} INFO - Running <TaskInstance: schedule_dag.download_file scheduled__2024-07-11T00:00:00+00:00 [running]> on host axels-personal-mac.local
[2024-07-14T16:19:46.104-0300] {taskinstance.py:2648} INFO - Exporting env vars: AIRFLOW_CTX_DAG_OWNER='airflow' AIRFLOW_CTX_DAG_ID='schedule_dag' AIRFLOW_CTX_TASK_ID='download_file' AIRFLOW_CTX_EXECUTION_DATE='2024-07-11T00:00:00+00:00' AIRFLOW_CTX_TRY_NUMBER='1' AIRFLOW_CTX_DAG_RUN_ID='scheduled__2024-07-11T00:00:00+00:00'
[2024-07-14T16:19:46.106-0300] {taskinstance.py:430} INFO - ::endgroup::
[2024-07-14T16:19:46.107-0300] {subprocess.py:63} INFO - Tmp dir root location: /var/folders/g0/jqvp4xxs5pn4cds1xb9339xm0000gn/T
[2024-07-14T16:19:46.108-0300] {subprocess.py:75} INFO - Running command: ['/bin/bash', '-c', 'mkdir -p ${AIRFLOW_HOME}/downloads && wget -O ${AIRFLOW_HOME}/downloads/yelp.csv https://www.dropbox.com/scl/fi/2k8im8ftu9yk8mnqhops9/yelp.csv?rlkey=52dzmxgys0su77wb6o75vb5ab&st=lmz21rpk&dl=0']
[2024-07-14T16:19:46.116-0300] {subprocess.py:86} INFO - Output:
[2024-07-14T16:19:46.142-0300] {subprocess.py:93} INFO - --2024-07-14 16:19:46--  https://www.dropbox.com/scl/fi/2k8im8ftu9yk8mnqhops9/yelp.csv?rlkey=52dzmxgys0su77wb6o75vb5ab
[2024-07-14T16:19:46.161-0300] {subprocess.py:93} INFO - Resolving www.dropbox.com (www.dropbox.com)... 2620:100:601d:18::a27d:512, 162.125.5.18
[2024-07-14T16:19:46.293-0300] {subprocess.py:93} INFO - Connecting to www.dropbox.com (www.dropbox.com)|2620:100:601d:18::a27d:512|:443... connected.
[2024-07-14T16:19:47.246-0300] {subprocess.py:93} INFO - HTTP request sent, awaiting response... 302 Found
[2024-07-14T16:19:47.247-0300] {subprocess.py:93} INFO - Location: https://uc417be1f790db46b4d8a2cd18ed.dl.dropboxusercontent.com/cd/0/inline/CWvJoogYFwaNpZ1zjOLmMCFQPt72oguOYbUrmxvyqZJorlyn8Bfm-gevTXY9sXVEOaHlKZMV3C76abyzJ-lOaBxvDxS3zZlE5MQrMt-el0NI_CgI0kvfaIOz2jU3G6k5aP31bvpUjb8zaL2k-Gv51G1J/file# [following]
[2024-07-14T16:19:47.248-0300] {subprocess.py:93} INFO - --2024-07-14 16:19:47--  https://uc417be1f790db46b4d8a2cd18ed.dl.dropboxusercontent.com/cd/0/inline/CWvJoogYFwaNpZ1zjOLmMCFQPt72oguOYbUrmxvyqZJorlyn8Bfm-gevTXY9sXVEOaHlKZMV3C76abyzJ-lOaBxvDxS3zZlE5MQrMt-el0NI_CgI0kvfaIOz2jU3G6k5aP31bvpUjb8zaL2k-Gv51G1J/file
[2024-07-14T16:19:47.337-0300] {subprocess.py:93} INFO - Resolving uc417be1f790db46b4d8a2cd18ed.dl.dropboxusercontent.com (uc417be1f790db46b4d8a2cd18ed.dl.dropboxusercontent.com)... 2620:100:601d:15::a27d:50f, 162.125.5.15
[2024-07-14T16:19:47.474-0300] {subprocess.py:93} INFO - Connecting to uc417be1f790db46b4d8a2cd18ed.dl.dropboxusercontent.com (uc417be1f790db46b4d8a2cd18ed.dl.dropboxusercontent.com)|2620:100:601d:15::a27d:50f|:443... connected.
[2024-07-14T16:19:48.338-0300] {subprocess.py:93} INFO - HTTP request sent, awaiting response... 200 OK
[2024-07-14T16:19:48.339-0300] {subprocess.py:93} INFO - Length: 8091185 (7.7M) [text/plain]
[2024-07-14T16:19:48.339-0300] {subprocess.py:93} INFO - Saving to: ‘/Users/axelsirota/repos/up_running_apache_airflow/downloads/yelp.csv’
[2024-07-14T16:19:48.339-0300] {subprocess.py:93} INFO - 
[2024-07-14T16:19:48.634-0300] {subprocess.py:93} INFO -      0K .......... .......... .......... .......... ..........  0%  169K 46s
[2024-07-14T16:19:48.767-0300] {subprocess.py:93} INFO -     50K .......... .......... .......... .......... ..........  1%  376K 33s
[2024-07-14T16:19:48.827-0300] {subprocess.py:93} INFO -    100K .......... .......... .......... .......... ..........  1%  835K 25s
[2024-07-14T16:19:48.894-0300] {subprocess.py:93} INFO -    150K .......... .......... .......... .......... ..........  2%  740K 21s
[2024-07-14T16:19:48.940-0300] {subprocess.py:93} INFO -    200K .......... .......... .......... .......... ..........  3% 1.07M 18s
[2024-07-14T16:19:48.973-0300] {subprocess.py:93} INFO -    250K .......... .......... .......... .......... ..........  3% 1.48M 16s
[2024-07-14T16:19:49.032-0300] {subprocess.py:93} INFO -    300K .......... .......... .......... .......... ..........  4%  840K 15s
[2024-07-14T16:19:49.055-0300] {subprocess.py:93} INFO -    350K .......... .......... .......... .......... ..........  5% 3.09M 13s
[2024-07-14T16:19:49.075-0300] {subprocess.py:93} INFO -    400K .......... .......... .......... .......... ..........  5% 1.80M 12s
[2024-07-14T16:19:49.101-0300] {subprocess.py:93} INFO -    450K .......... .......... .......... .......... ..........  6% 1.88M 11s
[2024-07-14T16:19:49.116-0300] {subprocess.py:93} INFO -    500K .......... .......... .......... .......... ..........  6% 3.38M 10s
[2024-07-14T16:19:49.133-0300] {subprocess.py:93} INFO -    550K .......... .......... .......... .......... ..........  7% 2.87M 10s
[2024-07-14T16:19:49.147-0300] {subprocess.py:93} INFO -    600K .......... .......... .......... .......... ..........  8% 3.47M 9s
[2024-07-14T16:19:49.159-0300] {subprocess.py:93} INFO -    650K .......... .......... .......... .......... ..........  8% 4.10M 8s
[2024-07-14T16:19:49.178-0300] {subprocess.py:93} INFO -    700K .......... .......... .......... .......... ..........  9% 2.46M 8s
[2024-07-14T16:19:49.199-0300] {subprocess.py:93} INFO -    750K .......... .......... .......... .......... .......... 10% 3.01M 8s
[2024-07-14T16:19:49.211-0300] {subprocess.py:93} INFO -    800K .......... .......... .......... .......... .......... 10% 3.02M 7s
[2024-07-14T16:19:49.224-0300] {subprocess.py:93} INFO -    850K .......... .......... .......... .......... .......... 11% 3.81M 7s
[2024-07-14T16:19:49.244-0300] {subprocess.py:93} INFO -    900K .......... .......... .......... .......... .......... 12% 2.44M 7s
[2024-07-14T16:19:49.254-0300] {subprocess.py:93} INFO -    950K .......... .......... .......... .......... .......... 12% 4.51M 6s
[2024-07-14T16:19:49.276-0300] {subprocess.py:93} INFO -   1000K .......... .......... .......... .......... .......... 13% 2.31M 6s
[2024-07-14T16:19:49.279-0300] {subprocess.py:93} INFO -   1050K .......... .......... .......... .......... .......... 13% 16.1M 6s
[2024-07-14T16:19:49.300-0300] {subprocess.py:93} INFO -   1100K .......... .......... .......... .......... .......... 14% 2.26M 6s
[2024-07-14T16:19:49.311-0300] {subprocess.py:93} INFO -   1150K .......... .......... .......... .......... .......... 15% 7.93M 5s
[2024-07-14T16:19:49.321-0300] {subprocess.py:93} INFO -   1200K .......... .......... .......... .......... .......... 15% 3.32M 5s
[2024-07-14T16:19:49.322-0300] {subprocess.py:93} INFO -   1250K .......... .......... .......... .......... .......... 16% 36.5M 5s
[2024-07-14T16:19:49.331-0300] {subprocess.py:93} INFO -   1300K .......... .......... .......... .......... .......... 17% 5.54M 5s
[2024-07-14T16:19:49.336-0300] {subprocess.py:93} INFO -   1350K .......... .......... .......... .......... .......... 17% 11.3M 5s
[2024-07-14T16:19:49.341-0300] {subprocess.py:93} INFO -   1400K .......... .......... .......... .......... .......... 18% 8.87M 4s
[2024-07-14T16:19:49.358-0300] {subprocess.py:93} INFO -   1450K .......... .......... .......... .......... .......... 18% 2.96M 4s
[2024-07-14T16:19:49.358-0300] {subprocess.py:93} INFO -   1500K .......... .......... .......... .......... .......... 19%  247M 4s
[2024-07-14T16:19:49.359-0300] {subprocess.py:93} INFO -   1550K .......... .......... .......... .......... .......... 20% 60.6M 4s
[2024-07-14T16:19:49.363-0300] {subprocess.py:93} INFO -   1600K .......... .......... .......... .......... .......... 20% 9.88M 4s
[2024-07-14T16:19:49.370-0300] {subprocess.py:93} INFO -   1650K .......... .......... .......... .......... .......... 21% 7.20M 4s
[2024-07-14T16:19:49.376-0300] {subprocess.py:93} INFO -   1700K .......... .......... .......... .......... .......... 22% 8.96M 4s
[2024-07-14T16:19:49.380-0300] {subprocess.py:93} INFO -   1750K .......... .......... .......... .......... .......... 22% 12.0M 4s
[2024-07-14T16:19:49.387-0300] {subprocess.py:93} INFO -   1800K .......... .......... .......... .......... .......... 23% 7.22M 3s
[2024-07-14T16:19:49.391-0300] {subprocess.py:93} INFO -   1850K .......... .......... .......... .......... .......... 24% 10.2M 3s
[2024-07-14T16:19:49.396-0300] {subprocess.py:93} INFO -   1900K .......... .......... .......... .......... .......... 24% 10.3M 3s
[2024-07-14T16:19:49.404-0300] {subprocess.py:93} INFO -   1950K .......... .......... .......... .......... .......... 25% 6.55M 3s
[2024-07-14T16:19:49.411-0300] {subprocess.py:93} INFO -   2000K .......... .......... .......... .......... .......... 25% 6.77M 3s
[2024-07-14T16:19:49.415-0300] {subprocess.py:93} INFO -   2050K .......... .......... .......... .......... .......... 26% 13.0M 3s
[2024-07-14T16:19:49.420-0300] {subprocess.py:93} INFO -   2100K .......... .......... .......... .......... .......... 27% 8.68M 3s
[2024-07-14T16:19:49.427-0300] {subprocess.py:93} INFO -   2150K .......... .......... .......... .......... .......... 27% 7.44M 3s
[2024-07-14T16:19:49.431-0300] {subprocess.py:93} INFO -   2200K .......... .......... .......... .......... .......... 28% 12.8M 3s
[2024-07-14T16:19:49.436-0300] {subprocess.py:93} INFO -   2250K .......... .......... .......... .......... .......... 29% 8.55M 3s
[2024-07-14T16:19:49.440-0300] {subprocess.py:93} INFO -   2300K .......... .......... .......... .......... .......... 29% 12.5M 3s
[2024-07-14T16:19:49.448-0300] {subprocess.py:93} INFO -   2350K .......... .......... .......... .......... .......... 30% 6.66M 3s
[2024-07-14T16:19:49.454-0300] {subprocess.py:93} INFO -   2400K .......... .......... .......... .......... .......... 31% 8.02M 2s
[2024-07-14T16:19:49.463-0300] {subprocess.py:93} INFO -   2450K .......... .......... .......... .......... .......... 31% 5.42M 2s
[2024-07-14T16:19:49.474-0300] {subprocess.py:93} INFO -   2500K .......... .......... .......... .......... .......... 32% 4.38M 2s
[2024-07-14T16:19:49.474-0300] {subprocess.py:93} INFO -   2550K .......... .......... .......... .......... .......... 32%  301M 2s
[2024-07-14T16:19:49.475-0300] {subprocess.py:93} INFO -   2600K .......... .......... .......... .......... .......... 33% 31.0M 2s
[2024-07-14T16:19:49.480-0300] {subprocess.py:93} INFO -   2650K .......... .......... .......... .......... .......... 34% 10.9M 2s
[2024-07-14T16:19:49.483-0300] {subprocess.py:93} INFO -   2700K .......... .......... .......... .......... .......... 34% 14.0M 2s
[2024-07-14T16:19:49.487-0300] {subprocess.py:93} INFO -   2750K .......... .......... .......... .......... .......... 35% 13.1M 2s
[2024-07-14T16:19:49.492-0300] {subprocess.py:93} INFO -   2800K .......... .......... .......... .......... .......... 36% 9.14M 2s
[2024-07-14T16:19:49.496-0300] {subprocess.py:93} INFO -   2850K .......... .......... .......... .......... .......... 36% 16.0M 2s
[2024-07-14T16:19:49.500-0300] {subprocess.py:93} INFO -   2900K .......... .......... .......... .......... .......... 37% 11.1M 2s
[2024-07-14T16:19:49.504-0300] {subprocess.py:93} INFO -   2950K .......... .......... .......... .......... .......... 37% 12.5M 2s
[2024-07-14T16:19:49.504-0300] {subprocess.py:93} INFO -   3000K .......... .......... .......... .......... .......... 38% 78.4M 2s
[2024-07-14T16:19:49.507-0300] {subprocess.py:93} INFO -   3050K .......... .......... .......... .......... .......... 39% 16.4M 2s
[2024-07-14T16:19:49.511-0300] {subprocess.py:93} INFO -   3100K .......... .......... .......... .......... .......... 39% 12.7M 2s
[2024-07-14T16:19:49.521-0300] {subprocess.py:93} INFO -   3150K .......... .......... .......... .......... .......... 40% 5.26M 2s
[2024-07-14T16:19:49.522-0300] {subprocess.py:93} INFO -   3200K .......... .......... .......... .......... .......... 41% 26.5M 2s
[2024-07-14T16:19:49.536-0300] {subprocess.py:93} INFO -   3250K .......... .......... .......... .......... .......... 41% 3.53M 2s
[2024-07-14T16:19:49.537-0300] {subprocess.py:93} INFO -   3300K .......... .......... .......... .......... .......... 42% 40.0M 2s
[2024-07-14T16:19:49.538-0300] {subprocess.py:93} INFO -   3350K .......... .......... .......... .......... .......... 43%  119M 2s
[2024-07-14T16:19:49.549-0300] {subprocess.py:93} INFO -   3400K .......... .......... .......... .......... .......... 43% 4.43M 2s
[2024-07-14T16:19:49.550-0300] {subprocess.py:93} INFO -   3450K .......... .......... .......... .......... .......... 44% 80.6M 2s
[2024-07-14T16:19:49.554-0300] {subprocess.py:93} INFO -   3500K .......... .......... .......... .......... .......... 44% 10.2M 1s
[2024-07-14T16:19:49.564-0300] {subprocess.py:93} INFO -   3550K .......... .......... .......... .......... .......... 45% 5.87M 1s
[2024-07-14T16:19:49.567-0300] {subprocess.py:93} INFO -   3600K .......... .......... .......... .......... .......... 46% 11.8M 1s
[2024-07-14T16:19:49.573-0300] {subprocess.py:93} INFO -   3650K .......... .......... .......... .......... .......... 46% 8.13M 1s
[2024-07-14T16:19:49.573-0300] {subprocess.py:93} INFO -   3700K .......... .......... .......... .......... .......... 47% 83.6M 1s
[2024-07-14T16:19:49.578-0300] {subprocess.py:93} INFO -   3750K .......... .......... .......... .......... .......... 48% 11.7M 1s
[2024-07-14T16:19:49.578-0300] {subprocess.py:93} INFO -   3800K .......... .......... .......... .......... .......... 48%  233M 1s
[2024-07-14T16:19:49.581-0300] {subprocess.py:93} INFO -   3850K .......... .......... .......... .......... .......... 49% 16.6M 1s
[2024-07-14T16:19:49.581-0300] {subprocess.py:93} INFO -   3900K .......... .......... .......... .......... .......... 49% 59.4M 1s
[2024-07-14T16:19:49.585-0300] {subprocess.py:93} INFO -   3950K .......... .......... .......... .......... .......... 50% 13.0M 1s
[2024-07-14T16:19:49.586-0300] {subprocess.py:93} INFO -   4000K .......... .......... .......... .......... .......... 51%  187M 1s
[2024-07-14T16:19:49.590-0300] {subprocess.py:93} INFO -   4050K .......... .......... .......... .......... .......... 51% 12.0M 1s
[2024-07-14T16:19:49.590-0300] {subprocess.py:93} INFO -   4100K .......... .......... .......... .......... .......... 52%  287M 1s
[2024-07-14T16:19:49.594-0300] {subprocess.py:93} INFO -   4150K .......... .......... .......... .......... .......... 53% 10.2M 1s
[2024-07-14T16:19:49.595-0300] {subprocess.py:93} INFO -   4200K .......... .......... .......... .......... .......... 53%  315M 1s
[2024-07-14T16:19:49.596-0300] {subprocess.py:93} INFO -   4250K .......... .......... .......... .......... .......... 54% 28.0M 1s
[2024-07-14T16:19:49.601-0300] {subprocess.py:93} INFO -   4300K .......... .......... .......... .......... .......... 55% 9.70M 1s
[2024-07-14T16:19:49.602-0300] {subprocess.py:93} INFO -   4350K .......... .......... .......... .......... .......... 55%  228M 1s
[2024-07-14T16:19:49.605-0300] {subprocess.py:93} INFO -   4400K .......... .......... .......... .......... .......... 56% 13.6M 1s
[2024-07-14T16:19:49.606-0300] {subprocess.py:93} INFO -   4450K .......... .......... .......... .......... .......... 56%  159M 1s
[2024-07-14T16:19:49.609-0300] {subprocess.py:93} INFO -   4500K .......... .......... .......... .......... .......... 57% 15.7M 1s
[2024-07-14T16:19:49.610-0300] {subprocess.py:93} INFO -   4550K .......... .......... .......... .......... .......... 58% 45.4M 1s
[2024-07-14T16:19:49.613-0300] {subprocess.py:93} INFO -   4600K .......... .......... .......... .......... .......... 58% 14.6M 1s
[2024-07-14T16:19:49.614-0300] {subprocess.py:93} INFO -   4650K .......... .......... .......... .......... .......... 59%  141M 1s
[2024-07-14T16:19:49.618-0300] {subprocess.py:93} INFO -   4700K .......... .......... .......... .......... .......... 60% 11.5M 1s
[2024-07-14T16:19:49.621-0300] {subprocess.py:93} INFO -   4750K .......... .......... .......... .......... .......... 60%  148M 1s
[2024-07-14T16:19:49.622-0300] {subprocess.py:93} INFO -   4800K .......... .......... .......... .......... .......... 61% 13.4M 1s
[2024-07-14T16:19:49.624-0300] {subprocess.py:93} INFO -   4850K .......... .......... .......... .......... .......... 62% 21.8M 1s
[2024-07-14T16:19:49.625-0300] {subprocess.py:93} INFO -   4900K .......... .......... .......... .......... .......... 62% 34.4M 1s
[2024-07-14T16:19:49.629-0300] {subprocess.py:93} INFO -   4950K .......... .......... .......... .......... .......... 63% 15.3M 1s
[2024-07-14T16:19:49.630-0300] {subprocess.py:93} INFO -   5000K .......... .......... .......... .......... .......... 63% 39.1M 1s
[2024-07-14T16:19:49.638-0300] {subprocess.py:93} INFO -   5050K .......... .......... .......... .......... .......... 64% 5.56M 1s
[2024-07-14T16:19:49.639-0300] {subprocess.py:93} INFO -   5100K .......... .......... .......... .......... .......... 65%  122M 1s
[2024-07-14T16:19:49.641-0300] {subprocess.py:93} INFO -   5150K .......... .......... .......... .......... .......... 65% 30.6M 1s
[2024-07-14T16:19:49.641-0300] {subprocess.py:93} INFO -   5200K .......... .......... .......... .......... .......... 66%  202M 1s
[2024-07-14T16:19:49.641-0300] {subprocess.py:93} INFO -   5250K .......... .......... .......... .......... .......... 67%  113M 1s
[2024-07-14T16:19:49.642-0300] {subprocess.py:93} INFO -   5300K .......... .......... .......... .......... .......... 67% 52.1M 1s
[2024-07-14T16:19:49.643-0300] {subprocess.py:93} INFO -   5350K .......... .......... .......... .......... .......... 68%  274M 1s
[2024-07-14T16:19:49.644-0300] {subprocess.py:93} INFO -   5400K .......... .......... .......... .......... .......... 68% 38.3M 1s
[2024-07-14T16:19:49.678-0300] {subprocess.py:93} INFO -   5450K .......... .......... .......... .......... .......... 69% 1.42M 1s
[2024-07-14T16:19:49.679-0300] {subprocess.py:93} INFO -   5500K .......... .......... .......... .......... .......... 70%  274M 1s
[2024-07-14T16:19:49.682-0300] {subprocess.py:93} INFO -   5550K .......... .......... .......... .......... .......... 70% 11.9M 1s
[2024-07-14T16:19:49.683-0300] {subprocess.py:93} INFO -   5600K .......... .......... .......... .......... .......... 71%  193M 1s
[2024-07-14T16:19:49.684-0300] {subprocess.py:93} INFO -   5650K .......... .......... .......... .......... .......... 72% 30.1M 1s
[2024-07-14T16:19:49.689-0300] {subprocess.py:93} INFO -   5700K .......... .......... .......... .......... .......... 72% 10.3M 1s
[2024-07-14T16:19:49.689-0300] {subprocess.py:93} INFO -   5750K .......... .......... .......... .......... .......... 73% 92.0M 0s
[2024-07-14T16:19:49.690-0300] {subprocess.py:93} INFO -   5800K .......... .......... .......... .......... .......... 74% 61.7M 0s
[2024-07-14T16:19:49.691-0300] {subprocess.py:93} INFO -   5850K .......... .......... .......... .......... .......... 74%  287M 0s
[2024-07-14T16:19:49.691-0300] {subprocess.py:93} INFO -   5900K .......... .......... .......... .......... .......... 75% 88.9M 0s
[2024-07-14T16:19:49.692-0300] {subprocess.py:93} INFO -   5950K .......... .......... .......... .......... .......... 75% 61.0M 0s
[2024-07-14T16:19:49.693-0300] {subprocess.py:93} INFO -   6000K .......... .......... .......... .......... .......... 76% 49.1M 0s
[2024-07-14T16:19:49.693-0300] {subprocess.py:93} INFO -   6050K .......... .......... .......... .......... .......... 77%  334M 0s
[2024-07-14T16:19:49.694-0300] {subprocess.py:93} INFO -   6100K .......... .......... .......... .......... .......... 77% 44.6M 0s
[2024-07-14T16:19:49.695-0300] {subprocess.py:93} INFO -   6150K .......... .......... .......... .......... .......... 78%  261M 0s
[2024-07-14T16:19:49.695-0300] {subprocess.py:93} INFO -   6200K .......... .......... .......... .......... .......... 79% 78.3M 0s
[2024-07-14T16:19:49.695-0300] {subprocess.py:93} INFO -   6250K .......... .......... .......... .......... .......... 79%  271M 0s
[2024-07-14T16:19:49.696-0300] {subprocess.py:93} INFO -   6300K .......... .......... .......... .......... .......... 80% 50.1M 0s
[2024-07-14T16:19:49.696-0300] {subprocess.py:93} INFO -   6350K .......... .......... .......... .......... .......... 80%  245M 0s
[2024-07-14T16:19:49.697-0300] {subprocess.py:93} INFO -   6400K .......... .......... .......... .......... .......... 81% 44.9M 0s
[2024-07-14T16:19:49.698-0300] {subprocess.py:93} INFO -   6450K .......... .......... .......... .......... .......... 82%  313M 0s
[2024-07-14T16:19:49.698-0300] {subprocess.py:93} INFO -   6500K .......... .......... .......... .......... .......... 82%  346M 0s
[2024-07-14T16:19:49.700-0300] {subprocess.py:93} INFO -   6550K .......... .......... .......... .......... .......... 83% 22.8M 0s
[2024-07-14T16:19:49.700-0300] {subprocess.py:93} INFO -   6600K .......... .......... .......... .......... .......... 84%  296M 0s
[2024-07-14T16:19:49.701-0300] {subprocess.py:93} INFO -   6650K .......... .......... .......... .......... .......... 84%  332M 0s
[2024-07-14T16:19:49.701-0300] {subprocess.py:93} INFO -   6700K .......... .......... .......... .......... .......... 85%  344M 0s
[2024-07-14T16:19:49.702-0300] {subprocess.py:93} INFO -   6750K .......... .......... .......... .......... .......... 86% 66.7M 0s
[2024-07-14T16:19:49.702-0300] {subprocess.py:93} INFO -   6800K .......... .......... .......... .......... .......... 86%  146M 0s
[2024-07-14T16:19:49.702-0300] {subprocess.py:93} INFO -   6850K .......... .......... .......... .......... .......... 87%  284M 0s
[2024-07-14T16:19:49.703-0300] {subprocess.py:93} INFO -   6900K .......... .......... .......... .......... .......... 87% 27.6M 0s
[2024-07-14T16:19:49.704-0300] {subprocess.py:93} INFO -   6950K .......... .......... .......... .......... .......... 88%  307M 0s
[2024-07-14T16:19:49.704-0300] {subprocess.py:93} INFO -   7000K .......... .......... .......... .......... .......... 89%  334M 0s
[2024-07-14T16:19:49.711-0300] {subprocess.py:93} INFO -   7050K .......... .......... .......... .......... .......... 89% 6.19M 0s
[2024-07-14T16:19:49.712-0300] {subprocess.py:93} INFO -   7100K .......... .......... .......... .......... .......... 90%  136M 0s
[2024-07-14T16:19:49.713-0300] {subprocess.py:93} INFO -   7150K .......... .......... .......... .......... .......... 91% 80.3M 0s
[2024-07-14T16:19:49.713-0300] {subprocess.py:93} INFO -   7200K .......... .......... .......... .......... .......... 91% 66.2M 0s
[2024-07-14T16:19:49.715-0300] {subprocess.py:93} INFO -   7250K .......... .......... .......... .......... .......... 92% 26.0M 0s
[2024-07-14T16:19:49.715-0300] {subprocess.py:93} INFO -   7300K .......... .......... .......... .......... .......... 93%  291M 0s
[2024-07-14T16:19:49.717-0300] {subprocess.py:93} INFO -   7350K .......... .......... .......... .......... .......... 93% 26.5M 0s
[2024-07-14T16:19:49.718-0300] {subprocess.py:93} INFO -   7400K .......... .......... .......... .......... .......... 94% 46.3M 0s
[2024-07-14T16:19:49.722-0300] {subprocess.py:93} INFO -   7450K .......... .......... .......... .......... .......... 94% 13.2M 0s
[2024-07-14T16:19:49.722-0300] {subprocess.py:93} INFO -   7500K .......... .......... .......... .......... .......... 95% 62.8M 0s
[2024-07-14T16:19:49.727-0300] {subprocess.py:93} INFO -   7550K .......... .......... .......... .......... .......... 96%  257M 0s
[2024-07-14T16:19:49.728-0300] {subprocess.py:93} INFO -   7600K .......... .......... .......... .......... .......... 96% 10.1M 0s
[2024-07-14T16:19:49.728-0300] {subprocess.py:93} INFO -   7650K .......... .......... .......... .......... .......... 97% 75.0M 0s
[2024-07-14T16:19:49.729-0300] {subprocess.py:93} INFO -   7700K .......... .......... .......... .......... .......... 98%  219M 0s
[2024-07-14T16:19:49.731-0300] {subprocess.py:93} INFO -   7750K .......... .......... .......... .......... .......... 98% 22.4M 0s
[2024-07-14T16:19:49.731-0300] {subprocess.py:93} INFO -   7800K .......... .......... .......... .......... .......... 99%  249M 0s
[2024-07-14T16:19:49.732-0300] {subprocess.py:93} INFO -   7850K .......... .......... .......... .......... .......... 99% 36.6M 0s
[2024-07-14T16:19:49.733-0300] {subprocess.py:93} INFO -   7900K .                                                     100% 31.0K=1.4s
[2024-07-14T16:19:49.733-0300] {subprocess.py:93} INFO - 
[2024-07-14T16:19:49.734-0300] {subprocess.py:93} INFO - 2024-07-14 16:19:49 (5.54 MB/s) - ‘/Users/axelsirota/repos/up_running_apache_airflow/downloads/yelp.csv’ saved [8091185/8091185]
[2024-07-14T16:19:49.734-0300] {subprocess.py:93} INFO - 
[2024-07-14T16:19:49.736-0300] {subprocess.py:97} INFO - Command exited with return code 0
[2024-07-14T16:19:49.737-0300] {taskinstance.py:441} INFO - ::group::Post task execution logs
[2024-07-14T16:19:49.760-0300] {taskinstance.py:1206} INFO - Marking task as SUCCESS. dag_id=schedule_dag, task_id=download_file, run_id=scheduled__2024-07-11T00:00:00+00:00, execution_date=20240711T000000, start_date=20240714T191945, end_date=20240714T191949
[2024-07-14T16:19:49.812-0300] {local_task_job_runner.py:240} INFO - Task exited with return code 0
[2024-07-14T16:19:49.839-0300] {taskinstance.py:3503} INFO - 1 downstream tasks scheduled from follow-on schedule check
[2024-07-14T16:19:49.841-0300] {local_task_job_runner.py:222} INFO - ::endgroup::
