[2024-07-14T16:19:17.382-0300] {local_task_job_runner.py:120} INFO - ::group::Pre task execution logs
[2024-07-14T16:19:17.414-0300] {taskinstance.py:2076} INFO - Dependencies all met for dep_context=non-requeueable deps ti=<TaskInstance: schedule_dag.download_file scheduled__2024-07-07T00:00:00+00:00 [queued]>
[2024-07-14T16:19:17.421-0300] {taskinstance.py:2076} INFO - Dependencies all met for dep_context=requeueable deps ti=<TaskInstance: schedule_dag.download_file scheduled__2024-07-07T00:00:00+00:00 [queued]>
[2024-07-14T16:19:17.422-0300] {taskinstance.py:2306} INFO - Starting attempt 1 of 2
[2024-07-14T16:19:17.437-0300] {taskinstance.py:2330} INFO - Executing <Task(BashOperator): download_file> on 2024-07-07 00:00:00+00:00
[2024-07-14T16:19:17.441-0300] {standard_task_runner.py:63} INFO - Started process 87517 to run task
[2024-07-14T16:19:17.449-0300] {standard_task_runner.py:90} INFO - Running: ['airflow', 'tasks', 'run', 'schedule_dag', 'download_file', 'scheduled__2024-07-07T00:00:00+00:00', '--job-id', '32', '--raw', '--subdir', 'DAGS_FOLDER/6_backfill_with_schedule.py', '--cfg-path', '/var/folders/g0/jqvp4xxs5pn4cds1xb9339xm0000gn/T/tmpiusq9nh3']
[2024-07-14T16:19:17.452-0300] {standard_task_runner.py:91} INFO - Job 32: Subtask download_file
[2024-07-14T16:19:17.514-0300] {task_command.py:426} INFO - Running <TaskInstance: schedule_dag.download_file scheduled__2024-07-07T00:00:00+00:00 [running]> on host axels-personal-mac.local
[2024-07-14T16:19:17.590-0300] {taskinstance.py:2648} INFO - Exporting env vars: AIRFLOW_CTX_DAG_OWNER='airflow' AIRFLOW_CTX_DAG_ID='schedule_dag' AIRFLOW_CTX_TASK_ID='download_file' AIRFLOW_CTX_EXECUTION_DATE='2024-07-07T00:00:00+00:00' AIRFLOW_CTX_TRY_NUMBER='1' AIRFLOW_CTX_DAG_RUN_ID='scheduled__2024-07-07T00:00:00+00:00'
[2024-07-14T16:19:17.592-0300] {taskinstance.py:430} INFO - ::endgroup::
[2024-07-14T16:19:17.593-0300] {subprocess.py:63} INFO - Tmp dir root location: /var/folders/g0/jqvp4xxs5pn4cds1xb9339xm0000gn/T
[2024-07-14T16:19:17.594-0300] {subprocess.py:75} INFO - Running command: ['/bin/bash', '-c', 'mkdir -p ${AIRFLOW_HOME}/downloads && wget -O ${AIRFLOW_HOME}/downloads/yelp.csv https://www.dropbox.com/scl/fi/2k8im8ftu9yk8mnqhops9/yelp.csv?rlkey=52dzmxgys0su77wb6o75vb5ab&st=lmz21rpk&dl=0']
[2024-07-14T16:19:17.602-0300] {subprocess.py:86} INFO - Output:
[2024-07-14T16:19:17.628-0300] {subprocess.py:93} INFO - --2024-07-14 16:19:17--  https://www.dropbox.com/scl/fi/2k8im8ftu9yk8mnqhops9/yelp.csv?rlkey=52dzmxgys0su77wb6o75vb5ab
[2024-07-14T16:19:17.647-0300] {subprocess.py:93} INFO - Resolving www.dropbox.com (www.dropbox.com)... 162.125.5.18, 2620:100:601d:18::a27d:512
[2024-07-14T16:19:17.778-0300] {subprocess.py:93} INFO - Connecting to www.dropbox.com (www.dropbox.com)|162.125.5.18|:443... connected.
[2024-07-14T16:19:18.642-0300] {subprocess.py:93} INFO - HTTP request sent, awaiting response... 302 Found
[2024-07-14T16:19:18.643-0300] {subprocess.py:93} INFO - Location: https://uc56c8f0375885f47e319f836d9b.dl.dropboxusercontent.com/cd/0/inline/CWut5B3bsc_tFib4E-xI75dvt0P8MzVF_5IUZZabc2QrlP02DFd6fHeltXQpGo107RJIeZtQFrMqStzpYQwPx2qiUfHks3KsT3gMfhlaeQmqamBpJRccTVs0ZNFn--BR_Z1i0_wtg1AJHec-HRVPOXHt/file# [following]
[2024-07-14T16:19:18.644-0300] {subprocess.py:93} INFO - --2024-07-14 16:19:18--  https://uc56c8f0375885f47e319f836d9b.dl.dropboxusercontent.com/cd/0/inline/CWut5B3bsc_tFib4E-xI75dvt0P8MzVF_5IUZZabc2QrlP02DFd6fHeltXQpGo107RJIeZtQFrMqStzpYQwPx2qiUfHks3KsT3gMfhlaeQmqamBpJRccTVs0ZNFn--BR_Z1i0_wtg1AJHec-HRVPOXHt/file
[2024-07-14T16:19:18.734-0300] {subprocess.py:93} INFO - Resolving uc56c8f0375885f47e319f836d9b.dl.dropboxusercontent.com (uc56c8f0375885f47e319f836d9b.dl.dropboxusercontent.com)... 162.125.5.15, 2620:100:601d:15::a27d:50f
[2024-07-14T16:19:18.866-0300] {subprocess.py:93} INFO - Connecting to uc56c8f0375885f47e319f836d9b.dl.dropboxusercontent.com (uc56c8f0375885f47e319f836d9b.dl.dropboxusercontent.com)|162.125.5.15|:443... connected.
[2024-07-14T16:19:19.670-0300] {subprocess.py:93} INFO - HTTP request sent, awaiting response... 200 OK
[2024-07-14T16:19:19.671-0300] {subprocess.py:93} INFO - Length: 8091185 (7.7M) [text/plain]
[2024-07-14T16:19:19.672-0300] {subprocess.py:93} INFO - Saving to: ‘/Users/axelsirota/repos/up_running_apache_airflow/downloads/yelp.csv’
[2024-07-14T16:19:19.672-0300] {subprocess.py:93} INFO - 
[2024-07-14T16:19:19.970-0300] {subprocess.py:93} INFO -      0K .......... .......... .......... .......... ..........  0%  167K 47s
[2024-07-14T16:19:20.084-0300] {subprocess.py:93} INFO -     50K .......... .......... .......... .......... ..........  1%  438K 32s
[2024-07-14T16:19:20.145-0300] {subprocess.py:93} INFO -    100K .......... .......... .......... .......... ..........  1%  818K 25s
[2024-07-14T16:19:20.204-0300] {subprocess.py:93} INFO -    150K .......... .......... .......... .......... ..........  2%  848K 21s
[2024-07-14T16:19:20.259-0300] {subprocess.py:93} INFO -    200K .......... .......... .......... .......... ..........  3%  913K 18s
[2024-07-14T16:19:20.287-0300] {subprocess.py:93} INFO -    250K .......... .......... .......... .......... ..........  3% 1.72M 16s
[2024-07-14T16:19:20.313-0300] {subprocess.py:93} INFO -    300K .......... .......... .......... .......... ..........  4% 1.90M 14s
[2024-07-14T16:19:20.357-0300] {subprocess.py:93} INFO -    350K .......... .......... .......... .......... ..........  5% 1.29M 13s
[2024-07-14T16:19:20.378-0300] {subprocess.py:93} INFO -    400K .......... .......... .......... .......... ..........  5% 1.76M 12s
[2024-07-14T16:19:20.406-0300] {subprocess.py:93} INFO -    450K .......... .......... .......... .......... ..........  6% 1.79M 11s
[2024-07-14T16:19:20.422-0300] {subprocess.py:93} INFO -    500K .......... .......... .......... .......... ..........  6% 3.05M 10s
[2024-07-14T16:19:20.433-0300] {subprocess.py:93} INFO -    550K .......... .......... .......... .......... ..........  7% 4.34M 9s
[2024-07-14T16:19:20.455-0300] {subprocess.py:93} INFO -    600K .......... .......... .......... .......... ..........  8% 2.24M 9s
[2024-07-14T16:19:20.465-0300] {subprocess.py:93} INFO -    650K .......... .......... .......... .......... ..........  8% 4.69M 8s
[2024-07-14T16:19:20.478-0300] {subprocess.py:93} INFO -    700K .......... .......... .......... .......... ..........  9% 3.94M 8s
[2024-07-14T16:19:20.493-0300] {subprocess.py:93} INFO -    750K .......... .......... .......... .......... .......... 10% 5.24M 7s
[2024-07-14T16:19:20.504-0300] {subprocess.py:93} INFO -    800K .......... .......... .......... .......... .......... 10% 2.86M 7s
[2024-07-14T16:19:20.521-0300] {subprocess.py:93} INFO -    850K .......... .......... .......... .......... .......... 11% 2.79M 7s
[2024-07-14T16:19:20.531-0300] {subprocess.py:93} INFO -    900K .......... .......... .......... .......... .......... 12% 4.98M 6s
[2024-07-14T16:19:20.551-0300] {subprocess.py:93} INFO -    950K .......... .......... .......... .......... .......... 12% 2.42M 6s
[2024-07-14T16:19:20.564-0300] {subprocess.py:93} INFO -   1000K .......... .......... .......... .......... .......... 13% 3.93M 6s
[2024-07-14T16:19:20.574-0300] {subprocess.py:93} INFO -   1050K .......... .......... .......... .......... .......... 13% 4.85M 6s
[2024-07-14T16:19:20.581-0300] {subprocess.py:93} INFO -   1100K .......... .......... .......... .......... .......... 14% 7.12M 5s
[2024-07-14T16:19:20.590-0300] {subprocess.py:93} INFO -   1150K .......... .......... .......... .......... .......... 15% 5.32M 5s
[2024-07-14T16:19:20.603-0300] {subprocess.py:93} INFO -   1200K .......... .......... .......... .......... .......... 15% 3.77M 5s
[2024-07-14T16:19:20.607-0300] {subprocess.py:93} INFO -   1250K .......... .......... .......... .......... .......... 16% 11.6M 5s
[2024-07-14T16:19:20.613-0300] {subprocess.py:93} INFO -   1300K .......... .......... .......... .......... .......... 17% 8.42M 5s
[2024-07-14T16:19:20.626-0300] {subprocess.py:93} INFO -   1350K .......... .......... .......... .......... .......... 17% 3.85M 4s
[2024-07-14T16:19:20.626-0300] {subprocess.py:93} INFO -   1400K .......... .......... .......... .......... .......... 18%  225M 4s
[2024-07-14T16:19:20.635-0300] {subprocess.py:93} INFO -   1450K .......... .......... .......... .......... .......... 18% 5.06M 4s
[2024-07-14T16:19:20.636-0300] {subprocess.py:93} INFO -   1500K .......... .......... .......... .......... .......... 19%  241M 4s
[2024-07-14T16:19:20.646-0300] {subprocess.py:93} INFO -   1550K .......... .......... .......... .......... .......... 20% 4.85M 4s
[2024-07-14T16:19:20.651-0300] {subprocess.py:93} INFO -   1600K .......... .......... .......... .......... .......... 20% 9.39M 4s
[2024-07-14T16:19:20.655-0300] {subprocess.py:93} INFO -   1650K .......... .......... .......... .......... .......... 21% 11.7M 4s
[2024-07-14T16:19:20.661-0300] {subprocess.py:93} INFO -   1700K .......... .......... .......... .......... .......... 22% 7.76M 3s
[2024-07-14T16:19:20.666-0300] {subprocess.py:93} INFO -   1750K .......... .......... .......... .......... .......... 22% 10.1M 3s
[2024-07-14T16:19:20.672-0300] {subprocess.py:93} INFO -   1800K .......... .......... .......... .......... .......... 23% 8.35M 3s
[2024-07-14T16:19:20.674-0300] {subprocess.py:93} INFO -   1850K .......... .......... .......... .......... .......... 24% 31.3M 3s
[2024-07-14T16:19:20.678-0300] {subprocess.py:93} INFO -   1900K .......... .......... .......... .......... .......... 24% 12.5M 3s
[2024-07-14T16:19:20.688-0300] {subprocess.py:93} INFO -   1950K .......... .......... .......... .......... .......... 25% 9.34M 3s
[2024-07-14T16:19:20.695-0300] {subprocess.py:93} INFO -   2000K .......... .......... .......... .......... .......... 25% 4.14M 3s
[2024-07-14T16:19:20.700-0300] {subprocess.py:93} INFO -   2050K .......... .......... .......... .......... .......... 26% 9.03M 3s
[2024-07-14T16:19:20.705-0300] {subprocess.py:93} INFO -   2100K .......... .......... .......... .......... .......... 27% 10.6M 3s
[2024-07-14T16:19:20.706-0300] {subprocess.py:93} INFO -   2150K .......... .......... .......... .......... .......... 27% 37.1M 3s
[2024-07-14T16:19:20.711-0300] {subprocess.py:93} INFO -   2200K .......... .......... .......... .......... .......... 28% 10.2M 3s
[2024-07-14T16:19:20.728-0300] {subprocess.py:93} INFO -   2250K .......... .......... .......... .......... .......... 29% 2.80M 3s
[2024-07-14T16:19:20.729-0300] {subprocess.py:93} INFO -   2300K .......... .......... .......... .......... .......... 29% 48.5M 3s
[2024-07-14T16:19:20.733-0300] {subprocess.py:93} INFO -   2350K .......... .......... .......... .......... .......... 30% 11.3M 2s
[2024-07-14T16:19:20.734-0300] {subprocess.py:93} INFO -   2400K .......... .......... .......... .......... .......... 31%  116M 2s
[2024-07-14T16:19:20.737-0300] {subprocess.py:93} INFO -   2450K .......... .......... .......... .......... .......... 31% 13.5M 2s
[2024-07-14T16:19:20.744-0300] {subprocess.py:93} INFO -   2500K .......... .......... .......... .......... .......... 32% 7.79M 2s
[2024-07-14T16:19:20.750-0300] {subprocess.py:93} INFO -   2550K .......... .......... .......... .......... .......... 32% 8.35M 2s
[2024-07-14T16:19:20.750-0300] {subprocess.py:93} INFO -   2600K .......... .......... .......... .......... .......... 33%  159M 2s
[2024-07-14T16:19:20.754-0300] {subprocess.py:93} INFO -   2650K .......... .......... .......... .......... .......... 34% 11.5M 2s
[2024-07-14T16:19:20.760-0300] {subprocess.py:93} INFO -   2700K .......... .......... .......... .......... .......... 34% 8.12M 2s
[2024-07-14T16:19:20.782-0300] {subprocess.py:93} INFO -   2750K .......... .......... .......... .......... .......... 35% 3.25M 2s
[2024-07-14T16:19:20.783-0300] {subprocess.py:93} INFO -   2800K .......... .......... .......... .......... .......... 36% 6.81M 2s
[2024-07-14T16:19:20.788-0300] {subprocess.py:93} INFO -   2850K .......... .......... .......... .......... .......... 36% 8.09M 2s
[2024-07-14T16:19:20.789-0300] {subprocess.py:93} INFO -   2900K .......... .......... .......... .......... .......... 37%  101M 2s
[2024-07-14T16:19:20.794-0300] {subprocess.py:93} INFO -   2950K .......... .......... .......... .......... .......... 37% 10.3M 2s
[2024-07-14T16:19:20.794-0300] {subprocess.py:93} INFO -   3000K .......... .......... .......... .......... .......... 38%  298M 2s
[2024-07-14T16:19:20.798-0300] {subprocess.py:93} INFO -   3050K .......... .......... .......... .......... .......... 39% 10.4M 2s
[2024-07-14T16:19:20.804-0300] {subprocess.py:93} INFO -   3100K .......... .......... .......... .......... .......... 39% 8.37M 2s
[2024-07-14T16:19:20.805-0300] {subprocess.py:93} INFO -   3150K .......... .......... .......... .......... .......... 40%  205M 2s
[2024-07-14T16:19:20.809-0300] {subprocess.py:93} INFO -   3200K .......... .......... .......... .......... .......... 41% 10.7M 2s
[2024-07-14T16:19:20.810-0300] {subprocess.py:93} INFO -   3250K .......... .......... .......... .......... .......... 41% 66.4M 2s
[2024-07-14T16:19:20.814-0300] {subprocess.py:93} INFO -   3300K .......... .......... .......... .......... .......... 42% 10.3M 2s
[2024-07-14T16:19:20.815-0300] {subprocess.py:93} INFO -   3350K .......... .......... .......... .......... .......... 43% 70.8M 2s
[2024-07-14T16:19:20.820-0300] {subprocess.py:93} INFO -   3400K .......... .......... .......... .......... .......... 43% 10.1M 1s
[2024-07-14T16:19:20.821-0300] {subprocess.py:93} INFO -   3450K .......... .......... .......... .......... .......... 44% 52.3M 1s
[2024-07-14T16:19:20.829-0300] {subprocess.py:93} INFO -   3500K .......... .......... .......... .......... .......... 44% 6.05M 1s
[2024-07-14T16:19:20.830-0300] {subprocess.py:93} INFO -   3550K .......... .......... .......... .......... .......... 45% 63.8M 1s
[2024-07-14T16:19:20.832-0300] {subprocess.py:93} INFO -   3600K .......... .......... .......... .......... .......... 46% 20.3M 1s
[2024-07-14T16:19:20.833-0300] {subprocess.py:93} INFO -   3650K .......... .......... .......... .......... .......... 46% 66.6M 1s
[2024-07-14T16:19:20.837-0300] {subprocess.py:93} INFO -   3700K .......... .......... .......... .......... .......... 47% 11.8M 1s
[2024-07-14T16:19:20.838-0300] {subprocess.py:93} INFO -   3750K .......... .......... .......... .......... .......... 48% 71.4M 1s
[2024-07-14T16:19:20.845-0300] {subprocess.py:93} INFO -   3800K .......... .......... .......... .......... .......... 48% 6.35M 1s
[2024-07-14T16:19:20.846-0300] {subprocess.py:93} INFO -   3850K .......... .......... .......... .......... .......... 49%  137M 1s
[2024-07-14T16:19:20.847-0300] {subprocess.py:93} INFO -   3900K .......... .......... .......... .......... .......... 49% 43.9M 1s
[2024-07-14T16:19:20.847-0300] {subprocess.py:93} INFO -   3950K .......... .......... .......... .......... .......... 50%  114M 1s
[2024-07-14T16:19:20.849-0300] {subprocess.py:93} INFO -   4000K .......... .......... .......... .......... .......... 51% 36.7M 1s
[2024-07-14T16:19:20.852-0300] {subprocess.py:93} INFO -   4050K .......... .......... .......... .......... .......... 51% 13.9M 1s
[2024-07-14T16:19:20.856-0300] {subprocess.py:93} INFO -   4100K .......... .......... .......... .......... .......... 52% 13.9M 1s
[2024-07-14T16:19:20.856-0300] {subprocess.py:93} INFO -   4150K .......... .......... .......... .......... .......... 53%  217M 1s
[2024-07-14T16:19:20.859-0300] {subprocess.py:93} INFO -   4200K .......... .......... .......... .......... .......... 53% 15.9M 1s
[2024-07-14T16:19:20.860-0300] {subprocess.py:93} INFO -   4250K .......... .......... .......... .......... .......... 54% 58.8M 1s
[2024-07-14T16:19:20.866-0300] {subprocess.py:93} INFO -   4300K .......... .......... .......... .......... .......... 55% 7.33M 1s
[2024-07-14T16:19:20.867-0300] {subprocess.py:93} INFO -   4350K .......... .......... .......... .......... .......... 55% 89.6M 1s
[2024-07-14T16:19:20.868-0300] {subprocess.py:93} INFO -   4400K .......... .......... .......... .......... .......... 56% 51.5M 1s
[2024-07-14T16:19:20.869-0300] {subprocess.py:93} INFO -   4450K .......... .......... .......... .......... .......... 56% 60.4M 1s
[2024-07-14T16:19:20.870-0300] {subprocess.py:93} INFO -   4500K .......... .......... .......... .......... .......... 57% 55.5M 1s
[2024-07-14T16:19:20.877-0300] {subprocess.py:93} INFO -   4550K .......... .......... .......... .......... .......... 58% 6.78M 1s
[2024-07-14T16:19:20.877-0300] {subprocess.py:93} INFO -   4600K .......... .......... .......... .......... .......... 58%  106M 1s
[2024-07-14T16:19:20.878-0300] {subprocess.py:93} INFO -   4650K .......... .......... .......... .......... .......... 59% 43.7M 1s
[2024-07-14T16:19:20.879-0300] {subprocess.py:93} INFO -   4700K .......... .......... .......... .......... .......... 60% 71.8M 1s
[2024-07-14T16:19:20.880-0300] {subprocess.py:93} INFO -   4750K .......... .......... .......... .......... .......... 60% 61.0M 1s
[2024-07-14T16:19:20.886-0300] {subprocess.py:93} INFO -   4800K .......... .......... .......... .......... .......... 61% 7.61M 1s
[2024-07-14T16:19:20.887-0300] {subprocess.py:93} INFO -   4850K .......... .......... .......... .......... .......... 62% 98.4M 1s
[2024-07-14T16:19:20.892-0300] {subprocess.py:93} INFO -   4900K .......... .......... .......... .......... .......... 62% 9.27M 1s
[2024-07-14T16:19:20.893-0300] {subprocess.py:93} INFO -   4950K .......... .......... .......... .......... .......... 63% 55.4M 1s
[2024-07-14T16:19:20.896-0300] {subprocess.py:93} INFO -   5000K .......... .......... .......... .......... .......... 63% 16.5M 1s
[2024-07-14T16:19:20.896-0300] {subprocess.py:93} INFO -   5050K .......... .......... .......... .......... .......... 64% 92.1M 1s
[2024-07-14T16:19:20.905-0300] {subprocess.py:93} INFO -   5100K .......... .......... .......... .......... .......... 65% 5.68M 1s
[2024-07-14T16:19:20.906-0300] {subprocess.py:93} INFO -   5150K .......... .......... .......... .......... .......... 65% 91.8M 1s
[2024-07-14T16:19:20.906-0300] {subprocess.py:93} INFO -   5200K .......... .......... .......... .......... .......... 66% 83.2M 1s
[2024-07-14T16:19:20.907-0300] {subprocess.py:93} INFO -   5250K .......... .......... .......... .......... .......... 67% 70.4M 1s
[2024-07-14T16:19:20.908-0300] {subprocess.py:93} INFO -   5300K .......... .......... .......... .......... .......... 67% 36.3M 1s
[2024-07-14T16:19:20.909-0300] {subprocess.py:93} INFO -   5350K .......... .......... .......... .......... .......... 68%  131M 1s
[2024-07-14T16:19:20.910-0300] {subprocess.py:93} INFO -   5400K .......... .......... .......... .......... .......... 68% 49.4M 1s
[2024-07-14T16:19:20.910-0300] {subprocess.py:93} INFO -   5450K .......... .......... .......... .......... .......... 69%  254M 1s
[2024-07-14T16:19:20.914-0300] {subprocess.py:93} INFO -   5500K .......... .......... .......... .......... .......... 70% 11.7M 1s
[2024-07-14T16:19:20.915-0300] {subprocess.py:93} INFO -   5550K .......... .......... .......... .......... .......... 70% 41.6M 1s
[2024-07-14T16:19:20.918-0300] {subprocess.py:93} INFO -   5600K .......... .......... .......... .......... .......... 71% 16.4M 0s
[2024-07-14T16:19:20.923-0300] {subprocess.py:93} INFO -   5650K .......... .......... .......... .......... .......... 72% 10.0M 0s
[2024-07-14T16:19:20.929-0300] {subprocess.py:93} INFO -   5700K .......... .......... .......... .......... .......... 72% 8.17M 0s
[2024-07-14T16:19:20.935-0300] {subprocess.py:93} INFO -   5750K .......... .......... .......... .......... .......... 73% 8.63M 0s
[2024-07-14T16:19:20.935-0300] {subprocess.py:93} INFO -   5800K .......... .......... .......... .......... .......... 74% 68.7M 0s
[2024-07-14T16:19:20.942-0300] {subprocess.py:93} INFO -   5850K .......... .......... .......... .......... .......... 74% 7.54M 0s
[2024-07-14T16:19:20.942-0300] {subprocess.py:93} INFO -   5900K .......... .......... .......... .......... .......... 75%  177M 0s
[2024-07-14T16:19:20.943-0300] {subprocess.py:93} INFO -   5950K .......... .......... .......... .......... .......... 75%  128M 0s
[2024-07-14T16:19:20.943-0300] {subprocess.py:93} INFO -   6000K .......... .......... .......... .......... .......... 76% 87.3M 0s
[2024-07-14T16:19:20.944-0300] {subprocess.py:93} INFO -   6050K .......... .......... .......... .......... .......... 77% 77.5M 0s
[2024-07-14T16:19:20.944-0300] {subprocess.py:93} INFO -   6100K .......... .......... .......... .......... .......... 77% 64.7M 0s
[2024-07-14T16:19:20.948-0300] {subprocess.py:93} INFO -   6150K .......... .......... .......... .......... .......... 78% 13.2M 0s
[2024-07-14T16:19:20.949-0300] {subprocess.py:93} INFO -   6200K .......... .......... .......... .......... .......... 79%  201M 0s
[2024-07-14T16:19:20.949-0300] {subprocess.py:93} INFO -   6250K .......... .......... .......... .......... .......... 79% 47.5M 0s
[2024-07-14T16:19:20.950-0300] {subprocess.py:93} INFO -   6300K .......... .......... .......... .......... .......... 80% 85.1M 0s
[2024-07-14T16:19:20.951-0300] {subprocess.py:93} INFO -   6350K .......... .......... .......... .......... .......... 80% 65.3M 0s
[2024-07-14T16:19:20.956-0300] {subprocess.py:93} INFO -   6400K .......... .......... .......... .......... .......... 81% 9.18M 0s
[2024-07-14T16:19:20.957-0300] {subprocess.py:93} INFO -   6450K .......... .......... .......... .......... .......... 82% 39.2M 0s
[2024-07-14T16:19:20.958-0300] {subprocess.py:93} INFO -   6500K .......... .......... .......... .......... .......... 82% 64.2M 0s
[2024-07-14T16:19:20.963-0300] {subprocess.py:93} INFO -   6550K .......... .......... .......... .......... .......... 83% 10.5M 0s
[2024-07-14T16:19:20.964-0300] {subprocess.py:93} INFO -   6600K .......... .......... .......... .......... .......... 84% 50.1M 0s
[2024-07-14T16:19:20.965-0300] {subprocess.py:93} INFO -   6650K .......... .......... .......... .......... .......... 84% 52.6M 0s
[2024-07-14T16:19:20.965-0300] {subprocess.py:93} INFO -   6700K .......... .......... .......... .......... .......... 85%  212M 0s
[2024-07-14T16:19:20.968-0300] {subprocess.py:93} INFO -   6750K .......... .......... .......... .......... .......... 86% 16.9M 0s
[2024-07-14T16:19:20.968-0300] {subprocess.py:93} INFO -   6800K .......... .......... .......... .......... .......... 86%  128M 0s
[2024-07-14T16:19:20.977-0300] {subprocess.py:93} INFO -   6850K .......... .......... .......... .......... .......... 87% 5.37M 0s
[2024-07-14T16:19:20.978-0300] {subprocess.py:93} INFO -   6900K .......... .......... .......... .......... .......... 87% 49.5M 0s
[2024-07-14T16:19:20.979-0300] {subprocess.py:93} INFO -   6950K .......... .......... .......... .......... .......... 88%  182M 0s
[2024-07-14T16:19:20.979-0300] {subprocess.py:93} INFO -   7000K .......... .......... .......... .......... .......... 89% 59.3M 0s
[2024-07-14T16:19:20.981-0300] {subprocess.py:93} INFO -   7050K .......... .......... .......... .......... .......... 89% 25.9M 0s
[2024-07-14T16:19:20.982-0300] {subprocess.py:93} INFO -   7100K .......... .......... .......... .......... .......... 90%  127M 0s
[2024-07-14T16:19:20.983-0300] {subprocess.py:93} INFO -   7150K .......... .......... .......... .......... .......... 91% 48.7M 0s
[2024-07-14T16:19:20.983-0300] {subprocess.py:93} INFO -   7200K .......... .......... .......... .......... .......... 91%  153M 0s
[2024-07-14T16:19:20.985-0300] {subprocess.py:93} INFO -   7250K .......... .......... .......... .......... .......... 92% 20.7M 0s
[2024-07-14T16:19:20.986-0300] {subprocess.py:93} INFO -   7300K .......... .......... .......... .......... .......... 93%  281M 0s
[2024-07-14T16:19:20.992-0300] {subprocess.py:93} INFO -   7350K .......... .......... .......... .......... .......... 93% 7.04M 0s
[2024-07-14T16:19:20.993-0300] {subprocess.py:93} INFO -   7400K .......... .......... .......... .......... .......... 94%  155M 0s
[2024-07-14T16:19:20.994-0300] {subprocess.py:93} INFO -   7450K .......... .......... .......... .......... .......... 94% 80.2M 0s
[2024-07-14T16:19:20.994-0300] {subprocess.py:93} INFO -   7500K .......... .......... .......... .......... .......... 95%  133M 0s
[2024-07-14T16:19:20.996-0300] {subprocess.py:93} INFO -   7550K .......... .......... .......... .......... .......... 96% 21.6M 0s
[2024-07-14T16:19:20.997-0300] {subprocess.py:93} INFO -   7600K .......... .......... .......... .......... .......... 96%  202M 0s
[2024-07-14T16:19:20.997-0300] {subprocess.py:93} INFO -   7650K .......... .......... .......... .......... .......... 97%  332M 0s
[2024-07-14T16:19:20.998-0300] {subprocess.py:93} INFO -   7700K .......... .......... .......... .......... .......... 98% 70.8M 0s
[2024-07-14T16:19:20.998-0300] {subprocess.py:93} INFO -   7750K .......... .......... .......... .......... .......... 98%  175M 0s
[2024-07-14T16:19:20.998-0300] {subprocess.py:93} INFO -   7800K .......... .......... .......... .......... .......... 99% 55.9M 0s
[2024-07-14T16:19:20.999-0300] {subprocess.py:93} INFO -   7850K .......... .......... .......... .......... .......... 99% 79.7M 0s
[2024-07-14T16:19:20.999-0300] {subprocess.py:93} INFO -   7900K .                                                     100% 31.0K=1.3s
[2024-07-14T16:19:21.000-0300] {subprocess.py:93} INFO - 
[2024-07-14T16:19:21.000-0300] {subprocess.py:93} INFO - 2024-07-14 16:19:20 (5.81 MB/s) - ‘/Users/axelsirota/repos/up_running_apache_airflow/downloads/yelp.csv’ saved [8091185/8091185]
[2024-07-14T16:19:21.001-0300] {subprocess.py:93} INFO - 
[2024-07-14T16:19:21.008-0300] {subprocess.py:97} INFO - Command exited with return code 0
[2024-07-14T16:19:21.009-0300] {taskinstance.py:441} INFO - ::group::Post task execution logs
[2024-07-14T16:19:21.032-0300] {taskinstance.py:1206} INFO - Marking task as SUCCESS. dag_id=schedule_dag, task_id=download_file, run_id=scheduled__2024-07-07T00:00:00+00:00, execution_date=20240707T000000, start_date=20240714T191917, end_date=20240714T191921
[2024-07-14T16:19:21.058-0300] {local_task_job_runner.py:240} INFO - Task exited with return code 0
[2024-07-14T16:19:21.089-0300] {taskinstance.py:3503} INFO - 1 downstream tasks scheduled from follow-on schedule check
[2024-07-14T16:19:21.091-0300] {local_task_job_runner.py:222} INFO - ::endgroup::
