[2024-07-14T16:01:51.010-0300] {local_task_job_runner.py:120} INFO - ::group::Pre task execution logs
[2024-07-14T16:01:51.047-0300] {taskinstance.py:2076} INFO - Dependencies all met for dep_context=non-requeueable deps ti=<TaskInstance: download_dag.download_file scheduled__2024-07-13T00:00:00+00:00 [queued]>
[2024-07-14T16:01:51.055-0300] {taskinstance.py:2076} INFO - Dependencies all met for dep_context=requeueable deps ti=<TaskInstance: download_dag.download_file scheduled__2024-07-13T00:00:00+00:00 [queued]>
[2024-07-14T16:01:51.056-0300] {taskinstance.py:2306} INFO - Starting attempt 1 of 2
[2024-07-14T16:01:51.069-0300] {taskinstance.py:2330} INFO - Executing <Task(BashOperator): download_file> on 2024-07-13 00:00:00+00:00
[2024-07-14T16:01:51.073-0300] {standard_task_runner.py:63} INFO - Started process 86558 to run task
[2024-07-14T16:01:51.080-0300] {standard_task_runner.py:90} INFO - Running: ['airflow', 'tasks', 'run', 'download_dag', 'download_file', 'scheduled__2024-07-13T00:00:00+00:00', '--job-id', '3', '--raw', '--subdir', 'DAGS_FOLDER/2_bash_operator.py', '--cfg-path', '/var/folders/g0/jqvp4xxs5pn4cds1xb9339xm0000gn/T/tmpn2s90ayc']
[2024-07-14T16:01:51.084-0300] {standard_task_runner.py:91} INFO - Job 3: Subtask download_file
[2024-07-14T16:01:51.143-0300] {task_command.py:426} INFO - Running <TaskInstance: download_dag.download_file scheduled__2024-07-13T00:00:00+00:00 [running]> on host axels-personal-mac.local
[2024-07-14T16:01:51.224-0300] {taskinstance.py:2648} INFO - Exporting env vars: AIRFLOW_CTX_DAG_OWNER='airflow' AIRFLOW_CTX_DAG_ID='download_dag' AIRFLOW_CTX_TASK_ID='download_file' AIRFLOW_CTX_EXECUTION_DATE='2024-07-13T00:00:00+00:00' AIRFLOW_CTX_TRY_NUMBER='1' AIRFLOW_CTX_DAG_RUN_ID='scheduled__2024-07-13T00:00:00+00:00'
[2024-07-14T16:01:51.225-0300] {taskinstance.py:430} INFO - ::endgroup::
[2024-07-14T16:01:51.226-0300] {subprocess.py:63} INFO - Tmp dir root location: /var/folders/g0/jqvp4xxs5pn4cds1xb9339xm0000gn/T
[2024-07-14T16:01:51.228-0300] {subprocess.py:75} INFO - Running command: ['/bin/bash', '-c', 'mkdir -p ${AIRFLOW_HOME}/downloads && wget -O ${AIRFLOW_HOME}/downloads/yelp.csv https://www.dropbox.com/scl/fi/2k8im8ftu9yk8mnqhops9/yelp.csv?rlkey=52dzmxgys0su77wb6o75vb5ab&st=lmz21rpk&dl=0']
[2024-07-14T16:01:51.235-0300] {subprocess.py:86} INFO - Output:
[2024-07-14T16:01:51.388-0300] {subprocess.py:93} INFO - --2024-07-14 16:01:51--  https://www.dropbox.com/scl/fi/2k8im8ftu9yk8mnqhops9/yelp.csv?rlkey=52dzmxgys0su77wb6o75vb5ab
[2024-07-14T16:01:51.509-0300] {subprocess.py:93} INFO - Resolving www.dropbox.com (www.dropbox.com)... 2620:100:601d:18::a27d:512, 162.125.5.18
[2024-07-14T16:01:51.653-0300] {subprocess.py:93} INFO - Connecting to www.dropbox.com (www.dropbox.com)|2620:100:601d:18::a27d:512|:443... connected.
[2024-07-14T16:01:52.573-0300] {subprocess.py:93} INFO - HTTP request sent, awaiting response... 302 Found
[2024-07-14T16:01:52.574-0300] {subprocess.py:93} INFO - Location: https://uc031c8f77780d52003a7a5d6522.dl.dropboxusercontent.com/cd/0/inline/CWtISAX6_e7JstAEJATudjpYW1BaVzCjtpJJD8PCoXeulAopDHli7wLo0BFXcXHxK5cfR_M_PwPGwgA2ipYX9DjhhjkH-WtgJEMLatyvbLZ7wOMLjCLE2YnYtaB9PHvH_cEhnOxI1g2s55GNNn7X5yc_/file# [following]
[2024-07-14T16:01:52.575-0300] {subprocess.py:93} INFO - --2024-07-14 16:01:52--  https://uc031c8f77780d52003a7a5d6522.dl.dropboxusercontent.com/cd/0/inline/CWtISAX6_e7JstAEJATudjpYW1BaVzCjtpJJD8PCoXeulAopDHli7wLo0BFXcXHxK5cfR_M_PwPGwgA2ipYX9DjhhjkH-WtgJEMLatyvbLZ7wOMLjCLE2YnYtaB9PHvH_cEhnOxI1g2s55GNNn7X5yc_/file
[2024-07-14T16:01:52.776-0300] {subprocess.py:93} INFO - Resolving uc031c8f77780d52003a7a5d6522.dl.dropboxusercontent.com (uc031c8f77780d52003a7a5d6522.dl.dropboxusercontent.com)... 2620:100:601d:15::a27d:50f, 162.125.5.15
[2024-07-14T16:01:52.923-0300] {subprocess.py:93} INFO - Connecting to uc031c8f77780d52003a7a5d6522.dl.dropboxusercontent.com (uc031c8f77780d52003a7a5d6522.dl.dropboxusercontent.com)|2620:100:601d:15::a27d:50f|:443... connected.
[2024-07-14T16:01:53.884-0300] {subprocess.py:93} INFO - HTTP request sent, awaiting response... 200 OK
[2024-07-14T16:01:53.885-0300] {subprocess.py:93} INFO - Length: 8091185 (7.7M) [text/plain]
[2024-07-14T16:01:53.885-0300] {subprocess.py:93} INFO - Saving to: ‘/Users/axelsirota/repos/up_running_apache_airflow/downloads/yelp.csv’
[2024-07-14T16:01:53.886-0300] {subprocess.py:93} INFO - 
[2024-07-14T16:01:54.200-0300] {subprocess.py:93} INFO -      0K .......... .......... .......... .......... ..........  0%  158K 50s
[2024-07-14T16:01:54.329-0300] {subprocess.py:93} INFO -     50K .......... .......... .......... .......... ..........  1%  389K 35s
[2024-07-14T16:01:54.391-0300] {subprocess.py:93} INFO -    100K .......... .......... .......... .......... ..........  1%  805K 26s
[2024-07-14T16:01:54.458-0300] {subprocess.py:93} INFO -    150K .......... .......... .......... .......... ..........  2%  750K 22s
[2024-07-14T16:01:54.500-0300] {subprocess.py:93} INFO -    200K .......... .......... .......... .......... ..........  3% 1.15M 19s
[2024-07-14T16:01:54.534-0300] {subprocess.py:93} INFO -    250K .......... .......... .......... .......... ..........  3% 1.43M 16s
[2024-07-14T16:01:54.568-0300] {subprocess.py:93} INFO -    300K .......... .......... .......... .......... ..........  4% 1.45M 15s
[2024-07-14T16:01:54.601-0300] {subprocess.py:93} INFO -    350K .......... .......... .......... .......... ..........  5% 2.30M 13s
[2024-07-14T16:01:54.622-0300] {subprocess.py:93} INFO -    400K .......... .......... .......... .......... ..........  5% 1.49M 12s
[2024-07-14T16:01:54.650-0300] {subprocess.py:93} INFO -    450K .......... .......... .......... .......... ..........  6% 1.70M 11s
[2024-07-14T16:01:54.663-0300] {subprocess.py:93} INFO -    500K .......... .......... .......... .......... ..........  6% 3.95M 10s
[2024-07-14T16:01:54.683-0300] {subprocess.py:93} INFO -    550K .......... .......... .......... .......... ..........  7% 2.46M 10s
[2024-07-14T16:01:54.696-0300] {subprocess.py:93} INFO -    600K .......... .......... .......... .......... ..........  8% 3.76M 9s
[2024-07-14T16:01:54.710-0300] {subprocess.py:93} INFO -    650K .......... .......... .......... .......... ..........  8% 3.33M 8s
[2024-07-14T16:01:54.725-0300] {subprocess.py:93} INFO -    700K .......... .......... .......... .......... ..........  9% 3.40M 8s
[2024-07-14T16:01:54.745-0300] {subprocess.py:93} INFO -    750K .......... .......... .......... .......... .......... 10% 3.77M 8s
[2024-07-14T16:01:54.753-0300] {subprocess.py:93} INFO -    800K .......... .......... .......... .......... .......... 10% 3.27M 7s
[2024-07-14T16:01:54.765-0300] {subprocess.py:93} INFO -    850K .......... .......... .......... .......... .......... 11% 4.00M 7s
[2024-07-14T16:01:54.772-0300] {subprocess.py:93} INFO -    900K .......... .......... .......... .......... .......... 12% 7.31M 6s
[2024-07-14T16:01:54.785-0300] {subprocess.py:93} INFO -    950K .......... .......... .......... .......... .......... 12% 3.62M 6s
[2024-07-14T16:01:54.793-0300] {subprocess.py:93} INFO -   1000K .......... .......... .......... .......... .......... 13% 6.27M 6s
[2024-07-14T16:01:54.800-0300] {subprocess.py:93} INFO -   1050K .......... .......... .......... .......... .......... 13% 6.84M 6s
[2024-07-14T16:01:54.813-0300] {subprocess.py:93} INFO -   1100K .......... .......... .......... .......... .......... 14% 3.72M 5s
[2024-07-14T16:01:54.820-0300] {subprocess.py:93} INFO -   1150K .......... .......... .......... .......... .......... 15% 7.03M 5s
[2024-07-14T16:01:54.834-0300] {subprocess.py:93} INFO -   1200K .......... .......... .......... .......... .......... 15% 3.39M 5s
[2024-07-14T16:01:54.838-0300] {subprocess.py:93} INFO -   1250K .......... .......... .......... .......... .......... 16% 14.4M 5s
[2024-07-14T16:01:54.848-0300] {subprocess.py:93} INFO -   1300K .......... .......... .......... .......... .......... 17% 4.91M 5s
[2024-07-14T16:01:54.854-0300] {subprocess.py:93} INFO -   1350K .......... .......... .......... .......... .......... 17% 7.48M 5s
[2024-07-14T16:01:54.861-0300] {subprocess.py:93} INFO -   1400K .......... .......... .......... .......... .......... 18% 7.46M 4s
[2024-07-14T16:01:54.876-0300] {subprocess.py:93} INFO -   1450K .......... .......... .......... .......... .......... 18% 3.32M 4s
[2024-07-14T16:01:54.883-0300] {subprocess.py:93} INFO -   1500K .......... .......... .......... .......... .......... 19% 7.01M 4s
[2024-07-14T16:01:54.883-0300] {subprocess.py:93} INFO -   1550K .......... .......... .......... .......... .......... 20%  229M 4s
[2024-07-14T16:01:54.888-0300] {subprocess.py:93} INFO -   1600K .......... .......... .......... .......... .......... 20% 9.51M 4s
[2024-07-14T16:01:54.895-0300] {subprocess.py:93} INFO -   1650K .......... .......... .......... .......... .......... 21% 6.89M 4s
[2024-07-14T16:01:54.902-0300] {subprocess.py:93} INFO -   1700K .......... .......... .......... .......... .......... 22% 7.22M 4s
[2024-07-14T16:01:54.908-0300] {subprocess.py:93} INFO -   1750K .......... .......... .......... .......... .......... 22% 8.09M 3s
[2024-07-14T16:01:54.916-0300] {subprocess.py:93} INFO -   1800K .......... .......... .......... .......... .......... 23% 6.06M 3s
[2024-07-14T16:01:54.924-0300] {subprocess.py:93} INFO -   1850K .......... .......... .......... .......... .......... 24% 6.05M 3s
[2024-07-14T16:01:54.928-0300] {subprocess.py:93} INFO -   1900K .......... .......... .......... .......... .......... 24% 12.4M 3s
[2024-07-14T16:01:54.936-0300] {subprocess.py:93} INFO -   1950K .......... .......... .......... .......... .......... 25% 6.58M 3s
[2024-07-14T16:01:54.939-0300] {subprocess.py:93} INFO -   2000K .......... .......... .......... .......... .......... 25% 13.9M 3s
[2024-07-14T16:01:54.939-0300] {subprocess.py:93} INFO -   2050K .......... .......... .......... .......... .......... 26%  309M 3s
[2024-07-14T16:01:54.942-0300] {subprocess.py:93} INFO -   2100K .......... .......... .......... .......... .......... 27% 14.8M 3s
[2024-07-14T16:01:54.950-0300] {subprocess.py:93} INFO -   2150K .......... .......... .......... .......... .......... 27% 6.16M 3s
[2024-07-14T16:01:54.951-0300] {subprocess.py:93} INFO -   2200K .......... .......... .......... .......... .......... 28% 37.0M 3s
[2024-07-14T16:01:54.957-0300] {subprocess.py:93} INFO -   2250K .......... .......... .......... .......... .......... 29% 9.21M 3s
[2024-07-14T16:01:54.963-0300] {subprocess.py:93} INFO -   2300K .......... .......... .......... .......... .......... 29% 7.92M 3s
[2024-07-14T16:01:54.969-0300] {subprocess.py:93} INFO -   2350K .......... .......... .......... .......... .......... 30% 8.08M 2s
[2024-07-14T16:01:54.971-0300] {subprocess.py:93} INFO -   2400K .......... .......... .......... .......... .......... 31% 19.2M 2s
[2024-07-14T16:01:54.984-0300] {subprocess.py:93} INFO -   2450K .......... .......... .......... .......... .......... 31% 4.04M 2s
[2024-07-14T16:01:54.989-0300] {subprocess.py:93} INFO -   2500K .......... .......... .......... .......... .......... 32% 9.16M 2s
[2024-07-14T16:01:54.996-0300] {subprocess.py:93} INFO -   2550K .......... .......... .......... .......... .......... 32% 6.96M 2s
[2024-07-14T16:01:54.999-0300] {subprocess.py:93} INFO -   2600K .......... .......... .......... .......... .......... 33% 15.3M 2s
[2024-07-14T16:01:55.002-0300] {subprocess.py:93} INFO -   2650K .......... .......... .......... .......... .......... 34% 19.2M 2s
[2024-07-14T16:01:55.002-0300] {subprocess.py:93} INFO -   2700K .......... .......... .......... .......... .......... 34%  253M 2s
[2024-07-14T16:01:55.004-0300] {subprocess.py:93} INFO -   2750K .......... .......... .......... .......... .......... 35% 23.3M 2s
[2024-07-14T16:01:55.011-0300] {subprocess.py:93} INFO -   2800K .......... .......... .......... .......... .......... 36% 6.93M 2s
[2024-07-14T16:01:55.012-0300] {subprocess.py:93} INFO -   2850K .......... .......... .......... .......... .......... 36% 59.0M 2s
[2024-07-14T16:01:55.017-0300] {subprocess.py:93} INFO -   2900K .......... .......... .......... .......... .......... 37% 10.2M 2s
[2024-07-14T16:01:55.025-0300] {subprocess.py:93} INFO -   2950K .......... .......... .......... .......... .......... 37% 6.13M 2s
[2024-07-14T16:01:55.025-0300] {subprocess.py:93} INFO -   3000K .......... .......... .......... .......... .......... 38%  270M 2s
[2024-07-14T16:01:55.032-0300] {subprocess.py:93} INFO -   3050K .......... .......... .......... .......... .......... 39% 6.41M 2s
[2024-07-14T16:01:55.035-0300] {subprocess.py:93} INFO -   3100K .......... .......... .......... .......... .......... 39% 23.0M 2s
[2024-07-14T16:01:55.035-0300] {subprocess.py:93} INFO -   3150K .......... .......... .......... .......... .......... 40%  252M 2s
[2024-07-14T16:01:55.038-0300] {subprocess.py:93} INFO -   3200K .......... .......... .......... .......... .......... 41% 15.2M 2s
[2024-07-14T16:01:55.044-0300] {subprocess.py:93} INFO -   3250K .......... .......... .......... .......... .......... 41% 8.33M 2s
[2024-07-14T16:01:55.048-0300] {subprocess.py:93} INFO -   3300K .......... .......... .......... .......... .......... 42% 11.3M 2s
[2024-07-14T16:01:55.051-0300] {subprocess.py:93} INFO -   3350K .......... .......... .......... .......... .......... 43% 17.8M 2s
[2024-07-14T16:01:55.057-0300] {subprocess.py:93} INFO -   3400K .......... .......... .......... .......... .......... 43% 8.16M 2s
[2024-07-14T16:01:55.063-0300] {subprocess.py:93} INFO -   3450K .......... .......... .......... .......... .......... 44% 7.33M 1s
[2024-07-14T16:01:55.068-0300] {subprocess.py:93} INFO -   3500K .......... .......... .......... .......... .......... 44% 11.9M 1s
[2024-07-14T16:01:55.069-0300] {subprocess.py:93} INFO -   3550K .......... .......... .......... .......... .......... 45%  186M 1s
[2024-07-14T16:01:55.069-0300] {subprocess.py:93} INFO -   3600K .......... .......... .......... .......... .......... 46% 53.0M 1s
[2024-07-14T16:01:55.072-0300] {subprocess.py:93} INFO -   3650K .......... .......... .......... .......... .......... 46% 13.8M 1s
[2024-07-14T16:01:55.075-0300] {subprocess.py:93} INFO -   3700K .......... .......... .......... .......... .......... 47% 20.6M 1s
[2024-07-14T16:01:55.078-0300] {subprocess.py:93} INFO -   3750K .......... .......... .......... .......... .......... 48% 13.2M 1s
[2024-07-14T16:01:55.085-0300] {subprocess.py:93} INFO -   3800K .......... .......... .......... .......... .......... 48% 7.94M 1s
[2024-07-14T16:01:55.085-0300] {subprocess.py:93} INFO -   3850K .......... .......... .......... .......... .......... 49%  217M 1s
[2024-07-14T16:01:55.299-0300] {subprocess.py:93} INFO -   3900K .......... .......... .......... .......... .......... 49%  233K 1s
[2024-07-14T16:01:55.300-0300] {subprocess.py:93} INFO -   3950K .......... .......... .......... .......... .......... 50%  222M 1s
[2024-07-14T16:01:55.300-0300] {subprocess.py:93} INFO -   4000K .......... .......... .......... .......... .......... 51%  206M 1s
[2024-07-14T16:01:55.301-0300] {subprocess.py:93} INFO -   4050K .......... .......... .......... .......... .......... 51%  330M 1s
[2024-07-14T16:01:55.301-0300] {subprocess.py:93} INFO -   4100K .......... .......... .......... .......... .......... 52%  337M 1s
[2024-07-14T16:01:55.301-0300] {subprocess.py:93} INFO -   4150K .......... .......... .......... .......... .......... 53%  267M 1s
[2024-07-14T16:01:55.302-0300] {subprocess.py:93} INFO -   4200K .......... .......... .......... .......... .......... 53%  339M 1s
[2024-07-14T16:01:55.302-0300] {subprocess.py:93} INFO -   4250K .......... .......... .......... .......... .......... 54%  315M 1s
[2024-07-14T16:01:55.302-0300] {subprocess.py:93} INFO -   4300K .......... .......... .......... .......... .......... 55%  279M 1s
[2024-07-14T16:01:55.303-0300] {subprocess.py:93} INFO -   4350K .......... .......... .......... .......... .......... 55%  339M 1s
[2024-07-14T16:01:55.303-0300] {subprocess.py:93} INFO -   4400K .......... .......... .......... .......... .......... 56%  260M 1s
[2024-07-14T16:01:55.304-0300] {subprocess.py:93} INFO -   4450K .......... .......... .......... .......... .......... 56%  344M 1s
[2024-07-14T16:01:55.304-0300] {subprocess.py:93} INFO -   4500K .......... .......... .......... .......... .......... 57%  323M 1s
[2024-07-14T16:01:55.304-0300] {subprocess.py:93} INFO -   4550K .......... .......... .......... .......... .......... 58%  323M 1s
[2024-07-14T16:01:55.305-0300] {subprocess.py:93} INFO -   4600K .......... .......... .......... .......... .......... 58%  315M 1s
[2024-07-14T16:01:55.305-0300] {subprocess.py:93} INFO -   4650K .......... .......... .......... .......... .......... 59%  328M 1s
[2024-07-14T16:01:55.305-0300] {subprocess.py:93} INFO -   4700K .......... .......... .......... .......... .......... 60%  323M 1s
[2024-07-14T16:01:55.306-0300] {subprocess.py:93} INFO -   4750K .......... .......... .......... .......... .......... 60%  341M 1s
[2024-07-14T16:01:55.306-0300] {subprocess.py:93} INFO -   4800K .......... .......... .......... .......... .......... 61%  258M 1s
[2024-07-14T16:01:55.306-0300] {subprocess.py:93} INFO -   4850K .......... .......... .......... .......... .......... 62%  344M 1s
[2024-07-14T16:01:55.307-0300] {subprocess.py:93} INFO -   4900K .......... .......... .......... .......... .......... 62%  209M 1s
[2024-07-14T16:01:55.307-0300] {subprocess.py:93} INFO -   4950K .......... .......... .......... .......... .......... 63%  298M 1s
[2024-07-14T16:01:55.308-0300] {subprocess.py:93} INFO -   5000K .......... .......... .......... .......... .......... 63%  328M 1s
[2024-07-14T16:01:55.308-0300] {subprocess.py:93} INFO -   5050K .......... .......... .......... .......... .......... 64%  332M 1s
[2024-07-14T16:01:55.308-0300] {subprocess.py:93} INFO -   5100K .......... .......... .......... .......... .......... 65%  317M 1s
[2024-07-14T16:01:55.309-0300] {subprocess.py:93} INFO -   5150K .......... .......... .......... .......... .......... 65%  303M 1s
[2024-07-14T16:01:55.309-0300] {subprocess.py:93} INFO -   5200K .......... .......... .......... .......... .......... 66%  218M 1s
[2024-07-14T16:01:55.309-0300] {subprocess.py:93} INFO -   5250K .......... .......... .......... .......... .......... 67%  334M 1s
[2024-07-14T16:01:55.310-0300] {subprocess.py:93} INFO -   5300K .......... .......... .......... .......... .......... 67%  346M 1s
[2024-07-14T16:01:55.310-0300] {subprocess.py:93} INFO -   5350K .......... .......... .......... .......... .......... 68%  287M 1s
[2024-07-14T16:01:55.310-0300] {subprocess.py:93} INFO -   5400K .......... .......... .......... .......... .......... 68%  321M 1s
[2024-07-14T16:01:55.311-0300] {subprocess.py:93} INFO -   5450K .......... .......... .......... .......... .......... 69%  344M 1s
[2024-07-14T16:01:55.311-0300] {subprocess.py:93} INFO -   5500K .......... .......... .......... .......... .......... 70%  344M 1s
[2024-07-14T16:01:55.311-0300] {subprocess.py:93} INFO -   5550K .......... .......... .......... .......... .......... 70%  286M 1s
[2024-07-14T16:01:55.312-0300] {subprocess.py:93} INFO -   5600K .......... .......... .......... .......... .......... 71%  244M 1s
[2024-07-14T16:01:55.312-0300] {subprocess.py:93} INFO -   5650K .......... .......... .......... .......... .......... 72%  339M 1s
[2024-07-14T16:01:55.313-0300] {subprocess.py:93} INFO -   5700K .......... .......... .......... .......... .......... 72%  334M 1s
[2024-07-14T16:01:55.313-0300] {subprocess.py:93} INFO -   5750K .......... .......... .......... .......... .......... 73%  341M 1s
[2024-07-14T16:01:55.313-0300] {subprocess.py:93} INFO -   5800K .......... .......... .......... .......... .......... 74%  351M 0s
[2024-07-14T16:01:55.314-0300] {subprocess.py:93} INFO -   5850K .......... .......... .......... .......... .......... 74%  313M 0s
[2024-07-14T16:01:55.314-0300] {subprocess.py:93} INFO -   5900K .......... .......... .......... .......... .......... 75%  303M 0s
[2024-07-14T16:01:55.314-0300] {subprocess.py:93} INFO -   5950K .......... .......... .......... .......... .......... 75%  273M 0s
[2024-07-14T16:01:55.315-0300] {subprocess.py:93} INFO -   6000K .......... .......... .......... .......... .......... 76%  256M 0s
[2024-07-14T16:01:55.316-0300] {subprocess.py:93} INFO -   6050K .......... .......... .......... .......... .......... 77%  346M 0s
[2024-07-14T16:01:55.317-0300] {subprocess.py:93} INFO -   6100K .......... .......... .......... .......... .......... 77%  346M 0s
[2024-07-14T16:01:55.317-0300] {subprocess.py:93} INFO -   6150K .......... .......... .......... .......... .......... 78%  341M 0s
[2024-07-14T16:01:55.318-0300] {subprocess.py:93} INFO -   6200K .......... .......... .......... .......... .......... 79%  254M 0s
[2024-07-14T16:01:55.318-0300] {subprocess.py:93} INFO -   6250K .......... .......... .......... .......... .......... 79%  339M 0s
[2024-07-14T16:01:55.319-0300] {subprocess.py:93} INFO -   6300K .......... .......... .......... .......... .......... 80%  346M 0s
[2024-07-14T16:01:55.319-0300] {subprocess.py:93} INFO -   6350K .......... .......... .......... .......... .......... 80%  351M 0s
[2024-07-14T16:01:55.319-0300] {subprocess.py:93} INFO -   6400K .......... .......... .......... .......... .......... 81%  265M 0s
[2024-07-14T16:01:55.320-0300] {subprocess.py:93} INFO -   6450K .......... .......... .......... .......... .......... 82%  351M 0s
[2024-07-14T16:01:55.320-0300] {subprocess.py:93} INFO -   6500K .......... .......... .......... .......... .......... 82%  264M 0s
[2024-07-14T16:01:55.321-0300] {subprocess.py:93} INFO -   6550K .......... .......... .......... .......... .......... 83%  346M 0s
[2024-07-14T16:01:55.321-0300] {subprocess.py:93} INFO -   6600K .......... .......... .......... .......... .......... 84%  349M 0s
[2024-07-14T16:01:55.322-0300] {subprocess.py:93} INFO -   6650K .......... .......... .......... .......... .......... 84%  349M 0s
[2024-07-14T16:01:55.322-0300] {subprocess.py:93} INFO -   6700K .......... .......... .......... .......... .......... 85%  337M 0s
[2024-07-14T16:01:55.322-0300] {subprocess.py:93} INFO -   6750K .......... .......... .......... .......... .......... 86%  341M 0s
[2024-07-14T16:01:55.323-0300] {subprocess.py:93} INFO -   6800K .......... .......... .......... .......... .......... 86%  229M 0s
[2024-07-14T16:01:55.323-0300] {subprocess.py:93} INFO -   6850K .......... .......... .......... .......... .......... 87%  334M 0s
[2024-07-14T16:01:55.324-0300] {subprocess.py:93} INFO -   6900K .......... .......... .......... .......... .......... 87%  339M 0s
[2024-07-14T16:01:55.324-0300] {subprocess.py:93} INFO -   6950K .......... .......... .......... .......... .......... 88%  268M 0s
[2024-07-14T16:01:55.325-0300] {subprocess.py:93} INFO -   7000K .......... .......... .......... .......... .......... 89%  351M 0s
[2024-07-14T16:01:55.325-0300] {subprocess.py:93} INFO -   7050K .......... .......... .......... .......... .......... 89%  337M 0s
[2024-07-14T16:01:55.325-0300] {subprocess.py:93} INFO -   7100K .......... .......... .......... .......... .......... 90%  344M 0s
[2024-07-14T16:01:55.326-0300] {subprocess.py:93} INFO -   7150K .......... .......... .......... .......... .......... 91%  305M 0s
[2024-07-14T16:01:55.326-0300] {subprocess.py:93} INFO -   7200K .......... .......... .......... .......... .......... 91%  231M 0s
[2024-07-14T16:01:55.326-0300] {subprocess.py:93} INFO -   7250K .......... .......... .......... .......... .......... 92%  344M 0s
[2024-07-14T16:01:55.327-0300] {subprocess.py:93} INFO -   7300K .......... .......... .......... .......... .......... 93%  341M 0s
[2024-07-14T16:01:55.328-0300] {subprocess.py:93} INFO -   7350K .......... .......... .......... .......... .......... 93%  344M 0s
[2024-07-14T16:01:55.328-0300] {subprocess.py:93} INFO -   7400K .......... .......... .......... .......... .......... 94%  349M 0s
[2024-07-14T16:01:55.328-0300] {subprocess.py:93} INFO -   7450K .......... .......... .......... .......... .......... 94%  311M 0s
[2024-07-14T16:01:55.329-0300] {subprocess.py:93} INFO -   7500K .......... .......... .......... .......... .......... 95%  344M 0s
[2024-07-14T16:01:55.329-0300] {subprocess.py:93} INFO -   7550K .......... .......... .......... .......... .......... 96%  351M 0s
[2024-07-14T16:01:55.330-0300] {subprocess.py:93} INFO -   7600K .......... .......... .......... .......... .......... 96%  249M 0s
[2024-07-14T16:01:55.330-0300] {subprocess.py:93} INFO -   7650K .......... .......... .......... .......... .......... 97%  334M 0s
[2024-07-14T16:01:55.331-0300] {subprocess.py:93} INFO -   7700K .......... .......... .......... .......... .......... 98%  334M 0s
[2024-07-14T16:01:55.331-0300] {subprocess.py:93} INFO -   7750K .......... .......... .......... .......... .......... 98%  332M 0s
[2024-07-14T16:01:55.332-0300] {subprocess.py:93} INFO -   7800K .......... .......... .......... .......... .......... 99%  296M 0s
[2024-07-14T16:01:55.332-0300] {subprocess.py:93} INFO -   7850K .......... .......... .......... .......... .......... 99%  292M 0s
[2024-07-14T16:01:55.332-0300] {subprocess.py:93} INFO -   7900K .                                                     100% 31.0K=1.4s
[2024-07-14T16:01:55.333-0300] {subprocess.py:93} INFO - 
[2024-07-14T16:01:55.333-0300] {subprocess.py:93} INFO - 2024-07-14 16:01:55 (5.41 MB/s) - ‘/Users/axelsirota/repos/up_running_apache_airflow/downloads/yelp.csv’ saved [8091185/8091185]
[2024-07-14T16:01:55.333-0300] {subprocess.py:93} INFO - 
[2024-07-14T16:01:55.334-0300] {subprocess.py:97} INFO - Command exited with return code 0
[2024-07-14T16:01:55.335-0300] {taskinstance.py:441} INFO - ::group::Post task execution logs
[2024-07-14T16:01:55.355-0300] {taskinstance.py:1206} INFO - Marking task as SUCCESS. dag_id=download_dag, task_id=download_file, run_id=scheduled__2024-07-13T00:00:00+00:00, execution_date=20240713T000000, start_date=20240714T190151, end_date=20240714T190155
[2024-07-14T16:01:55.400-0300] {local_task_job_runner.py:240} INFO - Task exited with return code 0
[2024-07-14T16:01:55.417-0300] {taskinstance.py:3503} INFO - 0 downstream tasks scheduled from follow-on schedule check
[2024-07-14T16:01:55.418-0300] {local_task_job_runner.py:222} INFO - ::endgroup::
