[2024-07-14T16:13:41.931-0300] {local_task_job_runner.py:120} INFO - ::group::Pre task execution logs
[2024-07-14T16:13:41.964-0300] {taskinstance.py:2076} INFO - Dependencies all met for dep_context=non-requeueable deps ti=<TaskInstance: backfill_dag.cleanup scheduled__2024-07-07T00:00:00+00:00 [queued]>
[2024-07-14T16:13:41.972-0300] {taskinstance.py:2076} INFO - Dependencies all met for dep_context=requeueable deps ti=<TaskInstance: backfill_dag.cleanup scheduled__2024-07-07T00:00:00+00:00 [queued]>
[2024-07-14T16:13:41.973-0300] {taskinstance.py:2306} INFO - Starting attempt 1 of 2
[2024-07-14T16:13:41.988-0300] {taskinstance.py:2330} INFO - Executing <Task(BashOperator): cleanup> on 2024-07-07 00:00:00+00:00
[2024-07-14T16:13:41.991-0300] {standard_task_runner.py:63} INFO - Started process 87194 to run task
[2024-07-14T16:13:41.998-0300] {standard_task_runner.py:90} INFO - Running: ['airflow', 'tasks', 'run', 'backfill_dag', 'cleanup', 'scheduled__2024-07-07T00:00:00+00:00', '--job-id', '15', '--raw', '--subdir', 'DAGS_FOLDER/5_backfill.py', '--cfg-path', '/var/folders/g0/jqvp4xxs5pn4cds1xb9339xm0000gn/T/tmp7d_rnxpe']
[2024-07-14T16:13:42.002-0300] {standard_task_runner.py:91} INFO - Job 15: Subtask cleanup
[2024-07-14T16:13:42.058-0300] {task_command.py:426} INFO - Running <TaskInstance: backfill_dag.cleanup scheduled__2024-07-07T00:00:00+00:00 [running]> on host axels-personal-mac.local
[2024-07-14T16:13:42.139-0300] {taskinstance.py:2648} INFO - Exporting env vars: AIRFLOW_CTX_DAG_OWNER='airflow' AIRFLOW_CTX_DAG_ID='backfill_dag' AIRFLOW_CTX_TASK_ID='cleanup' AIRFLOW_CTX_EXECUTION_DATE='2024-07-07T00:00:00+00:00' AIRFLOW_CTX_TRY_NUMBER='1' AIRFLOW_CTX_DAG_RUN_ID='scheduled__2024-07-07T00:00:00+00:00'
[2024-07-14T16:13:42.141-0300] {taskinstance.py:430} INFO - ::endgroup::
[2024-07-14T16:13:42.142-0300] {subprocess.py:63} INFO - Tmp dir root location: /var/folders/g0/jqvp4xxs5pn4cds1xb9339xm0000gn/T
[2024-07-14T16:13:42.143-0300] {subprocess.py:75} INFO - Running command: ['/bin/bash', '-c', 'rm -rf ${AIRFLOW_HOME}/downloads/processed_yelp.csv']
[2024-07-14T16:13:42.150-0300] {subprocess.py:86} INFO - Output:
[2024-07-14T16:13:42.161-0300] {subprocess.py:97} INFO - Command exited with return code 0
[2024-07-14T16:13:42.162-0300] {taskinstance.py:441} INFO - ::group::Post task execution logs
[2024-07-14T16:13:42.185-0300] {taskinstance.py:1206} INFO - Marking task as SUCCESS. dag_id=backfill_dag, task_id=cleanup, run_id=scheduled__2024-07-07T00:00:00+00:00, execution_date=20240707T000000, start_date=20240714T191341, end_date=20240714T191342
[2024-07-14T16:13:42.232-0300] {local_task_job_runner.py:240} INFO - Task exited with return code 0
[2024-07-14T16:13:42.249-0300] {taskinstance.py:3503} INFO - 0 downstream tasks scheduled from follow-on schedule check
[2024-07-14T16:13:42.250-0300] {local_task_job_runner.py:222} INFO - ::endgroup::
