[2024-07-14T16:05:24.382-0300] {local_task_job_runner.py:120} INFO - ::group::Pre task execution logs
[2024-07-14T16:05:24.414-0300] {taskinstance.py:2076} INFO - Dependencies all met for dep_context=non-requeueable deps ti=<TaskInstance: yelp_data_pipeline.cleanup scheduled__2024-07-13T00:00:00+00:00 [queued]>
[2024-07-14T16:05:24.421-0300] {taskinstance.py:2076} INFO - Dependencies all met for dep_context=requeueable deps ti=<TaskInstance: yelp_data_pipeline.cleanup scheduled__2024-07-13T00:00:00+00:00 [queued]>
[2024-07-14T16:05:24.421-0300] {taskinstance.py:2306} INFO - Starting attempt 1 of 2
[2024-07-14T16:05:24.437-0300] {taskinstance.py:2330} INFO - Executing <Task(BashOperator): cleanup> on 2024-07-13 00:00:00+00:00
[2024-07-14T16:05:24.441-0300] {standard_task_runner.py:63} INFO - Started process 86763 to run task
[2024-07-14T16:05:24.449-0300] {standard_task_runner.py:90} INFO - Running: ['airflow', 'tasks', 'run', 'yelp_data_pipeline', 'cleanup', 'scheduled__2024-07-13T00:00:00+00:00', '--job-id', '6', '--raw', '--subdir', 'DAGS_FOLDER/3_python_operator.py', '--cfg-path', '/var/folders/g0/jqvp4xxs5pn4cds1xb9339xm0000gn/T/tmp1u02xcg7']
[2024-07-14T16:05:24.452-0300] {standard_task_runner.py:91} INFO - Job 6: Subtask cleanup
[2024-07-14T16:05:24.516-0300] {task_command.py:426} INFO - Running <TaskInstance: yelp_data_pipeline.cleanup scheduled__2024-07-13T00:00:00+00:00 [running]> on host axels-personal-mac.local
[2024-07-14T16:05:24.596-0300] {taskinstance.py:2648} INFO - Exporting env vars: AIRFLOW_CTX_DAG_OWNER='airflow' AIRFLOW_CTX_DAG_ID='yelp_data_pipeline' AIRFLOW_CTX_TASK_ID='cleanup' AIRFLOW_CTX_EXECUTION_DATE='2024-07-13T00:00:00+00:00' AIRFLOW_CTX_TRY_NUMBER='1' AIRFLOW_CTX_DAG_RUN_ID='scheduled__2024-07-13T00:00:00+00:00'
[2024-07-14T16:05:24.598-0300] {taskinstance.py:430} INFO - ::endgroup::
[2024-07-14T16:05:24.599-0300] {subprocess.py:63} INFO - Tmp dir root location: /var/folders/g0/jqvp4xxs5pn4cds1xb9339xm0000gn/T
[2024-07-14T16:05:24.600-0300] {subprocess.py:75} INFO - Running command: ['/bin/bash', '-c', 'rm -rf ${AIRFLOW_HOME}/downloads/processed_yelp.csv']
[2024-07-14T16:05:24.608-0300] {subprocess.py:86} INFO - Output:
[2024-07-14T16:05:24.620-0300] {subprocess.py:97} INFO - Command exited with return code 0
[2024-07-14T16:05:24.622-0300] {taskinstance.py:441} INFO - ::group::Post task execution logs
[2024-07-14T16:05:24.645-0300] {taskinstance.py:1206} INFO - Marking task as SUCCESS. dag_id=yelp_data_pipeline, task_id=cleanup, run_id=scheduled__2024-07-13T00:00:00+00:00, execution_date=20240713T000000, start_date=20240714T190524, end_date=20240714T190524
[2024-07-14T16:05:24.677-0300] {local_task_job_runner.py:240} INFO - Task exited with return code 0
[2024-07-14T16:05:24.699-0300] {taskinstance.py:3503} INFO - 0 downstream tasks scheduled from follow-on schedule check
[2024-07-14T16:05:24.699-0300] {local_task_job_runner.py:222} INFO - ::endgroup::
