[2024-07-14T16:05:08.197-0300] {local_task_job_runner.py:120} INFO - ::group::Pre task execution logs
[2024-07-14T16:05:08.227-0300] {taskinstance.py:2076} INFO - Dependencies all met for dep_context=non-requeueable deps ti=<TaskInstance: yelp_data_pipeline.download_file scheduled__2024-07-13T00:00:00+00:00 [queued]>
[2024-07-14T16:05:08.233-0300] {taskinstance.py:2076} INFO - Dependencies all met for dep_context=requeueable deps ti=<TaskInstance: yelp_data_pipeline.download_file scheduled__2024-07-13T00:00:00+00:00 [queued]>
[2024-07-14T16:05:08.233-0300] {taskinstance.py:2306} INFO - Starting attempt 1 of 2
[2024-07-14T16:05:08.245-0300] {taskinstance.py:2330} INFO - Executing <Task(BashOperator): download_file> on 2024-07-13 00:00:00+00:00
[2024-07-14T16:05:08.249-0300] {standard_task_runner.py:63} INFO - Started process 86743 to run task
[2024-07-14T16:05:08.256-0300] {standard_task_runner.py:90} INFO - Running: ['airflow', 'tasks', 'run', 'yelp_data_pipeline', 'download_file', 'scheduled__2024-07-13T00:00:00+00:00', '--job-id', '4', '--raw', '--subdir', 'DAGS_FOLDER/3_python_operator.py', '--cfg-path', '/var/folders/g0/jqvp4xxs5pn4cds1xb9339xm0000gn/T/tmp1wlu9yj3']
[2024-07-14T16:05:08.260-0300] {standard_task_runner.py:91} INFO - Job 4: Subtask download_file
[2024-07-14T16:05:08.320-0300] {task_command.py:426} INFO - Running <TaskInstance: yelp_data_pipeline.download_file scheduled__2024-07-13T00:00:00+00:00 [running]> on host axels-personal-mac.local
[2024-07-14T16:05:08.394-0300] {taskinstance.py:2648} INFO - Exporting env vars: AIRFLOW_CTX_DAG_OWNER='airflow' AIRFLOW_CTX_DAG_ID='yelp_data_pipeline' AIRFLOW_CTX_TASK_ID='download_file' AIRFLOW_CTX_EXECUTION_DATE='2024-07-13T00:00:00+00:00' AIRFLOW_CTX_TRY_NUMBER='1' AIRFLOW_CTX_DAG_RUN_ID='scheduled__2024-07-13T00:00:00+00:00'
[2024-07-14T16:05:08.396-0300] {taskinstance.py:430} INFO - ::endgroup::
[2024-07-14T16:05:08.397-0300] {subprocess.py:63} INFO - Tmp dir root location: /var/folders/g0/jqvp4xxs5pn4cds1xb9339xm0000gn/T
[2024-07-14T16:05:08.398-0300] {subprocess.py:75} INFO - Running command: ['/bin/bash', '-c', 'mkdir -p ${AIRFLOW_HOME}/downloads && wget -O ${AIRFLOW_HOME}/downloads/yelp.csv https://www.dropbox.com/scl/fi/2k8im8ftu9yk8mnqhops9/yelp.csv?rlkey=52dzmxgys0su77wb6o75vb5ab&st=lmz21rpk&dl=0']
[2024-07-14T16:05:08.406-0300] {subprocess.py:86} INFO - Output:
[2024-07-14T16:05:08.431-0300] {subprocess.py:93} INFO - --2024-07-14 16:05:08--  https://www.dropbox.com/scl/fi/2k8im8ftu9yk8mnqhops9/yelp.csv?rlkey=52dzmxgys0su77wb6o75vb5ab
[2024-07-14T16:05:08.541-0300] {subprocess.py:93} INFO - Resolving www.dropbox.com (www.dropbox.com)... 2620:100:601d:18::a27d:512, 162.125.5.18
[2024-07-14T16:05:08.681-0300] {subprocess.py:93} INFO - Connecting to www.dropbox.com (www.dropbox.com)|2620:100:601d:18::a27d:512|:443... connected.
[2024-07-14T16:05:09.507-0300] {subprocess.py:93} INFO - HTTP request sent, awaiting response... 302 Found
[2024-07-14T16:05:09.507-0300] {subprocess.py:93} INFO - Location: https://uc31c60ee2a8d554d92e9bd4e62a.dl.dropboxusercontent.com/cd/0/inline/CWtZhdtBYfdLcXkVt5N2qlzm5Jb_35zclyrdcOi91SQFkobFvHHWQC0wBzn14FF_93q2AVvvFAk3RzRmXQNbElIjewxvpv2p_oX3aEUP7djzZ0xo0bIR0fE01nXIOJouNxRFKX475vjG3R10BV7T6ELE/file# [following]
[2024-07-14T16:05:09.508-0300] {subprocess.py:93} INFO - --2024-07-14 16:05:09--  https://uc31c60ee2a8d554d92e9bd4e62a.dl.dropboxusercontent.com/cd/0/inline/CWtZhdtBYfdLcXkVt5N2qlzm5Jb_35zclyrdcOi91SQFkobFvHHWQC0wBzn14FF_93q2AVvvFAk3RzRmXQNbElIjewxvpv2p_oX3aEUP7djzZ0xo0bIR0fE01nXIOJouNxRFKX475vjG3R10BV7T6ELE/file
[2024-07-14T16:05:09.752-0300] {subprocess.py:93} INFO - Resolving uc31c60ee2a8d554d92e9bd4e62a.dl.dropboxusercontent.com (uc31c60ee2a8d554d92e9bd4e62a.dl.dropboxusercontent.com)... 2620:100:601d:15::a27d:50f, 162.125.5.15
[2024-07-14T16:05:09.892-0300] {subprocess.py:93} INFO - Connecting to uc31c60ee2a8d554d92e9bd4e62a.dl.dropboxusercontent.com (uc31c60ee2a8d554d92e9bd4e62a.dl.dropboxusercontent.com)|2620:100:601d:15::a27d:50f|:443... connected.
[2024-07-14T16:05:10.761-0300] {subprocess.py:93} INFO - HTTP request sent, awaiting response... 200 OK
[2024-07-14T16:05:10.762-0300] {subprocess.py:93} INFO - Length: 8091185 (7.7M) [text/plain]
[2024-07-14T16:05:10.762-0300] {subprocess.py:93} INFO - Saving to: ‘/Users/axelsirota/repos/up_running_apache_airflow/downloads/yelp.csv’
[2024-07-14T16:05:10.763-0300] {subprocess.py:93} INFO - 
[2024-07-14T16:05:11.056-0300] {subprocess.py:93} INFO -      0K .......... .......... .......... .......... ..........  0%  170K 46s
[2024-07-14T16:05:11.177-0300] {subprocess.py:93} INFO -     50K .......... .......... .......... .......... ..........  1%  414K 32s
[2024-07-14T16:05:11.240-0300] {subprocess.py:93} INFO -    100K .......... .......... .......... .......... ..........  1%  787K 25s
[2024-07-14T16:05:11.301-0300] {subprocess.py:93} INFO -    150K .......... .......... .......... .......... ..........  2%  824K 21s
[2024-07-14T16:05:11.354-0300] {subprocess.py:93} INFO -    200K .......... .......... .......... .......... ..........  3%  940K 18s
[2024-07-14T16:05:11.387-0300] {subprocess.py:93} INFO -    250K .......... .......... .......... .......... ..........  3% 1.51M 16s
[2024-07-14T16:05:11.415-0300] {subprocess.py:93} INFO -    300K .......... .......... .......... .......... ..........  4% 1.75M 14s
[2024-07-14T16:05:11.446-0300] {subprocess.py:93} INFO -    350K .......... .......... .......... .......... ..........  5% 1.55M 13s
[2024-07-14T16:05:11.464-0300] {subprocess.py:93} INFO -    400K .......... .......... .......... .......... ..........  5% 2.64M 12s
[2024-07-14T16:05:11.489-0300] {subprocess.py:93} INFO -    450K .......... .......... .......... .......... ..........  6% 1.99M 11s
[2024-07-14T16:05:11.533-0300] {subprocess.py:93} INFO -    500K .......... .......... .......... .......... ..........  6% 1.10M 10s
[2024-07-14T16:05:11.549-0300] {subprocess.py:93} INFO -    550K .......... .......... .......... .......... ..........  7% 3.21M 10s
[2024-07-14T16:05:11.562-0300] {subprocess.py:93} INFO -    600K .......... .......... .......... .......... ..........  8% 3.79M 9s
[2024-07-14T16:05:11.575-0300] {subprocess.py:93} INFO -    650K .......... .......... .......... .......... ..........  8% 3.72M 8s
[2024-07-14T16:05:11.586-0300] {subprocess.py:93} INFO -    700K .......... .......... .......... .......... ..........  9% 4.34M 8s
[2024-07-14T16:05:11.602-0300] {subprocess.py:93} INFO -    750K .......... .......... .......... .......... .......... 10% 2.96M 7s
[2024-07-14T16:05:11.609-0300] {subprocess.py:93} INFO -    800K .......... .......... .......... .......... .......... 10% 7.76M 7s
[2024-07-14T16:05:11.623-0300] {subprocess.py:93} INFO -    850K .......... .......... .......... .......... .......... 11% 3.55M 7s
[2024-07-14T16:05:11.630-0300] {subprocess.py:93} INFO -    900K .......... .......... .......... .......... .......... 12% 6.79M 6s
[2024-07-14T16:05:11.640-0300] {subprocess.py:93} INFO -    950K .......... .......... .......... .......... .......... 12% 4.61M 6s
[2024-07-14T16:05:11.650-0300] {subprocess.py:93} INFO -   1000K .......... .......... .......... .......... .......... 13% 4.86M 6s
[2024-07-14T16:05:11.670-0300] {subprocess.py:93} INFO -   1050K .......... .......... .......... .......... .......... 13% 2.53M 6s
[2024-07-14T16:05:11.678-0300] {subprocess.py:93} INFO -   1100K .......... .......... .......... .......... .......... 14% 6.06M 5s
[2024-07-14T16:05:11.694-0300] {subprocess.py:93} INFO -   1150K .......... .......... .......... .......... .......... 15% 2.90M 5s
[2024-07-14T16:05:11.705-0300] {subprocess.py:93} INFO -   1200K .......... .......... .......... .......... .......... 15% 4.58M 5s
[2024-07-14T16:05:11.814-0300] {subprocess.py:93} INFO -   1250K .......... .......... .......... .......... .......... 16%  460K 5s
[2024-07-14T16:05:11.815-0300] {subprocess.py:93} INFO -   1300K .......... .......... .......... .......... .......... 17% 83.5M 5s
[2024-07-14T16:05:11.827-0300] {subprocess.py:93} INFO -   1350K .......... .......... .......... .......... .......... 17% 3.83M 5s
[2024-07-14T16:05:11.828-0300] {subprocess.py:93} INFO -   1400K .......... .......... .......... .......... .......... 18% 40.2M 5s
[2024-07-14T16:05:11.829-0300] {subprocess.py:93} INFO -   1450K .......... .......... .......... .......... .......... 18%  207M 5s
[2024-07-14T16:05:11.831-0300] {subprocess.py:93} INFO -   1500K .......... .......... .......... .......... .......... 19% 22.7M 4s
[2024-07-14T16:05:11.834-0300] {subprocess.py:93} INFO -   1550K .......... .......... .......... .......... .......... 20% 13.2M 4s
[2024-07-14T16:05:11.843-0300] {subprocess.py:93} INFO -   1600K .......... .......... .......... .......... .......... 20% 5.97M 4s
[2024-07-14T16:05:11.846-0300] {subprocess.py:93} INFO -   1650K .......... .......... .......... .......... .......... 21% 13.7M 4s
[2024-07-14T16:05:11.854-0300] {subprocess.py:93} INFO -   1700K .......... .......... .......... .......... .......... 22% 6.14M 4s
[2024-07-14T16:05:11.855-0300] {subprocess.py:93} INFO -   1750K .......... .......... .......... .......... .......... 22%  236M 4s
[2024-07-14T16:05:11.856-0300] {subprocess.py:93} INFO -   1800K .......... .......... .......... .......... .......... 23%  252M 4s
[2024-07-14T16:05:11.858-0300] {subprocess.py:93} INFO -   1850K .......... .......... .......... .......... .......... 24% 13.4M 3s
[2024-07-14T16:05:11.859-0300] {subprocess.py:93} INFO -   1900K .......... .......... .......... .......... .......... 24% 49.9M 3s
[2024-07-14T16:05:11.860-0300] {subprocess.py:93} INFO -   1950K .......... .......... .......... .......... .......... 25%  120M 3s
[2024-07-14T16:05:11.864-0300] {subprocess.py:93} INFO -   2000K .......... .......... .......... .......... .......... 25% 10.2M 3s
[2024-07-14T16:05:11.866-0300] {subprocess.py:93} INFO -   2050K .......... .......... .......... .......... .......... 26% 27.0M 3s
[2024-07-14T16:05:11.867-0300] {subprocess.py:93} INFO -   2100K .......... .......... .......... .......... .......... 27% 61.0M 3s
[2024-07-14T16:05:11.868-0300] {subprocess.py:93} INFO -   2150K .......... .......... .......... .......... .......... 27% 32.4M 3s
[2024-07-14T16:05:11.874-0300] {subprocess.py:93} INFO -   2200K .......... .......... .......... .......... .......... 28% 9.04M 3s
[2024-07-14T16:05:11.875-0300] {subprocess.py:93} INFO -   2250K .......... .......... .......... .......... .......... 29% 31.6M 3s
[2024-07-14T16:05:11.887-0300] {subprocess.py:93} INFO -   2300K .......... .......... .......... .......... .......... 29% 4.36M 3s
[2024-07-14T16:05:11.888-0300] {subprocess.py:93} INFO -   2350K .......... .......... .......... .......... .......... 30% 31.1M 3s
[2024-07-14T16:05:11.889-0300] {subprocess.py:93} INFO -   2400K .......... .......... .......... .......... .......... 31%  296M 3s
[2024-07-14T16:05:11.921-0300] {subprocess.py:93} INFO -   2450K .......... .......... .......... .......... .......... 31% 1.49M 3s
[2024-07-14T16:05:11.922-0300] {subprocess.py:93} INFO -   2500K .......... .......... .......... .......... .......... 32% 79.0M 2s
[2024-07-14T16:05:11.942-0300] {subprocess.py:93} INFO -   2550K .......... .......... .......... .......... .......... 32% 2.45M 2s
[2024-07-14T16:05:11.994-0300] {subprocess.py:93} INFO -   2600K .......... .......... .......... .......... .......... 33%  957K 2s
[2024-07-14T16:05:11.995-0300] {subprocess.py:93} INFO -   2650K .......... .......... .......... .......... .......... 34% 98.0M 2s
[2024-07-14T16:05:11.999-0300] {subprocess.py:93} INFO -   2700K .......... .......... .......... .......... .......... 34% 9.87M 2s
[2024-07-14T16:05:12.004-0300] {subprocess.py:93} INFO -   2750K .......... .......... .......... .......... .......... 35% 9.66M 2s
[2024-07-14T16:05:12.010-0300] {subprocess.py:93} INFO -   2800K .......... .......... .......... .......... .......... 36% 9.08M 2s
[2024-07-14T16:05:12.010-0300] {subprocess.py:93} INFO -   2850K .......... .......... .......... .......... .......... 36% 78.5M 2s
[2024-07-14T16:05:12.016-0300] {subprocess.py:93} INFO -   2900K .......... .......... .......... .......... .......... 37% 9.53M 2s
[2024-07-14T16:05:12.027-0300] {subprocess.py:93} INFO -   2950K .......... .......... .......... .......... .......... 37% 4.37M 2s
[2024-07-14T16:05:12.028-0300] {subprocess.py:93} INFO -   3000K .......... .......... .......... .......... .......... 38% 34.9M 2s
[2024-07-14T16:05:12.038-0300] {subprocess.py:93} INFO -   3050K .......... .......... .......... .......... .......... 39% 5.14M 2s
[2024-07-14T16:05:12.039-0300] {subprocess.py:93} INFO -   3100K .......... .......... .......... .......... .......... 39% 59.4M 2s
[2024-07-14T16:05:12.039-0300] {subprocess.py:93} INFO -   3150K .......... .......... .......... .......... .......... 40% 72.3M 2s
[2024-07-14T16:05:12.047-0300] {subprocess.py:93} INFO -   3200K .......... .......... .......... .......... .......... 41% 6.07M 2s
[2024-07-14T16:05:12.048-0300] {subprocess.py:93} INFO -   3250K .......... .......... .......... .......... .......... 41% 52.9M 2s
[2024-07-14T16:05:12.049-0300] {subprocess.py:93} INFO -   3300K .......... .......... .......... .......... .......... 42%  116M 2s
[2024-07-14T16:05:12.049-0300] {subprocess.py:93} INFO -   3350K .......... .......... .......... .......... .......... 43% 67.0M 2s
[2024-07-14T16:05:12.050-0300] {subprocess.py:93} INFO -   3400K .......... .......... .......... .......... .......... 43%  195M 2s
[2024-07-14T16:05:12.050-0300] {subprocess.py:93} INFO -   3450K .......... .......... .......... .......... .......... 44% 73.9M 2s
[2024-07-14T16:05:12.051-0300] {subprocess.py:93} INFO -   3500K .......... .......... .......... .......... .......... 44% 63.1M 2s
[2024-07-14T16:05:12.052-0300] {subprocess.py:93} INFO -   3550K .......... .......... .......... .......... .......... 45% 79.7M 2s
[2024-07-14T16:05:12.056-0300] {subprocess.py:93} INFO -   3600K .......... .......... .......... .......... .......... 46% 10.1M 2s
[2024-07-14T16:05:12.062-0300] {subprocess.py:93} INFO -   3650K .......... .......... .......... .......... .......... 46% 8.17M 1s
[2024-07-14T16:05:12.063-0300] {subprocess.py:93} INFO -   3700K .......... .......... .......... .......... .......... 47%  154M 1s
[2024-07-14T16:05:12.065-0300] {subprocess.py:93} INFO -   3750K .......... .......... .......... .......... .......... 48% 25.2M 1s
[2024-07-14T16:05:12.067-0300] {subprocess.py:93} INFO -   3800K .......... .......... .......... .......... .......... 48% 18.3M 1s
[2024-07-14T16:05:12.074-0300] {subprocess.py:93} INFO -   3850K .......... .......... .......... .......... .......... 49% 7.60M 1s
[2024-07-14T16:05:12.075-0300] {subprocess.py:93} INFO -   3900K .......... .......... .......... .......... .......... 49% 48.4M 1s
[2024-07-14T16:05:12.075-0300] {subprocess.py:93} INFO -   3950K .......... .......... .......... .......... .......... 50%  186M 1s
[2024-07-14T16:05:12.094-0300] {subprocess.py:93} INFO -   4000K .......... .......... .......... .......... .......... 51% 2.56M 1s
[2024-07-14T16:05:12.095-0300] {subprocess.py:93} INFO -   4050K .......... .......... .......... .......... .......... 51%  317M 1s
[2024-07-14T16:05:12.095-0300] {subprocess.py:93} INFO -   4100K .......... .......... .......... .......... .......... 52%  328M 1s
[2024-07-14T16:05:12.095-0300] {subprocess.py:93} INFO -   4150K .......... .......... .......... .......... .......... 53%  294M 1s
[2024-07-14T16:05:12.096-0300] {subprocess.py:93} INFO -   4200K .......... .......... .......... .......... .......... 53%  156M 1s
[2024-07-14T16:05:12.096-0300] {subprocess.py:93} INFO -   4250K .......... .......... .......... .......... .......... 54% 66.4M 1s
[2024-07-14T16:05:12.105-0300] {subprocess.py:93} INFO -   4300K .......... .......... .......... .......... .......... 55% 5.22M 1s
[2024-07-14T16:05:12.106-0300] {subprocess.py:93} INFO -   4350K .......... .......... .......... .......... .......... 55% 54.9M 1s
[2024-07-14T16:05:12.108-0300] {subprocess.py:93} INFO -   4400K .......... .......... .......... .......... .......... 56% 18.7M 1s
[2024-07-14T16:05:12.120-0300] {subprocess.py:93} INFO -   4450K .......... .......... .......... .......... .......... 56% 4.20M 1s
[2024-07-14T16:05:12.121-0300] {subprocess.py:93} INFO -   4500K .......... .......... .......... .......... .......... 57% 51.2M 1s
[2024-07-14T16:05:12.122-0300] {subprocess.py:93} INFO -   4550K .......... .......... .......... .......... .......... 58%  236M 1s
[2024-07-14T16:05:12.122-0300] {subprocess.py:93} INFO -   4600K .......... .......... .......... .......... .......... 58%  236M 1s
[2024-07-14T16:05:12.123-0300] {subprocess.py:93} INFO -   4650K .......... .......... .......... .......... .......... 59%  109M 1s
[2024-07-14T16:05:12.123-0300] {subprocess.py:93} INFO -   4700K .......... .......... .......... .......... .......... 60% 57.2M 1s
[2024-07-14T16:05:12.124-0300] {subprocess.py:93} INFO -   4750K .......... .......... .......... .......... .......... 60% 64.8M 1s
[2024-07-14T16:05:12.125-0300] {subprocess.py:93} INFO -   4800K .......... .......... .......... .......... .......... 61% 27.8M 1s
[2024-07-14T16:05:12.130-0300] {subprocess.py:93} INFO -   4850K .......... .......... .......... .......... .......... 62% 10.7M 1s
[2024-07-14T16:05:12.132-0300] {subprocess.py:93} INFO -   4900K .......... .......... .......... .......... .......... 62% 28.3M 1s
[2024-07-14T16:05:12.135-0300] {subprocess.py:93} INFO -   4950K .......... .......... .......... .......... .......... 63% 15.2M 1s
[2024-07-14T16:05:12.151-0300] {subprocess.py:93} INFO -   5000K .......... .......... .......... .......... .......... 63% 2.97M 1s
[2024-07-14T16:05:12.157-0300] {subprocess.py:93} INFO -   5050K .......... .......... .......... .......... .......... 64% 8.19M 1s
[2024-07-14T16:05:12.158-0300] {subprocess.py:93} INFO -   5100K .......... .......... .......... .......... .......... 65%  248M 1s
[2024-07-14T16:05:12.158-0300] {subprocess.py:93} INFO -   5150K .......... .......... .......... .......... .......... 65% 43.7M 1s
[2024-07-14T16:05:12.162-0300] {subprocess.py:93} INFO -   5200K .......... .......... .......... .......... .......... 66% 15.0M 1s
[2024-07-14T16:05:12.162-0300] {subprocess.py:93} INFO -   5250K .......... .......... .......... .......... .......... 67%  292M 1s
[2024-07-14T16:05:12.167-0300] {subprocess.py:93} INFO -   5300K .......... .......... .......... .......... .......... 67% 9.32M 1s
[2024-07-14T16:05:12.225-0300] {subprocess.py:93} INFO -   5350K .......... .......... .......... .......... .......... 68%  865K 1s
[2024-07-14T16:05:12.240-0300] {subprocess.py:93} INFO -   5400K .......... .......... .......... .......... .......... 68% 3.21M 1s
[2024-07-14T16:05:12.256-0300] {subprocess.py:93} INFO -   5450K .......... .......... .......... .......... .......... 69% 3.13M 1s
[2024-07-14T16:05:12.257-0300] {subprocess.py:93} INFO -   5500K .......... .......... .......... .......... .......... 70% 56.4M 1s
[2024-07-14T16:05:12.257-0300] {subprocess.py:93} INFO -   5550K .......... .......... .......... .......... .......... 70%  182M 1s
[2024-07-14T16:05:12.269-0300] {subprocess.py:93} INFO -   5600K .......... .......... .......... .......... .......... 71% 4.20M 1s
[2024-07-14T16:05:12.269-0300] {subprocess.py:93} INFO -   5650K .......... .......... .......... .......... .......... 72% 77.0M 1s
[2024-07-14T16:05:12.270-0300] {subprocess.py:93} INFO -   5700K .......... .......... .......... .......... .......... 72%  257M 1s
[2024-07-14T16:05:12.270-0300] {subprocess.py:93} INFO -   5750K .......... .......... .......... .......... .......... 73% 85.7M 1s
[2024-07-14T16:05:12.271-0300] {subprocess.py:93} INFO -   5800K .......... .......... .......... .......... .......... 74% 55.0M 1s
[2024-07-14T16:05:12.271-0300] {subprocess.py:93} INFO -   5850K .......... .......... .......... .......... .......... 74% 76.8M 1s
[2024-07-14T16:05:12.272-0300] {subprocess.py:93} INFO -   5900K .......... .......... .......... .......... .......... 75% 55.3M 0s
[2024-07-14T16:05:12.278-0300] {subprocess.py:93} INFO -   5950K .......... .......... .......... .......... .......... 75% 8.37M 0s
[2024-07-14T16:05:12.279-0300] {subprocess.py:93} INFO -   6000K .......... .......... .......... .......... .......... 76% 79.7M 0s
[2024-07-14T16:05:12.280-0300] {subprocess.py:93} INFO -   6050K .......... .......... .......... .......... .......... 77% 32.9M 0s
[2024-07-14T16:05:12.281-0300] {subprocess.py:93} INFO -   6100K .......... .......... .......... .......... .......... 77%  307M 0s
[2024-07-14T16:05:12.316-0300] {subprocess.py:93} INFO -   6150K .......... .......... .......... .......... .......... 78% 1.36M 0s
[2024-07-14T16:05:12.317-0300] {subprocess.py:93} INFO -   6200K .......... .......... .......... .......... .......... 79%  210M 0s
[2024-07-14T16:05:12.318-0300] {subprocess.py:93} INFO -   6250K .......... .......... .......... .......... .......... 79% 38.4M 0s
[2024-07-14T16:05:12.318-0300] {subprocess.py:93} INFO -   6300K .......... .......... .......... .......... .......... 80%  311M 0s
[2024-07-14T16:05:12.319-0300] {subprocess.py:93} INFO -   6350K .......... .......... .......... .......... .......... 80%  249M 0s
[2024-07-14T16:05:12.320-0300] {subprocess.py:93} INFO -   6400K .......... .......... .......... .......... .......... 81%  145M 0s
[2024-07-14T16:05:12.320-0300] {subprocess.py:93} INFO -   6450K .......... .......... .......... .......... .......... 82% 27.8M 0s
[2024-07-14T16:05:12.321-0300] {subprocess.py:93} INFO -   6500K .......... .......... .......... .......... .......... 82% 53.0M 0s
[2024-07-14T16:05:12.325-0300] {subprocess.py:93} INFO -   6550K .......... .......... .......... .......... .......... 83% 14.3M 0s
[2024-07-14T16:05:12.325-0300] {subprocess.py:93} INFO -   6600K .......... .......... .......... .......... .......... 84% 92.5M 0s
[2024-07-14T16:05:12.326-0300] {subprocess.py:93} INFO -   6650K .......... .......... .......... .......... .......... 84%  256M 0s
[2024-07-14T16:05:12.326-0300] {subprocess.py:93} INFO -   6700K .......... .......... .......... .......... .......... 85%  346M 0s
[2024-07-14T16:05:12.326-0300] {subprocess.py:93} INFO -   6750K .......... .......... .......... .......... .......... 86%  146M 0s
[2024-07-14T16:05:12.327-0300] {subprocess.py:93} INFO -   6800K .......... .......... .......... .......... .......... 86% 86.3M 0s
[2024-07-14T16:05:12.327-0300] {subprocess.py:93} INFO -   6850K .......... .......... .......... .......... .......... 87% 64.6M 0s
[2024-07-14T16:05:12.328-0300] {subprocess.py:93} INFO -   6900K .......... .......... .......... .......... .......... 87% 46.5M 0s
[2024-07-14T16:05:12.329-0300] {subprocess.py:93} INFO -   6950K .......... .......... .......... .......... .......... 88%  268M 0s
[2024-07-14T16:05:12.329-0300] {subprocess.py:93} INFO -   7000K .......... .......... .......... .......... .......... 89%  100M 0s
[2024-07-14T16:05:12.329-0300] {subprocess.py:93} INFO -   7050K .......... .......... .......... .......... .......... 89%  339M 0s
[2024-07-14T16:05:12.330-0300] {subprocess.py:93} INFO -   7100K .......... .......... .......... .......... .......... 90% 70.0M 0s
[2024-07-14T16:05:12.331-0300] {subprocess.py:93} INFO -   7150K .......... .......... .......... .......... .......... 91% 52.2M 0s
[2024-07-14T16:05:12.331-0300] {subprocess.py:93} INFO -   7200K .......... .......... .......... .......... .......... 91% 63.2M 0s
[2024-07-14T16:05:12.332-0300] {subprocess.py:93} INFO -   7250K .......... .......... .......... .......... .......... 92% 54.4M 0s
[2024-07-14T16:05:12.333-0300] {subprocess.py:93} INFO -   7300K .......... .......... .......... .......... .......... 93%  228M 0s
[2024-07-14T16:05:12.333-0300] {subprocess.py:93} INFO -   7350K .......... .......... .......... .......... .......... 93% 51.0M 0s
[2024-07-14T16:05:12.334-0300] {subprocess.py:93} INFO -   7400K .......... .......... .......... .......... .......... 94%  241M 0s
[2024-07-14T16:05:12.335-0300] {subprocess.py:93} INFO -   7450K .......... .......... .......... .......... .......... 94%  337M 0s
[2024-07-14T16:05:12.335-0300] {subprocess.py:93} INFO -   7500K .......... .......... .......... .......... .......... 95% 39.6M 0s
[2024-07-14T16:05:12.336-0300] {subprocess.py:93} INFO -   7550K .......... .......... .......... .......... .......... 96% 57.2M 0s
[2024-07-14T16:05:12.337-0300] {subprocess.py:93} INFO -   7600K .......... .......... .......... .......... .......... 96%  229M 0s
[2024-07-14T16:05:12.337-0300] {subprocess.py:93} INFO -   7650K .......... .......... .......... .......... .......... 97%  298M 0s
[2024-07-14T16:05:12.338-0300] {subprocess.py:93} INFO -   7700K .......... .......... .......... .......... .......... 98% 34.3M 0s
[2024-07-14T16:05:12.338-0300] {subprocess.py:93} INFO -   7750K .......... .......... .......... .......... .......... 98%  271M 0s
[2024-07-14T16:05:12.339-0300] {subprocess.py:93} INFO -   7800K .......... .......... .......... .......... .......... 99% 57.0M 0s
[2024-07-14T16:05:12.339-0300] {subprocess.py:93} INFO -   7850K .......... .......... .......... .......... .......... 99% 73.4M 0s
[2024-07-14T16:05:12.340-0300] {subprocess.py:93} INFO -   7900K .                                                     100% 31.0K=1.6s
[2024-07-14T16:05:12.340-0300] {subprocess.py:93} INFO - 
[2024-07-14T16:05:12.341-0300] {subprocess.py:93} INFO - 2024-07-14 16:05:12 (4.89 MB/s) - ‘/Users/axelsirota/repos/up_running_apache_airflow/downloads/yelp.csv’ saved [8091185/8091185]
[2024-07-14T16:05:12.341-0300] {subprocess.py:93} INFO - 
[2024-07-14T16:05:12.349-0300] {subprocess.py:97} INFO - Command exited with return code 0
[2024-07-14T16:05:12.351-0300] {taskinstance.py:441} INFO - ::group::Post task execution logs
[2024-07-14T16:05:12.372-0300] {taskinstance.py:1206} INFO - Marking task as SUCCESS. dag_id=yelp_data_pipeline, task_id=download_file, run_id=scheduled__2024-07-13T00:00:00+00:00, execution_date=20240713T000000, start_date=20240714T190508, end_date=20240714T190512
[2024-07-14T16:05:12.392-0300] {local_task_job_runner.py:240} INFO - Task exited with return code 0
[2024-07-14T16:05:12.421-0300] {taskinstance.py:3503} INFO - 1 downstream tasks scheduled from follow-on schedule check
[2024-07-14T16:05:12.423-0300] {local_task_job_runner.py:222} INFO - ::endgroup::
