[2024-07-14T16:19:56.261-0300] {local_task_job_runner.py:120} INFO - ::group::Pre task execution logs
[2024-07-14T16:19:56.292-0300] {taskinstance.py:2076} INFO - Dependencies all met for dep_context=non-requeueable deps ti=<TaskInstance: schedule_dag.cleanup scheduled__2024-07-07T00:00:00+00:00 [queued]>
[2024-07-14T16:19:56.300-0300] {taskinstance.py:2076} INFO - Dependencies all met for dep_context=requeueable deps ti=<TaskInstance: schedule_dag.cleanup scheduled__2024-07-07T00:00:00+00:00 [queued]>
[2024-07-14T16:19:56.300-0300] {taskinstance.py:2306} INFO - Starting attempt 1 of 2
[2024-07-14T16:19:56.316-0300] {taskinstance.py:2330} INFO - Executing <Task(BashOperator): cleanup> on 2024-07-07 00:00:00+00:00
[2024-07-14T16:19:56.320-0300] {standard_task_runner.py:63} INFO - Started process 87592 to run task
[2024-07-14T16:19:56.327-0300] {standard_task_runner.py:90} INFO - Running: ['airflow', 'tasks', 'run', 'schedule_dag', 'cleanup', 'scheduled__2024-07-07T00:00:00+00:00', '--job-id', '39', '--raw', '--subdir', 'DAGS_FOLDER/6_backfill_with_schedule.py', '--cfg-path', '/var/folders/g0/jqvp4xxs5pn4cds1xb9339xm0000gn/T/tmpp3v1jbas']
[2024-07-14T16:19:56.331-0300] {standard_task_runner.py:91} INFO - Job 39: Subtask cleanup
[2024-07-14T16:19:56.385-0300] {task_command.py:426} INFO - Running <TaskInstance: schedule_dag.cleanup scheduled__2024-07-07T00:00:00+00:00 [running]> on host axels-personal-mac.local
[2024-07-14T16:19:56.467-0300] {taskinstance.py:2648} INFO - Exporting env vars: AIRFLOW_CTX_DAG_OWNER='airflow' AIRFLOW_CTX_DAG_ID='schedule_dag' AIRFLOW_CTX_TASK_ID='cleanup' AIRFLOW_CTX_EXECUTION_DATE='2024-07-07T00:00:00+00:00' AIRFLOW_CTX_TRY_NUMBER='1' AIRFLOW_CTX_DAG_RUN_ID='scheduled__2024-07-07T00:00:00+00:00'
[2024-07-14T16:19:56.468-0300] {taskinstance.py:430} INFO - ::endgroup::
[2024-07-14T16:19:56.470-0300] {subprocess.py:63} INFO - Tmp dir root location: /var/folders/g0/jqvp4xxs5pn4cds1xb9339xm0000gn/T
[2024-07-14T16:19:56.471-0300] {subprocess.py:75} INFO - Running command: ['/bin/bash', '-c', 'rm -rf ${AIRFLOW_HOME}/downloads/processed_yelp.csv']
[2024-07-14T16:19:56.479-0300] {subprocess.py:86} INFO - Output:
[2024-07-14T16:19:56.489-0300] {subprocess.py:97} INFO - Command exited with return code 0
[2024-07-14T16:19:56.490-0300] {taskinstance.py:441} INFO - ::group::Post task execution logs
[2024-07-14T16:19:56.514-0300] {taskinstance.py:1206} INFO - Marking task as SUCCESS. dag_id=schedule_dag, task_id=cleanup, run_id=scheduled__2024-07-07T00:00:00+00:00, execution_date=20240707T000000, start_date=20240714T191956, end_date=20240714T191956
[2024-07-14T16:19:56.559-0300] {local_task_job_runner.py:240} INFO - Task exited with return code 0
[2024-07-14T16:19:56.577-0300] {taskinstance.py:3503} INFO - 0 downstream tasks scheduled from follow-on schedule check
[2024-07-14T16:19:56.577-0300] {local_task_job_runner.py:222} INFO - ::endgroup::
