[2024-07-14T16:19:30.382-0300] {local_task_job_runner.py:120} INFO - ::group::Pre task execution logs
[2024-07-14T16:19:30.413-0300] {taskinstance.py:2076} INFO - Dependencies all met for dep_context=non-requeueable deps ti=<TaskInstance: schedule_dag.download_file scheduled__2024-07-09T00:00:00+00:00 [queued]>
[2024-07-14T16:19:30.421-0300] {taskinstance.py:2076} INFO - Dependencies all met for dep_context=requeueable deps ti=<TaskInstance: schedule_dag.download_file scheduled__2024-07-09T00:00:00+00:00 [queued]>
[2024-07-14T16:19:30.421-0300] {taskinstance.py:2306} INFO - Starting attempt 1 of 2
[2024-07-14T16:19:30.434-0300] {taskinstance.py:2330} INFO - Executing <Task(BashOperator): download_file> on 2024-07-09 00:00:00+00:00
[2024-07-14T16:19:30.439-0300] {standard_task_runner.py:63} INFO - Started process 87535 to run task
[2024-07-14T16:19:30.446-0300] {standard_task_runner.py:90} INFO - Running: ['airflow', 'tasks', 'run', 'schedule_dag', 'download_file', 'scheduled__2024-07-09T00:00:00+00:00', '--job-id', '34', '--raw', '--subdir', 'DAGS_FOLDER/6_backfill_with_schedule.py', '--cfg-path', '/var/folders/g0/jqvp4xxs5pn4cds1xb9339xm0000gn/T/tmpcvnf4dww']
[2024-07-14T16:19:30.450-0300] {standard_task_runner.py:91} INFO - Job 34: Subtask download_file
[2024-07-14T16:19:30.510-0300] {task_command.py:426} INFO - Running <TaskInstance: schedule_dag.download_file scheduled__2024-07-09T00:00:00+00:00 [running]> on host axels-personal-mac.local
[2024-07-14T16:19:30.587-0300] {taskinstance.py:2648} INFO - Exporting env vars: AIRFLOW_CTX_DAG_OWNER='airflow' AIRFLOW_CTX_DAG_ID='schedule_dag' AIRFLOW_CTX_TASK_ID='download_file' AIRFLOW_CTX_EXECUTION_DATE='2024-07-09T00:00:00+00:00' AIRFLOW_CTX_TRY_NUMBER='1' AIRFLOW_CTX_DAG_RUN_ID='scheduled__2024-07-09T00:00:00+00:00'
[2024-07-14T16:19:30.589-0300] {taskinstance.py:430} INFO - ::endgroup::
[2024-07-14T16:19:30.590-0300] {subprocess.py:63} INFO - Tmp dir root location: /var/folders/g0/jqvp4xxs5pn4cds1xb9339xm0000gn/T
[2024-07-14T16:19:30.591-0300] {subprocess.py:75} INFO - Running command: ['/bin/bash', '-c', 'mkdir -p ${AIRFLOW_HOME}/downloads && wget -O ${AIRFLOW_HOME}/downloads/yelp.csv https://www.dropbox.com/scl/fi/2k8im8ftu9yk8mnqhops9/yelp.csv?rlkey=52dzmxgys0su77wb6o75vb5ab&st=lmz21rpk&dl=0']
[2024-07-14T16:19:30.600-0300] {subprocess.py:86} INFO - Output:
[2024-07-14T16:19:30.623-0300] {subprocess.py:93} INFO - --2024-07-14 16:19:30--  https://www.dropbox.com/scl/fi/2k8im8ftu9yk8mnqhops9/yelp.csv?rlkey=52dzmxgys0su77wb6o75vb5ab
[2024-07-14T16:19:30.643-0300] {subprocess.py:93} INFO - Resolving www.dropbox.com (www.dropbox.com)... 2620:100:601d:18::a27d:512, 162.125.5.18
[2024-07-14T16:19:30.769-0300] {subprocess.py:93} INFO - Connecting to www.dropbox.com (www.dropbox.com)|2620:100:601d:18::a27d:512|:443... connected.
[2024-07-14T16:19:31.545-0300] {subprocess.py:93} INFO - HTTP request sent, awaiting response... 302 Found
[2024-07-14T16:19:31.546-0300] {subprocess.py:93} INFO - Location: https://ucc7b2db460be898bf57d80beec5.dl.dropboxusercontent.com/cd/0/inline/CWtK88963yNYQ9AB6A2oeZcXbuxu04zYcF7-X8kgrcqu_cUSQ-fSP6h4ckSN6dahxirq0rJNJv9dcMCiCO9JEK0-wx-SOH9tucSmbjKge9mEB33pcFkIYuUw6tNtaaBW4aIZrcFAB5QQJwtPml7jGhwW/file# [following]
[2024-07-14T16:19:31.547-0300] {subprocess.py:93} INFO - --2024-07-14 16:19:31--  https://ucc7b2db460be898bf57d80beec5.dl.dropboxusercontent.com/cd/0/inline/CWtK88963yNYQ9AB6A2oeZcXbuxu04zYcF7-X8kgrcqu_cUSQ-fSP6h4ckSN6dahxirq0rJNJv9dcMCiCO9JEK0-wx-SOH9tucSmbjKge9mEB33pcFkIYuUw6tNtaaBW4aIZrcFAB5QQJwtPml7jGhwW/file
[2024-07-14T16:19:31.632-0300] {subprocess.py:93} INFO - Resolving ucc7b2db460be898bf57d80beec5.dl.dropboxusercontent.com (ucc7b2db460be898bf57d80beec5.dl.dropboxusercontent.com)... 2620:100:601d:15::a27d:50f, 162.125.5.15
[2024-07-14T16:19:31.773-0300] {subprocess.py:93} INFO - Connecting to ucc7b2db460be898bf57d80beec5.dl.dropboxusercontent.com (ucc7b2db460be898bf57d80beec5.dl.dropboxusercontent.com)|2620:100:601d:15::a27d:50f|:443... connected.
[2024-07-14T16:19:32.561-0300] {subprocess.py:93} INFO - HTTP request sent, awaiting response... 200 OK
[2024-07-14T16:19:32.563-0300] {subprocess.py:93} INFO - Length: 8091185 (7.7M) [text/plain]
[2024-07-14T16:19:32.563-0300] {subprocess.py:93} INFO - Saving to: ‘/Users/axelsirota/repos/up_running_apache_airflow/downloads/yelp.csv’
[2024-07-14T16:19:32.564-0300] {subprocess.py:93} INFO - 
[2024-07-14T16:19:32.838-0300] {subprocess.py:93} INFO -      0K .......... .......... .......... .......... ..........  0%  181K 43s
[2024-07-14T16:19:32.942-0300] {subprocess.py:93} INFO -     50K .......... .......... .......... .......... ..........  1%  483K 30s
[2024-07-14T16:19:33.009-0300] {subprocess.py:93} INFO -    100K .......... .......... .......... .......... ..........  1%  735K 23s
[2024-07-14T16:19:33.066-0300] {subprocess.py:93} INFO -    150K .......... .......... .......... .......... ..........  2%  886K 19s
[2024-07-14T16:19:33.106-0300] {subprocess.py:93} INFO -    200K .......... .......... .......... .......... ..........  3% 1.23M 17s
[2024-07-14T16:19:33.142-0300] {subprocess.py:93} INFO -    250K .......... .......... .......... .......... ..........  3% 1.36M 15s
[2024-07-14T16:19:33.170-0300] {subprocess.py:93} INFO -    300K .......... .......... .......... .......... ..........  4% 1.74M 13s
[2024-07-14T16:19:33.202-0300] {subprocess.py:93} INFO -    350K .......... .......... .......... .......... ..........  5% 1.53M 12s
[2024-07-14T16:19:33.227-0300] {subprocess.py:93} INFO -    400K .......... .......... .......... .......... ..........  5% 1.92M 11s
[2024-07-14T16:19:33.242-0300] {subprocess.py:93} INFO -    450K .......... .......... .......... .......... ..........  6% 3.25M 10s
[2024-07-14T16:19:33.264-0300] {subprocess.py:93} INFO -    500K .......... .......... .......... .......... ..........  6% 2.24M 9s
[2024-07-14T16:19:33.279-0300] {subprocess.py:93} INFO -    550K .......... .......... .......... .......... ..........  7% 3.28M 9s
[2024-07-14T16:19:33.297-0300] {subprocess.py:93} INFO -    600K .......... .......... .......... .......... ..........  8% 2.72M 8s
[2024-07-14T16:19:33.313-0300] {subprocess.py:93} INFO -    650K .......... .......... .......... .......... ..........  8% 3.09M 8s
[2024-07-14T16:19:33.322-0300] {subprocess.py:93} INFO -    700K .......... .......... .......... .......... ..........  9% 4.98M 7s
[2024-07-14T16:19:33.349-0300] {subprocess.py:93} INFO -    750K .......... .......... .......... .......... .......... 10% 1.83M 7s
[2024-07-14T16:19:33.357-0300] {subprocess.py:93} INFO -    800K .......... .......... .......... .......... .......... 10% 6.30M 7s
[2024-07-14T16:19:33.367-0300] {subprocess.py:93} INFO -    850K .......... .......... .......... .......... .......... 11% 4.99M 6s
[2024-07-14T16:19:33.381-0300] {subprocess.py:93} INFO -    900K .......... .......... .......... .......... .......... 12% 3.37M 6s
[2024-07-14T16:19:33.386-0300] {subprocess.py:93} INFO -    950K .......... .......... .......... .......... .......... 12% 9.57M 6s
[2024-07-14T16:19:33.396-0300] {subprocess.py:93} INFO -   1000K .......... .......... .......... .......... .......... 13% 5.16M 5s
[2024-07-14T16:19:33.408-0300] {subprocess.py:93} INFO -   1050K .......... .......... .......... .......... .......... 13% 3.99M 5s
[2024-07-14T16:19:33.412-0300] {subprocess.py:93} INFO -   1100K .......... .......... .......... .......... .......... 14% 11.7M 5s
[2024-07-14T16:19:33.422-0300] {subprocess.py:93} INFO -   1150K .......... .......... .......... .......... .......... 15% 4.97M 5s
[2024-07-14T16:19:33.430-0300] {subprocess.py:93} INFO -   1200K .......... .......... .......... .......... .......... 15% 5.93M 5s
[2024-07-14T16:19:33.440-0300] {subprocess.py:93} INFO -   1250K .......... .......... .......... .......... .......... 16% 4.95M 4s
[2024-07-14T16:19:33.443-0300] {subprocess.py:93} INFO -   1300K .......... .......... .......... .......... .......... 17% 14.8M 4s
[2024-07-14T16:19:33.451-0300] {subprocess.py:93} INFO -   1350K .......... .......... .......... .......... .......... 17% 6.41M 4s
[2024-07-14T16:19:33.456-0300] {subprocess.py:93} INFO -   1400K .......... .......... .......... .......... .......... 18% 9.49M 4s
[2024-07-14T16:19:33.466-0300] {subprocess.py:93} INFO -   1450K .......... .......... .......... .......... .......... 18% 4.91M 4s
[2024-07-14T16:19:33.470-0300] {subprocess.py:93} INFO -   1500K .......... .......... .......... .......... .......... 19% 12.9M 4s
[2024-07-14T16:19:33.482-0300] {subprocess.py:93} INFO -   1550K .......... .......... .......... .......... .......... 20% 4.15M 4s
[2024-07-14T16:19:33.491-0300] {subprocess.py:93} INFO -   1600K .......... .......... .......... .......... .......... 20% 5.24M 4s
[2024-07-14T16:19:33.496-0300] {subprocess.py:93} INFO -   1650K .......... .......... .......... .......... .......... 21% 9.66M 3s
[2024-07-14T16:19:33.503-0300] {subprocess.py:93} INFO -   1700K .......... .......... .......... .......... .......... 22% 6.72M 3s
[2024-07-14T16:19:33.507-0300] {subprocess.py:93} INFO -   1750K .......... .......... .......... .......... .......... 22% 13.2M 3s
[2024-07-14T16:19:33.511-0300] {subprocess.py:93} INFO -   1800K .......... .......... .......... .......... .......... 23% 12.1M 3s
[2024-07-14T16:19:33.519-0300] {subprocess.py:93} INFO -   1850K .......... .......... .......... .......... .......... 24% 6.06M 3s
[2024-07-14T16:19:33.524-0300] {subprocess.py:93} INFO -   1900K .......... .......... .......... .......... .......... 24% 9.61M 3s
[2024-07-14T16:19:33.532-0300] {subprocess.py:93} INFO -   1950K .......... .......... .......... .......... .......... 25% 6.08M 3s
[2024-07-14T16:19:33.537-0300] {subprocess.py:93} INFO -   2000K .......... .......... .......... .......... .......... 25% 9.31M 3s
[2024-07-14T16:19:33.541-0300] {subprocess.py:93} INFO -   2050K .......... .......... .......... .......... .......... 26% 13.4M 3s
[2024-07-14T16:19:33.544-0300] {subprocess.py:93} INFO -   2100K .......... .......... .......... .......... .......... 27% 15.4M 3s
[2024-07-14T16:19:33.548-0300] {subprocess.py:93} INFO -   2150K .......... .......... .......... .......... .......... 27% 11.3M 3s
[2024-07-14T16:19:33.551-0300] {subprocess.py:93} INFO -   2200K .......... .......... .......... .......... .......... 28% 18.9M 2s
[2024-07-14T16:19:33.557-0300] {subprocess.py:93} INFO -   2250K .......... .......... .......... .......... .......... 29% 8.90M 2s
[2024-07-14T16:19:33.567-0300] {subprocess.py:93} INFO -   2300K .......... .......... .......... .......... .......... 29% 4.58M 2s
[2024-07-14T16:19:33.569-0300] {subprocess.py:93} INFO -   2350K .......... .......... .......... .......... .......... 30% 31.3M 2s
[2024-07-14T16:19:33.572-0300] {subprocess.py:93} INFO -   2400K .......... .......... .......... .......... .......... 31% 15.0M 2s
[2024-07-14T16:19:33.576-0300] {subprocess.py:93} INFO -   2450K .......... .......... .......... .......... .......... 31% 12.7M 2s
[2024-07-14T16:19:33.580-0300] {subprocess.py:93} INFO -   2500K .......... .......... .......... .......... .......... 32% 10.8M 2s
[2024-07-14T16:19:33.581-0300] {subprocess.py:93} INFO -   2550K .......... .......... .......... .......... .......... 32%  105M 2s
[2024-07-14T16:19:33.584-0300] {subprocess.py:93} INFO -   2600K .......... .......... .......... .......... .......... 33% 16.0M 2s
[2024-07-14T16:19:33.588-0300] {subprocess.py:93} INFO -   2650K .......... .......... .......... .......... .......... 34% 11.5M 2s
[2024-07-14T16:19:33.593-0300] {subprocess.py:93} INFO -   2700K .......... .......... .......... .......... .......... 34% 10.8M 2s
[2024-07-14T16:19:33.596-0300] {subprocess.py:93} INFO -   2750K .......... .......... .......... .......... .......... 35% 14.7M 2s
[2024-07-14T16:19:33.600-0300] {subprocess.py:93} INFO -   2800K .......... .......... .......... .......... .......... 36% 11.5M 2s
[2024-07-14T16:19:33.604-0300] {subprocess.py:93} INFO -   2850K .......... .......... .......... .......... .......... 36% 13.1M 2s
[2024-07-14T16:19:33.607-0300] {subprocess.py:93} INFO -   2900K .......... .......... .......... .......... .......... 37% 14.1M 2s
[2024-07-14T16:19:33.612-0300] {subprocess.py:93} INFO -   2950K .......... .......... .......... .......... .......... 37% 9.95M 2s
[2024-07-14T16:19:33.614-0300] {subprocess.py:93} INFO -   3000K .......... .......... .......... .......... .......... 38% 36.3M 2s
[2024-07-14T16:19:33.616-0300] {subprocess.py:93} INFO -   3050K .......... .......... .......... .......... .......... 39% 21.8M 2s
[2024-07-14T16:19:33.620-0300] {subprocess.py:93} INFO -   3100K .......... .......... .......... .......... .......... 39% 11.9M 2s
[2024-07-14T16:19:33.625-0300] {subprocess.py:93} INFO -   3150K .......... .......... .......... .......... .......... 40% 9.70M 2s
[2024-07-14T16:19:33.625-0300] {subprocess.py:93} INFO -   3200K .......... .......... .......... .......... .......... 41%  301M 2s
[2024-07-14T16:19:33.628-0300] {subprocess.py:93} INFO -   3250K .......... .......... .......... .......... .......... 41% 16.6M 1s
[2024-07-14T16:19:33.633-0300] {subprocess.py:93} INFO -   3300K .......... .......... .......... .......... .......... 42% 11.0M 1s
[2024-07-14T16:19:33.633-0300] {subprocess.py:93} INFO -   3350K .......... .......... .......... .......... .......... 43%  284M 1s
[2024-07-14T16:19:33.640-0300] {subprocess.py:93} INFO -   3400K .......... .......... .......... .......... .......... 43% 6.89M 1s
[2024-07-14T16:19:33.644-0300] {subprocess.py:93} INFO -   3450K .......... .......... .......... .......... .......... 44% 11.7M 1s
[2024-07-14T16:19:33.646-0300] {subprocess.py:93} INFO -   3500K .......... .......... .......... .......... .......... 44% 29.9M 1s
[2024-07-14T16:19:33.650-0300] {subprocess.py:93} INFO -   3550K .......... .......... .......... .......... .......... 45% 10.6M 1s
[2024-07-14T16:19:33.651-0300] {subprocess.py:93} INFO -   3600K .......... .......... .......... .......... .......... 46% 82.8M 1s
[2024-07-14T16:19:33.651-0300] {subprocess.py:93} INFO -   3650K .......... .......... .......... .......... .......... 46%  235M 1s
[2024-07-14T16:19:33.660-0300] {subprocess.py:93} INFO -   3700K .......... .......... .......... .......... .......... 47% 5.59M 1s
[2024-07-14T16:19:33.664-0300] {subprocess.py:93} INFO -   3750K .......... .......... .......... .......... .......... 48% 11.3M 1s
[2024-07-14T16:19:33.665-0300] {subprocess.py:93} INFO -   3800K .......... .......... .......... .......... .......... 48%  230M 1s
[2024-07-14T16:19:33.668-0300] {subprocess.py:93} INFO -   3850K .......... .......... .......... .......... .......... 49% 13.2M 1s
[2024-07-14T16:19:33.675-0300] {subprocess.py:93} INFO -   3900K .......... .......... .......... .......... .......... 49% 7.18M 1s
[2024-07-14T16:19:33.677-0300] {subprocess.py:93} INFO -   3950K .......... .......... .......... .......... .......... 50% 18.5M 1s
[2024-07-14T16:19:33.678-0300] {subprocess.py:93} INFO -   4000K .......... .......... .......... .......... .......... 51%  201M 1s
[2024-07-14T16:19:33.680-0300] {subprocess.py:93} INFO -   4050K .......... .......... .......... .......... .......... 51% 21.8M 1s
[2024-07-14T16:19:33.681-0300] {subprocess.py:93} INFO -   4100K .......... .......... .......... .......... .......... 52%  144M 1s
[2024-07-14T16:19:33.686-0300] {subprocess.py:93} INFO -   4150K .......... .......... .......... .......... .......... 53% 8.96M 1s
[2024-07-14T16:19:33.688-0300] {subprocess.py:93} INFO -   4200K .......... .......... .......... .......... .......... 53% 20.3M 1s
[2024-07-14T16:19:33.691-0300] {subprocess.py:93} INFO -   4250K .......... .......... .......... .......... .......... 54% 18.7M 1s
[2024-07-14T16:19:33.691-0300] {subprocess.py:93} INFO -   4300K .......... .......... .......... .......... .......... 55%  211M 1s
[2024-07-14T16:19:33.695-0300] {subprocess.py:93} INFO -   4350K .......... .......... .......... .......... .......... 55% 12.2M 1s
[2024-07-14T16:19:33.697-0300] {subprocess.py:93} INFO -   4400K .......... .......... .......... .......... .......... 56% 20.6M 1s
[2024-07-14T16:19:33.698-0300] {subprocess.py:93} INFO -   4450K .......... .......... .......... .......... .......... 56%  182M 1s
[2024-07-14T16:19:33.701-0300] {subprocess.py:93} INFO -   4500K .......... .......... .......... .......... .......... 57% 15.4M 1s
[2024-07-14T16:19:33.701-0300] {subprocess.py:93} INFO -   4550K .......... .......... .......... .......... .......... 58%  198M 1s
[2024-07-14T16:19:33.704-0300] {subprocess.py:93} INFO -   4600K .......... .......... .......... .......... .......... 58% 16.1M 1s
[2024-07-14T16:19:33.705-0300] {subprocess.py:93} INFO -   4650K .......... .......... .......... .......... .......... 59% 76.4M 1s
[2024-07-14T16:19:33.709-0300] {subprocess.py:93} INFO -   4700K .......... .......... .......... .......... .......... 60% 10.8M 1s
[2024-07-14T16:19:33.710-0300] {subprocess.py:93} INFO -   4750K .......... .......... .......... .......... .......... 60% 62.4M 1s
[2024-07-14T16:19:33.713-0300] {subprocess.py:93} INFO -   4800K .......... .......... .......... .......... .......... 61% 16.1M 1s
[2024-07-14T16:19:33.717-0300] {subprocess.py:93} INFO -   4850K .......... .......... .......... .......... .......... 62% 11.9M 1s
[2024-07-14T16:19:33.718-0300] {subprocess.py:93} INFO -   4900K .......... .......... .......... .......... .......... 62%  256M 1s
[2024-07-14T16:19:33.721-0300] {subprocess.py:93} INFO -   4950K .......... .......... .......... .......... .......... 63% 12.2M 1s
[2024-07-14T16:19:33.722-0300] {subprocess.py:93} INFO -   5000K .......... .......... .......... .......... .......... 63%  261M 1s
[2024-07-14T16:19:33.723-0300] {subprocess.py:93} INFO -   5050K .......... .......... .......... .......... .......... 64% 35.1M 1s
[2024-07-14T16:19:33.725-0300] {subprocess.py:93} INFO -   5100K .......... .......... .......... .......... .......... 65% 19.5M 1s
[2024-07-14T16:19:33.727-0300] {subprocess.py:93} INFO -   5150K .......... .......... .......... .......... .......... 65% 22.8M 1s
[2024-07-14T16:19:33.732-0300] {subprocess.py:93} INFO -   5200K .......... .......... .......... .......... .......... 66% 11.5M 1s
[2024-07-14T16:19:33.734-0300] {subprocess.py:93} INFO -   5250K .......... .......... .......... .......... .......... 67% 17.7M 1s
[2024-07-14T16:19:33.735-0300] {subprocess.py:93} INFO -   5300K .......... .......... .......... .......... .......... 67%  180M 1s
[2024-07-14T16:19:33.737-0300] {subprocess.py:93} INFO -   5350K .......... .......... .......... .......... .......... 68% 18.4M 1s
[2024-07-14T16:19:33.738-0300] {subprocess.py:93} INFO -   5400K .......... .......... .......... .......... .......... 68%  268M 1s
[2024-07-14T16:19:33.741-0300] {subprocess.py:93} INFO -   5450K .......... .......... .......... .......... .......... 69% 13.9M 1s
[2024-07-14T16:19:33.742-0300] {subprocess.py:93} INFO -   5500K .......... .......... .......... .......... .......... 70% 61.6M 0s
[2024-07-14T16:19:33.746-0300] {subprocess.py:93} INFO -   5550K .......... .......... .......... .......... .......... 70% 12.5M 0s
[2024-07-14T16:19:33.746-0300] {subprocess.py:93} INFO -   5600K .......... .......... .......... .......... .......... 71%  235M 0s
[2024-07-14T16:19:33.750-0300] {subprocess.py:93} INFO -   5650K .......... .......... .......... .......... .......... 72% 13.3M 0s
[2024-07-14T16:19:33.750-0300] {subprocess.py:93} INFO -   5700K .......... .......... .......... .......... .......... 72%  229M 0s
[2024-07-14T16:19:33.753-0300] {subprocess.py:93} INFO -   5750K .......... .......... .......... .......... .......... 73% 14.1M 0s
[2024-07-14T16:19:33.754-0300] {subprocess.py:93} INFO -   5800K .......... .......... .......... .......... .......... 74%  134M 0s
[2024-07-14T16:19:33.754-0300] {subprocess.py:93} INFO -   5850K .......... .......... .......... .......... .......... 74% 89.9M 0s
[2024-07-14T16:19:33.755-0300] {subprocess.py:93} INFO -   5900K .......... .......... .......... .......... .......... 75%  109M 0s
[2024-07-14T16:19:33.758-0300] {subprocess.py:93} INFO -   5950K .......... .......... .......... .......... .......... 75% 14.3M 0s
[2024-07-14T16:19:33.761-0300] {subprocess.py:93} INFO -   6000K .......... .......... .......... .......... .......... 76% 20.6M 0s
[2024-07-14T16:19:33.762-0300] {subprocess.py:93} INFO -   6050K .......... .......... .......... .......... .......... 77% 37.4M 0s
[2024-07-14T16:19:33.765-0300] {subprocess.py:93} INFO -   6100K .......... .......... .......... .......... .......... 77% 17.9M 0s
[2024-07-14T16:19:33.766-0300] {subprocess.py:93} INFO -   6150K .......... .......... .......... .......... .......... 78% 40.3M 0s
[2024-07-14T16:19:33.767-0300] {subprocess.py:93} INFO -   6200K .......... .......... .......... .......... .......... 79% 39.6M 0s
[2024-07-14T16:19:33.768-0300] {subprocess.py:93} INFO -   6250K .......... .......... .......... .......... .......... 79% 47.0M 0s
[2024-07-14T16:19:33.772-0300] {subprocess.py:93} INFO -   6300K .......... .......... .......... .......... .......... 80% 11.9M 0s
[2024-07-14T16:19:33.778-0300] {subprocess.py:93} INFO -   6350K .......... .......... .......... .......... .......... 80% 7.89M 0s
[2024-07-14T16:19:33.779-0300] {subprocess.py:93} INFO -   6400K .......... .......... .......... .......... .......... 81% 54.3M 0s
[2024-07-14T16:19:33.780-0300] {subprocess.py:93} INFO -   6450K .......... .......... .......... .......... .......... 82% 61.2M 0s
[2024-07-14T16:19:33.782-0300] {subprocess.py:93} INFO -   6500K .......... .......... .......... .......... .......... 82% 30.7M 0s
[2024-07-14T16:19:33.782-0300] {subprocess.py:93} INFO -   6550K .......... .......... .......... .......... .......... 83%  180M 0s
[2024-07-14T16:19:33.789-0300] {subprocess.py:93} INFO -   6600K .......... .......... .......... .......... .......... 84% 6.52M 0s
[2024-07-14T16:19:33.791-0300] {subprocess.py:93} INFO -   6650K .......... .......... .......... .......... .......... 84% 33.4M 0s
[2024-07-14T16:19:33.791-0300] {subprocess.py:93} INFO -   6700K .......... .......... .......... .......... .......... 85%  110M 0s
[2024-07-14T16:19:33.792-0300] {subprocess.py:93} INFO -   6750K .......... .......... .......... .......... .......... 86% 55.0M 0s
[2024-07-14T16:19:33.793-0300] {subprocess.py:93} INFO -   6800K .......... .......... .......... .......... .......... 86%  118M 0s
[2024-07-14T16:19:33.794-0300] {subprocess.py:93} INFO -   6850K .......... .......... .......... .......... .......... 87% 64.5M 0s
[2024-07-14T16:19:33.796-0300] {subprocess.py:93} INFO -   6900K .......... .......... .......... .......... .......... 87% 21.7M 0s
[2024-07-14T16:19:33.797-0300] {subprocess.py:93} INFO -   6950K .......... .......... .......... .......... .......... 88% 36.5M 0s
[2024-07-14T16:19:33.798-0300] {subprocess.py:93} INFO -   7000K .......... .......... .......... .......... .......... 89%  101M 0s
[2024-07-14T16:19:33.798-0300] {subprocess.py:93} INFO -   7050K .......... .......... .......... .......... .......... 89% 70.8M 0s
[2024-07-14T16:19:33.799-0300] {subprocess.py:93} INFO -   7100K .......... .......... .......... .......... .......... 90% 58.8M 0s
[2024-07-14T16:19:33.800-0300] {subprocess.py:93} INFO -   7150K .......... .......... .......... .......... .......... 91%  154M 0s
[2024-07-14T16:19:33.801-0300] {subprocess.py:93} INFO -   7200K .......... .......... .......... .......... .......... 91% 24.8M 0s
[2024-07-14T16:19:33.803-0300] {subprocess.py:93} INFO -   7250K .......... .......... .......... .......... .......... 92% 31.8M 0s
[2024-07-14T16:19:33.807-0300] {subprocess.py:93} INFO -   7300K .......... .......... .......... .......... .......... 93% 13.3M 0s
[2024-07-14T16:19:33.807-0300] {subprocess.py:93} INFO -   7350K .......... .......... .......... .......... .......... 93%  170M 0s
[2024-07-14T16:19:33.808-0300] {subprocess.py:93} INFO -   7400K .......... .......... .......... .......... .......... 94% 66.2M 0s
[2024-07-14T16:19:33.808-0300] {subprocess.py:93} INFO -   7450K .......... .......... .......... .......... .......... 94%  161M 0s
[2024-07-14T16:19:33.810-0300] {subprocess.py:93} INFO -   7500K .......... .......... .......... .......... .......... 95% 27.0M 0s
[2024-07-14T16:19:33.814-0300] {subprocess.py:93} INFO -   7550K .......... .......... .......... .......... .......... 96% 11.0M 0s
[2024-07-14T16:19:33.815-0300] {subprocess.py:93} INFO -   7600K .......... .......... .......... .......... .......... 96% 86.3M 0s
[2024-07-14T16:19:33.815-0300] {subprocess.py:93} INFO -   7650K .......... .......... .......... .......... .......... 97%  175M 0s
[2024-07-14T16:19:33.816-0300] {subprocess.py:93} INFO -   7700K .......... .......... .......... .......... .......... 98%  323M 0s
[2024-07-14T16:19:33.818-0300] {subprocess.py:93} INFO -   7750K .......... .......... .......... .......... .......... 98% 15.1M 0s
[2024-07-14T16:19:33.819-0300] {subprocess.py:93} INFO -   7800K .......... .......... .......... .......... .......... 99% 50.1M 0s
[2024-07-14T16:19:33.820-0300] {subprocess.py:93} INFO -   7850K .......... .......... .......... .......... .......... 99% 46.1M 0s
[2024-07-14T16:19:33.821-0300] {subprocess.py:93} INFO -   7900K .                                                     100% 31.0K=1.3s
[2024-07-14T16:19:33.822-0300] {subprocess.py:93} INFO - 
[2024-07-14T16:19:33.823-0300] {subprocess.py:93} INFO - 2024-07-14 16:19:33 (6.13 MB/s) - ‘/Users/axelsirota/repos/up_running_apache_airflow/downloads/yelp.csv’ saved [8091185/8091185]
[2024-07-14T16:19:33.823-0300] {subprocess.py:93} INFO - 
[2024-07-14T16:19:33.828-0300] {subprocess.py:97} INFO - Command exited with return code 0
[2024-07-14T16:19:33.830-0300] {taskinstance.py:441} INFO - ::group::Post task execution logs
[2024-07-14T16:19:33.850-0300] {taskinstance.py:1206} INFO - Marking task as SUCCESS. dag_id=schedule_dag, task_id=download_file, run_id=scheduled__2024-07-09T00:00:00+00:00, execution_date=20240709T000000, start_date=20240714T191930, end_date=20240714T191933
[2024-07-14T16:19:33.905-0300] {local_task_job_runner.py:240} INFO - Task exited with return code 0
[2024-07-14T16:19:33.934-0300] {taskinstance.py:3503} INFO - 1 downstream tasks scheduled from follow-on schedule check
[2024-07-14T16:19:33.936-0300] {local_task_job_runner.py:222} INFO - ::endgroup::
