[2024-07-14T16:12:51.101-0300] {local_task_job_runner.py:120} INFO - ::group::Pre task execution logs
[2024-07-14T16:12:51.135-0300] {taskinstance.py:2076} INFO - Dependencies all met for dep_context=non-requeueable deps ti=<TaskInstance: backfill_dag.download_file scheduled__2024-07-06T00:00:00+00:00 [queued]>
[2024-07-14T16:12:51.143-0300] {taskinstance.py:2076} INFO - Dependencies all met for dep_context=requeueable deps ti=<TaskInstance: backfill_dag.download_file scheduled__2024-07-06T00:00:00+00:00 [queued]>
[2024-07-14T16:12:51.143-0300] {taskinstance.py:2306} INFO - Starting attempt 1 of 2
[2024-07-14T16:12:51.155-0300] {taskinstance.py:2330} INFO - Executing <Task(BashOperator): download_file> on 2024-07-06 00:00:00+00:00
[2024-07-14T16:12:51.159-0300] {standard_task_runner.py:63} INFO - Started process 87128 to run task
[2024-07-14T16:12:51.166-0300] {standard_task_runner.py:90} INFO - Running: ['airflow', 'tasks', 'run', 'backfill_dag', 'download_file', 'scheduled__2024-07-06T00:00:00+00:00', '--job-id', '7', '--raw', '--subdir', 'DAGS_FOLDER/5_backfill.py', '--cfg-path', '/var/folders/g0/jqvp4xxs5pn4cds1xb9339xm0000gn/T/tmph3vbgd7k']
[2024-07-14T16:12:51.170-0300] {standard_task_runner.py:91} INFO - Job 7: Subtask download_file
[2024-07-14T16:12:51.229-0300] {task_command.py:426} INFO - Running <TaskInstance: backfill_dag.download_file scheduled__2024-07-06T00:00:00+00:00 [running]> on host axels-personal-mac.local
[2024-07-14T16:12:51.301-0300] {taskinstance.py:2648} INFO - Exporting env vars: AIRFLOW_CTX_DAG_OWNER='airflow' AIRFLOW_CTX_DAG_ID='backfill_dag' AIRFLOW_CTX_TASK_ID='download_file' AIRFLOW_CTX_EXECUTION_DATE='2024-07-06T00:00:00+00:00' AIRFLOW_CTX_TRY_NUMBER='1' AIRFLOW_CTX_DAG_RUN_ID='scheduled__2024-07-06T00:00:00+00:00'
[2024-07-14T16:12:51.302-0300] {taskinstance.py:430} INFO - ::endgroup::
[2024-07-14T16:12:51.303-0300] {subprocess.py:63} INFO - Tmp dir root location: /var/folders/g0/jqvp4xxs5pn4cds1xb9339xm0000gn/T
[2024-07-14T16:12:51.304-0300] {subprocess.py:75} INFO - Running command: ['/bin/bash', '-c', 'mkdir -p ${AIRFLOW_HOME}/downloads && wget -O ${AIRFLOW_HOME}/downloads/yelp.csv https://www.dropbox.com/scl/fi/2k8im8ftu9yk8mnqhops9/yelp.csv?rlkey=52dzmxgys0su77wb6o75vb5ab&st=lmz21rpk&dl=0']
[2024-07-14T16:12:51.312-0300] {subprocess.py:86} INFO - Output:
[2024-07-14T16:12:51.336-0300] {subprocess.py:93} INFO - --2024-07-14 16:12:51--  https://www.dropbox.com/scl/fi/2k8im8ftu9yk8mnqhops9/yelp.csv?rlkey=52dzmxgys0su77wb6o75vb5ab
[2024-07-14T16:12:51.462-0300] {subprocess.py:93} INFO - Resolving www.dropbox.com (www.dropbox.com)... 2620:100:601d:18::a27d:512, 162.125.5.18
[2024-07-14T16:12:51.598-0300] {subprocess.py:93} INFO - Connecting to www.dropbox.com (www.dropbox.com)|2620:100:601d:18::a27d:512|:443... connected.
[2024-07-14T16:12:52.376-0300] {subprocess.py:93} INFO - HTTP request sent, awaiting response... 302 Found
[2024-07-14T16:12:52.377-0300] {subprocess.py:93} INFO - Location: https://uc73a1b5b376f0e16c8cc99980cc.dl.dropboxusercontent.com/cd/0/inline/CWus2VlIR1LK_kA_Qs0i5MM2jusi0iRpBo8CzK1NRQc29D0YkW1hZnXXdAmhDPSPElZFG4qpK7rLFYC2Np70v9HZbptHM6BHAje9hIE3P-xkrMYyh6ONu-QtAVMKtTwUwAEpN0w-E38HNsbXXF493qez/file# [following]
[2024-07-14T16:12:52.378-0300] {subprocess.py:93} INFO - --2024-07-14 16:12:52--  https://uc73a1b5b376f0e16c8cc99980cc.dl.dropboxusercontent.com/cd/0/inline/CWus2VlIR1LK_kA_Qs0i5MM2jusi0iRpBo8CzK1NRQc29D0YkW1hZnXXdAmhDPSPElZFG4qpK7rLFYC2Np70v9HZbptHM6BHAje9hIE3P-xkrMYyh6ONu-QtAVMKtTwUwAEpN0w-E38HNsbXXF493qez/file
[2024-07-14T16:12:52.574-0300] {subprocess.py:93} INFO - Resolving uc73a1b5b376f0e16c8cc99980cc.dl.dropboxusercontent.com (uc73a1b5b376f0e16c8cc99980cc.dl.dropboxusercontent.com)... 2620:100:601d:15::a27d:50f, 162.125.5.15
[2024-07-14T16:12:52.713-0300] {subprocess.py:93} INFO - Connecting to uc73a1b5b376f0e16c8cc99980cc.dl.dropboxusercontent.com (uc73a1b5b376f0e16c8cc99980cc.dl.dropboxusercontent.com)|2620:100:601d:15::a27d:50f|:443... connected.
[2024-07-14T16:12:53.624-0300] {subprocess.py:93} INFO - HTTP request sent, awaiting response... 200 OK
[2024-07-14T16:12:53.625-0300] {subprocess.py:93} INFO - Length: 8091185 (7.7M) [text/plain]
[2024-07-14T16:12:53.625-0300] {subprocess.py:93} INFO - Saving to: ‘/Users/axelsirota/repos/up_running_apache_airflow/downloads/yelp.csv’
[2024-07-14T16:12:53.625-0300] {subprocess.py:93} INFO - 
[2024-07-14T16:12:53.930-0300] {subprocess.py:93} INFO -      0K .......... .......... .......... .......... ..........  0%  163K 48s
[2024-07-14T16:12:54.063-0300] {subprocess.py:93} INFO -     50K .......... .......... .......... .......... ..........  1%  378K 34s
[2024-07-14T16:12:54.133-0300] {subprocess.py:93} INFO -    100K .......... .......... .......... .......... ..........  1%  710K 26s
[2024-07-14T16:12:54.186-0300] {subprocess.py:93} INFO -    150K .......... .......... .......... .......... ..........  2%  941K 22s
[2024-07-14T16:12:54.263-0300] {subprocess.py:93} INFO -    200K .......... .......... .......... .......... ..........  3%  649K 20s
[2024-07-14T16:12:54.292-0300] {subprocess.py:93} INFO -    250K .......... .......... .......... .......... ..........  3% 1.71M 17s
[2024-07-14T16:12:54.313-0300] {subprocess.py:93} INFO -    300K .......... .......... .......... .......... ..........  4% 2.29M 15s
[2024-07-14T16:12:54.344-0300] {subprocess.py:93} INFO -    350K .......... .......... .......... .......... ..........  5% 1.93M 13s
[2024-07-14T16:12:54.367-0300] {subprocess.py:93} INFO -    400K .......... .......... .......... .......... ..........  5% 1.71M 12s
[2024-07-14T16:12:54.395-0300] {subprocess.py:93} INFO -    450K .......... .......... .......... .......... ..........  6% 1.77M 11s
[2024-07-14T16:12:54.415-0300] {subprocess.py:93} INFO -    500K .......... .......... .......... .......... ..........  6% 2.40M 11s
[2024-07-14T16:12:54.437-0300] {subprocess.py:93} INFO -    550K .......... .......... .......... .......... ..........  7% 2.19M 10s
[2024-07-14T16:12:54.453-0300] {subprocess.py:93} INFO -    600K .......... .......... .......... .......... ..........  8% 3.05M 9s
[2024-07-14T16:12:54.465-0300] {subprocess.py:93} INFO -    650K .......... .......... .......... .......... ..........  8% 4.16M 9s
[2024-07-14T16:12:54.481-0300] {subprocess.py:93} INFO -    700K .......... .......... .......... .......... ..........  9% 3.06M 8s
[2024-07-14T16:12:54.497-0300] {subprocess.py:93} INFO -    750K .......... .......... .......... .......... .......... 10% 4.81M 8s
[2024-07-14T16:12:54.510-0300] {subprocess.py:93} INFO -    800K .......... .......... .......... .......... .......... 10% 2.57M 7s
[2024-07-14T16:12:54.519-0300] {subprocess.py:93} INFO -    850K .......... .......... .......... .......... .......... 11% 5.41M 7s
[2024-07-14T16:12:54.526-0300] {subprocess.py:93} INFO -    900K .......... .......... .......... .......... .......... 12% 6.90M 7s
[2024-07-14T16:12:54.536-0300] {subprocess.py:93} INFO -    950K .......... .......... .......... .......... .......... 12% 5.02M 6s
[2024-07-14T16:12:54.546-0300] {subprocess.py:93} INFO -   1000K .......... .......... .......... .......... .......... 13% 4.80M 6s
[2024-07-14T16:12:54.557-0300] {subprocess.py:93} INFO -   1050K .......... .......... .......... .......... .......... 13% 4.63M 6s
[2024-07-14T16:12:54.564-0300] {subprocess.py:93} INFO -   1100K .......... .......... .......... .......... .......... 14% 6.44M 6s
[2024-07-14T16:12:54.574-0300] {subprocess.py:93} INFO -   1150K .......... .......... .......... .......... .......... 15% 4.94M 5s
[2024-07-14T16:12:54.585-0300] {subprocess.py:93} INFO -   1200K .......... .......... .......... .......... .......... 15% 4.40M 5s
[2024-07-14T16:12:54.590-0300] {subprocess.py:93} INFO -   1250K .......... .......... .......... .......... .......... 16% 10.1M 5s
[2024-07-14T16:12:54.601-0300] {subprocess.py:93} INFO -   1300K .......... .......... .......... .......... .......... 17% 4.41M 5s
[2024-07-14T16:12:54.607-0300] {subprocess.py:93} INFO -   1350K .......... .......... .......... .......... .......... 17% 8.37M 5s
[2024-07-14T16:12:54.617-0300] {subprocess.py:93} INFO -   1400K .......... .......... .......... .......... .......... 18% 4.88M 4s
[2024-07-14T16:12:54.623-0300] {subprocess.py:93} INFO -   1450K .......... .......... .......... .......... .......... 18% 8.15M 4s
[2024-07-14T16:12:54.628-0300] {subprocess.py:93} INFO -   1500K .......... .......... .......... .......... .......... 19% 9.17M 4s
[2024-07-14T16:12:54.639-0300] {subprocess.py:93} INFO -   1550K .......... .......... .......... .......... .......... 20% 4.48M 4s
[2024-07-14T16:12:54.647-0300] {subprocess.py:93} INFO -   1600K .......... .......... .......... .......... .......... 20% 6.62M 4s
[2024-07-14T16:12:54.652-0300] {subprocess.py:93} INFO -   1650K .......... .......... .......... .......... .......... 21% 10.1M 4s
[2024-07-14T16:12:54.656-0300] {subprocess.py:93} INFO -   1700K .......... .......... .......... .......... .......... 22% 9.88M 4s
[2024-07-14T16:12:54.662-0300] {subprocess.py:93} INFO -   1750K .......... .......... .......... .......... .......... 22% 8.50M 4s
[2024-07-14T16:12:54.667-0300] {subprocess.py:93} INFO -   1800K .......... .......... .......... .......... .......... 23% 9.43M 3s
[2024-07-14T16:12:54.672-0300] {subprocess.py:93} INFO -   1850K .......... .......... .......... .......... .......... 24% 9.86M 3s
[2024-07-14T16:12:54.678-0300] {subprocess.py:93} INFO -   1900K .......... .......... .......... .......... .......... 24% 8.70M 3s
[2024-07-14T16:12:54.689-0300] {subprocess.py:93} INFO -   1950K .......... .......... .......... .......... .......... 25% 4.46M 3s
[2024-07-14T16:12:54.700-0300] {subprocess.py:93} INFO -   2000K .......... .......... .......... .......... .......... 25% 4.24M 3s
[2024-07-14T16:12:54.706-0300] {subprocess.py:93} INFO -   2050K .......... .......... .......... .......... .......... 26% 9.46M 3s
[2024-07-14T16:12:54.707-0300] {subprocess.py:93} INFO -   2100K .......... .......... .......... .......... .......... 27% 52.7M 3s
[2024-07-14T16:12:54.724-0300] {subprocess.py:93} INFO -   2150K .......... .......... .......... .......... .......... 27% 2.74M 3s
[2024-07-14T16:12:54.725-0300] {subprocess.py:93} INFO -   2200K .......... .......... .......... .......... .......... 28%  248M 3s
[2024-07-14T16:12:54.725-0300] {subprocess.py:93} INFO -   2250K .......... .......... .......... .......... .......... 29%  326M 3s
[2024-07-14T16:12:54.726-0300] {subprocess.py:93} INFO -   2300K .......... .......... .......... .......... .......... 29%  334M 3s
[2024-07-14T16:12:54.726-0300] {subprocess.py:93} INFO -   2350K .......... .......... .......... .......... .......... 30% 78.4M 3s
[2024-07-14T16:12:54.728-0300] {subprocess.py:93} INFO -   2400K .......... .......... .......... .......... .......... 31% 19.7M 2s
[2024-07-14T16:12:54.734-0300] {subprocess.py:93} INFO -   2450K .......... .......... .......... .......... .......... 31% 8.10M 2s
[2024-07-14T16:12:54.735-0300] {subprocess.py:93} INFO -   2500K .......... .......... .......... .......... .......... 32% 52.8M 2s
[2024-07-14T16:12:54.735-0300] {subprocess.py:93} INFO -   2550K .......... .......... .......... .......... .......... 32%  165M 2s
[2024-07-14T16:12:54.738-0300] {subprocess.py:93} INFO -   2600K .......... .......... .......... .......... .......... 33% 21.2M 2s
[2024-07-14T16:12:54.743-0300] {subprocess.py:93} INFO -   2650K .......... .......... .......... .......... .......... 34% 9.09M 2s
[2024-07-14T16:12:54.748-0300] {subprocess.py:93} INFO -   2700K .......... .......... .......... .......... .......... 34% 9.08M 2s
[2024-07-14T16:12:54.754-0300] {subprocess.py:93} INFO -   2750K .......... .......... .......... .......... .......... 35% 8.63M 2s
[2024-07-14T16:12:54.760-0300] {subprocess.py:93} INFO -   2800K .......... .......... .......... .......... .......... 36% 7.84M 2s
[2024-07-14T16:12:54.765-0300] {subprocess.py:93} INFO -   2850K .......... .......... .......... .......... .......... 36% 9.37M 2s
[2024-07-14T16:12:54.766-0300] {subprocess.py:93} INFO -   2900K .......... .......... .......... .......... .......... 37%  117M 2s
[2024-07-14T16:12:54.771-0300] {subprocess.py:93} INFO -   2950K .......... .......... .......... .......... .......... 37% 10.2M 2s
[2024-07-14T16:12:54.776-0300] {subprocess.py:93} INFO -   3000K .......... .......... .......... .......... .......... 38% 9.28M 2s
[2024-07-14T16:12:54.776-0300] {subprocess.py:93} INFO -   3050K .......... .......... .......... .......... .......... 39%  226M 2s
[2024-07-14T16:12:54.781-0300] {subprocess.py:93} INFO -   3100K .......... .......... .......... .......... .......... 39% 9.56M 2s
[2024-07-14T16:12:54.782-0300] {subprocess.py:93} INFO -   3150K .......... .......... .......... .......... .......... 40% 52.6M 2s
[2024-07-14T16:12:54.789-0300] {subprocess.py:93} INFO -   3200K .......... .......... .......... .......... .......... 41% 6.82M 2s
[2024-07-14T16:12:54.794-0300] {subprocess.py:93} INFO -   3250K .......... .......... .......... .......... .......... 41% 10.9M 2s
[2024-07-14T16:12:54.794-0300] {subprocess.py:93} INFO -   3300K .......... .......... .......... .......... .......... 42% 88.3M 2s
[2024-07-14T16:12:54.799-0300] {subprocess.py:93} INFO -   3350K .......... .......... .......... .......... .......... 43% 10.4M 2s
[2024-07-14T16:12:54.799-0300] {subprocess.py:93} INFO -   3400K .......... .......... .......... .......... .......... 43%  254M 2s
[2024-07-14T16:12:54.804-0300] {subprocess.py:93} INFO -   3450K .......... .......... .......... .......... .......... 44% 9.32M 1s
[2024-07-14T16:12:54.809-0300] {subprocess.py:93} INFO -   3500K .......... .......... .......... .......... .......... 44% 10.2M 1s
[2024-07-14T16:12:54.819-0300] {subprocess.py:93} INFO -   3550K .......... .......... .......... .......... .......... 45% 4.77M 1s
[2024-07-14T16:12:54.821-0300] {subprocess.py:93} INFO -   3600K .......... .......... .......... .......... .......... 46% 42.3M 1s
[2024-07-14T16:12:54.825-0300] {subprocess.py:93} INFO -   3650K .......... .......... .......... .......... .......... 46% 10.2M 1s
[2024-07-14T16:12:54.830-0300] {subprocess.py:93} INFO -   3700K .......... .......... .......... .......... .......... 47% 9.89M 1s
[2024-07-14T16:12:55.014-0300] {subprocess.py:93} INFO -   3750K .......... .......... .......... .......... .......... 48%  273K 1s
[2024-07-14T16:12:55.014-0300] {subprocess.py:93} INFO -   3800K .......... .......... .......... .......... .......... 48%  243M 1s
[2024-07-14T16:12:55.015-0300] {subprocess.py:93} INFO -   3850K .......... .......... .......... .......... .......... 49%  292M 1s
[2024-07-14T16:12:55.016-0300] {subprocess.py:93} INFO -   3900K .......... .......... .......... .......... .......... 49%  260M 1s
[2024-07-14T16:12:55.016-0300] {subprocess.py:93} INFO -   3950K .......... .......... .......... .......... .......... 50%  229M 1s
[2024-07-14T16:12:55.017-0300] {subprocess.py:93} INFO -   4000K .......... .......... .......... .......... .......... 51%  185M 1s
[2024-07-14T16:12:55.017-0300] {subprocess.py:93} INFO -   4050K .......... .......... .......... .......... .......... 51%  323M 1s
[2024-07-14T16:12:55.018-0300] {subprocess.py:93} INFO -   4100K .......... .......... .......... .......... .......... 52%  173M 1s
[2024-07-14T16:12:55.018-0300] {subprocess.py:93} INFO -   4150K .......... .......... .......... .......... .......... 53%  178M 1s
[2024-07-14T16:12:55.019-0300] {subprocess.py:93} INFO -   4200K .......... .......... .......... .......... .......... 53%  292M 1s
[2024-07-14T16:12:55.019-0300] {subprocess.py:93} INFO -   4250K .......... .......... .......... .......... .......... 54%  313M 1s
[2024-07-14T16:12:55.019-0300] {subprocess.py:93} INFO -   4300K .......... .......... .......... .......... .......... 55%  301M 1s
[2024-07-14T16:12:55.020-0300] {subprocess.py:93} INFO -   4350K .......... .......... .......... .......... .......... 55%  156M 1s
[2024-07-14T16:12:55.020-0300] {subprocess.py:93} INFO -   4400K .......... .......... .......... .......... .......... 56%  223M 1s
[2024-07-14T16:12:55.021-0300] {subprocess.py:93} INFO -   4450K .......... .......... .......... .......... .......... 56%  319M 1s
[2024-07-14T16:12:55.021-0300] {subprocess.py:93} INFO -   4500K .......... .......... .......... .......... .......... 57%  315M 1s
[2024-07-14T16:12:55.021-0300] {subprocess.py:93} INFO -   4550K .......... .......... .......... .......... .......... 58%  317M 1s
[2024-07-14T16:12:55.022-0300] {subprocess.py:93} INFO -   4600K .......... .......... .......... .......... .......... 58%  323M 1s
[2024-07-14T16:12:55.022-0300] {subprocess.py:93} INFO -   4650K .......... .......... .......... .......... .......... 59%  309M 1s
[2024-07-14T16:12:55.022-0300] {subprocess.py:93} INFO -   4700K .......... .......... .......... .......... .......... 60%  226M 1s
[2024-07-14T16:12:55.023-0300] {subprocess.py:93} INFO -   4750K .......... .......... .......... .......... .......... 60%  332M 1s
[2024-07-14T16:12:55.023-0300] {subprocess.py:93} INFO -   4800K .......... .......... .......... .......... .......... 61%  224M 1s
[2024-07-14T16:12:55.024-0300] {subprocess.py:93} INFO -   4850K .......... .......... .......... .......... .......... 62%  332M 1s
[2024-07-14T16:12:55.024-0300] {subprocess.py:93} INFO -   4900K .......... .......... .......... .......... .......... 62%  319M 1s
[2024-07-14T16:12:55.024-0300] {subprocess.py:93} INFO -   4950K .......... .......... .......... .......... .......... 63%  332M 1s
[2024-07-14T16:12:55.025-0300] {subprocess.py:93} INFO -   5000K .......... .......... .......... .......... .......... 63%  216M 1s
[2024-07-14T16:12:55.025-0300] {subprocess.py:93} INFO -   5050K .......... .......... .......... .......... .......... 64%  326M 1s
[2024-07-14T16:12:55.025-0300] {subprocess.py:93} INFO -   5100K .......... .......... .......... .......... .......... 65%  319M 1s
[2024-07-14T16:12:55.026-0300] {subprocess.py:93} INFO -   5150K .......... .......... .......... .......... .......... 65%  332M 1s
[2024-07-14T16:12:55.026-0300] {subprocess.py:93} INFO -   5200K .......... .......... .......... .......... .......... 66%  225M 1s
[2024-07-14T16:12:55.027-0300] {subprocess.py:93} INFO -   5250K .......... .......... .......... .......... .......... 67%  294M 1s
[2024-07-14T16:12:55.027-0300] {subprocess.py:93} INFO -   5300K .......... .......... .......... .......... .......... 67%  344M 1s
[2024-07-14T16:12:55.027-0300] {subprocess.py:93} INFO -   5350K .......... .......... .......... .......... .......... 68%  337M 1s
[2024-07-14T16:12:55.028-0300] {subprocess.py:93} INFO -   5400K .......... .......... .......... .......... .......... 68%  349M 1s
[2024-07-14T16:12:55.028-0300] {subprocess.py:93} INFO -   5450K .......... .......... .......... .......... .......... 69%  349M 1s
[2024-07-14T16:12:55.028-0300] {subprocess.py:93} INFO -   5500K .......... .......... .......... .......... .......... 70%  346M 1s
[2024-07-14T16:12:55.029-0300] {subprocess.py:93} INFO -   5550K .......... .......... .......... .......... .......... 70%  351M 1s
[2024-07-14T16:12:55.029-0300] {subprocess.py:93} INFO -   5600K .......... .......... .......... .......... .......... 71%  253M 1s
[2024-07-14T16:12:55.030-0300] {subprocess.py:93} INFO -   5650K .......... .......... .......... .......... .......... 72%  339M 1s
[2024-07-14T16:12:55.030-0300] {subprocess.py:93} INFO -   5700K .......... .......... .......... .......... .......... 72%  328M 1s
[2024-07-14T16:12:55.030-0300] {subprocess.py:93} INFO -   5750K .......... .......... .......... .......... .......... 73%  334M 1s
[2024-07-14T16:12:55.031-0300] {subprocess.py:93} INFO -   5800K .......... .......... .......... .......... .......... 74%  349M 0s
[2024-07-14T16:12:55.031-0300] {subprocess.py:93} INFO -   5850K .......... .......... .......... .......... .......... 74%  334M 0s
[2024-07-14T16:12:55.032-0300] {subprocess.py:93} INFO -   5900K .......... .......... .......... .......... .......... 75%  319M 0s
[2024-07-14T16:12:55.032-0300] {subprocess.py:93} INFO -   5950K .......... .......... .......... .......... .......... 75%  330M 0s
[2024-07-14T16:12:55.032-0300] {subprocess.py:93} INFO -   6000K .......... .......... .......... .......... .......... 76%  210M 0s
[2024-07-14T16:12:55.033-0300] {subprocess.py:93} INFO -   6050K .......... .......... .......... .......... .......... 77%  326M 0s
[2024-07-14T16:12:55.033-0300] {subprocess.py:93} INFO -   6100K .......... .......... .......... .......... .......... 77%  346M 0s
[2024-07-14T16:12:55.034-0300] {subprocess.py:93} INFO -   6150K .......... .......... .......... .......... .......... 78%  344M 0s
[2024-07-14T16:12:55.034-0300] {subprocess.py:93} INFO -   6200K .......... .......... .......... .......... .......... 79%  301M 0s
[2024-07-14T16:12:55.034-0300] {subprocess.py:93} INFO -   6250K .......... .......... .......... .......... .......... 79%  332M 0s
[2024-07-14T16:12:55.035-0300] {subprocess.py:93} INFO -   6300K .......... .......... .......... .......... .......... 80%  344M 0s
[2024-07-14T16:12:55.035-0300] {subprocess.py:93} INFO -   6350K .......... .......... .......... .......... .......... 80%  332M 0s
[2024-07-14T16:12:55.036-0300] {subprocess.py:93} INFO -   6400K .......... .......... .......... .......... .......... 81%  264M 0s
[2024-07-14T16:12:55.036-0300] {subprocess.py:93} INFO -   6450K .......... .......... .......... .......... .......... 82%  349M 0s
[2024-07-14T16:12:55.036-0300] {subprocess.py:93} INFO -   6500K .......... .......... .......... .......... .......... 82%  294M 0s
[2024-07-14T16:12:55.037-0300] {subprocess.py:93} INFO -   6550K .......... .......... .......... .......... .......... 83%  344M 0s
[2024-07-14T16:12:55.037-0300] {subprocess.py:93} INFO -   6600K .......... .......... .......... .......... .......... 84%  351M 0s
[2024-07-14T16:12:55.038-0300] {subprocess.py:93} INFO -   6650K .......... .......... .......... .......... .......... 84%  349M 0s
[2024-07-14T16:12:55.038-0300] {subprocess.py:93} INFO -   6700K .......... .......... .......... .......... .......... 85%  351M 0s
[2024-07-14T16:12:55.038-0300] {subprocess.py:93} INFO -   6750K .......... .......... .......... .......... .......... 86%  303M 0s
[2024-07-14T16:12:55.039-0300] {subprocess.py:93} INFO -   6800K .......... .......... .......... .......... .......... 86%  256M 0s
[2024-07-14T16:12:55.039-0300] {subprocess.py:93} INFO -   6850K .......... .......... .......... .......... .......... 87%  346M 0s
[2024-07-14T16:12:55.039-0300] {subprocess.py:93} INFO -   6900K .......... .......... .......... .......... .......... 87%  328M 0s
[2024-07-14T16:12:55.040-0300] {subprocess.py:93} INFO -   6950K .......... .......... .......... .......... .......... 88%  346M 0s
[2024-07-14T16:12:55.040-0300] {subprocess.py:93} INFO -   7000K .......... .......... .......... .......... .......... 89%  351M 0s
[2024-07-14T16:12:55.040-0300] {subprocess.py:93} INFO -   7050K .......... .......... .......... .......... .......... 89%  274M 0s
[2024-07-14T16:12:55.041-0300] {subprocess.py:93} INFO -   7100K .......... .......... .......... .......... .......... 90%  344M 0s
[2024-07-14T16:12:55.041-0300] {subprocess.py:93} INFO -   7150K .......... .......... .......... .......... .......... 91%  344M 0s
[2024-07-14T16:12:55.042-0300] {subprocess.py:93} INFO -   7200K .......... .......... .......... .......... .......... 91%  234M 0s
[2024-07-14T16:12:55.042-0300] {subprocess.py:93} INFO -   7250K .......... .......... .......... .......... .......... 92%  330M 0s
[2024-07-14T16:12:55.042-0300] {subprocess.py:93} INFO -   7300K .......... .......... .......... .......... .......... 93%  346M 0s
[2024-07-14T16:12:55.043-0300] {subprocess.py:93} INFO -   7350K .......... .......... .......... .......... .......... 93%  309M 0s
[2024-07-14T16:12:55.043-0300] {subprocess.py:93} INFO -   7400K .......... .......... .......... .......... .......... 94%  346M 0s
[2024-07-14T16:12:55.043-0300] {subprocess.py:93} INFO -   7450K .......... .......... .......... .......... .......... 94%  334M 0s
[2024-07-14T16:12:55.044-0300] {subprocess.py:93} INFO -   7500K .......... .......... .......... .......... .......... 95%  351M 0s
[2024-07-14T16:12:55.044-0300] {subprocess.py:93} INFO -   7550K .......... .......... .......... .......... .......... 96%  349M 0s
[2024-07-14T16:12:55.045-0300] {subprocess.py:93} INFO -   7600K .......... .......... .......... .......... .......... 96%  252M 0s
[2024-07-14T16:12:55.057-0300] {subprocess.py:93} INFO -   7650K .......... .......... .......... .......... .......... 97% 1.60M 0s
[2024-07-14T16:12:55.058-0300] {subprocess.py:93} INFO -   7700K .......... .......... .......... .......... .......... 98%  274M 0s
[2024-07-14T16:12:55.058-0300] {subprocess.py:93} INFO -   7750K .......... .......... .......... .......... .......... 98%  341M 0s
[2024-07-14T16:12:55.059-0300] {subprocess.py:93} INFO -   7800K .......... .......... .......... .......... .......... 99% 52.9M 0s
[2024-07-14T16:12:55.205-0300] {subprocess.py:93} INFO -   7850K .......... .......... .......... .......... .......... 99%  342K 0s
[2024-07-14T16:12:55.205-0300] {subprocess.py:93} INFO -   7900K .                                                     100% 31.0K=1.6s
[2024-07-14T16:12:55.206-0300] {subprocess.py:93} INFO - 
[2024-07-14T16:12:55.206-0300] {subprocess.py:93} INFO - 2024-07-14 16:12:55 (4.88 MB/s) - ‘/Users/axelsirota/repos/up_running_apache_airflow/downloads/yelp.csv’ saved [8091185/8091185]
[2024-07-14T16:12:55.206-0300] {subprocess.py:93} INFO - 
[2024-07-14T16:12:55.214-0300] {subprocess.py:97} INFO - Command exited with return code 0
[2024-07-14T16:12:55.215-0300] {taskinstance.py:441} INFO - ::group::Post task execution logs
[2024-07-14T16:12:55.237-0300] {taskinstance.py:1206} INFO - Marking task as SUCCESS. dag_id=backfill_dag, task_id=download_file, run_id=scheduled__2024-07-06T00:00:00+00:00, execution_date=20240706T000000, start_date=20240714T191251, end_date=20240714T191255
[2024-07-14T16:12:55.256-0300] {local_task_job_runner.py:240} INFO - Task exited with return code 0
[2024-07-14T16:12:55.284-0300] {taskinstance.py:3503} INFO - 1 downstream tasks scheduled from follow-on schedule check
[2024-07-14T16:12:55.286-0300] {local_task_job_runner.py:222} INFO - ::endgroup::
