[2024-07-14T16:13:30.024-0300] {local_task_job_runner.py:120} INFO - ::group::Pre task execution logs
[2024-07-14T16:13:30.055-0300] {taskinstance.py:2076} INFO - Dependencies all met for dep_context=non-requeueable deps ti=<TaskInstance: backfill_dag.download_file scheduled__2024-07-09T00:00:00+00:00 [queued]>
[2024-07-14T16:13:30.064-0300] {taskinstance.py:2076} INFO - Dependencies all met for dep_context=requeueable deps ti=<TaskInstance: backfill_dag.download_file scheduled__2024-07-09T00:00:00+00:00 [queued]>
[2024-07-14T16:13:30.065-0300] {taskinstance.py:2306} INFO - Starting attempt 1 of 2
[2024-07-14T16:13:30.081-0300] {taskinstance.py:2330} INFO - Executing <Task(BashOperator): download_file> on 2024-07-09 00:00:00+00:00
[2024-07-14T16:13:30.085-0300] {standard_task_runner.py:63} INFO - Started process 87177 to run task
[2024-07-14T16:13:30.092-0300] {standard_task_runner.py:90} INFO - Running: ['airflow', 'tasks', 'run', 'backfill_dag', 'download_file', 'scheduled__2024-07-09T00:00:00+00:00', '--job-id', '13', '--raw', '--subdir', 'DAGS_FOLDER/5_backfill.py', '--cfg-path', '/var/folders/g0/jqvp4xxs5pn4cds1xb9339xm0000gn/T/tmpu56kqfzj']
[2024-07-14T16:13:30.096-0300] {standard_task_runner.py:91} INFO - Job 13: Subtask download_file
[2024-07-14T16:13:30.154-0300] {task_command.py:426} INFO - Running <TaskInstance: backfill_dag.download_file scheduled__2024-07-09T00:00:00+00:00 [running]> on host axels-personal-mac.local
[2024-07-14T16:13:30.246-0300] {taskinstance.py:2648} INFO - Exporting env vars: AIRFLOW_CTX_DAG_OWNER='airflow' AIRFLOW_CTX_DAG_ID='backfill_dag' AIRFLOW_CTX_TASK_ID='download_file' AIRFLOW_CTX_EXECUTION_DATE='2024-07-09T00:00:00+00:00' AIRFLOW_CTX_TRY_NUMBER='1' AIRFLOW_CTX_DAG_RUN_ID='scheduled__2024-07-09T00:00:00+00:00'
[2024-07-14T16:13:30.247-0300] {taskinstance.py:430} INFO - ::endgroup::
[2024-07-14T16:13:30.249-0300] {subprocess.py:63} INFO - Tmp dir root location: /var/folders/g0/jqvp4xxs5pn4cds1xb9339xm0000gn/T
[2024-07-14T16:13:30.250-0300] {subprocess.py:75} INFO - Running command: ['/bin/bash', '-c', 'mkdir -p ${AIRFLOW_HOME}/downloads && wget -O ${AIRFLOW_HOME}/downloads/yelp.csv https://www.dropbox.com/scl/fi/2k8im8ftu9yk8mnqhops9/yelp.csv?rlkey=52dzmxgys0su77wb6o75vb5ab&st=lmz21rpk&dl=0']
[2024-07-14T16:13:30.258-0300] {subprocess.py:86} INFO - Output:
[2024-07-14T16:13:30.286-0300] {subprocess.py:93} INFO - --2024-07-14 16:13:30--  https://www.dropbox.com/scl/fi/2k8im8ftu9yk8mnqhops9/yelp.csv?rlkey=52dzmxgys0su77wb6o75vb5ab
[2024-07-14T16:13:30.304-0300] {subprocess.py:93} INFO - Resolving www.dropbox.com (www.dropbox.com)... 162.125.5.18, 2620:100:601d:18::a27d:512
[2024-07-14T16:13:30.606-0300] {subprocess.py:93} INFO - Connecting to www.dropbox.com (www.dropbox.com)|162.125.5.18|:443... connected.
[2024-07-14T16:13:32.167-0300] {subprocess.py:93} INFO - HTTP request sent, awaiting response... 302 Found
[2024-07-14T16:13:32.168-0300] {subprocess.py:93} INFO - Location: https://ucaf55bb2fa8d8fc914559a8eca9.dl.dropboxusercontent.com/cd/0/inline/CWvzBVqgKBwipbNpyX9NvOyu_iJ1F7jtiuxcnpMFGyp2dBfdwMSiJXvb3OKCTRnGy5DARr3wdO2oG8ehyONUrPAE_t6gD9Gb50syCRF28Xv833Ri9J9bXX74NJxxZH44wk33UZF1EyPqiBhWtN-nn52h/file# [following]
[2024-07-14T16:13:32.168-0300] {subprocess.py:93} INFO - --2024-07-14 16:13:32--  https://ucaf55bb2fa8d8fc914559a8eca9.dl.dropboxusercontent.com/cd/0/inline/CWvzBVqgKBwipbNpyX9NvOyu_iJ1F7jtiuxcnpMFGyp2dBfdwMSiJXvb3OKCTRnGy5DARr3wdO2oG8ehyONUrPAE_t6gD9Gb50syCRF28Xv833Ri9J9bXX74NJxxZH44wk33UZF1EyPqiBhWtN-nn52h/file
[2024-07-14T16:13:32.505-0300] {subprocess.py:93} INFO - Resolving ucaf55bb2fa8d8fc914559a8eca9.dl.dropboxusercontent.com (ucaf55bb2fa8d8fc914559a8eca9.dl.dropboxusercontent.com)... 162.125.5.15, 2620:100:601d:15::a27d:50f
[2024-07-14T16:13:32.664-0300] {subprocess.py:93} INFO - Connecting to ucaf55bb2fa8d8fc914559a8eca9.dl.dropboxusercontent.com (ucaf55bb2fa8d8fc914559a8eca9.dl.dropboxusercontent.com)|162.125.5.15|:443... connected.
[2024-07-14T16:13:33.625-0300] {subprocess.py:93} INFO - HTTP request sent, awaiting response... 200 OK
[2024-07-14T16:13:33.625-0300] {subprocess.py:93} INFO - Length: 8091185 (7.7M) [text/plain]
[2024-07-14T16:13:33.626-0300] {subprocess.py:93} INFO - Saving to: ‘/Users/axelsirota/repos/up_running_apache_airflow/downloads/yelp.csv’
[2024-07-14T16:13:33.627-0300] {subprocess.py:93} INFO - 
[2024-07-14T16:13:33.897-0300] {subprocess.py:93} INFO -      0K .......... .......... .......... .......... ..........  0%  184K 43s
[2024-07-14T16:13:34.031-0300] {subprocess.py:93} INFO -     50K .......... .......... .......... .......... ..........  1%  372K 32s
[2024-07-14T16:13:34.094-0300] {subprocess.py:93} INFO -    100K .......... .......... .......... .......... ..........  1%  797K 24s
[2024-07-14T16:13:34.148-0300] {subprocess.py:93} INFO -    150K .......... .......... .......... .......... ..........  2%  936K 20s
[2024-07-14T16:13:34.201-0300] {subprocess.py:93} INFO -    200K .......... .......... .......... .......... ..........  3%  941K 18s
[2024-07-14T16:13:34.241-0300] {subprocess.py:93} INFO -    250K .......... .......... .......... .......... ..........  3% 1.22M 16s
[2024-07-14T16:13:34.266-0300] {subprocess.py:93} INFO -    300K .......... .......... .......... .......... ..........  4% 1.92M 14s
[2024-07-14T16:13:34.298-0300] {subprocess.py:93} INFO -    350K .......... .......... .......... .......... ..........  5% 1.56M 13s
[2024-07-14T16:13:34.329-0300] {subprocess.py:93} INFO -    400K .......... .......... .......... .......... ..........  5% 1.56M 12s
[2024-07-14T16:13:34.347-0300] {subprocess.py:93} INFO -    450K .......... .......... .......... .......... ..........  6% 2.77M 11s
[2024-07-14T16:13:34.367-0300] {subprocess.py:93} INFO -    500K .......... .......... .......... .......... ..........  6% 2.38M 10s
[2024-07-14T16:13:34.415-0300] {subprocess.py:93} INFO -    550K .......... .......... .......... .......... ..........  7% 1.01M 10s
[2024-07-14T16:13:34.427-0300] {subprocess.py:93} INFO -    600K .......... .......... .......... .......... ..........  8% 4.07M 9s
[2024-07-14T16:13:34.449-0300] {subprocess.py:93} INFO -    650K .......... .......... .......... .......... ..........  8% 2.21M 8s
[2024-07-14T16:13:34.459-0300] {subprocess.py:93} INFO -    700K .......... .......... .......... .......... ..........  9% 4.92M 8s
[2024-07-14T16:13:34.474-0300] {subprocess.py:93} INFO -    750K .......... .......... .......... .......... .......... 10% 3.25M 8s
[2024-07-14T16:13:34.495-0300] {subprocess.py:93} INFO -    800K .......... .......... .......... .......... .......... 10% 2.34M 7s
[2024-07-14T16:13:34.508-0300] {subprocess.py:93} INFO -    850K .......... .......... .......... .......... .......... 11% 3.97M 7s
[2024-07-14T16:13:34.529-0300] {subprocess.py:93} INFO -    900K .......... .......... .......... .......... .......... 12% 2.30M 7s
[2024-07-14T16:13:34.549-0300] {subprocess.py:93} INFO -    950K .......... .......... .......... .......... .......... 12% 2.48M 6s
[2024-07-14T16:13:34.556-0300] {subprocess.py:93} INFO -   1000K .......... .......... .......... .......... .......... 13% 6.27M 6s
[2024-07-14T16:13:34.577-0300] {subprocess.py:93} INFO -   1050K .......... .......... .......... .......... .......... 13% 2.32M 6s
[2024-07-14T16:13:34.587-0300] {subprocess.py:93} INFO -   1100K .......... .......... .......... .......... .......... 14% 4.80M 6s
[2024-07-14T16:13:34.599-0300] {subprocess.py:93} INFO -   1150K .......... .......... .......... .......... .......... 15% 4.40M 5s
[2024-07-14T16:13:34.609-0300] {subprocess.py:93} INFO -   1200K .......... .......... .......... .......... .......... 15% 4.83M 5s
[2024-07-14T16:13:34.610-0300] {subprocess.py:93} INFO -   1250K .......... .......... .......... .......... .......... 16% 33.7M 5s
[2024-07-14T16:13:34.620-0300] {subprocess.py:93} INFO -   1300K .......... .......... .......... .......... .......... 17% 4.84M 5s
[2024-07-14T16:13:34.629-0300] {subprocess.py:93} INFO -   1350K .......... .......... .......... .......... .......... 17% 5.25M 5s
[2024-07-14T16:13:34.636-0300] {subprocess.py:93} INFO -   1400K .......... .......... .......... .......... .......... 18% 7.43M 4s
[2024-07-14T16:13:34.637-0300] {subprocess.py:93} INFO -   1450K .......... .......... .......... .......... .......... 18%  171M 4s
[2024-07-14T16:13:34.646-0300] {subprocess.py:93} INFO -   1500K .......... .......... .......... .......... .......... 19% 4.95M 4s
[2024-07-14T16:13:34.656-0300] {subprocess.py:93} INFO -   1550K .......... .......... .......... .......... .......... 20% 4.79M 4s
[2024-07-14T16:13:34.668-0300] {subprocess.py:93} INFO -   1600K .......... .......... .......... .......... .......... 20% 4.36M 4s
[2024-07-14T16:13:34.678-0300] {subprocess.py:93} INFO -   1650K .......... .......... .......... .......... .......... 21% 4.87M 4s
[2024-07-14T16:13:34.679-0300] {subprocess.py:93} INFO -   1700K .......... .......... .......... .......... .......... 22% 31.4M 4s
[2024-07-14T16:13:34.689-0300] {subprocess.py:93} INFO -   1750K .......... .......... .......... .......... .......... 22% 4.99M 4s
[2024-07-14T16:13:34.699-0300] {subprocess.py:93} INFO -   1800K .......... .......... .......... .......... .......... 23% 4.97M 4s
[2024-07-14T16:13:34.709-0300] {subprocess.py:93} INFO -   1850K .......... .......... .......... .......... .......... 24% 4.62M 3s
[2024-07-14T16:13:34.714-0300] {subprocess.py:93} INFO -   1900K .......... .......... .......... .......... .......... 24% 9.81M 3s
[2024-07-14T16:13:34.717-0300] {subprocess.py:93} INFO -   1950K .......... .......... .......... .......... .......... 25% 16.6M 3s
[2024-07-14T16:13:34.718-0300] {subprocess.py:93} INFO -   2000K .......... .......... .......... .......... .......... 25% 47.6M 3s
[2024-07-14T16:13:34.721-0300] {subprocess.py:93} INFO -   2050K .......... .......... .......... .......... .......... 26% 21.3M 3s
[2024-07-14T16:13:34.721-0300] {subprocess.py:93} INFO -   2100K .......... .......... .......... .......... .......... 27%  264M 3s
[2024-07-14T16:13:34.725-0300] {subprocess.py:93} INFO -   2150K .......... .......... .......... .......... .......... 27% 11.7M 3s
[2024-07-14T16:13:34.742-0300] {subprocess.py:93} INFO -   2200K .......... .......... .......... .......... .......... 28% 2.83M 3s
[2024-07-14T16:13:34.743-0300] {subprocess.py:93} INFO -   2250K .......... .......... .......... .......... .......... 29%  287M 3s
[2024-07-14T16:13:34.747-0300] {subprocess.py:93} INFO -   2300K .......... .......... .......... .......... .......... 29% 10.0M 3s
[2024-07-14T16:13:34.751-0300] {subprocess.py:93} INFO -   2350K .......... .......... .......... .......... .......... 30% 11.9M 3s
[2024-07-14T16:13:34.757-0300] {subprocess.py:93} INFO -   2400K .......... .......... .......... .......... .......... 31% 8.54M 3s
[2024-07-14T16:13:34.762-0300] {subprocess.py:93} INFO -   2450K .......... .......... .......... .......... .......... 31% 10.0M 2s
[2024-07-14T16:13:34.768-0300] {subprocess.py:93} INFO -   2500K .......... .......... .......... .......... .......... 32% 8.69M 2s
[2024-07-14T16:13:34.772-0300] {subprocess.py:93} INFO -   2550K .......... .......... .......... .......... .......... 32% 10.9M 2s
[2024-07-14T16:13:34.774-0300] {subprocess.py:93} INFO -   2600K .......... .......... .......... .......... .......... 33% 28.3M 2s
[2024-07-14T16:13:34.778-0300] {subprocess.py:93} INFO -   2650K .......... .......... .......... .......... .......... 34% 10.7M 2s
[2024-07-14T16:13:34.784-0300] {subprocess.py:93} INFO -   2700K .......... .......... .......... .......... .......... 34% 8.34M 2s
[2024-07-14T16:13:34.790-0300] {subprocess.py:93} INFO -   2750K .......... .......... .......... .......... .......... 35% 8.87M 2s
[2024-07-14T16:13:34.794-0300] {subprocess.py:93} INFO -   2800K .......... .......... .......... .......... .......... 36% 10.6M 2s
[2024-07-14T16:13:34.795-0300] {subprocess.py:93} INFO -   2850K .......... .......... .......... .......... .......... 36% 49.6M 2s
[2024-07-14T16:13:34.800-0300] {subprocess.py:93} INFO -   2900K .......... .......... .......... .......... .......... 37% 10.5M 2s
[2024-07-14T16:13:34.805-0300] {subprocess.py:93} INFO -   2950K .......... .......... .......... .......... .......... 37% 8.83M 2s
[2024-07-14T16:13:34.807-0300] {subprocess.py:93} INFO -   3000K .......... .......... .......... .......... .......... 38% 27.7M 2s
[2024-07-14T16:13:34.810-0300] {subprocess.py:93} INFO -   3050K .......... .......... .......... .......... .......... 39% 15.5M 2s
[2024-07-14T16:13:34.816-0300] {subprocess.py:93} INFO -   3100K .......... .......... .......... .......... .......... 39% 8.93M 2s
[2024-07-14T16:13:34.820-0300] {subprocess.py:93} INFO -   3150K .......... .......... .......... .......... .......... 40% 10.7M 2s
[2024-07-14T16:13:34.825-0300] {subprocess.py:93} INFO -   3200K .......... .......... .......... .......... .......... 41% 10.1M 2s
[2024-07-14T16:13:34.832-0300] {subprocess.py:93} INFO -   3250K .......... .......... .......... .......... .......... 41% 6.69M 2s
[2024-07-14T16:13:34.838-0300] {subprocess.py:93} INFO -   3300K .......... .......... .......... .......... .......... 42% 8.74M 2s
[2024-07-14T16:13:34.839-0300] {subprocess.py:93} INFO -   3350K .......... .......... .......... .......... .......... 43%  277M 2s
[2024-07-14T16:13:34.849-0300] {subprocess.py:93} INFO -   3400K .......... .......... .......... .......... .......... 43% 4.71M 2s
[2024-07-14T16:13:34.849-0300] {subprocess.py:93} INFO -   3450K .......... .......... .......... .......... .......... 44%  131M 2s
[2024-07-14T16:13:34.859-0300] {subprocess.py:93} INFO -   3500K .......... .......... .......... .......... .......... 44% 4.68M 2s
[2024-07-14T16:13:34.865-0300] {subprocess.py:93} INFO -   3550K .......... .......... .......... .......... .......... 45% 9.25M 1s
[2024-07-14T16:13:34.869-0300] {subprocess.py:93} INFO -   3600K .......... .......... .......... .......... .......... 46% 10.3M 1s
[2024-07-14T16:13:34.871-0300] {subprocess.py:93} INFO -   3650K .......... .......... .......... .......... .......... 46% 31.1M 1s
[2024-07-14T16:13:34.875-0300] {subprocess.py:93} INFO -   3700K .......... .......... .......... .......... .......... 47% 12.4M 1s
[2024-07-14T16:13:34.885-0300] {subprocess.py:93} INFO -   3750K .......... .......... .......... .......... .......... 48% 4.69M 1s
[2024-07-14T16:13:34.895-0300] {subprocess.py:93} INFO -   3800K .......... .......... .......... .......... .......... 48% 4.88M 1s
[2024-07-14T16:13:34.896-0300] {subprocess.py:93} INFO -   3850K .......... .......... .......... .......... .......... 49% 65.1M 1s
[2024-07-14T16:13:34.907-0300] {subprocess.py:93} INFO -   3900K .......... .......... .......... .......... .......... 49% 4.45M 1s
[2024-07-14T16:13:34.928-0300] {subprocess.py:93} INFO -   3950K .......... .......... .......... .......... .......... 50% 2.31M 1s
[2024-07-14T16:13:34.949-0300] {subprocess.py:93} INFO -   4000K .......... .......... .......... .......... .......... 51% 2.41M 1s
[2024-07-14T16:13:34.955-0300] {subprocess.py:93} INFO -   4050K .......... .......... .......... .......... .......... 51% 7.77M 1s
[2024-07-14T16:13:34.975-0300] {subprocess.py:93} INFO -   4100K .......... .......... .......... .......... .......... 52% 2.38M 1s
[2024-07-14T16:13:35.259-0300] {subprocess.py:93} INFO -   4150K .......... .......... .......... .......... .......... 53%  176K 1s
[2024-07-14T16:13:35.259-0300] {subprocess.py:93} INFO -   4200K .......... .......... .......... .......... .......... 53%  300M 1s
[2024-07-14T16:13:35.264-0300] {subprocess.py:93} INFO -   4250K .......... .......... .......... .......... .......... 54% 9.40M 1s
[2024-07-14T16:13:35.265-0300] {subprocess.py:93} INFO -   4300K .......... .......... .......... .......... .......... 55% 56.6M 1s
[2024-07-14T16:13:35.270-0300] {subprocess.py:93} INFO -   4350K .......... .......... .......... .......... .......... 55% 10.2M 1s
[2024-07-14T16:13:35.275-0300] {subprocess.py:93} INFO -   4400K .......... .......... .......... .......... .......... 56% 9.61M 1s
[2024-07-14T16:13:35.280-0300] {subprocess.py:93} INFO -   4450K .......... .......... .......... .......... .......... 56% 9.41M 1s
[2024-07-14T16:13:35.281-0300] {subprocess.py:93} INFO -   4500K .......... .......... .......... .......... .......... 57%  243M 1s
[2024-07-14T16:13:35.285-0300] {subprocess.py:93} INFO -   4550K .......... .......... .......... .......... .......... 58% 9.82M 1s
[2024-07-14T16:13:35.286-0300] {subprocess.py:93} INFO -   4600K .......... .......... .......... .......... .......... 58%  223M 1s
[2024-07-14T16:13:35.291-0300] {subprocess.py:93} INFO -   4650K .......... .......... .......... .......... .......... 59% 8.91M 1s
[2024-07-14T16:13:35.296-0300] {subprocess.py:93} INFO -   4700K .......... .......... .......... .......... .......... 60% 9.21M 1s
[2024-07-14T16:13:35.297-0300] {subprocess.py:93} INFO -   4750K .......... .......... .......... .......... .......... 60%  223M 1s
[2024-07-14T16:13:35.301-0300] {subprocess.py:93} INFO -   4800K .......... .......... .......... .......... .......... 61% 9.93M 1s
[2024-07-14T16:13:35.302-0300] {subprocess.py:93} INFO -   4850K .......... .......... .......... .......... .......... 62% 74.3M 1s
[2024-07-14T16:13:35.307-0300] {subprocess.py:93} INFO -   4900K .......... .......... .......... .......... .......... 62% 10.5M 1s
[2024-07-14T16:13:35.312-0300] {subprocess.py:93} INFO -   4950K .......... .......... .......... .......... .......... 63% 9.68M 1s
[2024-07-14T16:13:35.312-0300] {subprocess.py:93} INFO -   5000K .......... .......... .......... .......... .......... 63%  212M 1s
[2024-07-14T16:13:35.315-0300] {subprocess.py:93} INFO -   5050K .......... .......... .......... .......... .......... 64% 16.5M 1s
[2024-07-14T16:13:35.323-0300] {subprocess.py:93} INFO -   5100K .......... .......... .......... .......... .......... 65% 6.07M 1s
[2024-07-14T16:13:35.337-0300] {subprocess.py:93} INFO -   5150K .......... .......... .......... .......... .......... 65% 3.50M 1s
[2024-07-14T16:13:35.349-0300] {subprocess.py:93} INFO -   5200K .......... .......... .......... .......... .......... 66% 4.10M 1s
[2024-07-14T16:13:35.350-0300] {subprocess.py:93} INFO -   5250K .......... .......... .......... .......... .......... 67% 37.9M 1s
[2024-07-14T16:13:35.355-0300] {subprocess.py:93} INFO -   5300K .......... .......... .......... .......... .......... 67% 9.95M 1s
[2024-07-14T16:13:35.356-0300] {subprocess.py:93} INFO -   5350K .......... .......... .......... .......... .......... 68%  159M 1s
[2024-07-14T16:13:35.360-0300] {subprocess.py:93} INFO -   5400K .......... .......... .......... .......... .......... 68% 9.48M 1s
[2024-07-14T16:13:35.364-0300] {subprocess.py:93} INFO -   5450K .......... .......... .......... .......... .......... 69% 14.0M 1s
[2024-07-14T16:13:35.364-0300] {subprocess.py:93} INFO -   5500K .......... .......... .......... .......... .......... 70%  250M 1s
[2024-07-14T16:13:35.372-0300] {subprocess.py:93} INFO -   5550K .......... .......... .......... .......... .......... 70% 6.58M 1s
[2024-07-14T16:13:35.372-0300] {subprocess.py:93} INFO -   5600K .......... .......... .......... .......... .......... 71%  277M 1s
[2024-07-14T16:13:35.373-0300] {subprocess.py:93} INFO -   5650K .......... .......... .......... .......... .......... 72%  166M 1s
[2024-07-14T16:13:35.374-0300] {subprocess.py:93} INFO -   5700K .......... .......... .......... .......... .......... 72%  309M 1s
[2024-07-14T16:13:35.374-0300] {subprocess.py:93} INFO -   5750K .......... .......... .......... .......... .......... 73%  198M 1s
[2024-07-14T16:13:35.375-0300] {subprocess.py:93} INFO -   5800K .......... .......... .......... .......... .......... 74%  138M 1s
[2024-07-14T16:13:35.375-0300] {subprocess.py:93} INFO -   5850K .......... .......... .......... .......... .......... 74%  149M 1s
[2024-07-14T16:13:35.376-0300] {subprocess.py:93} INFO -   5900K .......... .......... .......... .......... .......... 75%  321M 1s
[2024-07-14T16:13:35.376-0300] {subprocess.py:93} INFO -   5950K .......... .......... .......... .......... .......... 75%  180M 1s
[2024-07-14T16:13:35.376-0300] {subprocess.py:93} INFO -   6000K .......... .......... .......... .......... .......... 76%  332M 1s
[2024-07-14T16:13:35.377-0300] {subprocess.py:93} INFO -   6050K .......... .......... .......... .......... .......... 77%  339M 1s
[2024-07-14T16:13:35.377-0300] {subprocess.py:93} INFO -   6100K .......... .......... .......... .......... .......... 77%  334M 0s
[2024-07-14T16:13:35.378-0300] {subprocess.py:93} INFO -   6150K .......... .......... .......... .......... .......... 78%  330M 0s
[2024-07-14T16:13:35.378-0300] {subprocess.py:93} INFO -   6200K .......... .......... .......... .......... .......... 79%  213M 0s
[2024-07-14T16:13:35.378-0300] {subprocess.py:93} INFO -   6250K .......... .......... .......... .......... .......... 79%  249M 0s
[2024-07-14T16:13:35.379-0300] {subprocess.py:93} INFO -   6300K .......... .......... .......... .......... .......... 80%  176M 0s
[2024-07-14T16:13:35.379-0300] {subprocess.py:93} INFO -   6350K .......... .......... .......... .......... .......... 80%  181M 0s
[2024-07-14T16:13:35.379-0300] {subprocess.py:93} INFO -   6400K .......... .......... .......... .......... .......... 81%  281M 0s
[2024-07-14T16:13:35.380-0300] {subprocess.py:93} INFO -   6450K .......... .......... .......... .......... .......... 82%  330M 0s
[2024-07-14T16:13:35.380-0300] {subprocess.py:93} INFO -   6500K .......... .......... .......... .......... .......... 82%  344M 0s
[2024-07-14T16:13:35.380-0300] {subprocess.py:93} INFO -   6550K .......... .......... .......... .......... .......... 83%  323M 0s
[2024-07-14T16:13:35.381-0300] {subprocess.py:93} INFO -   6600K .......... .......... .......... .......... .......... 84%  344M 0s
[2024-07-14T16:13:35.381-0300] {subprocess.py:93} INFO -   6650K .......... .......... .......... .......... .......... 84%  237M 0s
[2024-07-14T16:13:35.381-0300] {subprocess.py:93} INFO -   6700K .......... .......... .......... .......... .......... 85%  328M 0s
[2024-07-14T16:13:35.382-0300] {subprocess.py:93} INFO -   6750K .......... .......... .......... .......... .......... 86%  260M 0s
[2024-07-14T16:13:35.382-0300] {subprocess.py:93} INFO -   6800K .......... .......... .......... .......... .......... 86%  317M 0s
[2024-07-14T16:13:35.382-0300] {subprocess.py:93} INFO -   6850K .......... .......... .......... .......... .......... 87%  326M 0s
[2024-07-14T16:13:35.383-0300] {subprocess.py:93} INFO -   6900K .......... .......... .......... .......... .......... 87%  344M 0s
[2024-07-14T16:13:35.383-0300] {subprocess.py:93} INFO -   6950K .......... .......... .......... .......... .......... 88%  332M 0s
[2024-07-14T16:13:35.384-0300] {subprocess.py:93} INFO -   7000K .......... .......... .......... .......... .......... 89%  351M 0s
[2024-07-14T16:13:35.384-0300] {subprocess.py:93} INFO -   7050K .......... .......... .......... .......... .......... 89%  323M 0s
[2024-07-14T16:13:35.384-0300] {subprocess.py:93} INFO -   7100K .......... .......... .......... .......... .......... 90%  344M 0s
[2024-07-14T16:13:35.385-0300] {subprocess.py:93} INFO -   7150K .......... .......... .......... .......... .......... 91%  254M 0s
[2024-07-14T16:13:35.385-0300] {subprocess.py:93} INFO -   7200K .......... .......... .......... .......... .......... 91%  305M 0s
[2024-07-14T16:13:35.386-0300] {subprocess.py:93} INFO -   7250K .......... .......... .......... .......... .......... 92%  319M 0s
[2024-07-14T16:13:35.386-0300] {subprocess.py:93} INFO -   7300K .......... .......... .......... .......... .......... 93%  339M 0s
[2024-07-14T16:13:35.408-0300] {subprocess.py:93} INFO -   7350K .......... .......... .......... .......... .......... 93% 1.64M 0s
[2024-07-14T16:13:35.419-0300] {subprocess.py:93} INFO -   7400K .......... .......... .......... .......... .......... 94% 4.34M 0s
[2024-07-14T16:13:35.422-0300] {subprocess.py:93} INFO -   7450K .......... .......... .......... .......... .......... 94% 15.4M 0s
[2024-07-14T16:13:35.423-0300] {subprocess.py:93} INFO -   7500K .......... .......... .......... .......... .......... 95% 60.9M 0s
[2024-07-14T16:13:35.424-0300] {subprocess.py:93} INFO -   7550K .......... .......... .......... .......... .......... 96%  217M 0s
[2024-07-14T16:13:35.424-0300] {subprocess.py:93} INFO -   7600K .......... .......... .......... .......... .......... 96%  176M 0s
[2024-07-14T16:13:35.425-0300] {subprocess.py:93} INFO -   7650K .......... .......... .......... .......... .......... 97%  174M 0s
[2024-07-14T16:13:35.425-0300] {subprocess.py:93} INFO -   7700K .......... .......... .......... .......... .......... 98%  261M 0s
[2024-07-14T16:13:35.426-0300] {subprocess.py:93} INFO -   7750K .......... .......... .......... .......... .......... 98%  337M 0s
[2024-07-14T16:13:35.426-0300] {subprocess.py:93} INFO -   7800K .......... .......... .......... .......... .......... 99%  346M 0s
[2024-07-14T16:13:35.427-0300] {subprocess.py:93} INFO -   7850K .......... .......... .......... .......... .......... 99%  238M 0s
[2024-07-14T16:13:35.427-0300] {subprocess.py:93} INFO -   7900K .                                                     100% 31.0K=1.8s
[2024-07-14T16:13:35.427-0300] {subprocess.py:93} INFO - 
[2024-07-14T16:13:35.428-0300] {subprocess.py:93} INFO - 2024-07-14 16:13:35 (4.29 MB/s) - ‘/Users/axelsirota/repos/up_running_apache_airflow/downloads/yelp.csv’ saved [8091185/8091185]
[2024-07-14T16:13:35.428-0300] {subprocess.py:93} INFO - 
[2024-07-14T16:13:35.433-0300] {subprocess.py:97} INFO - Command exited with return code 0
[2024-07-14T16:13:35.434-0300] {taskinstance.py:441} INFO - ::group::Post task execution logs
[2024-07-14T16:13:35.457-0300] {taskinstance.py:1206} INFO - Marking task as SUCCESS. dag_id=backfill_dag, task_id=download_file, run_id=scheduled__2024-07-09T00:00:00+00:00, execution_date=20240709T000000, start_date=20240714T191330, end_date=20240714T191335
[2024-07-14T16:13:35.489-0300] {local_task_job_runner.py:240} INFO - Task exited with return code 0
[2024-07-14T16:13:35.515-0300] {taskinstance.py:3503} INFO - 1 downstream tasks scheduled from follow-on schedule check
[2024-07-14T16:13:35.517-0300] {local_task_job_runner.py:222} INFO - ::endgroup::
