[2024-07-14T16:13:12.866-0300] {local_task_job_runner.py:120} INFO - ::group::Pre task execution logs
[2024-07-14T16:13:12.899-0300] {taskinstance.py:2076} INFO - Dependencies all met for dep_context=non-requeueable deps ti=<TaskInstance: backfill_dag.download_file scheduled__2024-07-08T00:00:00+00:00 [queued]>
[2024-07-14T16:13:12.907-0300] {taskinstance.py:2076} INFO - Dependencies all met for dep_context=requeueable deps ti=<TaskInstance: backfill_dag.download_file scheduled__2024-07-08T00:00:00+00:00 [queued]>
[2024-07-14T16:13:12.907-0300] {taskinstance.py:2306} INFO - Starting attempt 1 of 2
[2024-07-14T16:13:12.921-0300] {taskinstance.py:2330} INFO - Executing <Task(BashOperator): download_file> on 2024-07-08 00:00:00+00:00
[2024-07-14T16:13:12.926-0300] {standard_task_runner.py:63} INFO - Started process 87155 to run task
[2024-07-14T16:13:12.933-0300] {standard_task_runner.py:90} INFO - Running: ['airflow', 'tasks', 'run', 'backfill_dag', 'download_file', 'scheduled__2024-07-08T00:00:00+00:00', '--job-id', '10', '--raw', '--subdir', 'DAGS_FOLDER/5_backfill.py', '--cfg-path', '/var/folders/g0/jqvp4xxs5pn4cds1xb9339xm0000gn/T/tmpqlvpqm7u']
[2024-07-14T16:13:12.937-0300] {standard_task_runner.py:91} INFO - Job 10: Subtask download_file
[2024-07-14T16:13:13.005-0300] {task_command.py:426} INFO - Running <TaskInstance: backfill_dag.download_file scheduled__2024-07-08T00:00:00+00:00 [running]> on host axels-personal-mac.local
[2024-07-14T16:13:13.088-0300] {taskinstance.py:2648} INFO - Exporting env vars: AIRFLOW_CTX_DAG_OWNER='airflow' AIRFLOW_CTX_DAG_ID='backfill_dag' AIRFLOW_CTX_TASK_ID='download_file' AIRFLOW_CTX_EXECUTION_DATE='2024-07-08T00:00:00+00:00' AIRFLOW_CTX_TRY_NUMBER='1' AIRFLOW_CTX_DAG_RUN_ID='scheduled__2024-07-08T00:00:00+00:00'
[2024-07-14T16:13:13.090-0300] {taskinstance.py:430} INFO - ::endgroup::
[2024-07-14T16:13:13.092-0300] {subprocess.py:63} INFO - Tmp dir root location: /var/folders/g0/jqvp4xxs5pn4cds1xb9339xm0000gn/T
[2024-07-14T16:13:13.093-0300] {subprocess.py:75} INFO - Running command: ['/bin/bash', '-c', 'mkdir -p ${AIRFLOW_HOME}/downloads && wget -O ${AIRFLOW_HOME}/downloads/yelp.csv https://www.dropbox.com/scl/fi/2k8im8ftu9yk8mnqhops9/yelp.csv?rlkey=52dzmxgys0su77wb6o75vb5ab&st=lmz21rpk&dl=0']
[2024-07-14T16:13:13.102-0300] {subprocess.py:86} INFO - Output:
[2024-07-14T16:13:13.134-0300] {subprocess.py:93} INFO - --2024-07-14 16:13:13--  https://www.dropbox.com/scl/fi/2k8im8ftu9yk8mnqhops9/yelp.csv?rlkey=52dzmxgys0su77wb6o75vb5ab
[2024-07-14T16:13:13.153-0300] {subprocess.py:93} INFO - Resolving www.dropbox.com (www.dropbox.com)... 2620:100:601d:18::a27d:512, 162.125.5.18
[2024-07-14T16:13:13.302-0300] {subprocess.py:93} INFO - Connecting to www.dropbox.com (www.dropbox.com)|2620:100:601d:18::a27d:512|:443... connected.
[2024-07-14T16:13:14.614-0300] {subprocess.py:93} INFO - HTTP request sent, awaiting response... 302 Found
[2024-07-14T16:13:14.615-0300] {subprocess.py:93} INFO - Location: https://uc0d0a5d0421021b197559480a2f.dl.dropboxusercontent.com/cd/0/inline/CWv5CyqlDr15Kok4Wns9e_4tf8dKjLnU38yLpPSMBt9hQHmUfJ9MqmUwZJd4auIemLt1KNJHuLf3om4e_R-x9kicYwJxumoKKNnDtVvftXFM3dqY7O1b0m4YRDw6fypIHkxl8L1hx_s7uhQ8b7W9Ms7N/file# [following]
[2024-07-14T16:13:14.616-0300] {subprocess.py:93} INFO - --2024-07-14 16:13:14--  https://uc0d0a5d0421021b197559480a2f.dl.dropboxusercontent.com/cd/0/inline/CWv5CyqlDr15Kok4Wns9e_4tf8dKjLnU38yLpPSMBt9hQHmUfJ9MqmUwZJd4auIemLt1KNJHuLf3om4e_R-x9kicYwJxumoKKNnDtVvftXFM3dqY7O1b0m4YRDw6fypIHkxl8L1hx_s7uhQ8b7W9Ms7N/file
[2024-07-14T16:13:14.724-0300] {subprocess.py:93} INFO - Resolving uc0d0a5d0421021b197559480a2f.dl.dropboxusercontent.com (uc0d0a5d0421021b197559480a2f.dl.dropboxusercontent.com)... 2620:100:601d:15::a27d:50f, 162.125.5.15
[2024-07-14T16:13:14.868-0300] {subprocess.py:93} INFO - Connecting to uc0d0a5d0421021b197559480a2f.dl.dropboxusercontent.com (uc0d0a5d0421021b197559480a2f.dl.dropboxusercontent.com)|2620:100:601d:15::a27d:50f|:443... connected.
[2024-07-14T16:13:15.947-0300] {subprocess.py:93} INFO - HTTP request sent, awaiting response... 200 OK
[2024-07-14T16:13:15.948-0300] {subprocess.py:93} INFO - Length: 8091185 (7.7M) [text/plain]
[2024-07-14T16:13:15.948-0300] {subprocess.py:93} INFO - Saving to: ‘/Users/axelsirota/repos/up_running_apache_airflow/downloads/yelp.csv’
[2024-07-14T16:13:15.949-0300] {subprocess.py:93} INFO - 
[2024-07-14T16:13:16.261-0300] {subprocess.py:93} INFO -      0K .......... .......... .......... .......... ..........  0%  159K 49s
[2024-07-14T16:13:16.408-0300] {subprocess.py:93} INFO -     50K .......... .......... .......... .......... ..........  1%  340K 36s
[2024-07-14T16:13:16.482-0300] {subprocess.py:93} INFO -    100K .......... .......... .......... .......... ..........  1%  674K 28s
[2024-07-14T16:13:16.555-0300] {subprocess.py:93} INFO -    150K .......... .......... .......... .......... ..........  2%  689K 23s
[2024-07-14T16:13:16.605-0300] {subprocess.py:93} INFO -    200K .......... .......... .......... .......... ..........  3%  997K 20s
[2024-07-14T16:13:16.660-0300] {subprocess.py:93} INFO -    250K .......... .......... .......... .......... ..........  3%  909K 18s
[2024-07-14T16:13:16.703-0300] {subprocess.py:93} INFO -    300K .......... .......... .......... .......... ..........  4% 1.13M 16s
[2024-07-14T16:13:16.754-0300] {subprocess.py:93} INFO -    350K .......... .......... .......... .......... ..........  5% 1.33M 15s
[2024-07-14T16:13:16.758-0300] {subprocess.py:93} INFO -    400K .......... .......... .......... .......... ..........  5% 2.72M 13s
[2024-07-14T16:13:16.784-0300] {subprocess.py:93} INFO -    450K .......... .......... .......... .......... ..........  6% 1.89M 12s
[2024-07-14T16:13:16.799-0300] {subprocess.py:93} INFO -    500K .......... .......... .......... .......... ..........  6% 3.29M 11s
[2024-07-14T16:13:16.824-0300] {subprocess.py:93} INFO -    550K .......... .......... .......... .......... ..........  7% 1.94M 11s
[2024-07-14T16:13:16.840-0300] {subprocess.py:93} INFO -    600K .......... .......... .......... .......... ..........  8% 3.02M 10s
[2024-07-14T16:13:16.857-0300] {subprocess.py:93} INFO -    650K .......... .......... .......... .......... ..........  8% 2.91M 9s
[2024-07-14T16:13:16.879-0300] {subprocess.py:93} INFO -    700K .......... .......... .......... .......... ..........  9% 2.18M 9s
[2024-07-14T16:13:16.923-0300] {subprocess.py:93} INFO -    750K .......... .......... .......... .......... .......... 10% 1.11M 9s
[2024-07-14T16:13:16.932-0300] {subprocess.py:93} INFO -    800K .......... .......... .......... .......... .......... 10% 5.49M 8s
[2024-07-14T16:13:16.947-0300] {subprocess.py:93} INFO -    850K .......... .......... .......... .......... .......... 11% 3.27M 8s
[2024-07-14T16:13:16.955-0300] {subprocess.py:93} INFO -    900K .......... .......... .......... .......... .......... 12% 6.24M 7s
[2024-07-14T16:13:16.971-0300] {subprocess.py:93} INFO -    950K .......... .......... .......... .......... .......... 12% 2.98M 7s
[2024-07-14T16:13:16.979-0300] {subprocess.py:93} INFO -   1000K .......... .......... .......... .......... .......... 13% 5.81M 7s
[2024-07-14T16:13:16.987-0300] {subprocess.py:93} INFO -   1050K .......... .......... .......... .......... .......... 13% 6.32M 6s
[2024-07-14T16:13:16.997-0300] {subprocess.py:93} INFO -   1100K .......... .......... .......... .......... .......... 14% 5.02M 6s
[2024-07-14T16:13:17.005-0300] {subprocess.py:93} INFO -   1150K .......... .......... .......... .......... .......... 15% 6.82M 6s
[2024-07-14T16:13:17.013-0300] {subprocess.py:93} INFO -   1200K .......... .......... .......... .......... .......... 15% 5.38M 6s
[2024-07-14T16:13:17.022-0300] {subprocess.py:93} INFO -   1250K .......... .......... .......... .......... .......... 16% 5.60M 5s
[2024-07-14T16:13:17.029-0300] {subprocess.py:93} INFO -   1300K .......... .......... .......... .......... .......... 17% 6.66M 5s
[2024-07-14T16:13:17.036-0300] {subprocess.py:93} INFO -   1350K .......... .......... .......... .......... .......... 17% 6.70M 5s
[2024-07-14T16:13:17.044-0300] {subprocess.py:93} INFO -   1400K .......... .......... .......... .......... .......... 18% 6.31M 5s
[2024-07-14T16:13:17.053-0300] {subprocess.py:93} INFO -   1450K .......... .......... .......... .......... .......... 18% 5.64M 5s
[2024-07-14T16:13:17.060-0300] {subprocess.py:93} INFO -   1500K .......... .......... .......... .......... .......... 19% 6.99M 5s
[2024-07-14T16:13:17.078-0300] {subprocess.py:93} INFO -   1550K .......... .......... .......... .......... .......... 20% 5.39M 4s
[2024-07-14T16:13:17.086-0300] {subprocess.py:93} INFO -   1600K .......... .......... .......... .......... .......... 20% 2.89M 4s
[2024-07-14T16:13:17.095-0300] {subprocess.py:93} INFO -   1650K .......... .......... .......... .......... .......... 21% 5.08M 4s
[2024-07-14T16:13:17.096-0300] {subprocess.py:93} INFO -   1700K .......... .......... .......... .......... .......... 22% 40.2M 4s
[2024-07-14T16:13:17.102-0300] {subprocess.py:93} INFO -   1750K .......... .......... .......... .......... .......... 22% 9.41M 4s
[2024-07-14T16:13:17.111-0300] {subprocess.py:93} INFO -   1800K .......... .......... .......... .......... .......... 23% 4.99M 4s
[2024-07-14T16:13:17.117-0300] {subprocess.py:93} INFO -   1850K .......... .......... .......... .......... .......... 24% 8.88M 4s
[2024-07-14T16:13:17.126-0300] {subprocess.py:93} INFO -   1900K .......... .......... .......... .......... .......... 24% 5.38M 4s
[2024-07-14T16:13:17.134-0300] {subprocess.py:93} INFO -   1950K .......... .......... .......... .......... .......... 25% 34.1M 3s
[2024-07-14T16:13:17.144-0300] {subprocess.py:93} INFO -   2000K .......... .......... .......... .......... .......... 25% 2.89M 3s
[2024-07-14T16:13:17.154-0300] {subprocess.py:93} INFO -   2050K .......... .......... .......... .......... .......... 26% 4.91M 3s
[2024-07-14T16:13:17.155-0300] {subprocess.py:93} INFO -   2100K .......... .......... .......... .......... .......... 27%  218M 3s
[2024-07-14T16:13:17.155-0300] {subprocess.py:93} INFO -   2150K .......... .......... .......... .......... .......... 27% 88.5M 3s
[2024-07-14T16:13:17.158-0300] {subprocess.py:93} INFO -   2200K .......... .......... .......... .......... .......... 28% 16.0M 3s
[2024-07-14T16:13:17.160-0300] {subprocess.py:93} INFO -   2250K .......... .......... .......... .......... .......... 29% 28.5M 3s
[2024-07-14T16:13:17.169-0300] {subprocess.py:93} INFO -   2300K .......... .......... .......... .......... .......... 29% 5.50M 3s
[2024-07-14T16:13:17.175-0300] {subprocess.py:93} INFO -   2350K .......... .......... .......... .......... .......... 30% 8.05M 3s
[2024-07-14T16:13:17.185-0300] {subprocess.py:93} INFO -   2400K .......... .......... .......... .......... .......... 31% 4.58M 3s
[2024-07-14T16:13:17.186-0300] {subprocess.py:93} INFO -   2450K .......... .......... .......... .......... .......... 31%  270M 3s
[2024-07-14T16:13:17.187-0300] {subprocess.py:93} INFO -   2500K .......... .......... .......... .......... .......... 32% 38.5M 3s
[2024-07-14T16:13:17.191-0300] {subprocess.py:93} INFO -   2550K .......... .......... .......... .......... .......... 32% 11.0M 3s
[2024-07-14T16:13:17.201-0300] {subprocess.py:93} INFO -   2600K .......... .......... .......... .......... .......... 33% 5.02M 2s
[2024-07-14T16:13:17.202-0300] {subprocess.py:93} INFO -   2650K .......... .......... .......... .......... .......... 34%  126M 2s
[2024-07-14T16:13:17.203-0300] {subprocess.py:93} INFO -   2700K .......... .......... .......... .......... .......... 34% 36.0M 2s
[2024-07-14T16:13:17.232-0300] {subprocess.py:93} INFO -   2750K .......... .......... .......... .......... .......... 35% 13.7M 2s
[2024-07-14T16:13:17.240-0300] {subprocess.py:93} INFO -   2800K .......... .......... .......... .......... .......... 36% 1.46M 2s
[2024-07-14T16:13:17.241-0300] {subprocess.py:93} INFO -   2850K .......... .......... .......... .......... .......... 36% 57.1M 2s
[2024-07-14T16:13:17.249-0300] {subprocess.py:93} INFO -   2900K .......... .......... .......... .......... .......... 37% 6.01M 2s
[2024-07-14T16:13:17.257-0300] {subprocess.py:93} INFO -   2950K .......... .......... .......... .......... .......... 37% 5.86M 2s
[2024-07-14T16:13:17.264-0300] {subprocess.py:93} INFO -   3000K .......... .......... .......... .......... .......... 38% 6.82M 2s
[2024-07-14T16:13:17.272-0300] {subprocess.py:93} INFO -   3050K .......... .......... .......... .......... .......... 39% 6.32M 2s
[2024-07-14T16:13:17.280-0300] {subprocess.py:93} INFO -   3100K .......... .......... .......... .......... .......... 39% 6.13M 2s
[2024-07-14T16:13:17.290-0300] {subprocess.py:93} INFO -   3150K .......... .......... .......... .......... .......... 40% 5.54M 2s
[2024-07-14T16:13:17.298-0300] {subprocess.py:93} INFO -   3200K .......... .......... .......... .......... .......... 41% 5.16M 2s
[2024-07-14T16:13:17.299-0300] {subprocess.py:93} INFO -   3250K .......... .......... .......... .......... .......... 41%  132M 2s
[2024-07-14T16:13:17.306-0300] {subprocess.py:93} INFO -   3300K .......... .......... .......... .......... .......... 42% 6.72M 2s
[2024-07-14T16:13:17.307-0300] {subprocess.py:93} INFO -   3350K .......... .......... .......... .......... .......... 43%  218M 2s
[2024-07-14T16:13:17.314-0300] {subprocess.py:93} INFO -   3400K .......... .......... .......... .......... .......... 43% 6.13M 2s
[2024-07-14T16:13:17.322-0300] {subprocess.py:93} INFO -   3450K .......... .......... .......... .......... .......... 44% 6.08M 2s
[2024-07-14T16:13:17.323-0300] {subprocess.py:93} INFO -   3500K .......... .......... .......... .......... .......... 44% 46.8M 2s
[2024-07-14T16:13:17.325-0300] {subprocess.py:93} INFO -   3550K .......... .......... .......... .......... .......... 45%  233M 2s
[2024-07-14T16:13:17.330-0300] {subprocess.py:93} INFO -   3600K .......... .......... .......... .......... .......... 46% 7.01M 2s
[2024-07-14T16:13:17.334-0300] {subprocess.py:93} INFO -   3650K .......... .......... .......... .......... .......... 46% 12.3M 2s
[2024-07-14T16:13:17.336-0300] {subprocess.py:93} INFO -   3700K .......... .......... .......... .......... .......... 47% 31.7M 2s
[2024-07-14T16:13:17.339-0300] {subprocess.py:93} INFO -   3750K .......... .......... .......... .......... .......... 48% 15.7M 2s
[2024-07-14T16:13:17.340-0300] {subprocess.py:93} INFO -   3800K .......... .......... .......... .......... .......... 48% 67.5M 1s
[2024-07-14T16:13:17.347-0300] {subprocess.py:93} INFO -   3850K .......... .......... .......... .......... .......... 49% 7.16M 1s
[2024-07-14T16:13:17.353-0300] {subprocess.py:93} INFO -   3900K .......... .......... .......... .......... .......... 49% 7.31M 1s
[2024-07-14T16:13:17.354-0300] {subprocess.py:93} INFO -   3950K .......... .......... .......... .......... .......... 50% 62.8M 1s
[2024-07-14T16:13:17.363-0300] {subprocess.py:93} INFO -   4000K .......... .......... .......... .......... .......... 51% 5.40M 1s
[2024-07-14T16:13:17.371-0300] {subprocess.py:93} INFO -   4050K .......... .......... .......... .......... .......... 51% 6.02M 1s
[2024-07-14T16:13:17.376-0300] {subprocess.py:93} INFO -   4100K .......... .......... .......... .......... .......... 52% 10.6M 1s
[2024-07-14T16:13:17.376-0300] {subprocess.py:93} INFO -   4150K .......... .......... .......... .......... .......... 53%  245M 1s
[2024-07-14T16:13:17.379-0300] {subprocess.py:93} INFO -   4200K .......... .......... .......... .......... .......... 53% 15.8M 1s
[2024-07-14T16:13:17.387-0300] {subprocess.py:93} INFO -   4250K .......... .......... .......... .......... .......... 54% 6.11M 1s
[2024-07-14T16:13:17.388-0300] {subprocess.py:93} INFO -   4300K .......... .......... .......... .......... .......... 55% 80.6M 1s
[2024-07-14T16:13:17.391-0300] {subprocess.py:93} INFO -   4350K .......... .......... .......... .......... .......... 55% 12.7M 1s
[2024-07-14T16:13:17.394-0300] {subprocess.py:93} INFO -   4400K .......... .......... .......... .......... .......... 56% 18.8M 1s
[2024-07-14T16:13:17.403-0300] {subprocess.py:93} INFO -   4450K .......... .......... .......... .......... .......... 56% 5.29M 1s
[2024-07-14T16:13:17.407-0300] {subprocess.py:93} INFO -   4500K .......... .......... .......... .......... .......... 57% 12.3M 1s
[2024-07-14T16:13:17.409-0300] {subprocess.py:93} INFO -   4550K .......... .......... .......... .......... .......... 58% 30.7M 1s
[2024-07-14T16:13:17.412-0300] {subprocess.py:93} INFO -   4600K .......... .......... .......... .......... .......... 58% 17.5M 1s
[2024-07-14T16:13:17.419-0300] {subprocess.py:93} INFO -   4650K .......... .......... .......... .......... .......... 59% 6.31M 1s
[2024-07-14T16:13:17.420-0300] {subprocess.py:93} INFO -   4700K .......... .......... .......... .......... .......... 60%  153M 1s
[2024-07-14T16:13:17.423-0300] {subprocess.py:93} INFO -   4750K .......... .......... .......... .......... .......... 60% 13.3M 1s
[2024-07-14T16:13:17.427-0300] {subprocess.py:93} INFO -   4800K .......... .......... .......... .......... .......... 61% 13.6M 1s
[2024-07-14T16:13:17.437-0300] {subprocess.py:93} INFO -   4850K .......... .......... .......... .......... .......... 62% 4.87M 1s
[2024-07-14T16:13:17.445-0300] {subprocess.py:93} INFO -   4900K .......... .......... .......... .......... .......... 62% 6.34M 1s
[2024-07-14T16:13:17.446-0300] {subprocess.py:93} INFO -   4950K .......... .......... .......... .......... .......... 63% 36.4M 1s
[2024-07-14T16:13:17.447-0300] {subprocess.py:93} INFO -   5000K .......... .......... .......... .......... .......... 63% 75.1M 1s
[2024-07-14T16:13:17.450-0300] {subprocess.py:93} INFO -   5050K .......... .......... .......... .......... .......... 64% 15.7M 1s
[2024-07-14T16:13:17.450-0300] {subprocess.py:93} INFO -   5100K .......... .......... .......... .......... .......... 65%  126M 1s
[2024-07-14T16:13:17.451-0300] {subprocess.py:93} INFO -   5150K .......... .......... .......... .......... .......... 65%  105M 1s
[2024-07-14T16:13:17.452-0300] {subprocess.py:93} INFO -   5200K .......... .......... .......... .......... .......... 66% 36.1M 1s
[2024-07-14T16:13:17.453-0300] {subprocess.py:93} INFO -   5250K .......... .......... .......... .......... .......... 67%  300M 1s
[2024-07-14T16:13:17.460-0300] {subprocess.py:93} INFO -   5300K .......... .......... .......... .......... .......... 67% 5.95M 1s
[2024-07-14T16:13:17.462-0300] {subprocess.py:93} INFO -   5350K .......... .......... .......... .......... .......... 68% 30.9M 1s
[2024-07-14T16:13:17.462-0300] {subprocess.py:93} INFO -   5400K .......... .......... .......... .......... .......... 68% 87.7M 1s
[2024-07-14T16:13:17.465-0300] {subprocess.py:93} INFO -   5450K .......... .......... .......... .......... .......... 69% 19.4M 1s
[2024-07-14T16:13:17.465-0300] {subprocess.py:93} INFO -   5500K .......... .......... .......... .......... .......... 70%  159M 1s
[2024-07-14T16:13:17.466-0300] {subprocess.py:93} INFO -   5550K .......... .......... .......... .......... .......... 70% 86.9M 1s
[2024-07-14T16:13:17.467-0300] {subprocess.py:93} INFO -   5600K .......... .......... .......... .......... .......... 71% 31.3M 1s
[2024-07-14T16:13:17.468-0300] {subprocess.py:93} INFO -   5650K .......... .......... .......... .......... .......... 72% 58.3M 1s
[2024-07-14T16:13:17.478-0300] {subprocess.py:93} INFO -   5700K .......... .......... .......... .......... .......... 72% 4.88M 1s
[2024-07-14T16:13:17.479-0300] {subprocess.py:93} INFO -   5750K .......... .......... .......... .......... .......... 73%  119M 1s
[2024-07-14T16:13:17.481-0300] {subprocess.py:93} INFO -   5800K .......... .......... .......... .......... .......... 74% 19.9M 1s
[2024-07-14T16:13:17.482-0300] {subprocess.py:93} INFO -   5850K .......... .......... .......... .......... .......... 74%  129M 1s
[2024-07-14T16:13:17.482-0300] {subprocess.py:93} INFO -   5900K .......... .......... .......... .......... .......... 75%  108M 1s
[2024-07-14T16:13:17.483-0300] {subprocess.py:93} INFO -   5950K .......... .......... .......... .......... .......... 75% 55.1M 0s
[2024-07-14T16:13:17.483-0300] {subprocess.py:93} INFO -   6000K .......... .......... .......... .......... .......... 76% 70.9M 0s
[2024-07-14T16:13:17.484-0300] {subprocess.py:93} INFO -   6050K .......... .......... .......... .......... .......... 77%  242M 0s
[2024-07-14T16:13:17.485-0300] {subprocess.py:93} INFO -   6100K .......... .......... .......... .......... .......... 77% 34.2M 0s
[2024-07-14T16:13:17.493-0300] {subprocess.py:93} INFO -   6150K .......... .......... .......... .......... .......... 78% 6.38M 0s
[2024-07-14T16:13:17.493-0300] {subprocess.py:93} INFO -   6200K .......... .......... .......... .......... .......... 79%  217M 0s
[2024-07-14T16:13:17.496-0300] {subprocess.py:93} INFO -   6250K .......... .......... .......... .......... .......... 79% 18.5M 0s
[2024-07-14T16:13:17.496-0300] {subprocess.py:93} INFO -   6300K .......... .......... .......... .......... .......... 80% 69.9M 0s
[2024-07-14T16:13:17.498-0300] {subprocess.py:93} INFO -   6350K .......... .......... .......... .......... .......... 80%  128M 0s
[2024-07-14T16:13:17.498-0300] {subprocess.py:93} INFO -   6400K .......... .......... .......... .......... .......... 81% 37.9M 0s
[2024-07-14T16:13:17.499-0300] {subprocess.py:93} INFO -   6450K .......... .......... .......... .......... .......... 82% 60.9M 0s
[2024-07-14T16:13:17.500-0300] {subprocess.py:93} INFO -   6500K .......... .......... .......... .......... .......... 82% 46.0M 0s
[2024-07-14T16:13:17.501-0300] {subprocess.py:93} INFO -   6550K .......... .......... .......... .......... .......... 83% 50.0M 0s
[2024-07-14T16:13:17.510-0300] {subprocess.py:93} INFO -   6600K .......... .......... .......... .......... .......... 84% 5.30M 0s
[2024-07-14T16:13:17.518-0300] {subprocess.py:93} INFO -   6650K .......... .......... .......... .......... .......... 84% 6.15M 0s
[2024-07-14T16:13:17.519-0300] {subprocess.py:93} INFO -   6700K .......... .......... .......... .......... .......... 85% 71.9M 0s
[2024-07-14T16:13:17.523-0300] {subprocess.py:93} INFO -   6750K .......... .......... .......... .......... .......... 86% 11.2M 0s
[2024-07-14T16:13:17.524-0300] {subprocess.py:93} INFO -   6800K .......... .......... .......... .......... .......... 86%  132M 0s
[2024-07-14T16:13:17.524-0300] {subprocess.py:93} INFO -   6850K .......... .......... .......... .......... .......... 87% 49.7M 0s
[2024-07-14T16:13:17.525-0300] {subprocess.py:93} INFO -   6900K .......... .......... .......... .......... .......... 87%  217M 0s
[2024-07-14T16:13:17.525-0300] {subprocess.py:93} INFO -   6950K .......... .......... .......... .......... .......... 88% 75.0M 0s
[2024-07-14T16:13:17.526-0300] {subprocess.py:93} INFO -   7000K .......... .......... .......... .......... .......... 89% 74.2M 0s
[2024-07-14T16:13:17.527-0300] {subprocess.py:93} INFO -   7050K .......... .......... .......... .......... .......... 89% 81.5M 0s
[2024-07-14T16:13:17.534-0300] {subprocess.py:93} INFO -   7100K .......... .......... .......... .......... .......... 90% 6.55M 0s
[2024-07-14T16:13:17.536-0300] {subprocess.py:93} INFO -   7150K .......... .......... .......... .......... .......... 91% 34.4M 0s
[2024-07-14T16:13:17.538-0300] {subprocess.py:93} INFO -   7200K .......... .......... .......... .......... .......... 91% 17.6M 0s
[2024-07-14T16:13:17.539-0300] {subprocess.py:93} INFO -   7250K .......... .......... .......... .......... .......... 92%  147M 0s
[2024-07-14T16:13:17.539-0300] {subprocess.py:93} INFO -   7300K .......... .......... .......... .......... .......... 93% 52.6M 0s
[2024-07-14T16:13:17.540-0300] {subprocess.py:93} INFO -   7350K .......... .......... .......... .......... .......... 93%  162M 0s
[2024-07-14T16:13:17.541-0300] {subprocess.py:93} INFO -   7400K .......... .......... .......... .......... .......... 94% 43.2M 0s
[2024-07-14T16:13:17.542-0300] {subprocess.py:93} INFO -   7450K .......... .......... .......... .......... .......... 94% 68.3M 0s
[2024-07-14T16:13:17.550-0300] {subprocess.py:93} INFO -   7500K .......... .......... .......... .......... .......... 95% 5.74M 0s
[2024-07-14T16:13:17.552-0300] {subprocess.py:93} INFO -   7550K .......... .......... .......... .......... .......... 96% 28.4M 0s
[2024-07-14T16:13:17.562-0300] {subprocess.py:93} INFO -   7600K .......... .......... .......... .......... .......... 96% 5.01M 0s
[2024-07-14T16:13:17.562-0300] {subprocess.py:93} INFO -   7650K .......... .......... .......... .......... .......... 97% 52.7M 0s
[2024-07-14T16:13:17.563-0300] {subprocess.py:93} INFO -   7700K .......... .......... .......... .......... .......... 98%  298M 0s
[2024-07-14T16:13:17.563-0300] {subprocess.py:93} INFO -   7750K .......... .......... .......... .......... .......... 98%  346M 0s
[2024-07-14T16:13:17.564-0300] {subprocess.py:93} INFO -   7800K .......... .......... .......... .......... .......... 99%  104M 0s
[2024-07-14T16:13:17.564-0300] {subprocess.py:93} INFO -   7850K .......... .......... .......... .......... .......... 99%  106M 0s
[2024-07-14T16:13:17.565-0300] {subprocess.py:93} INFO -   7900K .                                                     100% 31.0K=1.6s
[2024-07-14T16:13:17.565-0300] {subprocess.py:93} INFO - 
[2024-07-14T16:13:17.565-0300] {subprocess.py:93} INFO - 2024-07-14 16:13:17 (4.77 MB/s) - ‘/Users/axelsirota/repos/up_running_apache_airflow/downloads/yelp.csv’ saved [8091185/8091185]
[2024-07-14T16:13:17.566-0300] {subprocess.py:93} INFO - 
[2024-07-14T16:13:17.578-0300] {subprocess.py:97} INFO - Command exited with return code 0
[2024-07-14T16:13:17.580-0300] {taskinstance.py:441} INFO - ::group::Post task execution logs
[2024-07-14T16:13:17.601-0300] {taskinstance.py:1206} INFO - Marking task as SUCCESS. dag_id=backfill_dag, task_id=download_file, run_id=scheduled__2024-07-08T00:00:00+00:00, execution_date=20240708T000000, start_date=20240714T191312, end_date=20240714T191317
[2024-07-14T16:13:17.622-0300] {local_task_job_runner.py:240} INFO - Task exited with return code 0
[2024-07-14T16:13:17.651-0300] {taskinstance.py:3503} INFO - 1 downstream tasks scheduled from follow-on schedule check
[2024-07-14T16:13:17.653-0300] {local_task_job_runner.py:222} INFO - ::endgroup::
