[2024-07-14T16:20:05.780-0300] {local_task_job_runner.py:120} INFO - ::group::Pre task execution logs
[2024-07-14T16:20:05.811-0300] {taskinstance.py:2076} INFO - Dependencies all met for dep_context=non-requeueable deps ti=<TaskInstance: schedule_dag.cleanup scheduled__2024-07-09T00:00:00+00:00 [queued]>
[2024-07-14T16:20:05.818-0300] {taskinstance.py:2076} INFO - Dependencies all met for dep_context=requeueable deps ti=<TaskInstance: schedule_dag.cleanup scheduled__2024-07-09T00:00:00+00:00 [queued]>
[2024-07-14T16:20:05.818-0300] {taskinstance.py:2306} INFO - Starting attempt 1 of 2
[2024-07-14T16:20:05.833-0300] {taskinstance.py:2330} INFO - Executing <Task(BashOperator): cleanup> on 2024-07-09 00:00:00+00:00
[2024-07-14T16:20:05.837-0300] {standard_task_runner.py:63} INFO - Started process 87598 to run task
[2024-07-14T16:20:05.844-0300] {standard_task_runner.py:90} INFO - Running: ['airflow', 'tasks', 'run', 'schedule_dag', 'cleanup', 'scheduled__2024-07-09T00:00:00+00:00', '--job-id', '41', '--raw', '--subdir', 'DAGS_FOLDER/6_backfill_with_schedule.py', '--cfg-path', '/var/folders/g0/jqvp4xxs5pn4cds1xb9339xm0000gn/T/tmplwajjxt0']
[2024-07-14T16:20:05.848-0300] {standard_task_runner.py:91} INFO - Job 41: Subtask cleanup
[2024-07-14T16:20:05.900-0300] {task_command.py:426} INFO - Running <TaskInstance: schedule_dag.cleanup scheduled__2024-07-09T00:00:00+00:00 [running]> on host axels-personal-mac.local
[2024-07-14T16:20:05.984-0300] {taskinstance.py:2648} INFO - Exporting env vars: AIRFLOW_CTX_DAG_OWNER='airflow' AIRFLOW_CTX_DAG_ID='schedule_dag' AIRFLOW_CTX_TASK_ID='cleanup' AIRFLOW_CTX_EXECUTION_DATE='2024-07-09T00:00:00+00:00' AIRFLOW_CTX_TRY_NUMBER='1' AIRFLOW_CTX_DAG_RUN_ID='scheduled__2024-07-09T00:00:00+00:00'
[2024-07-14T16:20:05.985-0300] {taskinstance.py:430} INFO - ::endgroup::
[2024-07-14T16:20:05.987-0300] {subprocess.py:63} INFO - Tmp dir root location: /var/folders/g0/jqvp4xxs5pn4cds1xb9339xm0000gn/T
[2024-07-14T16:20:05.988-0300] {subprocess.py:75} INFO - Running command: ['/bin/bash', '-c', 'rm -rf ${AIRFLOW_HOME}/downloads/processed_yelp.csv']
[2024-07-14T16:20:05.996-0300] {subprocess.py:86} INFO - Output:
[2024-07-14T16:20:06.006-0300] {subprocess.py:97} INFO - Command exited with return code 0
[2024-07-14T16:20:06.008-0300] {taskinstance.py:441} INFO - ::group::Post task execution logs
[2024-07-14T16:20:06.031-0300] {taskinstance.py:1206} INFO - Marking task as SUCCESS. dag_id=schedule_dag, task_id=cleanup, run_id=scheduled__2024-07-09T00:00:00+00:00, execution_date=20240709T000000, start_date=20240714T192005, end_date=20240714T192006
[2024-07-14T16:20:06.078-0300] {local_task_job_runner.py:240} INFO - Task exited with return code 0
[2024-07-14T16:20:06.096-0300] {taskinstance.py:3503} INFO - 0 downstream tasks scheduled from follow-on schedule check
[2024-07-14T16:20:06.097-0300] {local_task_job_runner.py:222} INFO - ::endgroup::
