[2024-07-14T16:14:45.366-0300] {local_task_job_runner.py:120} INFO - ::group::Pre task execution logs
[2024-07-14T16:14:45.397-0300] {taskinstance.py:2076} INFO - Dependencies all met for dep_context=non-requeueable deps ti=<TaskInstance: backfill_dag.download_file scheduled__2024-07-13T00:00:00+00:00 [queued]>
[2024-07-14T16:14:45.404-0300] {taskinstance.py:2076} INFO - Dependencies all met for dep_context=requeueable deps ti=<TaskInstance: backfill_dag.download_file scheduled__2024-07-13T00:00:00+00:00 [queued]>
[2024-07-14T16:14:45.404-0300] {taskinstance.py:2306} INFO - Starting attempt 1 of 2
[2024-07-14T16:14:45.419-0300] {taskinstance.py:2330} INFO - Executing <Task(BashOperator): download_file> on 2024-07-13 00:00:00+00:00
[2024-07-14T16:14:45.423-0300] {standard_task_runner.py:63} INFO - Started process 87273 to run task
[2024-07-14T16:14:45.430-0300] {standard_task_runner.py:90} INFO - Running: ['airflow', 'tasks', 'run', 'backfill_dag', 'download_file', 'scheduled__2024-07-13T00:00:00+00:00', '--job-id', '25', '--raw', '--subdir', 'DAGS_FOLDER/5_backfill.py', '--cfg-path', '/var/folders/g0/jqvp4xxs5pn4cds1xb9339xm0000gn/T/tmpq9rcel4o']
[2024-07-14T16:14:45.434-0300] {standard_task_runner.py:91} INFO - Job 25: Subtask download_file
[2024-07-14T16:14:45.490-0300] {task_command.py:426} INFO - Running <TaskInstance: backfill_dag.download_file scheduled__2024-07-13T00:00:00+00:00 [running]> on host axels-personal-mac.local
[2024-07-14T16:14:45.571-0300] {taskinstance.py:2648} INFO - Exporting env vars: AIRFLOW_CTX_DAG_OWNER='airflow' AIRFLOW_CTX_DAG_ID='backfill_dag' AIRFLOW_CTX_TASK_ID='download_file' AIRFLOW_CTX_EXECUTION_DATE='2024-07-13T00:00:00+00:00' AIRFLOW_CTX_TRY_NUMBER='1' AIRFLOW_CTX_DAG_RUN_ID='scheduled__2024-07-13T00:00:00+00:00'
[2024-07-14T16:14:45.573-0300] {taskinstance.py:430} INFO - ::endgroup::
[2024-07-14T16:14:45.575-0300] {subprocess.py:63} INFO - Tmp dir root location: /var/folders/g0/jqvp4xxs5pn4cds1xb9339xm0000gn/T
[2024-07-14T16:14:45.576-0300] {subprocess.py:75} INFO - Running command: ['/bin/bash', '-c', 'mkdir -p ${AIRFLOW_HOME}/downloads && wget -O ${AIRFLOW_HOME}/downloads/yelp.csv https://www.dropbox.com/scl/fi/2k8im8ftu9yk8mnqhops9/yelp.csv?rlkey=52dzmxgys0su77wb6o75vb5ab&st=lmz21rpk&dl=0']
[2024-07-14T16:14:45.584-0300] {subprocess.py:86} INFO - Output:
[2024-07-14T16:14:45.608-0300] {subprocess.py:93} INFO - --2024-07-14 16:14:45--  https://www.dropbox.com/scl/fi/2k8im8ftu9yk8mnqhops9/yelp.csv?rlkey=52dzmxgys0su77wb6o75vb5ab
[2024-07-14T16:14:45.728-0300] {subprocess.py:93} INFO - Resolving www.dropbox.com (www.dropbox.com)... 2620:100:601d:18::a27d:512, 162.125.5.18
[2024-07-14T16:14:45.876-0300] {subprocess.py:93} INFO - Connecting to www.dropbox.com (www.dropbox.com)|2620:100:601d:18::a27d:512|:443... connected.
[2024-07-14T16:14:46.774-0300] {subprocess.py:93} INFO - HTTP request sent, awaiting response... 302 Found
[2024-07-14T16:14:46.775-0300] {subprocess.py:93} INFO - Location: https://ucf10dbc86eb68214727fbb65cd5.dl.dropboxusercontent.com/cd/0/inline/CWvlUPIFP7gdGPwxo6ajjYAM7yzaZhz1skhv7ELywYtfs5wMNzOhGxEUxWuRQzv4zw2nkRExxe9JsMkWgiwnKeURikOzImMRPTQhaehkQajyVKKMrUftcDQwd7PTS4NYnUeGt1i85UmHXLEZpC1mgAD4/file# [following]
[2024-07-14T16:14:46.776-0300] {subprocess.py:93} INFO - --2024-07-14 16:14:46--  https://ucf10dbc86eb68214727fbb65cd5.dl.dropboxusercontent.com/cd/0/inline/CWvlUPIFP7gdGPwxo6ajjYAM7yzaZhz1skhv7ELywYtfs5wMNzOhGxEUxWuRQzv4zw2nkRExxe9JsMkWgiwnKeURikOzImMRPTQhaehkQajyVKKMrUftcDQwd7PTS4NYnUeGt1i85UmHXLEZpC1mgAD4/file
[2024-07-14T16:14:46.881-0300] {subprocess.py:93} INFO - Resolving ucf10dbc86eb68214727fbb65cd5.dl.dropboxusercontent.com (ucf10dbc86eb68214727fbb65cd5.dl.dropboxusercontent.com)... 2620:100:601d:15::a27d:50f, 162.125.5.15
[2024-07-14T16:14:47.033-0300] {subprocess.py:93} INFO - Connecting to ucf10dbc86eb68214727fbb65cd5.dl.dropboxusercontent.com (ucf10dbc86eb68214727fbb65cd5.dl.dropboxusercontent.com)|2620:100:601d:15::a27d:50f|:443... connected.
[2024-07-14T16:14:47.900-0300] {subprocess.py:93} INFO - HTTP request sent, awaiting response... 200 OK
[2024-07-14T16:14:47.901-0300] {subprocess.py:93} INFO - Length: 8091185 (7.7M) [text/plain]
[2024-07-14T16:14:47.901-0300] {subprocess.py:93} INFO - Saving to: ‘/Users/axelsirota/repos/up_running_apache_airflow/downloads/yelp.csv’
[2024-07-14T16:14:47.902-0300] {subprocess.py:93} INFO - 
[2024-07-14T16:14:48.209-0300] {subprocess.py:93} INFO -      0K .......... .......... .......... .......... ..........  0%  162K 48s
[2024-07-14T16:14:48.350-0300] {subprocess.py:93} INFO -     50K .......... .......... .......... .......... ..........  1%  354K 35s
[2024-07-14T16:14:48.422-0300] {subprocess.py:93} INFO -    100K .......... .......... .......... .......... ..........  1%  690K 27s
[2024-07-14T16:14:48.486-0300] {subprocess.py:93} INFO -    150K .......... .......... .......... .......... ..........  2%  782K 23s
[2024-07-14T16:14:48.530-0300] {subprocess.py:93} INFO -    200K .......... .......... .......... .......... ..........  3% 1.11M 19s
[2024-07-14T16:14:48.562-0300] {subprocess.py:93} INFO -    250K .......... .......... .......... .......... ..........  3% 1.53M 17s
[2024-07-14T16:14:48.610-0300] {subprocess.py:93} INFO -    300K .......... .......... .......... .......... ..........  4% 1.02M 15s
[2024-07-14T16:14:48.655-0300] {subprocess.py:93} INFO -    350K .......... .......... .......... .......... ..........  5% 1.67M 14s
[2024-07-14T16:14:48.677-0300] {subprocess.py:93} INFO -    400K .......... .......... .......... .......... ..........  5% 1.30M 13s
[2024-07-14T16:14:48.693-0300] {subprocess.py:93} INFO -    450K .......... .......... .......... .......... ..........  6% 2.99M 12s
[2024-07-14T16:14:48.710-0300] {subprocess.py:93} INFO -    500K .......... .......... .......... .......... ..........  6% 2.87M 11s
[2024-07-14T16:14:48.727-0300] {subprocess.py:93} INFO -    550K .......... .......... .......... .......... ..........  7% 2.89M 10s
[2024-07-14T16:14:48.739-0300] {subprocess.py:93} INFO -    600K .......... .......... .......... .......... ..........  8% 3.94M 9s
[2024-07-14T16:14:48.752-0300] {subprocess.py:93} INFO -    650K .......... .......... .......... .......... ..........  8% 3.80M 9s
[2024-07-14T16:14:48.781-0300] {subprocess.py:93} INFO -    700K .......... .......... .......... .......... ..........  9% 1.69M 8s
[2024-07-14T16:14:48.824-0300] {subprocess.py:93} INFO -    750K .......... .......... .......... .......... .......... 10% 3.81M 8s
[2024-07-14T16:14:48.834-0300] {subprocess.py:93} INFO -    800K .......... .......... .......... .......... .......... 10% 1.20M 8s
[2024-07-14T16:14:48.856-0300] {subprocess.py:93} INFO -    850K .......... .......... .......... .......... .......... 11% 2.28M 7s
[2024-07-14T16:14:48.862-0300] {subprocess.py:93} INFO -    900K .......... .......... .......... .......... .......... 12% 7.92M 7s
[2024-07-14T16:14:48.879-0300] {subprocess.py:93} INFO -    950K .......... .......... .......... .......... .......... 12% 2.87M 7s
[2024-07-14T16:14:48.880-0300] {subprocess.py:93} INFO -   1000K .......... .......... .......... .......... .......... 13% 54.0M 6s
[2024-07-14T16:14:48.890-0300] {subprocess.py:93} INFO -   1050K .......... .......... .......... .......... .......... 13% 4.97M 6s
[2024-07-14T16:14:48.891-0300] {subprocess.py:93} INFO -   1100K .......... .......... .......... .......... .......... 14% 31.0M 6s
[2024-07-14T16:14:48.898-0300] {subprocess.py:93} INFO -   1150K .......... .......... .......... .......... .......... 15% 7.47M 6s
[2024-07-14T16:14:48.915-0300] {subprocess.py:93} INFO -   1200K .......... .......... .......... .......... .......... 15% 2.95M 5s
[2024-07-14T16:14:48.916-0300] {subprocess.py:93} INFO -   1250K .......... .......... .......... .......... .......... 16% 33.6M 5s
[2024-07-14T16:14:48.916-0300] {subprocess.py:93} INFO -   1300K .......... .......... .......... .......... .......... 17%  243M 5s
[2024-07-14T16:14:48.942-0300] {subprocess.py:93} INFO -   1350K .......... .......... .......... .......... .......... 17% 1.90M 5s
[2024-07-14T16:14:48.964-0300] {subprocess.py:93} INFO -   1400K .......... .......... .......... .......... .......... 18% 2.21M 5s
[2024-07-14T16:14:49.196-0300] {subprocess.py:93} INFO -   1450K .......... .......... .......... .......... .......... 18%  215K 6s
[2024-07-14T16:14:49.197-0300] {subprocess.py:93} INFO -   1500K .......... .......... .......... .......... .......... 19%  294M 5s
[2024-07-14T16:14:49.197-0300] {subprocess.py:93} INFO -   1550K .......... .......... .......... .......... .......... 20%  337M 5s
[2024-07-14T16:14:49.198-0300] {subprocess.py:93} INFO -   1600K .......... .......... .......... .......... .......... 20%  258M 5s
[2024-07-14T16:14:49.198-0300] {subprocess.py:93} INFO -   1650K .......... .......... .......... .......... .......... 21%  323M 5s
[2024-07-14T16:14:49.199-0300] {subprocess.py:93} INFO -   1700K .......... .......... .......... .......... .......... 22%  294M 5s
[2024-07-14T16:14:49.199-0300] {subprocess.py:93} INFO -   1750K .......... .......... .......... .......... .......... 22%  341M 4s
[2024-07-14T16:14:49.199-0300] {subprocess.py:93} INFO -   1800K .......... .......... .......... .......... .......... 23%  346M 4s
[2024-07-14T16:14:49.200-0300] {subprocess.py:93} INFO -   1850K .......... .......... .......... .......... .......... 24%  346M 4s
[2024-07-14T16:14:49.200-0300] {subprocess.py:93} INFO -   1900K .......... .......... .......... .......... .......... 24%  311M 4s
[2024-07-14T16:14:49.200-0300] {subprocess.py:93} INFO -   1950K .......... .......... .......... .......... .......... 25%  233M 4s
[2024-07-14T16:14:49.201-0300] {subprocess.py:93} INFO -   2000K .......... .......... .......... .......... .......... 25%  225M 4s
[2024-07-14T16:14:49.201-0300] {subprocess.py:93} INFO -   2050K .......... .......... .......... .......... .......... 26%  337M 4s
[2024-07-14T16:14:49.202-0300] {subprocess.py:93} INFO -   2100K .......... .......... .......... .......... .......... 27%  301M 3s
[2024-07-14T16:14:49.202-0300] {subprocess.py:93} INFO -   2150K .......... .......... .......... .......... .......... 27%  315M 3s
[2024-07-14T16:14:49.202-0300] {subprocess.py:93} INFO -   2200K .......... .......... .......... .......... .......... 28%  349M 3s
[2024-07-14T16:14:49.294-0300] {subprocess.py:93} INFO -   2250K .......... .......... .......... .......... .......... 29%  522K 3s
[2024-07-14T16:14:49.295-0300] {subprocess.py:93} INFO -   2300K .......... .......... .......... .......... .......... 29%  231M 3s
[2024-07-14T16:14:49.296-0300] {subprocess.py:93} INFO -   2350K .......... .......... .......... .......... .......... 30%  339M 3s
[2024-07-14T16:14:49.296-0300] {subprocess.py:93} INFO -   2400K .......... .......... .......... .......... .......... 31%  260M 3s
[2024-07-14T16:14:49.297-0300] {subprocess.py:93} INFO -   2450K .......... .......... .......... .......... .......... 31%  323M 3s
[2024-07-14T16:14:49.297-0300] {subprocess.py:93} INFO -   2500K .......... .......... .......... .......... .......... 32%  330M 3s
[2024-07-14T16:14:49.297-0300] {subprocess.py:93} INFO -   2550K .......... .......... .......... .......... .......... 32%  319M 3s
[2024-07-14T16:14:49.298-0300] {subprocess.py:93} INFO -   2600K .......... .......... .......... .......... .......... 33%  346M 3s
[2024-07-14T16:14:49.298-0300] {subprocess.py:93} INFO -   2650K .......... .......... .......... .......... .......... 34%  330M 3s
[2024-07-14T16:14:49.299-0300] {subprocess.py:93} INFO -   2700K .......... .......... .......... .......... .......... 34%  328M 3s
[2024-07-14T16:14:49.299-0300] {subprocess.py:93} INFO -   2750K .......... .......... .......... .......... .......... 35%  332M 3s
[2024-07-14T16:14:49.299-0300] {subprocess.py:93} INFO -   2800K .......... .......... .......... .......... .......... 36%  241M 2s
[2024-07-14T16:14:49.300-0300] {subprocess.py:93} INFO -   2850K .......... .......... .......... .......... .......... 36%  212M 2s
[2024-07-14T16:14:49.300-0300] {subprocess.py:93} INFO -   2900K .......... .......... .......... .......... .......... 37%  317M 2s
[2024-07-14T16:14:49.300-0300] {subprocess.py:93} INFO -   2950K .......... .......... .......... .......... .......... 37%  346M 2s
[2024-07-14T16:14:49.301-0300] {subprocess.py:93} INFO -   3000K .......... .......... .......... .......... .......... 38%  351M 2s
[2024-07-14T16:14:49.301-0300] {subprocess.py:93} INFO -   3050K .......... .......... .......... .......... .......... 39%  330M 2s
[2024-07-14T16:14:49.302-0300] {subprocess.py:93} INFO -   3100K .......... .......... .......... .......... .......... 39%  321M 2s
[2024-07-14T16:14:49.302-0300] {subprocess.py:93} INFO -   3150K .......... .......... .......... .......... .......... 40%  305M 2s
[2024-07-14T16:14:49.409-0300] {subprocess.py:93} INFO -   3200K .......... .......... .......... .......... .......... 41%  447K 2s
[2024-07-14T16:14:49.410-0300] {subprocess.py:93} INFO -   3250K .......... .......... .......... .......... .......... 41%  248M 2s
[2024-07-14T16:14:49.410-0300] {subprocess.py:93} INFO -   3300K .......... .......... .......... .......... .......... 42%  174M 2s
[2024-07-14T16:14:49.411-0300] {subprocess.py:93} INFO -   3350K .......... .......... .......... .......... .......... 43%  344M 2s
[2024-07-14T16:14:49.411-0300] {subprocess.py:93} INFO -   3400K .......... .......... .......... .......... .......... 43%  263M 2s
[2024-07-14T16:14:49.412-0300] {subprocess.py:93} INFO -   3450K .......... .......... .......... .......... .......... 44%  277M 2s
[2024-07-14T16:14:49.412-0300] {subprocess.py:93} INFO -   3500K .......... .......... .......... .......... .......... 44%  337M 2s
[2024-07-14T16:14:49.412-0300] {subprocess.py:93} INFO -   3550K .......... .......... .......... .......... .......... 45%  344M 2s
[2024-07-14T16:14:49.413-0300] {subprocess.py:93} INFO -   3600K .......... .......... .......... .......... .......... 46%  261M 2s
[2024-07-14T16:14:49.413-0300] {subprocess.py:93} INFO -   3650K .......... .......... .......... .......... .......... 46%  330M 2s
[2024-07-14T16:14:49.414-0300] {subprocess.py:93} INFO -   3700K .......... .......... .......... .......... .......... 47%  334M 2s
[2024-07-14T16:14:49.414-0300] {subprocess.py:93} INFO -   3750K .......... .......... .......... .......... .......... 48%  245M 2s
[2024-07-14T16:14:49.414-0300] {subprocess.py:93} INFO -   3800K .......... .......... .......... .......... .......... 48%  341M 2s
[2024-07-14T16:14:49.415-0300] {subprocess.py:93} INFO -   3850K .......... .......... .......... .......... .......... 49%  339M 2s
[2024-07-14T16:14:49.415-0300] {subprocess.py:93} INFO -   3900K .......... .......... .......... .......... .......... 49%  332M 2s
[2024-07-14T16:14:49.415-0300] {subprocess.py:93} INFO -   3950K .......... .......... .......... .......... .......... 50%  330M 1s
[2024-07-14T16:14:49.416-0300] {subprocess.py:93} INFO -   4000K .......... .......... .......... .......... .......... 51%  263M 1s
[2024-07-14T16:14:49.416-0300] {subprocess.py:93} INFO -   4050K .......... .......... .......... .......... .......... 51%  349M 1s
[2024-07-14T16:14:49.416-0300] {subprocess.py:93} INFO -   4100K .......... .......... .......... .......... .......... 52%  346M 1s
[2024-07-14T16:14:49.417-0300] {subprocess.py:93} INFO -   4150K .......... .......... .......... .......... .......... 53%  284M 1s
[2024-07-14T16:14:49.417-0300] {subprocess.py:93} INFO -   4200K .......... .......... .......... .......... .......... 53%  346M 1s
[2024-07-14T16:14:49.418-0300] {subprocess.py:93} INFO -   4250K .......... .......... .......... .......... .......... 54%  253M 1s
[2024-07-14T16:14:49.418-0300] {subprocess.py:93} INFO -   4300K .......... .......... .......... .......... .......... 55%  344M 1s
[2024-07-14T16:14:49.418-0300] {subprocess.py:93} INFO -   4350K .......... .......... .......... .......... .......... 55%  346M 1s
[2024-07-14T16:14:49.439-0300] {subprocess.py:93} INFO -   4400K .......... .......... .......... .......... .......... 56% 1.90M 1s
[2024-07-14T16:14:49.444-0300] {subprocess.py:93} INFO -   4450K .......... .......... .......... .......... .......... 56% 9.01M 1s
[2024-07-14T16:14:49.446-0300] {subprocess.py:93} INFO -   4500K .......... .......... .......... .......... .......... 57% 27.2M 1s
[2024-07-14T16:14:49.446-0300] {subprocess.py:93} INFO -   4550K .......... .......... .......... .......... .......... 58%  323M 1s
[2024-07-14T16:14:49.455-0300] {subprocess.py:93} INFO -   4600K .......... .......... .......... .......... .......... 58% 5.31M 1s
[2024-07-14T16:14:49.460-0300] {subprocess.py:93} INFO -   4650K .......... .......... .......... .......... .......... 59% 11.1M 1s
[2024-07-14T16:14:49.460-0300] {subprocess.py:93} INFO -   4700K .......... .......... .......... .......... .......... 60%  256M 1s
[2024-07-14T16:14:49.464-0300] {subprocess.py:93} INFO -   4750K .......... .......... .......... .......... .......... 60% 12.3M 1s
[2024-07-14T16:14:49.469-0300] {subprocess.py:93} INFO -   4800K .......... .......... .......... .......... .......... 61% 8.61M 1s
[2024-07-14T16:14:49.470-0300] {subprocess.py:93} INFO -   4850K .......... .......... .......... .......... .......... 62%  265M 1s
[2024-07-14T16:14:49.470-0300] {subprocess.py:93} INFO -   4900K .......... .......... .......... .......... .......... 62%  330M 1s
[2024-07-14T16:14:49.471-0300] {subprocess.py:93} INFO -   4950K .......... .......... .......... .......... .......... 63%  193M 1s
[2024-07-14T16:14:49.476-0300] {subprocess.py:93} INFO -   5000K .......... .......... .......... .......... .......... 63% 7.65M 1s
[2024-07-14T16:14:49.480-0300] {subprocess.py:93} INFO -   5050K .......... .......... .......... .......... .......... 64% 15.4M 1s
[2024-07-14T16:14:49.480-0300] {subprocess.py:93} INFO -   5100K .......... .......... .......... .......... .......... 65% 90.9M 1s
[2024-07-14T16:14:49.481-0300] {subprocess.py:93} INFO -   5150K .......... .......... .......... .......... .......... 65%  112M 1s
[2024-07-14T16:14:49.487-0300] {subprocess.py:93} INFO -   5200K .......... .......... .......... .......... .......... 66% 7.34M 1s
[2024-07-14T16:14:49.494-0300] {subprocess.py:93} INFO -   5250K .......... .......... .......... .......... .......... 67% 7.43M 1s
[2024-07-14T16:14:49.496-0300] {subprocess.py:93} INFO -   5300K .......... .......... .......... .......... .......... 67% 22.6M 1s
[2024-07-14T16:14:49.496-0300] {subprocess.py:93} INFO -   5350K .......... .......... .......... .......... .......... 68% 81.4M 1s
[2024-07-14T16:14:49.507-0300] {subprocess.py:93} INFO -   5400K .......... .......... .......... .......... .......... 68% 4.63M 1s
[2024-07-14T16:14:49.511-0300] {subprocess.py:93} INFO -   5450K .......... .......... .......... .......... .......... 69% 12.2M 1s
[2024-07-14T16:14:49.513-0300] {subprocess.py:93} INFO -   5500K .......... .......... .......... .......... .......... 70% 32.9M 1s
[2024-07-14T16:14:49.513-0300] {subprocess.py:93} INFO -   5550K .......... .......... .......... .......... .......... 70% 56.8M 1s
[2024-07-14T16:14:49.515-0300] {subprocess.py:93} INFO -   5600K .......... .......... .......... .......... .......... 71% 37.1M 1s
[2024-07-14T16:14:49.518-0300] {subprocess.py:93} INFO -   5650K .......... .......... .......... .......... .......... 72% 15.8M 1s
[2024-07-14T16:14:49.526-0300] {subprocess.py:93} INFO -   5700K .......... .......... .......... .......... .......... 72% 5.91M 1s
[2024-07-14T16:14:49.529-0300] {subprocess.py:93} INFO -   5750K .......... .......... .......... .......... .......... 73% 18.0M 1s
[2024-07-14T16:14:49.542-0300] {subprocess.py:93} INFO -   5800K .......... .......... .......... .......... .......... 74% 3.78M 1s
[2024-07-14T16:14:49.543-0300] {subprocess.py:93} INFO -   5850K .......... .......... .......... .......... .......... 74% 46.7M 1s
[2024-07-14T16:14:49.543-0300] {subprocess.py:93} INFO -   5900K .......... .......... .......... .......... .......... 75%  175M 1s
[2024-07-14T16:14:49.551-0300] {subprocess.py:93} INFO -   5950K .......... .......... .......... .......... .......... 75%  344M 1s
[2024-07-14T16:14:49.552-0300] {subprocess.py:93} INFO -   6000K .......... .......... .......... .......... .......... 76% 5.80M 1s
[2024-07-14T16:14:49.563-0300] {subprocess.py:93} INFO -   6050K .......... .......... .......... .......... .......... 77% 4.43M 0s
[2024-07-14T16:14:49.568-0300] {subprocess.py:93} INFO -   6100K .......... .......... .......... .......... .......... 77% 9.67M 0s
[2024-07-14T16:14:49.576-0300] {subprocess.py:93} INFO -   6150K .......... .......... .......... .......... .......... 78% 6.17M 0s
[2024-07-14T16:14:49.586-0300] {subprocess.py:93} INFO -   6200K .......... .......... .......... .......... .......... 79% 4.76M 0s
[2024-07-14T16:14:49.596-0300] {subprocess.py:93} INFO -   6250K .......... .......... .......... .......... .......... 79% 4.85M 0s
[2024-07-14T16:14:49.607-0300] {subprocess.py:93} INFO -   6300K .......... .......... .......... .......... .......... 80% 4.41M 0s
[2024-07-14T16:14:49.616-0300] {subprocess.py:93} INFO -   6350K .......... .......... .......... .......... .......... 80% 7.87M 0s
[2024-07-14T16:14:49.627-0300] {subprocess.py:93} INFO -   6400K .......... .......... .......... .......... .......... 81% 3.45M 0s
[2024-07-14T16:14:49.636-0300] {subprocess.py:93} INFO -   6450K .......... .......... .......... .......... .......... 82% 5.55M 0s
[2024-07-14T16:14:49.646-0300] {subprocess.py:93} INFO -   6500K .......... .......... .......... .......... .......... 82% 5.15M 0s
[2024-07-14T16:14:49.910-0300] {subprocess.py:93} INFO -   6550K .......... .......... .......... .......... .......... 83%  189K 0s
[2024-07-14T16:14:49.910-0300] {subprocess.py:93} INFO -   6600K .......... .......... .......... .......... .......... 84%  176M 0s
[2024-07-14T16:14:49.911-0300] {subprocess.py:93} INFO -   6650K .......... .......... .......... .......... .......... 84%  210M 0s
[2024-07-14T16:14:49.911-0300] {subprocess.py:93} INFO -   6700K .......... .......... .......... .......... .......... 85%  321M 0s
[2024-07-14T16:14:49.912-0300] {subprocess.py:93} INFO -   6750K .......... .......... .......... .......... .......... 86%  354M 0s
[2024-07-14T16:14:49.912-0300] {subprocess.py:93} INFO -   6800K .......... .......... .......... .......... .......... 86%  264M 0s
[2024-07-14T16:14:49.912-0300] {subprocess.py:93} INFO -   6850K .......... .......... .......... .......... .......... 87%  334M 0s
[2024-07-14T16:14:49.913-0300] {subprocess.py:93} INFO -   6900K .......... .......... .......... .......... .......... 87%  332M 0s
[2024-07-14T16:14:49.913-0300] {subprocess.py:93} INFO -   6950K .......... .......... .......... .......... .......... 88%  334M 0s
[2024-07-14T16:14:49.913-0300] {subprocess.py:93} INFO -   7000K .......... .......... .......... .......... .......... 89%  354M 0s
[2024-07-14T16:14:49.914-0300] {subprocess.py:93} INFO -   7050K .......... .......... .......... .......... .......... 89%  346M 0s
[2024-07-14T16:14:49.914-0300] {subprocess.py:93} INFO -   7100K .......... .......... .......... .......... .......... 90%  356M 0s
[2024-07-14T16:14:49.915-0300] {subprocess.py:93} INFO -   7150K .......... .......... .......... .......... .......... 91%  344M 0s
[2024-07-14T16:14:49.915-0300] {subprocess.py:93} INFO -   7200K .......... .......... .......... .......... .......... 91%  238M 0s
[2024-07-14T16:14:49.915-0300] {subprocess.py:93} INFO -   7250K .......... .......... .......... .......... .......... 92%  344M 0s
[2024-07-14T16:14:49.916-0300] {subprocess.py:93} INFO -   7300K .......... .......... .......... .......... .......... 93%  337M 0s
[2024-07-14T16:14:49.916-0300] {subprocess.py:93} INFO -   7350K .......... .......... .......... .......... .......... 93%  245M 0s
[2024-07-14T16:14:50.046-0300] {subprocess.py:93} INFO -   7400K .......... .......... .......... .......... .......... 94%  374K 0s
[2024-07-14T16:14:50.047-0300] {subprocess.py:93} INFO -   7450K .......... .......... .......... .......... .......... 94%  208M 0s
[2024-07-14T16:14:50.047-0300] {subprocess.py:93} INFO -   7500K .......... .......... .......... .......... .......... 95%  245M 0s
[2024-07-14T16:14:50.048-0300] {subprocess.py:93} INFO -   7550K .......... .......... .......... .......... .......... 96%  237M 0s
[2024-07-14T16:14:50.048-0300] {subprocess.py:93} INFO -   7600K .......... .......... .......... .......... .......... 96%  210M 0s
[2024-07-14T16:14:50.049-0300] {subprocess.py:93} INFO -   7650K .......... .......... .......... .......... .......... 97%  313M 0s
[2024-07-14T16:14:50.049-0300] {subprocess.py:93} INFO -   7700K .......... .......... .......... .......... .......... 98%  344M 0s
[2024-07-14T16:14:50.049-0300] {subprocess.py:93} INFO -   7750K .......... .......... .......... .......... .......... 98%  332M 0s
[2024-07-14T16:14:50.050-0300] {subprocess.py:93} INFO -   7800K .......... .......... .......... .......... .......... 99%  351M 0s
[2024-07-14T16:14:50.050-0300] {subprocess.py:93} INFO -   7850K .......... .......... .......... .......... .......... 99%  223M 0s
[2024-07-14T16:14:50.050-0300] {subprocess.py:93} INFO -   7900K .                                                     100% 31.0K=2.1s
[2024-07-14T16:14:50.051-0300] {subprocess.py:93} INFO - 
[2024-07-14T16:14:50.052-0300] {subprocess.py:93} INFO - 2024-07-14 16:14:50 (3.59 MB/s) - ‘/Users/axelsirota/repos/up_running_apache_airflow/downloads/yelp.csv’ saved [8091185/8091185]
[2024-07-14T16:14:50.052-0300] {subprocess.py:93} INFO - 
[2024-07-14T16:14:50.053-0300] {subprocess.py:97} INFO - Command exited with return code 0
[2024-07-14T16:14:50.054-0300] {taskinstance.py:441} INFO - ::group::Post task execution logs
[2024-07-14T16:14:50.078-0300] {taskinstance.py:1206} INFO - Marking task as SUCCESS. dag_id=backfill_dag, task_id=download_file, run_id=scheduled__2024-07-13T00:00:00+00:00, execution_date=20240713T000000, start_date=20240714T191445, end_date=20240714T191450
[2024-07-14T16:14:50.129-0300] {local_task_job_runner.py:240} INFO - Task exited with return code 0
[2024-07-14T16:14:50.156-0300] {taskinstance.py:3503} INFO - 1 downstream tasks scheduled from follow-on schedule check
[2024-07-14T16:14:50.158-0300] {local_task_job_runner.py:222} INFO - ::endgroup::
