[2024-07-14T16:13:56.841-0300] {local_task_job_runner.py:120} INFO - ::group::Pre task execution logs
[2024-07-14T16:13:56.872-0300] {taskinstance.py:2076} INFO - Dependencies all met for dep_context=non-requeueable deps ti=<TaskInstance: backfill_dag.cleanup scheduled__2024-07-09T00:00:00+00:00 [queued]>
[2024-07-14T16:13:56.880-0300] {taskinstance.py:2076} INFO - Dependencies all met for dep_context=requeueable deps ti=<TaskInstance: backfill_dag.cleanup scheduled__2024-07-09T00:00:00+00:00 [queued]>
[2024-07-14T16:13:56.881-0300] {taskinstance.py:2306} INFO - Starting attempt 1 of 2
[2024-07-14T16:13:56.897-0300] {taskinstance.py:2330} INFO - Executing <Task(BashOperator): cleanup> on 2024-07-09 00:00:00+00:00
[2024-07-14T16:13:56.901-0300] {standard_task_runner.py:63} INFO - Started process 87213 to run task
[2024-07-14T16:13:56.907-0300] {standard_task_runner.py:90} INFO - Running: ['airflow', 'tasks', 'run', 'backfill_dag', 'cleanup', 'scheduled__2024-07-09T00:00:00+00:00', '--job-id', '18', '--raw', '--subdir', 'DAGS_FOLDER/5_backfill.py', '--cfg-path', '/var/folders/g0/jqvp4xxs5pn4cds1xb9339xm0000gn/T/tmp8kye8w7b']
[2024-07-14T16:13:56.912-0300] {standard_task_runner.py:91} INFO - Job 18: Subtask cleanup
[2024-07-14T16:13:56.967-0300] {task_command.py:426} INFO - Running <TaskInstance: backfill_dag.cleanup scheduled__2024-07-09T00:00:00+00:00 [running]> on host axels-personal-mac.local
[2024-07-14T16:13:57.048-0300] {taskinstance.py:2648} INFO - Exporting env vars: AIRFLOW_CTX_DAG_OWNER='airflow' AIRFLOW_CTX_DAG_ID='backfill_dag' AIRFLOW_CTX_TASK_ID='cleanup' AIRFLOW_CTX_EXECUTION_DATE='2024-07-09T00:00:00+00:00' AIRFLOW_CTX_TRY_NUMBER='1' AIRFLOW_CTX_DAG_RUN_ID='scheduled__2024-07-09T00:00:00+00:00'
[2024-07-14T16:13:57.050-0300] {taskinstance.py:430} INFO - ::endgroup::
[2024-07-14T16:13:57.051-0300] {subprocess.py:63} INFO - Tmp dir root location: /var/folders/g0/jqvp4xxs5pn4cds1xb9339xm0000gn/T
[2024-07-14T16:13:57.052-0300] {subprocess.py:75} INFO - Running command: ['/bin/bash', '-c', 'rm -rf ${AIRFLOW_HOME}/downloads/processed_yelp.csv']
[2024-07-14T16:13:57.061-0300] {subprocess.py:86} INFO - Output:
[2024-07-14T16:13:57.069-0300] {subprocess.py:97} INFO - Command exited with return code 0
[2024-07-14T16:13:57.071-0300] {taskinstance.py:441} INFO - ::group::Post task execution logs
[2024-07-14T16:13:57.094-0300] {taskinstance.py:1206} INFO - Marking task as SUCCESS. dag_id=backfill_dag, task_id=cleanup, run_id=scheduled__2024-07-09T00:00:00+00:00, execution_date=20240709T000000, start_date=20240714T191356, end_date=20240714T191357
[2024-07-14T16:13:57.142-0300] {local_task_job_runner.py:240} INFO - Task exited with return code 0
[2024-07-14T16:13:57.158-0300] {taskinstance.py:3503} INFO - 0 downstream tasks scheduled from follow-on schedule check
[2024-07-14T16:13:57.160-0300] {local_task_job_runner.py:222} INFO - ::endgroup::
