[2024-07-14T16:19:07.471-0300] {local_task_job_runner.py:120} INFO - ::group::Pre task execution logs
[2024-07-14T16:19:07.504-0300] {taskinstance.py:2076} INFO - Dependencies all met for dep_context=non-requeueable deps ti=<TaskInstance: schedule_dag.download_file scheduled__2024-07-05T00:00:00+00:00 [queued]>
[2024-07-14T16:19:07.510-0300] {taskinstance.py:2076} INFO - Dependencies all met for dep_context=requeueable deps ti=<TaskInstance: schedule_dag.download_file scheduled__2024-07-05T00:00:00+00:00 [queued]>
[2024-07-14T16:19:07.511-0300] {taskinstance.py:2306} INFO - Starting attempt 1 of 2
[2024-07-14T16:19:07.526-0300] {taskinstance.py:2330} INFO - Executing <Task(BashOperator): download_file> on 2024-07-05 00:00:00+00:00
[2024-07-14T16:19:07.530-0300] {standard_task_runner.py:63} INFO - Started process 87508 to run task
[2024-07-14T16:19:07.537-0300] {standard_task_runner.py:90} INFO - Running: ['airflow', 'tasks', 'run', 'schedule_dag', 'download_file', 'scheduled__2024-07-05T00:00:00+00:00', '--job-id', '31', '--raw', '--subdir', 'DAGS_FOLDER/6_backfill_with_schedule.py', '--cfg-path', '/var/folders/g0/jqvp4xxs5pn4cds1xb9339xm0000gn/T/tmpijwi518i']
[2024-07-14T16:19:07.542-0300] {standard_task_runner.py:91} INFO - Job 31: Subtask download_file
[2024-07-14T16:19:07.610-0300] {task_command.py:426} INFO - Running <TaskInstance: schedule_dag.download_file scheduled__2024-07-05T00:00:00+00:00 [running]> on host axels-personal-mac.local
[2024-07-14T16:19:07.707-0300] {taskinstance.py:2648} INFO - Exporting env vars: AIRFLOW_CTX_DAG_OWNER='airflow' AIRFLOW_CTX_DAG_ID='schedule_dag' AIRFLOW_CTX_TASK_ID='download_file' AIRFLOW_CTX_EXECUTION_DATE='2024-07-05T00:00:00+00:00' AIRFLOW_CTX_TRY_NUMBER='1' AIRFLOW_CTX_DAG_RUN_ID='scheduled__2024-07-05T00:00:00+00:00'
[2024-07-14T16:19:07.724-0300] {taskinstance.py:430} INFO - ::endgroup::
[2024-07-14T16:19:07.726-0300] {subprocess.py:63} INFO - Tmp dir root location: /var/folders/g0/jqvp4xxs5pn4cds1xb9339xm0000gn/T
[2024-07-14T16:19:07.728-0300] {subprocess.py:75} INFO - Running command: ['/bin/bash', '-c', 'mkdir -p ${AIRFLOW_HOME}/downloads && wget -O ${AIRFLOW_HOME}/downloads/yelp.csv https://www.dropbox.com/scl/fi/2k8im8ftu9yk8mnqhops9/yelp.csv?rlkey=52dzmxgys0su77wb6o75vb5ab&st=lmz21rpk&dl=0']
[2024-07-14T16:19:07.737-0300] {subprocess.py:86} INFO - Output:
[2024-07-14T16:19:07.761-0300] {subprocess.py:93} INFO - --2024-07-14 16:19:07--  https://www.dropbox.com/scl/fi/2k8im8ftu9yk8mnqhops9/yelp.csv?rlkey=52dzmxgys0su77wb6o75vb5ab
[2024-07-14T16:19:07.887-0300] {subprocess.py:93} INFO - Resolving www.dropbox.com (www.dropbox.com)... 2620:100:601d:18::a27d:512, 162.125.5.18
[2024-07-14T16:19:08.034-0300] {subprocess.py:93} INFO - Connecting to www.dropbox.com (www.dropbox.com)|2620:100:601d:18::a27d:512|:443... connected.
[2024-07-14T16:19:08.913-0300] {subprocess.py:93} INFO - HTTP request sent, awaiting response... 302 Found
[2024-07-14T16:19:08.915-0300] {subprocess.py:93} INFO - Location: https://uc5cc39aa658ae1d46bb9a869615.dl.dropboxusercontent.com/cd/0/inline/CWtpYRTkNDJaar9kEnynKS-URxX38FnOYHeFBRow2QGTmv5L9Iz4o1DpoUlrr2i4wM4TcxSraGAWlSOeSSP0qPRsHzTOnQvp0jd8mTFs-H_bhGumqHmyJFOmBXpGXIwAK64npBLQz61AoKyMqR9gtZAT/file# [following]
[2024-07-14T16:19:08.915-0300] {subprocess.py:93} INFO - --2024-07-14 16:19:08--  https://uc5cc39aa658ae1d46bb9a869615.dl.dropboxusercontent.com/cd/0/inline/CWtpYRTkNDJaar9kEnynKS-URxX38FnOYHeFBRow2QGTmv5L9Iz4o1DpoUlrr2i4wM4TcxSraGAWlSOeSSP0qPRsHzTOnQvp0jd8mTFs-H_bhGumqHmyJFOmBXpGXIwAK64npBLQz61AoKyMqR9gtZAT/file
[2024-07-14T16:19:09.114-0300] {subprocess.py:93} INFO - Resolving uc5cc39aa658ae1d46bb9a869615.dl.dropboxusercontent.com (uc5cc39aa658ae1d46bb9a869615.dl.dropboxusercontent.com)... 2620:100:601d:15::a27d:50f, 162.125.5.15
[2024-07-14T16:19:09.256-0300] {subprocess.py:93} INFO - Connecting to uc5cc39aa658ae1d46bb9a869615.dl.dropboxusercontent.com (uc5cc39aa658ae1d46bb9a869615.dl.dropboxusercontent.com)|2620:100:601d:15::a27d:50f|:443... connected.
[2024-07-14T16:19:10.041-0300] {subprocess.py:93} INFO - HTTP request sent, awaiting response... 200 OK
[2024-07-14T16:19:10.041-0300] {subprocess.py:93} INFO - Length: 8091185 (7.7M) [text/plain]
[2024-07-14T16:19:10.042-0300] {subprocess.py:93} INFO - Saving to: ‘/Users/axelsirota/repos/up_running_apache_airflow/downloads/yelp.csv’
[2024-07-14T16:19:10.042-0300] {subprocess.py:93} INFO - 
[2024-07-14T16:19:10.363-0300] {subprocess.py:93} INFO -      0K .......... .......... .......... .......... ..........  0%  155K 50s
[2024-07-14T16:19:10.484-0300] {subprocess.py:93} INFO -     50K .......... .......... .......... .......... ..........  1%  411K 35s
[2024-07-14T16:19:10.546-0300] {subprocess.py:93} INFO -    100K .......... .......... .......... .......... ..........  1%  811K 26s
[2024-07-14T16:19:10.614-0300] {subprocess.py:93} INFO -    150K .......... .......... .......... .......... ..........  2%  737K 22s
[2024-07-14T16:19:10.662-0300] {subprocess.py:93} INFO -    200K .......... .......... .......... .......... ..........  3% 1.02M 19s
[2024-07-14T16:19:10.696-0300] {subprocess.py:93} INFO -    250K .......... .......... .......... .......... ..........  3% 1.42M 17s
[2024-07-14T16:19:10.729-0300] {subprocess.py:93} INFO -    300K .......... .......... .......... .......... ..........  4% 1.51M 15s
[2024-07-14T16:19:10.765-0300] {subprocess.py:93} INFO -    350K .......... .......... .......... .......... ..........  5% 1.72M 13s
[2024-07-14T16:19:10.792-0300] {subprocess.py:93} INFO -    400K .......... .......... .......... .......... ..........  5% 1.41M 12s
[2024-07-14T16:19:10.811-0300] {subprocess.py:93} INFO -    450K .......... .......... .......... .......... ..........  6% 2.59M 11s
[2024-07-14T16:19:10.832-0300] {subprocess.py:93} INFO -    500K .......... .......... .......... .......... ..........  6% 2.29M 11s
[2024-07-14T16:19:10.852-0300] {subprocess.py:93} INFO -    550K .......... .......... .......... .......... ..........  7% 2.41M 10s
[2024-07-14T16:19:10.867-0300] {subprocess.py:93} INFO -    600K .......... .......... .......... .......... ..........  8% 3.43M 9s
[2024-07-14T16:19:10.885-0300] {subprocess.py:93} INFO -    650K .......... .......... .......... .......... ..........  8% 2.60M 9s
[2024-07-14T16:19:10.900-0300] {subprocess.py:93} INFO -    700K .......... .......... .......... .......... ..........  9% 3.23M 8s
[2024-07-14T16:19:10.915-0300] {subprocess.py:93} INFO -    750K .......... .......... .......... .......... .......... 10% 6.37M 8s
[2024-07-14T16:19:10.929-0300] {subprocess.py:93} INFO -    800K .......... .......... .......... .......... .......... 10% 2.36M 7s
[2024-07-14T16:19:10.942-0300] {subprocess.py:93} INFO -    850K .......... .......... .......... .......... .......... 11% 3.61M 7s
[2024-07-14T16:19:10.956-0300] {subprocess.py:93} INFO -    900K .......... .......... .......... .......... .......... 12% 3.64M 7s
[2024-07-14T16:19:10.956-0300] {subprocess.py:93} INFO -    950K .......... .......... .......... .......... .......... 12%  225M 6s
[2024-07-14T16:19:10.968-0300] {subprocess.py:93} INFO -   1000K .......... .......... .......... .......... .......... 13% 3.91M 6s
[2024-07-14T16:19:10.977-0300] {subprocess.py:93} INFO -   1050K .......... .......... .......... .......... .......... 13% 6.02M 6s
[2024-07-14T16:19:10.983-0300] {subprocess.py:93} INFO -   1100K .......... .......... .......... .......... .......... 14% 6.99M 6s
[2024-07-14T16:19:10.996-0300] {subprocess.py:93} INFO -   1150K .......... .......... .......... .......... .......... 15% 4.02M 5s
[2024-07-14T16:19:11.016-0300] {subprocess.py:93} INFO -   1200K .......... .......... .......... .......... .......... 15% 2.35M 5s
[2024-07-14T16:19:11.018-0300] {subprocess.py:93} INFO -   1250K .......... .......... .......... .......... .......... 16% 28.9M 5s
[2024-07-14T16:19:11.030-0300] {subprocess.py:93} INFO -   1300K .......... .......... .......... .......... .......... 17% 4.27M 5s
[2024-07-14T16:19:11.036-0300] {subprocess.py:93} INFO -   1350K .......... .......... .......... .......... .......... 17% 7.08M 5s
[2024-07-14T16:19:11.044-0300] {subprocess.py:93} INFO -   1400K .......... .......... .......... .......... .......... 18% 6.19M 4s
[2024-07-14T16:19:11.051-0300] {subprocess.py:93} INFO -   1450K .......... .......... .......... .......... .......... 18% 7.63M 4s
[2024-07-14T16:19:11.057-0300] {subprocess.py:93} INFO -   1500K .......... .......... .......... .......... .......... 19% 7.83M 4s
[2024-07-14T16:19:11.065-0300] {subprocess.py:93} INFO -   1550K .......... .......... .......... .......... .......... 20% 6.06M 4s
[2024-07-14T16:19:11.071-0300] {subprocess.py:93} INFO -   1600K .......... .......... .......... .......... .......... 20% 8.86M 4s
[2024-07-14T16:19:11.078-0300] {subprocess.py:93} INFO -   1650K .......... .......... .......... .......... .......... 21% 6.97M 4s
[2024-07-14T16:19:11.093-0300] {subprocess.py:93} INFO -   1700K .......... .......... .......... .......... .......... 22% 3.17M 4s
[2024-07-14T16:19:11.094-0300] {subprocess.py:93} INFO -   1750K .......... .......... .......... .......... .......... 22% 80.8M 4s
[2024-07-14T16:19:11.106-0300] {subprocess.py:93} INFO -   1800K .......... .......... .......... .......... .......... 23% 4.06M 3s
[2024-07-14T16:19:11.106-0300] {subprocess.py:93} INFO -   1850K .......... .......... .......... .......... .......... 24% 66.7M 3s
[2024-07-14T16:19:11.112-0300] {subprocess.py:93} INFO -   1900K .......... .......... .......... .......... .......... 24% 8.20M 3s
[2024-07-14T16:19:11.113-0300] {subprocess.py:93} INFO -   1950K .......... .......... .......... .......... .......... 25% 42.2M 3s
[2024-07-14T16:19:11.118-0300] {subprocess.py:93} INFO -   2000K .......... .......... .......... .......... .......... 25% 9.94M 3s
[2024-07-14T16:19:11.119-0300] {subprocess.py:93} INFO -   2050K .......... .......... .......... .......... .......... 26% 55.4M 3s
[2024-07-14T16:19:11.127-0300] {subprocess.py:93} INFO -   2100K .......... .......... .......... .......... .......... 27% 6.47M 3s
[2024-07-14T16:19:11.132-0300] {subprocess.py:93} INFO -   2150K .......... .......... .......... .......... .......... 27% 9.59M 3s
[2024-07-14T16:19:11.133-0300] {subprocess.py:93} INFO -   2200K .......... .......... .......... .......... .......... 28% 42.3M 3s
[2024-07-14T16:19:11.140-0300] {subprocess.py:93} INFO -   2250K .......... .......... .......... .......... .......... 29% 7.29M 3s
[2024-07-14T16:19:11.140-0300] {subprocess.py:93} INFO -   2300K .......... .......... .......... .......... .......... 29%  221M 3s
[2024-07-14T16:19:11.146-0300] {subprocess.py:93} INFO -   2350K .......... .......... .......... .......... .......... 30% 7.70M 3s
[2024-07-14T16:19:11.153-0300] {subprocess.py:93} INFO -   2400K .......... .......... .......... .......... .......... 31% 7.14M 2s
[2024-07-14T16:19:11.154-0300] {subprocess.py:93} INFO -   2450K .......... .......... .......... .......... .......... 31%  281M 2s
[2024-07-14T16:19:11.160-0300] {subprocess.py:93} INFO -   2500K .......... .......... .......... .......... .......... 32% 7.05M 2s
[2024-07-14T16:19:11.161-0300] {subprocess.py:93} INFO -   2550K .......... .......... .......... .......... .......... 32%  242M 2s
[2024-07-14T16:19:11.165-0300] {subprocess.py:93} INFO -   2600K .......... .......... .......... .......... .......... 33% 9.64M 2s
[2024-07-14T16:19:11.172-0300] {subprocess.py:93} INFO -   2650K .......... .......... .......... .......... .......... 34% 7.20M 2s
[2024-07-14T16:19:11.179-0300] {subprocess.py:93} INFO -   2700K .......... .......... .......... .......... .......... 34% 7.68M 2s
[2024-07-14T16:19:11.185-0300] {subprocess.py:93} INFO -   2750K .......... .......... .......... .......... .......... 35% 8.34M 2s
[2024-07-14T16:19:11.193-0300] {subprocess.py:93} INFO -   2800K .......... .......... .......... .......... .......... 36% 5.68M 2s
[2024-07-14T16:19:11.194-0300] {subprocess.py:93} INFO -   2850K .......... .......... .......... .......... .......... 36%  186M 2s
[2024-07-14T16:19:11.202-0300] {subprocess.py:93} INFO -   2900K .......... .......... .......... .......... .......... 37% 5.52M 2s
[2024-07-14T16:19:11.203-0300] {subprocess.py:93} INFO -   2950K .......... .......... .......... .......... .......... 37%  267M 2s
[2024-07-14T16:19:11.207-0300] {subprocess.py:93} INFO -   3000K .......... .......... .......... .......... .......... 38% 10.1M 2s
[2024-07-14T16:19:11.214-0300] {subprocess.py:93} INFO -   3050K .......... .......... .......... .......... .......... 39% 7.08M 2s
[2024-07-14T16:19:11.217-0300] {subprocess.py:93} INFO -   3100K .......... .......... .......... .......... .......... 39% 14.6M 2s
[2024-07-14T16:19:11.218-0300] {subprocess.py:93} INFO -   3150K .......... .......... .......... .......... .......... 40%  186M 2s
[2024-07-14T16:19:11.221-0300] {subprocess.py:93} INFO -   3200K .......... .......... .......... .......... .......... 41% 14.3M 2s
[2024-07-14T16:19:11.227-0300] {subprocess.py:93} INFO -   3250K .......... .......... .......... .......... .......... 41% 7.76M 2s
[2024-07-14T16:19:11.230-0300] {subprocess.py:93} INFO -   3300K .......... .......... .......... .......... .......... 42% 19.3M 2s
[2024-07-14T16:19:11.231-0300] {subprocess.py:93} INFO -   3350K .......... .......... .......... .......... .......... 43% 89.1M 2s
[2024-07-14T16:19:11.234-0300] {subprocess.py:93} INFO -   3400K .......... .......... .......... .......... .......... 43% 12.2M 2s
[2024-07-14T16:19:11.241-0300] {subprocess.py:93} INFO -   3450K .......... .......... .......... .......... .......... 44% 7.69M 2s
[2024-07-14T16:19:11.242-0300] {subprocess.py:93} INFO -   3500K .......... .......... .......... .......... .......... 44% 29.5M 1s
[2024-07-14T16:19:11.243-0300] {subprocess.py:93} INFO -   3550K .......... .......... .......... .......... .......... 45% 78.4M 1s
[2024-07-14T16:19:11.250-0300] {subprocess.py:93} INFO -   3600K .......... .......... .......... .......... .......... 46% 7.56M 1s
[2024-07-14T16:19:11.254-0300] {subprocess.py:93} INFO -   3650K .......... .......... .......... .......... .......... 46% 11.5M 1s
[2024-07-14T16:19:11.260-0300] {subprocess.py:93} INFO -   3700K .......... .......... .......... .......... .......... 47% 7.40M 1s
[2024-07-14T16:19:11.267-0300] {subprocess.py:93} INFO -   3750K .......... .......... .......... .......... .......... 48% 7.30M 1s
[2024-07-14T16:19:11.275-0300] {subprocess.py:93} INFO -   3800K .......... .......... .......... .......... .......... 48% 6.28M 1s
[2024-07-14T16:19:11.277-0300] {subprocess.py:93} INFO -   3850K .......... .......... .......... .......... .......... 49% 21.0M 1s
[2024-07-14T16:19:11.278-0300] {subprocess.py:93} INFO -   3900K .......... .......... .......... .......... .......... 49% 99.0M 1s
[2024-07-14T16:19:11.282-0300] {subprocess.py:93} INFO -   3950K .......... .......... .......... .......... .......... 50% 45.2M 1s
[2024-07-14T16:19:11.283-0300] {subprocess.py:93} INFO -   4000K .......... .......... .......... .......... .......... 51% 13.4M 1s
[2024-07-14T16:19:11.289-0300] {subprocess.py:93} INFO -   4050K .......... .......... .......... .......... .......... 51% 7.76M 1s
[2024-07-14T16:19:11.291-0300] {subprocess.py:93} INFO -   4100K .......... .......... .......... .......... .......... 52% 22.8M 1s
[2024-07-14T16:19:11.291-0300] {subprocess.py:93} INFO -   4150K .......... .......... .......... .......... .......... 53%  111M 1s
[2024-07-14T16:19:11.296-0300] {subprocess.py:93} INFO -   4200K .......... .......... .......... .......... .......... 53% 9.99M 1s
[2024-07-14T16:19:11.297-0300] {subprocess.py:93} INFO -   4250K .......... .......... .......... .......... .......... 54%  206M 1s
[2024-07-14T16:19:11.304-0300] {subprocess.py:93} INFO -   4300K .......... .......... .......... .......... .......... 55% 6.20M 1s
[2024-07-14T16:19:11.305-0300] {subprocess.py:93} INFO -   4350K .......... .......... .......... .......... .......... 55% 57.6M 1s
[2024-07-14T16:19:11.306-0300] {subprocess.py:93} INFO -   4400K .......... .......... .......... .......... .......... 56% 63.6M 1s
[2024-07-14T16:19:11.306-0300] {subprocess.py:93} INFO -   4450K .......... .......... .......... .......... .......... 56%  307M 1s
[2024-07-14T16:19:11.309-0300] {subprocess.py:93} INFO -   4500K .......... .......... .......... .......... .......... 57% 16.7M 1s
[2024-07-14T16:19:11.310-0300] {subprocess.py:93} INFO -   4550K .......... .......... .......... .......... .......... 58% 70.9M 1s
[2024-07-14T16:19:11.318-0300] {subprocess.py:93} INFO -   4600K .......... .......... .......... .......... .......... 58% 5.84M 1s
[2024-07-14T16:19:11.319-0300] {subprocess.py:93} INFO -   4650K .......... .......... .......... .......... .......... 59% 62.7M 1s
[2024-07-14T16:19:11.320-0300] {subprocess.py:93} INFO -   4700K .......... .......... .......... .......... .......... 60% 61.2M 1s
[2024-07-14T16:19:11.320-0300] {subprocess.py:93} INFO -   4750K .......... .......... .......... .......... .......... 60%  257M 1s
[2024-07-14T16:19:11.323-0300] {subprocess.py:93} INFO -   4800K .......... .......... .......... .......... .......... 61% 15.3M 1s
[2024-07-14T16:19:11.323-0300] {subprocess.py:93} INFO -   4850K .......... .......... .......... .......... .......... 62%  305M 1s
[2024-07-14T16:19:11.332-0300] {subprocess.py:93} INFO -   4900K .......... .......... .......... .......... .......... 62% 5.55M 1s
[2024-07-14T16:19:11.333-0300] {subprocess.py:93} INFO -   4950K .......... .......... .......... .......... .......... 63% 48.9M 1s
[2024-07-14T16:19:11.333-0300] {subprocess.py:93} INFO -   5000K .......... .......... .......... .......... .......... 63%  282M 1s
[2024-07-14T16:19:11.334-0300] {subprocess.py:93} INFO -   5050K .......... .......... .......... .......... .......... 64% 48.5M 1s
[2024-07-14T16:19:11.336-0300] {subprocess.py:93} INFO -   5100K .......... .......... .......... .......... .......... 65% 21.3M 1s
[2024-07-14T16:19:11.342-0300] {subprocess.py:93} INFO -   5150K .......... .......... .......... .......... .......... 65%  296M 1s
[2024-07-14T16:19:11.343-0300] {subprocess.py:93} INFO -   5200K .......... .......... .......... .......... .......... 66% 7.64M 1s
[2024-07-14T16:19:11.344-0300] {subprocess.py:93} INFO -   5250K .......... .......... .......... .......... .......... 67% 72.4M 1s
[2024-07-14T16:19:11.357-0300] {subprocess.py:93} INFO -   5300K .......... .......... .......... .......... .......... 67% 3.65M 1s
[2024-07-14T16:19:11.358-0300] {subprocess.py:93} INFO -   5350K .......... .......... .......... .......... .......... 68%  118M 1s
[2024-07-14T16:19:11.359-0300] {subprocess.py:93} INFO -   5400K .......... .......... .......... .......... .......... 68% 34.7M 1s
[2024-07-14T16:19:11.359-0300] {subprocess.py:93} INFO -   5450K .......... .......... .......... .......... .......... 69%  215M 1s
[2024-07-14T16:19:11.360-0300] {subprocess.py:93} INFO -   5500K .......... .......... .......... .......... .......... 70%  317M 1s
[2024-07-14T16:19:11.361-0300] {subprocess.py:93} INFO -   5550K .......... .......... .......... .......... .......... 70% 47.7M 1s
[2024-07-14T16:19:11.361-0300] {subprocess.py:93} INFO -   5600K .......... .......... .......... .......... .......... 71% 59.7M 1s
[2024-07-14T16:19:11.362-0300] {subprocess.py:93} INFO -   5650K .......... .......... .......... .......... .......... 72% 72.9M 1s
[2024-07-14T16:19:11.363-0300] {subprocess.py:93} INFO -   5700K .......... .......... .......... .......... .......... 72%  180M 0s
[2024-07-14T16:19:11.363-0300] {subprocess.py:93} INFO -   5750K .......... .......... .......... .......... .......... 73%  122M 0s
[2024-07-14T16:19:11.367-0300] {subprocess.py:93} INFO -   5800K .......... .......... .......... .......... .......... 74% 10.6M 0s
[2024-07-14T16:19:11.368-0300] {subprocess.py:93} INFO -   5850K .......... .......... .......... .......... .......... 74% 70.8M 0s
[2024-07-14T16:19:11.368-0300] {subprocess.py:93} INFO -   5900K .......... .......... .......... .......... .......... 75%  242M 0s
[2024-07-14T16:19:11.371-0300] {subprocess.py:93} INFO -   5950K .......... .......... .......... .......... .......... 75% 17.8M 0s
[2024-07-14T16:19:11.371-0300] {subprocess.py:93} INFO -   6000K .......... .......... .......... .......... .......... 76%  133M 0s
[2024-07-14T16:19:11.372-0300] {subprocess.py:93} INFO -   6050K .......... .......... .......... .......... .......... 77%  117M 0s
[2024-07-14T16:19:11.372-0300] {subprocess.py:93} INFO -   6100K .......... .......... .......... .......... .......... 77% 82.5M 0s
[2024-07-14T16:19:11.379-0300] {subprocess.py:93} INFO -   6150K .......... .......... .......... .......... .......... 78% 6.66M 0s
[2024-07-14T16:19:11.381-0300] {subprocess.py:93} INFO -   6200K .......... .......... .......... .......... .......... 79% 33.4M 0s
[2024-07-14T16:19:11.381-0300] {subprocess.py:93} INFO -   6250K .......... .......... .......... .......... .......... 79%  154M 0s
[2024-07-14T16:19:11.382-0300] {subprocess.py:93} INFO -   6300K .......... .......... .......... .......... .......... 80%  257M 0s
[2024-07-14T16:19:11.383-0300] {subprocess.py:93} INFO -   6350K .......... .......... .......... .......... .......... 80% 32.3M 0s
[2024-07-14T16:19:11.383-0300] {subprocess.py:93} INFO -   6400K .......... .......... .......... .......... .......... 81%  116M 0s
[2024-07-14T16:19:11.385-0300] {subprocess.py:93} INFO -   6450K .......... .......... .......... .......... .......... 82% 28.9M 0s
[2024-07-14T16:19:11.393-0300] {subprocess.py:93} INFO -   6500K .......... .......... .......... .......... .......... 82% 5.77M 0s
[2024-07-14T16:19:11.394-0300] {subprocess.py:93} INFO -   6550K .......... .......... .......... .......... .......... 83%  212M 0s
[2024-07-14T16:19:11.395-0300] {subprocess.py:93} INFO -   6600K .......... .......... .......... .......... .......... 84%  130M 0s
[2024-07-14T16:19:11.395-0300] {subprocess.py:93} INFO -   6650K .......... .......... .......... .......... .......... 84% 48.4M 0s
[2024-07-14T16:19:11.396-0300] {subprocess.py:93} INFO -   6700K .......... .......... .......... .......... .......... 85%  174M 0s
[2024-07-14T16:19:11.398-0300] {subprocess.py:93} INFO -   6750K .......... .......... .......... .......... .......... 86% 18.8M 0s
[2024-07-14T16:19:11.408-0300] {subprocess.py:93} INFO -   6800K .......... .......... .......... .......... .......... 86% 4.65M 0s
[2024-07-14T16:19:11.409-0300] {subprocess.py:93} INFO -   6850K .......... .......... .......... .......... .......... 87% 48.6M 0s
[2024-07-14T16:19:11.410-0300] {subprocess.py:93} INFO -   6900K .......... .......... .......... .......... .......... 87% 59.9M 0s
[2024-07-14T16:19:11.411-0300] {subprocess.py:93} INFO -   6950K .......... .......... .......... .......... .......... 88%  194M 0s
[2024-07-14T16:19:11.412-0300] {subprocess.py:93} INFO -   7000K .......... .......... .......... .......... .......... 89% 75.1M 0s
[2024-07-14T16:19:11.412-0300] {subprocess.py:93} INFO -   7050K .......... .......... .......... .......... .......... 89%  311M 0s
[2024-07-14T16:19:11.413-0300] {subprocess.py:93} INFO -   7100K .......... .......... .......... .......... .......... 90% 33.6M 0s
[2024-07-14T16:19:11.413-0300] {subprocess.py:93} INFO -   7150K .......... .......... .......... .......... .......... 91%  226M 0s
[2024-07-14T16:19:11.418-0300] {subprocess.py:93} INFO -   7200K .......... .......... .......... .......... .......... 91% 9.92M 0s
[2024-07-14T16:19:11.419-0300] {subprocess.py:93} INFO -   7250K .......... .......... .......... .......... .......... 92%  141M 0s
[2024-07-14T16:19:11.426-0300] {subprocess.py:93} INFO -   7300K .......... .......... .......... .......... .......... 93% 6.36M 0s
[2024-07-14T16:19:11.427-0300] {subprocess.py:93} INFO -   7350K .......... .......... .......... .......... .......... 93%  301M 0s
[2024-07-14T16:19:11.434-0300] {subprocess.py:93} INFO -   7400K .......... .......... .......... .......... .......... 94% 6.36M 0s
[2024-07-14T16:19:11.434-0300] {subprocess.py:93} INFO -   7450K .......... .......... .......... .......... .......... 94%  102M 0s
[2024-07-14T16:19:11.435-0300] {subprocess.py:93} INFO -   7500K .......... .......... .......... .......... .......... 95% 69.7M 0s
[2024-07-14T16:19:11.435-0300] {subprocess.py:93} INFO -   7550K .......... .......... .......... .......... .......... 96% 86.7M 0s
[2024-07-14T16:19:11.436-0300] {subprocess.py:93} INFO -   7600K .......... .......... .......... .......... .......... 96% 48.8M 0s
[2024-07-14T16:19:11.437-0300] {subprocess.py:93} INFO -   7650K .......... .......... .......... .......... .......... 97%  332M 0s
[2024-07-14T16:19:11.437-0300] {subprocess.py:93} INFO -   7700K .......... .......... .......... .......... .......... 98% 96.1M 0s
[2024-07-14T16:19:11.445-0300] {subprocess.py:93} INFO -   7750K .......... .......... .......... .......... .......... 98% 5.98M 0s
[2024-07-14T16:19:11.446-0300] {subprocess.py:93} INFO -   7800K .......... .......... .......... .......... .......... 99% 56.4M 0s
[2024-07-14T16:19:11.450-0300] {subprocess.py:93} INFO -   7850K .......... .......... .......... .......... .......... 99% 12.0M 0s
[2024-07-14T16:19:11.451-0300] {subprocess.py:93} INFO -   7900K .                                                     100% 31.0K=1.4s
[2024-07-14T16:19:11.451-0300] {subprocess.py:93} INFO - 
[2024-07-14T16:19:11.452-0300] {subprocess.py:93} INFO - 2024-07-14 16:19:11 (5.48 MB/s) - ‘/Users/axelsirota/repos/up_running_apache_airflow/downloads/yelp.csv’ saved [8091185/8091185]
[2024-07-14T16:19:11.452-0300] {subprocess.py:93} INFO - 
[2024-07-14T16:19:11.459-0300] {subprocess.py:97} INFO - Command exited with return code 0
[2024-07-14T16:19:11.460-0300] {taskinstance.py:441} INFO - ::group::Post task execution logs
[2024-07-14T16:19:11.484-0300] {taskinstance.py:1206} INFO - Marking task as SUCCESS. dag_id=schedule_dag, task_id=download_file, run_id=scheduled__2024-07-05T00:00:00+00:00, execution_date=20240705T000000, start_date=20240714T191907, end_date=20240714T191911
[2024-07-14T16:19:11.546-0300] {local_task_job_runner.py:240} INFO - Task exited with return code 0
[2024-07-14T16:19:11.576-0300] {taskinstance.py:3503} INFO - 1 downstream tasks scheduled from follow-on schedule check
[2024-07-14T16:19:11.578-0300] {local_task_job_runner.py:222} INFO - ::endgroup::
