[2024-07-14T16:12:58.513-0300] {local_task_job_runner.py:120} INFO - ::group::Pre task execution logs
[2024-07-14T16:12:58.548-0300] {taskinstance.py:2076} INFO - Dependencies all met for dep_context=non-requeueable deps ti=<TaskInstance: backfill_dag.download_file scheduled__2024-07-07T00:00:00+00:00 [queued]>
[2024-07-14T16:12:58.556-0300] {taskinstance.py:2076} INFO - Dependencies all met for dep_context=requeueable deps ti=<TaskInstance: backfill_dag.download_file scheduled__2024-07-07T00:00:00+00:00 [queued]>
[2024-07-14T16:12:58.556-0300] {taskinstance.py:2306} INFO - Starting attempt 1 of 2
[2024-07-14T16:12:58.571-0300] {taskinstance.py:2330} INFO - Executing <Task(BashOperator): download_file> on 2024-07-07 00:00:00+00:00
[2024-07-14T16:12:58.576-0300] {standard_task_runner.py:63} INFO - Started process 87136 to run task
[2024-07-14T16:12:58.585-0300] {standard_task_runner.py:90} INFO - Running: ['airflow', 'tasks', 'run', 'backfill_dag', 'download_file', 'scheduled__2024-07-07T00:00:00+00:00', '--job-id', '8', '--raw', '--subdir', 'DAGS_FOLDER/5_backfill.py', '--cfg-path', '/var/folders/g0/jqvp4xxs5pn4cds1xb9339xm0000gn/T/tmptvw65pov']
[2024-07-14T16:12:58.589-0300] {standard_task_runner.py:91} INFO - Job 8: Subtask download_file
[2024-07-14T16:12:58.657-0300] {task_command.py:426} INFO - Running <TaskInstance: backfill_dag.download_file scheduled__2024-07-07T00:00:00+00:00 [running]> on host axels-personal-mac.local
[2024-07-14T16:12:58.740-0300] {taskinstance.py:2648} INFO - Exporting env vars: AIRFLOW_CTX_DAG_OWNER='airflow' AIRFLOW_CTX_DAG_ID='backfill_dag' AIRFLOW_CTX_TASK_ID='download_file' AIRFLOW_CTX_EXECUTION_DATE='2024-07-07T00:00:00+00:00' AIRFLOW_CTX_TRY_NUMBER='1' AIRFLOW_CTX_DAG_RUN_ID='scheduled__2024-07-07T00:00:00+00:00'
[2024-07-14T16:12:58.741-0300] {taskinstance.py:430} INFO - ::endgroup::
[2024-07-14T16:12:58.743-0300] {subprocess.py:63} INFO - Tmp dir root location: /var/folders/g0/jqvp4xxs5pn4cds1xb9339xm0000gn/T
[2024-07-14T16:12:58.744-0300] {subprocess.py:75} INFO - Running command: ['/bin/bash', '-c', 'mkdir -p ${AIRFLOW_HOME}/downloads && wget -O ${AIRFLOW_HOME}/downloads/yelp.csv https://www.dropbox.com/scl/fi/2k8im8ftu9yk8mnqhops9/yelp.csv?rlkey=52dzmxgys0su77wb6o75vb5ab&st=lmz21rpk&dl=0']
[2024-07-14T16:12:58.754-0300] {subprocess.py:86} INFO - Output:
[2024-07-14T16:12:58.787-0300] {subprocess.py:93} INFO - --2024-07-14 16:12:58--  https://www.dropbox.com/scl/fi/2k8im8ftu9yk8mnqhops9/yelp.csv?rlkey=52dzmxgys0su77wb6o75vb5ab
[2024-07-14T16:12:58.807-0300] {subprocess.py:93} INFO - Resolving www.dropbox.com (www.dropbox.com)... 162.125.5.18, 2620:100:601d:18::a27d:512
[2024-07-14T16:12:58.945-0300] {subprocess.py:93} INFO - Connecting to www.dropbox.com (www.dropbox.com)|162.125.5.18|:443... connected.
[2024-07-14T16:12:59.768-0300] {subprocess.py:93} INFO - HTTP request sent, awaiting response... 302 Found
[2024-07-14T16:12:59.769-0300] {subprocess.py:93} INFO - Location: https://uc91c813b2fff8e5db090c5b2b4c.dl.dropboxusercontent.com/cd/0/inline/CWsMxChRDa1skju4TeSzxjVUuOVefZkj2NxBrTPXjzBSGAKsFM5CEj8150MbchNSc1WM73M5xYF2W1TOsPT3EsunnnwEH1iUaSxh27_wiuCFzXArDOlklzjr_u5xkDL811yMf3BlpJvd5-a4zBt9FgNf/file# [following]
[2024-07-14T16:12:59.770-0300] {subprocess.py:93} INFO - --2024-07-14 16:12:59--  https://uc91c813b2fff8e5db090c5b2b4c.dl.dropboxusercontent.com/cd/0/inline/CWsMxChRDa1skju4TeSzxjVUuOVefZkj2NxBrTPXjzBSGAKsFM5CEj8150MbchNSc1WM73M5xYF2W1TOsPT3EsunnnwEH1iUaSxh27_wiuCFzXArDOlklzjr_u5xkDL811yMf3BlpJvd5-a4zBt9FgNf/file
[2024-07-14T16:12:59.859-0300] {subprocess.py:93} INFO - Resolving uc91c813b2fff8e5db090c5b2b4c.dl.dropboxusercontent.com (uc91c813b2fff8e5db090c5b2b4c.dl.dropboxusercontent.com)... 162.125.5.15, 2620:100:601d:15::a27d:50f
[2024-07-14T16:13:00.000-0300] {subprocess.py:93} INFO - Connecting to uc91c813b2fff8e5db090c5b2b4c.dl.dropboxusercontent.com (uc91c813b2fff8e5db090c5b2b4c.dl.dropboxusercontent.com)|162.125.5.15|:443... connected.
[2024-07-14T16:13:00.785-0300] {subprocess.py:93} INFO - HTTP request sent, awaiting response... 200 OK
[2024-07-14T16:13:00.785-0300] {subprocess.py:93} INFO - Length: 8091185 (7.7M) [text/plain]
[2024-07-14T16:13:00.786-0300] {subprocess.py:93} INFO - Saving to: ‘/Users/axelsirota/repos/up_running_apache_airflow/downloads/yelp.csv’
[2024-07-14T16:13:00.786-0300] {subprocess.py:93} INFO - 
[2024-07-14T16:13:01.073-0300] {subprocess.py:93} INFO -      0K .......... .......... .......... .......... ..........  0%  174K 45s
[2024-07-14T16:13:01.201-0300] {subprocess.py:93} INFO -     50K .......... .......... .......... .......... ..........  1%  391K 32s
[2024-07-14T16:13:01.265-0300] {subprocess.py:93} INFO -    100K .......... .......... .......... .......... ..........  1%  781K 25s
[2024-07-14T16:13:01.325-0300] {subprocess.py:93} INFO -    150K .......... .......... .......... .......... ..........  2%  834K 21s
[2024-07-14T16:13:01.373-0300] {subprocess.py:93} INFO -    200K .......... .......... .......... .......... ..........  3% 1.01M 18s
[2024-07-14T16:13:01.427-0300] {subprocess.py:93} INFO -    250K .......... .......... .......... .......... ..........  3%  932K 16s
[2024-07-14T16:13:01.454-0300] {subprocess.py:93} INFO -    300K .......... .......... .......... .......... ..........  4% 1.78M 14s
[2024-07-14T16:13:01.486-0300] {subprocess.py:93} INFO -    350K .......... .......... .......... .......... ..........  5% 2.05M 13s
[2024-07-14T16:13:01.506-0300] {subprocess.py:93} INFO -    400K .......... .......... .......... .......... ..........  5% 1.74M 12s
[2024-07-14T16:13:01.522-0300] {subprocess.py:93} INFO -    450K .......... .......... .......... .......... ..........  6% 3.03M 11s
[2024-07-14T16:13:01.544-0300] {subprocess.py:93} INFO -    500K .......... .......... .......... .......... ..........  6% 2.25M 10s
[2024-07-14T16:13:01.565-0300] {subprocess.py:93} INFO -    550K .......... .......... .......... .......... ..........  7% 2.28M 9s
[2024-07-14T16:13:01.587-0300] {subprocess.py:93} INFO -    600K .......... .......... .......... .......... ..........  8% 2.24M 9s
[2024-07-14T16:13:01.604-0300] {subprocess.py:93} INFO -    650K .......... .......... .......... .......... ..........  8% 2.88M 8s
[2024-07-14T16:13:01.614-0300] {subprocess.py:93} INFO -    700K .......... .......... .......... .......... ..........  9% 4.86M 8s
[2024-07-14T16:13:01.635-0300] {subprocess.py:93} INFO -    750K .......... .......... .......... .......... .......... 10% 4.85M 7s
[2024-07-14T16:13:01.639-0300] {subprocess.py:93} INFO -    800K .......... .......... .......... .......... .......... 10% 3.25M 7s
[2024-07-14T16:13:01.658-0300] {subprocess.py:93} INFO -    850K .......... .......... .......... .......... .......... 11% 2.60M 7s
[2024-07-14T16:13:01.674-0300] {subprocess.py:93} INFO -    900K .......... .......... .......... .......... .......... 12% 3.14M 7s
[2024-07-14T16:13:01.675-0300] {subprocess.py:93} INFO -    950K .......... .......... .......... .......... .......... 12% 43.9M 6s
[2024-07-14T16:13:01.683-0300] {subprocess.py:93} INFO -   1000K .......... .......... .......... .......... .......... 13% 5.82M 6s
[2024-07-14T16:13:01.696-0300] {subprocess.py:93} INFO -   1050K .......... .......... .......... .......... .......... 13% 3.88M 6s
[2024-07-14T16:13:01.704-0300] {subprocess.py:93} INFO -   1100K .......... .......... .......... .......... .......... 14% 5.75M 5s
[2024-07-14T16:13:01.929-0300] {subprocess.py:93} INFO -   1150K .......... .......... .......... .......... .......... 15%  223K 6s
[2024-07-14T16:13:01.930-0300] {subprocess.py:93} INFO -   1200K .......... .......... .......... .......... .......... 15%  170M 6s
[2024-07-14T16:13:01.930-0300] {subprocess.py:93} INFO -   1250K .......... .......... .......... .......... .......... 16%  341M 6s
[2024-07-14T16:13:01.931-0300] {subprocess.py:93} INFO -   1300K .......... .......... .......... .......... .......... 17%  346M 6s
[2024-07-14T16:13:01.931-0300] {subprocess.py:93} INFO -   1350K .......... .......... .......... .......... .......... 17%  205M 5s
[2024-07-14T16:13:01.931-0300] {subprocess.py:93} INFO -   1400K .......... .......... .......... .......... .......... 18%  268M 5s
[2024-07-14T16:13:01.932-0300] {subprocess.py:93} INFO -   1450K .......... .......... .......... .......... .......... 18%  344M 5s
[2024-07-14T16:13:01.932-0300] {subprocess.py:93} INFO -   1500K .......... .......... .......... .......... .......... 19%  339M 5s
[2024-07-14T16:13:01.933-0300] {subprocess.py:93} INFO -   1550K .......... .......... .......... .......... .......... 20%  267M 5s
[2024-07-14T16:13:01.933-0300] {subprocess.py:93} INFO -   1600K .......... .......... .......... .......... .......... 20%  234M 4s
[2024-07-14T16:13:01.934-0300] {subprocess.py:93} INFO -   1650K .......... .......... .......... .......... .......... 21%  244M 4s
[2024-07-14T16:13:01.934-0300] {subprocess.py:93} INFO -   1700K .......... .......... .......... .......... .......... 22%  341M 4s
[2024-07-14T16:13:01.934-0300] {subprocess.py:93} INFO -   1750K .......... .......... .......... .......... .......... 22%  334M 4s
[2024-07-14T16:13:01.935-0300] {subprocess.py:93} INFO -   1800K .......... .......... .......... .......... .......... 23%  351M 4s
[2024-07-14T16:13:01.935-0300] {subprocess.py:93} INFO -   1850K .......... .......... .......... .......... .......... 24%  328M 4s
[2024-07-14T16:13:01.935-0300] {subprocess.py:93} INFO -   1900K .......... .......... .......... .......... .......... 24%  344M 3s
[2024-07-14T16:13:01.936-0300] {subprocess.py:93} INFO -   1950K .......... .......... .......... .......... .......... 25%  346M 3s
[2024-07-14T16:13:01.936-0300] {subprocess.py:93} INFO -   2000K .......... .......... .......... .......... .......... 25%  211M 3s
[2024-07-14T16:13:01.937-0300] {subprocess.py:93} INFO -   2050K .......... .......... .......... .......... .......... 26%  315M 3s
[2024-07-14T16:13:01.937-0300] {subprocess.py:93} INFO -   2100K .......... .......... .......... .......... .......... 27%  263M 3s
[2024-07-14T16:13:01.938-0300] {subprocess.py:93} INFO -   2150K .......... .......... .......... .......... .......... 27%  229M 3s
[2024-07-14T16:13:01.938-0300] {subprocess.py:93} INFO -   2200K .......... .......... .......... .......... .......... 28%  332M 3s
[2024-07-14T16:13:01.938-0300] {subprocess.py:93} INFO -   2250K .......... .......... .......... .......... .......... 29%  339M 3s
[2024-07-14T16:13:01.939-0300] {subprocess.py:93} INFO -   2300K .......... .......... .......... .......... .......... 29%  243M 3s
[2024-07-14T16:13:01.939-0300] {subprocess.py:93} INFO -   2350K .......... .......... .......... .......... .......... 30%  291M 3s
[2024-07-14T16:13:01.940-0300] {subprocess.py:93} INFO -   2400K .......... .......... .......... .......... .......... 31%  224M 3s
[2024-07-14T16:13:01.940-0300] {subprocess.py:93} INFO -   2450K .......... .......... .......... .......... .......... 31%  334M 2s
[2024-07-14T16:13:01.940-0300] {subprocess.py:93} INFO -   2500K .......... .......... .......... .......... .......... 32%  332M 2s
[2024-07-14T16:13:01.941-0300] {subprocess.py:93} INFO -   2550K .......... .......... .......... .......... .......... 32%  332M 2s
[2024-07-14T16:13:01.941-0300] {subprocess.py:93} INFO -   2600K .......... .......... .......... .......... .......... 33%  334M 2s
[2024-07-14T16:13:01.941-0300] {subprocess.py:93} INFO -   2650K .......... .......... .......... .......... .......... 34%  317M 2s
[2024-07-14T16:13:01.942-0300] {subprocess.py:93} INFO -   2700K .......... .......... .......... .......... .......... 34%  300M 2s
[2024-07-14T16:13:01.942-0300] {subprocess.py:93} INFO -   2750K .......... .......... .......... .......... .......... 35%  344M 2s
[2024-07-14T16:13:01.943-0300] {subprocess.py:93} INFO -   2800K .......... .......... .......... .......... .......... 36%  248M 2s
[2024-07-14T16:13:01.943-0300] {subprocess.py:93} INFO -   2850K .......... .......... .......... .......... .......... 36% 9.33M 2s
[2024-07-14T16:13:01.943-0300] {subprocess.py:93} INFO -   2900K .......... .......... .......... .......... .......... 37% 14.7M 2s
[2024-07-14T16:13:01.955-0300] {subprocess.py:93} INFO -   2950K .......... .......... .......... .......... .......... 37% 4.13M 2s
[2024-07-14T16:13:01.959-0300] {subprocess.py:93} INFO -   3000K .......... .......... .......... .......... .......... 38% 11.3M 2s
[2024-07-14T16:13:01.980-0300] {subprocess.py:93} INFO -   3050K .......... .......... .......... .......... .......... 39% 2.35M 2s
[2024-07-14T16:13:01.988-0300] {subprocess.py:93} INFO -   3100K .......... .......... .......... .......... .......... 39% 5.70M 2s
[2024-07-14T16:13:01.997-0300] {subprocess.py:93} INFO -   3150K .......... .......... .......... .......... .......... 40% 13.0M 2s
[2024-07-14T16:13:02.003-0300] {subprocess.py:93} INFO -   3200K .......... .......... .......... .......... .......... 41% 4.40M 2s
[2024-07-14T16:13:02.009-0300] {subprocess.py:93} INFO -   3250K .......... .......... .......... .......... .......... 41% 8.63M 2s
[2024-07-14T16:13:02.014-0300] {subprocess.py:93} INFO -   3300K .......... .......... .......... .......... .......... 42% 9.60M 2s
[2024-07-14T16:13:02.019-0300] {subprocess.py:93} INFO -   3350K .......... .......... .......... .......... .......... 43% 9.62M 2s
[2024-07-14T16:13:02.025-0300] {subprocess.py:93} INFO -   3400K .......... .......... .......... .......... .......... 43% 8.17M 2s
[2024-07-14T16:13:02.035-0300] {subprocess.py:93} INFO -   3450K .......... .......... .......... .......... .......... 44% 4.93M 2s
[2024-07-14T16:13:02.036-0300] {subprocess.py:93} INFO -   3500K .......... .......... .......... .......... .......... 44%  236M 2s
[2024-07-14T16:13:02.304-0300] {subprocess.py:93} INFO -   3550K .......... .......... .......... .......... .......... 45% 8.43M 2s
[2024-07-14T16:13:02.305-0300] {subprocess.py:93} INFO -   3600K .......... .......... .......... .......... .......... 46%  190K 2s
[2024-07-14T16:13:02.305-0300] {subprocess.py:93} INFO -   3650K .......... .......... .......... .......... .......... 46%  326M 2s
[2024-07-14T16:13:02.306-0300] {subprocess.py:93} INFO -   3700K .......... .......... .......... .......... .......... 47%  341M 2s
[2024-07-14T16:13:02.306-0300] {subprocess.py:93} INFO -   3750K .......... .......... .......... .......... .......... 48%  286M 2s
[2024-07-14T16:13:02.307-0300] {subprocess.py:93} INFO -   3800K .......... .......... .......... .......... .......... 48%  319M 2s
[2024-07-14T16:13:02.307-0300] {subprocess.py:93} INFO -   3850K .......... .......... .......... .......... .......... 49%  330M 2s
[2024-07-14T16:13:02.307-0300] {subprocess.py:93} INFO -   3900K .......... .......... .......... .......... .......... 49%  313M 2s
[2024-07-14T16:13:02.308-0300] {subprocess.py:93} INFO -   3950K .......... .......... .......... .......... .......... 50%  339M 1s
[2024-07-14T16:13:02.308-0300] {subprocess.py:93} INFO -   4000K .......... .......... .......... .......... .......... 51%  261M 1s
[2024-07-14T16:13:02.308-0300] {subprocess.py:93} INFO -   4050K .......... .......... .......... .......... .......... 51%  341M 1s
[2024-07-14T16:13:02.309-0300] {subprocess.py:93} INFO -   4100K .......... .......... .......... .......... .......... 52%  284M 1s
[2024-07-14T16:13:02.309-0300] {subprocess.py:93} INFO -   4150K .......... .......... .......... .......... .......... 53%  291M 1s
[2024-07-14T16:13:02.310-0300] {subprocess.py:93} INFO -   4200K .......... .......... .......... .......... .......... 53%  334M 1s
[2024-07-14T16:13:02.310-0300] {subprocess.py:93} INFO -   4250K .......... .......... .......... .......... .......... 54%  328M 1s
[2024-07-14T16:13:02.311-0300] {subprocess.py:93} INFO -   4300K .......... .......... .......... .......... .......... 55%  346M 1s
[2024-07-14T16:13:02.311-0300] {subprocess.py:93} INFO -   4350K .......... .......... .......... .......... .......... 55%  321M 1s
[2024-07-14T16:13:02.312-0300] {subprocess.py:93} INFO -   4400K .......... .......... .......... .......... .......... 56%  234M 1s
[2024-07-14T16:13:02.312-0300] {subprocess.py:93} INFO -   4450K .......... .......... .......... .......... .......... 56%  321M 1s
[2024-07-14T16:13:02.312-0300] {subprocess.py:93} INFO -   4500K .......... .......... .......... .......... .......... 57%  323M 1s
[2024-07-14T16:13:02.313-0300] {subprocess.py:93} INFO -   4550K .......... .......... .......... .......... .......... 58%  344M 1s
[2024-07-14T16:13:02.313-0300] {subprocess.py:93} INFO -   4600K .......... .......... .......... .......... .......... 58%  260M 1s
[2024-07-14T16:13:02.314-0300] {subprocess.py:93} INFO -   4650K .......... .......... .......... .......... .......... 59%  334M 1s
[2024-07-14T16:13:02.314-0300] {subprocess.py:93} INFO -   4700K .......... .......... .......... .......... .......... 60%  307M 1s
[2024-07-14T16:13:02.314-0300] {subprocess.py:93} INFO -   4750K .......... .......... .......... .......... .......... 60%  317M 1s
[2024-07-14T16:13:02.315-0300] {subprocess.py:93} INFO -   4800K .......... .......... .......... .......... .......... 61%  234M 1s
[2024-07-14T16:13:02.315-0300] {subprocess.py:93} INFO -   4850K .......... .......... .......... .......... .......... 62%  344M 1s
[2024-07-14T16:13:02.316-0300] {subprocess.py:93} INFO -   4900K .......... .......... .......... .......... .......... 62%  341M 1s
[2024-07-14T16:13:02.316-0300] {subprocess.py:93} INFO -   4950K .......... .......... .......... .......... .......... 63%  344M 1s
[2024-07-14T16:13:02.316-0300] {subprocess.py:93} INFO -   5000K .......... .......... .......... .......... .......... 63%  337M 1s
[2024-07-14T16:13:02.317-0300] {subprocess.py:93} INFO -   5050K .......... .......... .......... .......... .......... 64%  273M 1s
[2024-07-14T16:13:02.317-0300] {subprocess.py:93} INFO -   5100K .......... .......... .......... .......... .......... 65%  287M 1s
[2024-07-14T16:13:02.317-0300] {subprocess.py:93} INFO -   5150K .......... .......... .......... .......... .......... 65%  334M 1s
[2024-07-14T16:13:02.318-0300] {subprocess.py:93} INFO -   5200K .......... .......... .......... .......... .......... 66%  216M 1s
[2024-07-14T16:13:02.318-0300] {subprocess.py:93} INFO -   5250K .......... .......... .......... .......... .......... 67%  276M 1s
[2024-07-14T16:13:02.318-0300] {subprocess.py:93} INFO -   5300K .......... .......... .......... .......... .......... 67%  171M 1s
[2024-07-14T16:13:02.319-0300] {subprocess.py:93} INFO -   5350K .......... .......... .......... .......... .......... 68%  286M 1s
[2024-07-14T16:13:02.319-0300] {subprocess.py:93} INFO -   5400K .......... .......... .......... .......... .......... 68%  328M 1s
[2024-07-14T16:13:02.320-0300] {subprocess.py:93} INFO -   5450K .......... .......... .......... .......... .......... 69%  317M 1s
[2024-07-14T16:13:02.320-0300] {subprocess.py:93} INFO -   5500K .......... .......... .......... .......... .......... 70%  241M 1s
[2024-07-14T16:13:02.320-0300] {subprocess.py:93} INFO -   5550K .......... .......... .......... .......... .......... 70%  296M 1s
[2024-07-14T16:13:02.321-0300] {subprocess.py:93} INFO -   5600K .......... .......... .......... .......... .......... 71%  174M 1s
[2024-07-14T16:13:02.321-0300] {subprocess.py:93} INFO -   5650K .......... .......... .......... .......... .......... 72%  328M 1s
[2024-07-14T16:13:02.321-0300] {subprocess.py:93} INFO -   5700K .......... .......... .......... .......... .......... 72%  323M 1s
[2024-07-14T16:13:02.322-0300] {subprocess.py:93} INFO -   5750K .......... .......... .......... .......... .......... 73%  346M 1s
[2024-07-14T16:13:02.322-0300] {subprocess.py:93} INFO -   5800K .......... .......... .......... .......... .......... 74%  319M 1s
[2024-07-14T16:13:02.676-0300] {subprocess.py:93} INFO -   5850K .......... .......... .......... .......... .......... 74%  137K 1s
[2024-07-14T16:13:02.676-0300] {subprocess.py:93} INFO -   5900K .......... .......... .......... .......... .......... 75%  305M 1s
[2024-07-14T16:13:02.677-0300] {subprocess.py:93} INFO -   5950K .......... .......... .......... .......... .......... 75%  339M 1s
[2024-07-14T16:13:02.677-0300] {subprocess.py:93} INFO -   6000K .......... .......... .......... .......... .......... 76%  203M 1s
[2024-07-14T16:13:02.678-0300] {subprocess.py:93} INFO -   6050K .......... .......... .......... .......... .......... 77%  301M 1s
[2024-07-14T16:13:02.678-0300] {subprocess.py:93} INFO -   6100K .......... .......... .......... .......... .......... 77%  341M 1s
[2024-07-14T16:13:02.679-0300] {subprocess.py:93} INFO -   6150K .......... .......... .......... .......... .......... 78%  303M 1s
[2024-07-14T16:13:02.679-0300] {subprocess.py:93} INFO -   6200K .......... .......... .......... .......... .......... 79%  301M 0s
[2024-07-14T16:13:02.680-0300] {subprocess.py:93} INFO -   6250K .......... .......... .......... .......... .......... 79%  319M 0s
[2024-07-14T16:13:02.680-0300] {subprocess.py:93} INFO -   6300K .......... .......... .......... .......... .......... 80%  241M 0s
[2024-07-14T16:13:02.681-0300] {subprocess.py:93} INFO -   6350K .......... .......... .......... .......... .......... 80%  294M 0s
[2024-07-14T16:13:02.681-0300] {subprocess.py:93} INFO -   6400K .......... .......... .......... .......... .......... 81%  258M 0s
[2024-07-14T16:13:02.682-0300] {subprocess.py:93} INFO -   6450K .......... .......... .......... .......... .......... 82%  344M 0s
[2024-07-14T16:13:02.682-0300] {subprocess.py:93} INFO -   6500K .......... .......... .......... .......... .......... 82%  349M 0s
[2024-07-14T16:13:02.683-0300] {subprocess.py:93} INFO -   6550K .......... .......... .......... .......... .......... 83%  337M 0s
[2024-07-14T16:13:02.683-0300] {subprocess.py:93} INFO -   6600K .......... .......... .......... .......... .......... 84%  186M 0s
[2024-07-14T16:13:02.684-0300] {subprocess.py:93} INFO -   6650K .......... .......... .......... .......... .......... 84%  326M 0s
[2024-07-14T16:13:02.684-0300] {subprocess.py:93} INFO -   6700K .......... .......... .......... .......... .......... 85%  319M 0s
[2024-07-14T16:13:02.684-0300] {subprocess.py:93} INFO -   6750K .......... .......... .......... .......... .......... 86%  242M 0s
[2024-07-14T16:13:02.685-0300] {subprocess.py:93} INFO -   6800K .......... .......... .......... .......... .......... 86%  191M 0s
[2024-07-14T16:13:02.685-0300] {subprocess.py:93} INFO -   6850K .......... .......... .......... .......... .......... 87%  228M 0s
[2024-07-14T16:13:02.686-0300] {subprocess.py:93} INFO -   6900K .......... .......... .......... .......... .......... 87%  330M 0s
[2024-07-14T16:13:02.686-0300] {subprocess.py:93} INFO -   6950K .......... .......... .......... .......... .......... 88%  346M 0s
[2024-07-14T16:13:02.686-0300] {subprocess.py:93} INFO -   7000K .......... .......... .......... .......... .......... 89%  186M 0s
[2024-07-14T16:13:02.687-0300] {subprocess.py:93} INFO -   7050K .......... .......... .......... .......... .......... 89%  319M 0s
[2024-07-14T16:13:02.687-0300] {subprocess.py:93} INFO -   7100K .......... .......... .......... .......... .......... 90%  326M 0s
[2024-07-14T16:13:02.688-0300] {subprocess.py:93} INFO -   7150K .......... .......... .......... .......... .......... 91%  341M 0s
[2024-07-14T16:13:02.688-0300] {subprocess.py:93} INFO -   7200K .......... .......... .......... .......... .......... 91%  226M 0s
[2024-07-14T16:13:02.688-0300] {subprocess.py:93} INFO -   7250K .......... .......... .......... .......... .......... 92%  234M 0s
[2024-07-14T16:13:02.689-0300] {subprocess.py:93} INFO -   7300K .......... .......... .......... .......... .......... 93%  197M 0s
[2024-07-14T16:13:02.689-0300] {subprocess.py:93} INFO -   7350K .......... .......... .......... .......... .......... 93%  180M 0s
[2024-07-14T16:13:02.690-0300] {subprocess.py:93} INFO -   7400K .......... .......... .......... .......... .......... 94%  170M 0s
[2024-07-14T16:13:02.690-0300] {subprocess.py:93} INFO -   7450K .......... .......... .......... .......... .......... 94%  196M 0s
[2024-07-14T16:13:02.690-0300] {subprocess.py:93} INFO -   7500K .......... .......... .......... .......... .......... 95%  323M 0s
[2024-07-14T16:13:02.691-0300] {subprocess.py:93} INFO -   7550K .......... .......... .......... .......... .......... 96%  330M 0s
[2024-07-14T16:13:02.691-0300] {subprocess.py:93} INFO -   7600K .......... .......... .......... .......... .......... 96%  207M 0s
[2024-07-14T16:13:02.691-0300] {subprocess.py:93} INFO -   7650K .......... .......... .......... .......... .......... 97%  229M 0s
[2024-07-14T16:13:02.692-0300] {subprocess.py:93} INFO -   7700K .......... .......... .......... .......... .......... 98%  315M 0s
[2024-07-14T16:13:02.692-0300] {subprocess.py:93} INFO -   7750K .......... .......... .......... .......... .......... 98% 13.6M 0s
[2024-07-14T16:13:02.696-0300] {subprocess.py:93} INFO -   7800K .......... .......... .......... .......... .......... 99% 4.72M 0s
[2024-07-14T16:13:02.706-0300] {subprocess.py:93} INFO -   7850K .......... .......... .......... .......... .......... 99% 5.06M 0s
[2024-07-14T16:13:02.707-0300] {subprocess.py:93} INFO -   7900K .                                                     100% 31.0K=1.9s
[2024-07-14T16:13:02.707-0300] {subprocess.py:93} INFO - 
[2024-07-14T16:13:02.708-0300] {subprocess.py:93} INFO - 2024-07-14 16:13:02 (4.02 MB/s) - ‘/Users/axelsirota/repos/up_running_apache_airflow/downloads/yelp.csv’ saved [8091185/8091185]
[2024-07-14T16:13:02.708-0300] {subprocess.py:93} INFO - 
[2024-07-14T16:13:02.713-0300] {subprocess.py:97} INFO - Command exited with return code 0
[2024-07-14T16:13:02.714-0300] {taskinstance.py:441} INFO - ::group::Post task execution logs
[2024-07-14T16:13:02.734-0300] {taskinstance.py:1206} INFO - Marking task as SUCCESS. dag_id=backfill_dag, task_id=download_file, run_id=scheduled__2024-07-07T00:00:00+00:00, execution_date=20240707T000000, start_date=20240714T191258, end_date=20240714T191302
[2024-07-14T16:13:02.755-0300] {local_task_job_runner.py:240} INFO - Task exited with return code 0
[2024-07-14T16:13:02.785-0300] {taskinstance.py:3503} INFO - 1 downstream tasks scheduled from follow-on schedule check
[2024-07-14T16:13:02.786-0300] {local_task_job_runner.py:222} INFO - ::endgroup::
